{"C:\\Users\\TestSolutions\\Documents\\newInvepro\\inveprobackend\\src\\app.ts": {"path":"C:\\Users\\TestSolutions\\Documents\\newInvepro\\inveprobackend\\src\\app.ts","statementMap":{"0":{"start":{"line":2,"column":0},"end":{"line":2,"column":26}},"1":{"start":{"line":3,"column":0},"end":{"line":3,"column":76}},"2":{"start":{"line":4,"column":0},"end":{"line":4,"column":24}},"3":{"start":{"line":5,"column":0},"end":{"line":5,"column":28}},"4":{"start":{"line":6,"column":0},"end":{"line":6,"column":28}},"5":{"start":{"line":7,"column":0},"end":{"line":7,"column":37}},"6":{"start":{"line":8,"column":0},"end":{"line":8,"column":31}},"7":{"start":{"line":9,"column":0},"end":{"line":9,"column":77}},"8":{"start":{"line":10,"column":0},"end":{"line":10,"column":40}},"9":{"start":{"line":11,"column":0},"end":{"line":11,"column":36}},"10":{"start":{"line":15,"column":0},"end":{"line":15,"column":52}},"11":{"start":{"line":16,"column":0},"end":{"line":16,"column":53}},"12":{"start":{"line":17,"column":0},"end":{"line":17,"column":62}},"13":{"start":{"line":18,"column":0},"end":{"line":18,"column":67}},"14":{"start":{"line":19,"column":0},"end":{"line":19,"column":56}},"15":{"start":{"line":20,"column":0},"end":{"line":20,"column":49}},"16":{"start":{"line":21,"column":0},"end":{"line":21,"column":64}},"17":{"start":{"line":22,"column":0},"end":{"line":22,"column":81}},"18":{"start":{"line":23,"column":0},"end":{"line":23,"column":65}},"19":{"start":{"line":24,"column":0},"end":{"line":24,"column":64}},"20":{"start":{"line":25,"column":0},"end":{"line":25,"column":64}},"21":{"start":{"line":26,"column":0},"end":{"line":26,"column":71}},"22":{"start":{"line":27,"column":0},"end":{"line":27,"column":53}},"23":{"start":{"line":28,"column":0},"end":{"line":28,"column":60}},"24":{"start":{"line":29,"column":0},"end":{"line":29,"column":81}},"25":{"start":{"line":30,"column":0},"end":{"line":30,"column":59}},"26":{"start":{"line":31,"column":0},"end":{"line":31,"column":73}},"27":{"start":{"line":32,"column":0},"end":{"line":32,"column":60}},"28":{"start":{"line":35,"column":21},"end":{"line":35,"column":30}},"29":{"start":{"line":39,"column":0},"end":{"line":39,"column":26}},"30":{"start":{"line":40,"column":0},"end":{"line":40,"column":18}},"31":{"start":{"line":44,"column":0},"end":{"line":49,"column":4}},"32":{"start":{"line":51,"column":0},"end":{"line":51,"column":25}},"33":{"start":{"line":55,"column":0},"end":{"line":55,"column":41}},"34":{"start":{"line":58,"column":0},"end":{"line":58,"column":63}},"35":{"start":{"line":63,"column":21},"end":{"line":63,"column":69}},"36":{"start":{"line":64,"column":0},"end":{"line":67,"column":4}},"37":{"start":{"line":65,"column":34},"end":{"line":65,"column":61}},"38":{"start":{"line":66,"column":24},"end":{"line":66,"column":47}},"39":{"start":{"line":72,"column":0},"end":{"line":75,"column":3}},"40":{"start":{"line":74,"column":4},"end":{"line":74,"column":90}},"41":{"start":{"line":78,"column":0},"end":{"line":80,"column":3}},"42":{"start":{"line":79,"column":4},"end":{"line":79,"column":77}},"43":{"start":{"line":84,"column":18},"end":{"line":84,"column":34}},"44":{"start":{"line":86,"column":0},"end":{"line":86,"column":35}},"45":{"start":{"line":87,"column":0},"end":{"line":87,"column":36}},"46":{"start":{"line":88,"column":0},"end":{"line":88,"column":42}},"47":{"start":{"line":89,"column":0},"end":{"line":89,"column":45}},"48":{"start":{"line":90,"column":0},"end":{"line":90,"column":38}},"49":{"start":{"line":91,"column":0},"end":{"line":91,"column":33}},"50":{"start":{"line":92,"column":0},"end":{"line":92,"column":44}},"51":{"start":{"line":93,"column":0},"end":{"line":93,"column":44}},"52":{"start":{"line":95,"column":0},"end":{"line":95,"column":44}},"53":{"start":{"line":96,"column":0},"end":{"line":96,"column":45}},"54":{"start":{"line":97,"column":0},"end":{"line":97,"column":54}},"55":{"start":{"line":98,"column":0},"end":{"line":98,"column":55}},"56":{"start":{"line":99,"column":0},"end":{"line":99,"column":48}},"57":{"start":{"line":100,"column":0},"end":{"line":100,"column":36}},"58":{"start":{"line":101,"column":0},"end":{"line":101,"column":41}},"59":{"start":{"line":102,"column":0},"end":{"line":102,"column":40}},"60":{"start":{"line":103,"column":0},"end":{"line":103,"column":49}},"61":{"start":{"line":104,"column":0},"end":{"line":104,"column":40}},"62":{"start":{"line":106,"column":0},"end":{"line":106,"column":30}},"63":{"start":{"line":111,"column":0},"end":{"line":113,"column":3}},"64":{"start":{"line":112,"column":4},"end":{"line":112,"column":79}},"65":{"start":{"line":117,"column":0},"end":{"line":117,"column":24}},"66":{"start":{"line":120,"column":0},"end":{"line":120,"column":22}},"67":{"start":{"line":122,"column":0},"end":{"line":122,"column":19}}},"fnMap":{"0":{"name":"(anonymous_1)","decl":{"start":{"line":65,"column":21},"end":{"line":65,"column":22}},"loc":{"start":{"line":65,"column":34},"end":{"line":65,"column":61}}},"1":{"name":"(anonymous_2)","decl":{"start":{"line":66,"column":10},"end":{"line":66,"column":11}},"loc":{"start":{"line":66,"column":24},"end":{"line":66,"column":47}}},"2":{"name":"(anonymous_3)","decl":{"start":{"line":72,"column":19},"end":{"line":72,"column":20}},"loc":{"start":{"line":72,"column":51},"end":{"line":75,"column":1}}},"3":{"name":"(anonymous_4)","decl":{"start":{"line":78,"column":13},"end":{"line":78,"column":14}},"loc":{"start":{"line":78,"column":45},"end":{"line":80,"column":1}}},"4":{"name":"(anonymous_5)","decl":{"start":{"line":111,"column":8},"end":{"line":111,"column":9}},"loc":{"start":{"line":111,"column":60},"end":{"line":113,"column":1}}}},"branchMap":{"0":{"loc":{"start":{"line":45,"column":12},"end":{"line":45,"column":70}},"type":"cond-expr","locations":[{"start":{"line":45,"column":38},"end":{"line":45,"column":41}},{"start":{"line":45,"column":44},"end":{"line":45,"column":70}}]},"1":{"loc":{"start":{"line":63,"column":21},"end":{"line":63,"column":69}},"type":"cond-expr","locations":[{"start":{"line":63,"column":54},"end":{"line":63,"column":59}},{"start":{"line":63,"column":62},"end":{"line":63,"column":69}}]}},"s":{"0":22,"1":22,"2":22,"3":22,"4":22,"5":22,"6":22,"7":22,"8":22,"9":22,"10":22,"11":22,"12":22,"13":22,"14":22,"15":22,"16":22,"17":22,"18":22,"19":22,"20":22,"21":22,"22":22,"23":22,"24":22,"25":22,"26":22,"27":22,"28":22,"29":22,"30":22,"31":22,"32":22,"33":22,"34":22,"35":22,"36":22,"37":0,"38":169,"39":22,"40":0,"41":22,"42":0,"43":22,"44":22,"45":22,"46":22,"47":22,"48":22,"49":22,"50":22,"51":22,"52":22,"53":22,"54":22,"55":22,"56":22,"57":22,"58":22,"59":22,"60":22,"61":22,"62":22,"63":22,"64":0,"65":22,"66":22,"67":22},"f":{"0":0,"1":169,"2":0,"3":0,"4":0},"b":{"0":[22,0],"1":[0,22]}}
,"C:\\Users\\TestSolutions\\Documents\\newInvepro\\inveprobackend\\src\\config\\environment.ts": {"path":"C:\\Users\\TestSolutions\\Documents\\newInvepro\\inveprobackend\\src\\config\\environment.ts","statementMap":{"0":{"start":{"line":1,"column":0},"end":{"line":1,"column":28}},"1":{"start":{"line":2,"column":0},"end":{"line":2,"column":24}},"2":{"start":{"line":3,"column":0},"end":{"line":3,"column":24}},"3":{"start":{"line":7,"column":16},"end":{"line":7,"column":70}},"4":{"start":{"line":8,"column":16},"end":{"line":8,"column":52}},"5":{"start":{"line":11,"column":22},"end":{"line":11,"column":54}},"6":{"start":{"line":13,"column":0},"end":{"line":21,"column":1}},"7":{"start":{"line":14,"column":2},"end":{"line":17,"column":3}},"8":{"start":{"line":16,"column":4},"end":{"line":16,"column":102}},"9":{"start":{"line":18,"column":2},"end":{"line":20,"column":3}},"10":{"start":{"line":19,"column":4},"end":{"line":19,"column":86}},"11":{"start":{"line":24,"column":18},"end":{"line":44,"column":2}},"12":{"start":{"line":47,"column":0},"end":{"line":47,"column":120}},"13":{"start":{"line":48,"column":18},"end":{"line":48,"column":50}},"14":{"start":{"line":50,"column":0},"end":{"line":57,"column":1}},"15":{"start":{"line":52,"column":2},"end":{"line":52,"column":58}},"16":{"start":{"line":53,"column":2},"end":{"line":55,"column":5}},"17":{"start":{"line":54,"column":4},"end":{"line":54,"column":63}},"18":{"start":{"line":56,"column":2},"end":{"line":56,"column":18}},"19":{"start":{"line":60,"column":13},"end":{"line":60,"column":34}}},"fnMap":{"0":{"name":"(anonymous_1)","decl":{"start":{"line":53,"column":33},"end":{"line":53,"column":34}},"loc":{"start":{"line":53,"column":41},"end":{"line":55,"column":3}}}},"branchMap":{"0":{"loc":{"start":{"line":7,"column":16},"end":{"line":7,"column":70}},"type":"cond-expr","locations":[{"start":{"line":7,"column":50},"end":{"line":7,"column":61}},{"start":{"line":7,"column":64},"end":{"line":7,"column":70}}]},"1":{"loc":{"start":{"line":13,"column":0},"end":{"line":21,"column":1}},"type":"if","locations":[{"start":{"line":13,"column":0},"end":{"line":21,"column":1}}]},"2":{"loc":{"start":{"line":14,"column":2},"end":{"line":17,"column":3}},"type":"if","locations":[{"start":{"line":14,"column":2},"end":{"line":17,"column":3}}]},"3":{"loc":{"start":{"line":14,"column":6},"end":{"line":14,"column":78}},"type":"binary-expr","locations":[{"start":{"line":14,"column":6},"end":{"line":14,"column":43}},{"start":{"line":14,"column":47},"end":{"line":14,"column":78}}]},"4":{"loc":{"start":{"line":18,"column":2},"end":{"line":20,"column":3}},"type":"if","locations":[{"start":{"line":18,"column":2},"end":{"line":20,"column":3}}]},"5":{"loc":{"start":{"line":50,"column":0},"end":{"line":57,"column":1}},"type":"if","locations":[{"start":{"line":50,"column":0},"end":{"line":57,"column":1}}]}},"s":{"0":22,"1":22,"2":22,"3":22,"4":22,"5":22,"6":22,"7":22,"8":0,"9":22,"10":0,"11":22,"12":22,"13":22,"14":22,"15":0,"16":0,"17":0,"18":0,"19":22},"f":{"0":0},"b":{"0":[22,0],"1":[22],"2":[0],"3":[22,22],"4":[0],"5":[0]}}
,"C:\\Users\\TestSolutions\\Documents\\newInvepro\\inveprobackend\\src\\config\\index.ts": {"path":"C:\\Users\\TestSolutions\\Documents\\newInvepro\\inveprobackend\\src\\config\\index.ts","statementMap":{"0":{"start":{"line":4,"column":0},"end":{"line":4,"column":30}},"1":{"start":{"line":7,"column":0},"end":{"line":7,"column":9}},"2":{"start":{"line":7,"column":9},"end":{"line":7,"column":26}},"3":{"start":{"line":10,"column":0},"end":{"line":10,"column":9}},"4":{"start":{"line":10,"column":9},"end":{"line":10,"column":31}}},"fnMap":{"0":{"name":"(anonymous_5)","decl":{"start":{"line":7,"column":9},"end":{"line":7,"column":16}},"loc":{"start":{"line":7,"column":9},"end":{"line":7,"column":26}}},"1":{"name":"(anonymous_6)","decl":{"start":{"line":10,"column":9},"end":{"line":10,"column":16}},"loc":{"start":{"line":10,"column":9},"end":{"line":10,"column":31}}}},"branchMap":{},"s":{"0":22,"1":22,"2":1114,"3":22,"4":65},"f":{"0":1092,"1":43},"b":{}}
,"C:\\Users\\TestSolutions\\Documents\\newInvepro\\inveprobackend\\src\\config\\prisma.ts": {"path":"C:\\Users\\TestSolutions\\Documents\\newInvepro\\inveprobackend\\src\\config\\prisma.ts","statementMap":{"0":{"start":{"line":2,"column":0},"end":{"line":2,"column":54}},"1":{"start":{"line":3,"column":0},"end":{"line":3,"column":36}},"2":{"start":{"line":4,"column":0},"end":{"line":4,"column":36}},"3":{"start":{"line":8,"column":2},"end":{"line":18,"column":6}},"4":{"start":{"line":28,"column":2},"end":{"line":31,"column":4}},"5":{"start":{"line":34,"column":0},"end":{"line":50,"column":1}},"6":{"start":{"line":37,"column":4},"end":{"line":44,"column":5}},"7":{"start":{"line":41,"column":4},"end":{"line":41,"column":45}},"8":{"start":{"line":42,"column":4},"end":{"line":42,"column":40}},"9":{"start":{"line":43,"column":4},"end":{"line":43,"column":46}},"10":{"start":{"line":47,"column":2},"end":{"line":49,"column":3}},"11":{"start":{"line":48,"column":4},"end":{"line":48,"column":31}},"12":{"start":{"line":53,"column":2},"end":{"line":60,"column":3}},"13":{"start":{"line":54,"column":4},"end":{"line":54,"column":28}},"14":{"start":{"line":55,"column":4},"end":{"line":55,"column":53}},"15":{"start":{"line":56,"column":4},"end":{"line":56,"column":31}},"16":{"start":{"line":58,"column":4},"end":{"line":58,"column":57}},"17":{"start":{"line":59,"column":4},"end":{"line":59,"column":20}},"18":{"start":{"line":63,"column":0},"end":{"line":63,"column":19}},"19":{"start":{"line":65,"column":0},"end":{"line":65,"column":22}}},"fnMap":{"0":{"name":"(anonymous_1)","decl":{"start":{"line":40,"column":17},"end":{"line":40,"column":18}},"loc":{"start":{"line":40,"column":23},"end":{"line":44,"column":3}}},"1":{"name":"testDbConnection","decl":{"start":{"line":52,"column":15},"end":{"line":52,"column":31}},"loc":{"start":{"line":52,"column":31},"end":{"line":61,"column":1}}}},"branchMap":{"0":{"loc":{"start":{"line":8,"column":2},"end":{"line":18,"column":6}},"type":"cond-expr","locations":[{"start":{"line":9,"column":6},"end":{"line":14,"column":null}},{"start":{"line":15,"column":6},"end":{"line":18,"column":6}}]},"1":{"loc":{"start":{"line":28,"column":2},"end":{"line":31,"column":4}},"type":"binary-expr","locations":[{"start":{"line":28,"column":2},"end":{"line":28,"column":19}},{"start":{"line":29,"column":2},"end":{"line":31,"column":4}}]},"2":{"loc":{"start":{"line":34,"column":0},"end":{"line":50,"column":1}},"type":"if","locations":[{"start":{"line":34,"column":0},"end":{"line":50,"column":1}}]},"3":{"loc":{"start":{"line":47,"column":2},"end":{"line":49,"column":3}},"type":"if","locations":[{"start":{"line":47,"column":2},"end":{"line":49,"column":3}}]}},"s":{"0":22,"1":22,"2":22,"3":22,"4":22,"5":22,"6":0,"7":0,"8":0,"9":0,"10":0,"11":0,"12":22,"13":22,"14":22,"15":22,"16":0,"17":0,"18":22,"19":22},"f":{"0":0,"1":22},"b":{"0":[0,22],"1":[22,22],"2":[0],"3":[0]}}
,"C:\\Users\\TestSolutions\\Documents\\newInvepro\\inveprobackend\\src\\config\\redis.ts": {"path":"C:\\Users\\TestSolutions\\Documents\\newInvepro\\inveprobackend\\src\\config\\redis.ts","statementMap":{"0":{"start":{"line":1,"column":0},"end":{"line":1,"column":46}},"1":{"start":{"line":2,"column":0},"end":{"line":2,"column":36}},"2":{"start":{"line":3,"column":0},"end":{"line":3,"column":36}},"3":{"start":{"line":6,"column":35},"end":{"line":25,"column":2}},"4":{"start":{"line":34,"column":20},"end":{"line":34,"column":84}},"5":{"start":{"line":37,"column":0},"end":{"line":39,"column":3}},"6":{"start":{"line":38,"column":2},"end":{"line":38,"column":47}},"7":{"start":{"line":41,"column":0},"end":{"line":43,"column":3}},"8":{"start":{"line":42,"column":4},"end":{"line":42,"column":39}},"9":{"start":{"line":45,"column":0},"end":{"line":49,"column":3}},"10":{"start":{"line":48,"column":2},"end":{"line":48,"column":49}},"11":{"start":{"line":51,"column":0},"end":{"line":53,"column":3}},"12":{"start":{"line":52,"column":4},"end":{"line":52,"column":52}},"13":{"start":{"line":55,"column":0},"end":{"line":57,"column":3}},"14":{"start":{"line":56,"column":4},"end":{"line":56,"column":44}},"15":{"start":{"line":59,"column":0},"end":{"line":61,"column":3}},"16":{"start":{"line":60,"column":4},"end":{"line":60,"column":84}},"17":{"start":{"line":65,"column":2},"end":{"line":76,"column":3}},"18":{"start":{"line":66,"column":17},"end":{"line":66,"column":41}},"19":{"start":{"line":67,"column":4},"end":{"line":71,"column":5}},"20":{"start":{"line":68,"column":6},"end":{"line":68,"column":64}},"21":{"start":{"line":70,"column":6},"end":{"line":70,"column":56}},"22":{"start":{"line":73,"column":4},"end":{"line":73,"column":54}},"23":{"start":{"line":80,"column":0},"end":{"line":80,"column":22}},"24":{"start":{"line":83,"column":0},"end":{"line":85,"column":1}},"25":{"start":{"line":84,"column":4},"end":{"line":84,"column":41}},"26":{"start":{"line":87,"column":0},"end":{"line":87,"column":27}}},"fnMap":{"0":{"name":"(anonymous_1)","decl":{"start":{"line":37,"column":26},"end":{"line":37,"column":29}},"loc":{"start":{"line":37,"column":31},"end":{"line":39,"column":1}}},"1":{"name":"(anonymous_2)","decl":{"start":{"line":41,"column":24},"end":{"line":41,"column":27}},"loc":{"start":{"line":41,"column":29},"end":{"line":43,"column":1}}},"2":{"name":"(anonymous_3)","decl":{"start":{"line":45,"column":24},"end":{"line":45,"column":25}},"loc":{"start":{"line":45,"column":41},"end":{"line":49,"column":1}}},"3":{"name":"(anonymous_4)","decl":{"start":{"line":51,"column":31},"end":{"line":51,"column":32}},"loc":{"start":{"line":51,"column":49},"end":{"line":53,"column":1}}},"4":{"name":"(anonymous_5)","decl":{"start":{"line":55,"column":24},"end":{"line":55,"column":27}},"loc":{"start":{"line":55,"column":29},"end":{"line":57,"column":1}}},"5":{"name":"(anonymous_6)","decl":{"start":{"line":59,"column":22},"end":{"line":59,"column":25}},"loc":{"start":{"line":59,"column":27},"end":{"line":61,"column":1}}},"6":{"name":"testRedisConnection","decl":{"start":{"line":64,"column":15},"end":{"line":64,"column":34}},"loc":{"start":{"line":64,"column":34},"end":{"line":77,"column":1}}}},"branchMap":{"0":{"loc":{"start":{"line":34,"column":20},"end":{"line":34,"column":84}},"type":"binary-expr","locations":[{"start":{"line":34,"column":20},"end":{"line":34,"column":42}},{"start":{"line":34,"column":46},"end":{"line":34,"column":84}}]},"1":{"loc":{"start":{"line":67,"column":4},"end":{"line":71,"column":5}},"type":"if","locations":[{"start":{"line":67,"column":4},"end":{"line":71,"column":5}},{"start":{"line":69,"column":11},"end":{"line":71,"column":5}}]},"2":{"loc":{"start":{"line":83,"column":0},"end":{"line":85,"column":1}},"type":"if","locations":[{"start":{"line":83,"column":0},"end":{"line":85,"column":1}}]}},"s":{"0":22,"1":22,"2":22,"3":22,"4":22,"5":22,"6":22,"7":22,"8":22,"9":22,"10":0,"11":22,"12":0,"13":22,"14":0,"15":22,"16":0,"17":22,"18":22,"19":22,"20":22,"21":0,"22":0,"23":22,"24":22,"25":0,"26":22},"f":{"0":22,"1":22,"2":0,"3":0,"4":0,"5":0,"6":22},"b":{"0":[22,22],"1":[22,0],"2":[0]}}
,"C:\\Users\\TestSolutions\\Documents\\newInvepro\\inveprobackend\\src\\middleware\\auth.middleware.ts": {"path":"C:\\Users\\TestSolutions\\Documents\\newInvepro\\inveprobackend\\src\\middleware\\auth.middleware.ts","statementMap":{"0":{"start":{"line":2,"column":0},"end":{"line":2,"column":47}},"1":{"start":{"line":3,"column":0},"end":{"line":3,"column":37}},"2":{"start":{"line":4,"column":0},"end":{"line":4,"column":39}},"3":{"start":{"line":5,"column":0},"end":{"line":5,"column":40}},"4":{"start":{"line":6,"column":0},"end":{"line":6,"column":36}},"5":{"start":{"line":41,"column":30},"end":{"line":133,"column":1}},"6":{"start":{"line":42,"column":23},"end":{"line":42,"column":48}},"7":{"start":{"line":44,"column":4},"end":{"line":46,"column":5}},"8":{"start":{"line":45,"column":8},"end":{"line":45,"column":92}},"9":{"start":{"line":48,"column":18},"end":{"line":48,"column":42}},"10":{"start":{"line":50,"column":4},"end":{"line":132,"column":5}},"11":{"start":{"line":52,"column":24},"end":{"line":52,"column":72}},"12":{"start":{"line":56,"column":30},"end":{"line":79,"column":10}},"13":{"start":{"line":81,"column":8},"end":{"line":84,"column":9}},"14":{"start":{"line":82,"column":12},"end":{"line":82,"column":148}},"15":{"start":{"line":83,"column":12},"end":{"line":83,"column":93}},"16":{"start":{"line":87,"column":37},"end":{"line":87,"column":54}},"17":{"start":{"line":88,"column":22},"end":{"line":88,"column":27}},"18":{"start":{"line":90,"column":8},"end":{"line":97,"column":11}},"19":{"start":{"line":91,"column":12},"end":{"line":93,"column":13}},"20":{"start":{"line":92,"column":16},"end":{"line":92,"column":31}},"21":{"start":{"line":94,"column":12},"end":{"line":96,"column":15}},"22":{"start":{"line":95,"column":16},"end":{"line":95,"column":82}},"23":{"start":{"line":100,"column":43},"end":{"line":100,"column":45}},"24":{"start":{"line":101,"column":8},"end":{"line":105,"column":9}},"25":{"start":{"line":102,"column":12},"end":{"line":102,"column":39}},"26":{"start":{"line":104,"column":12},"end":{"line":104,"column":82}},"27":{"start":{"line":104,"column":67},"end":{"line":104,"column":80}},"28":{"start":{"line":109,"column":8},"end":{"line":114,"column":31}},"29":{"start":{"line":116,"column":8},"end":{"line":116,"column":40}},"30":{"start":{"line":119,"column":8},"end":{"line":119,"column":15}},"31":{"start":{"line":122,"column":8},"end":{"line":124,"column":9}},"32":{"start":{"line":123,"column":12},"end":{"line":123,"column":80}},"33":{"start":{"line":125,"column":8},"end":{"line":128,"column":9}},"34":{"start":{"line":126,"column":12},"end":{"line":126,"column":67}},"35":{"start":{"line":127,"column":12},"end":{"line":127,"column":80}},"36":{"start":{"line":130,"column":8},"end":{"line":130,"column":53}},"37":{"start":{"line":131,"column":8},"end":{"line":131,"column":84}},"38":{"start":{"line":41,"column":13},"end":{"line":41,"column":30}}},"fnMap":{"0":{"name":"(anonymous_1)","decl":{"start":{"line":41,"column":30},"end":{"line":41,"column":35}},"loc":{"start":{"line":41,"column":103},"end":{"line":133,"column":1}}},"1":{"name":"(anonymous_2)","decl":{"start":{"line":90,"column":36},"end":{"line":90,"column":44}},"loc":{"start":{"line":90,"column":47},"end":{"line":97,"column":9}}},"2":{"name":"(anonymous_3)","decl":{"start":{"line":94,"column":46},"end":{"line":94,"column":60}},"loc":{"start":{"line":94,"column":63},"end":{"line":96,"column":13}}},"3":{"name":"(anonymous_4)","decl":{"start":{"line":104,"column":61},"end":{"line":104,"column":63}},"loc":{"start":{"line":104,"column":67},"end":{"line":104,"column":80}}}},"branchMap":{"0":{"loc":{"start":{"line":44,"column":4},"end":{"line":46,"column":5}},"type":"if","locations":[{"start":{"line":44,"column":4},"end":{"line":46,"column":5}}]},"1":{"loc":{"start":{"line":44,"column":8},"end":{"line":44,"column":56}},"type":"binary-expr","locations":[{"start":{"line":44,"column":8},"end":{"line":44,"column":19}},{"start":{"line":44,"column":23},"end":{"line":44,"column":56}}]},"2":{"loc":{"start":{"line":81,"column":8},"end":{"line":84,"column":9}},"type":"if","locations":[{"start":{"line":81,"column":8},"end":{"line":84,"column":9}}]},"3":{"loc":{"start":{"line":91,"column":12},"end":{"line":93,"column":13}},"type":"if","locations":[{"start":{"line":91,"column":12},"end":{"line":93,"column":13}}]},"4":{"loc":{"start":{"line":91,"column":16},"end":{"line":91,"column":127}},"type":"binary-expr","locations":[{"start":{"line":91,"column":16},"end":{"line":91,"column":52}},{"start":{"line":91,"column":56},"end":{"line":91,"column":93}},{"start":{"line":91,"column":97},"end":{"line":91,"column":127}}]},"5":{"loc":{"start":{"line":101,"column":8},"end":{"line":105,"column":9}},"type":"if","locations":[{"start":{"line":101,"column":8},"end":{"line":105,"column":9}},{"start":{"line":103,"column":15},"end":{"line":105,"column":9}}]},"6":{"loc":{"start":{"line":122,"column":8},"end":{"line":124,"column":9}},"type":"if","locations":[{"start":{"line":122,"column":8},"end":{"line":124,"column":9}}]},"7":{"loc":{"start":{"line":125,"column":8},"end":{"line":128,"column":9}},"type":"if","locations":[{"start":{"line":125,"column":8},"end":{"line":128,"column":9}}]}},"s":{"0":22,"1":22,"2":22,"3":22,"4":22,"5":22,"6":160,"7":160,"8":0,"9":160,"10":160,"11":160,"12":160,"13":160,"14":0,"15":0,"16":160,"17":160,"18":160,"19":160,"20":16,"21":160,"22":1722,"23":160,"24":160,"25":16,"26":144,"27":34,"28":160,"29":160,"30":160,"31":0,"32":0,"33":0,"34":0,"35":0,"36":0,"37":0,"38":22},"f":{"0":160,"1":160,"2":1722,"3":34},"b":{"0":[0],"1":[160,160],"2":[0],"3":[16],"4":[160,160,146],"5":[16,144],"6":[0],"7":[0]}}
,"C:\\Users\\TestSolutions\\Documents\\newInvepro\\inveprobackend\\src\\middleware\\error.middleware.ts": {"path":"C:\\Users\\TestSolutions\\Documents\\newInvepro\\inveprobackend\\src\\middleware\\error.middleware.ts","statementMap":{"0":{"start":{"line":4,"column":0},"end":{"line":4,"column":40}},"1":{"start":{"line":5,"column":0},"end":{"line":5,"column":31}},"2":{"start":{"line":6,"column":0},"end":{"line":6,"column":36}},"3":{"start":{"line":7,"column":0},"end":{"line":7,"column":40}},"4":{"start":{"line":8,"column":0},"end":{"line":8,"column":37}},"5":{"start":{"line":20,"column":30},"end":{"line":103,"column":1}},"6":{"start":{"line":21,"column":14},"end":{"line":21,"column":17}},"7":{"start":{"line":24,"column":2},"end":{"line":99,"column":3}},"8":{"start":{"line":27,"column":24},"end":{"line":27,"column":29}},"9":{"start":{"line":28,"column":23},"end":{"line":28,"column":32}},"10":{"start":{"line":31,"column":4},"end":{"line":95,"column":5}},"11":{"start":{"line":32,"column":8},"end":{"line":32,"column":29}},"12":{"start":{"line":33,"column":8},"end":{"line":65,"column":9}},"13":{"start":{"line":35,"column":31},"end":{"line":35,"column":73}},"14":{"start":{"line":36,"column":16},"end":{"line":36,"column":134}},"15":{"start":{"line":37,"column":16},"end":{"line":37,"column":52}},"16":{"start":{"line":38,"column":16},"end":{"line":38,"column":94}},"17":{"start":{"line":39,"column":16},"end":{"line":39,"column":22}},"18":{"start":{"line":41,"column":34},"end":{"line":41,"column":78}},"19":{"start":{"line":42,"column":16},"end":{"line":42,"column":153}},"20":{"start":{"line":43,"column":16},"end":{"line":43,"column":52}},"21":{"start":{"line":44,"column":16},"end":{"line":44,"column":65}},"22":{"start":{"line":45,"column":16},"end":{"line":45,"column":22}},"23":{"start":{"line":47,"column":17},"end":{"line":47,"column":95}},"24":{"start":{"line":48,"column":17},"end":{"line":48,"column":53}},"25":{"start":{"line":49,"column":17},"end":{"line":49,"column":48}},"26":{"start":{"line":50,"column":17},"end":{"line":50,"column":23}},"27":{"start":{"line":53,"column":16},"end":{"line":53,"column":117}},"28":{"start":{"line":54,"column":16},"end":{"line":54,"column":50}},"29":{"start":{"line":55,"column":16},"end":{"line":55,"column":47}},"30":{"start":{"line":56,"column":16},"end":{"line":56,"column":22}},"31":{"start":{"line":60,"column":16},"end":{"line":60,"column":88}},"32":{"start":{"line":61,"column":16},"end":{"line":61,"column":107}},"33":{"start":{"line":62,"column":16},"end":{"line":62,"column":52}},"34":{"start":{"line":63,"column":16},"end":{"line":63,"column":47}},"35":{"start":{"line":64,"column":16},"end":{"line":64,"column":22}},"36":{"start":{"line":67,"column":9},"end":{"line":95,"column":5}},"37":{"start":{"line":68,"column":8},"end":{"line":68,"column":29}},"38":{"start":{"line":69,"column":8},"end":{"line":69,"column":44}},"39":{"start":{"line":71,"column":8},"end":{"line":71,"column":98}},"40":{"start":{"line":72,"column":8},"end":{"line":72,"column":114}},"41":{"start":{"line":80,"column":8},"end":{"line":82,"column":47}},"42":{"start":{"line":85,"column":8},"end":{"line":85,"column":131}},"43":{"start":{"line":89,"column":8},"end":{"line":94,"column":9}},"44":{"start":{"line":90,"column":12},"end":{"line":90,"column":33}},"45":{"start":{"line":93,"column":12},"end":{"line":93,"column":34}},"46":{"start":{"line":98,"column":4},"end":{"line":98,"column":81}},"47":{"start":{"line":102,"column":2},"end":{"line":102,"column":14}},"48":{"start":{"line":20,"column":13},"end":{"line":20,"column":30}},"49":{"start":{"line":118,"column":28},"end":{"line":157,"column":1}},"50":{"start":{"line":119,"column":61},"end":{"line":119,"column":64}},"51":{"start":{"line":122,"column":2},"end":{"line":126,"column":3}},"52":{"start":{"line":123,"column":4},"end":{"line":123,"column":50}},"53":{"start":{"line":124,"column":4},"end":{"line":124,"column":69}},"54":{"start":{"line":125,"column":4},"end":{"line":125,"column":29}},"55":{"start":{"line":129,"column":2},"end":{"line":129,"column":40}},"56":{"start":{"line":132,"column":40},"end":{"line":139,"column":4}},"57":{"start":{"line":142,"column":2},"end":{"line":153,"column":3}},"58":{"start":{"line":144,"column":4},"end":{"line":144,"column":50}},"59":{"start":{"line":148,"column":4},"end":{"line":152,"column":10}},"60":{"start":{"line":156,"column":2},"end":{"line":156,"column":40}},"61":{"start":{"line":118,"column":13},"end":{"line":118,"column":28}}},"fnMap":{"0":{"name":"(anonymous_1)","decl":{"start":{"line":20,"column":30},"end":{"line":20,"column":31}},"loc":{"start":{"line":20,"column":92},"end":{"line":103,"column":1}}},"1":{"name":"(anonymous_2)","decl":{"start":{"line":118,"column":28},"end":{"line":118,"column":29}},"loc":{"start":{"line":118,"column":95},"end":{"line":157,"column":1}}}},"branchMap":{"0":{"loc":{"start":{"line":24,"column":2},"end":{"line":99,"column":3}},"type":"if","locations":[{"start":{"line":24,"column":2},"end":{"line":99,"column":3}}]},"1":{"loc":{"start":{"line":31,"column":4},"end":{"line":95,"column":5}},"type":"if","locations":[{"start":{"line":31,"column":4},"end":{"line":95,"column":5}},{"start":{"line":67,"column":9},"end":{"line":95,"column":5}}]},"2":{"loc":{"start":{"line":33,"column":8},"end":{"line":65,"column":9}},"type":"switch","locations":[{"start":{"line":34,"column":12},"end":{"line":39,"column":22}},{"start":{"line":40,"column":12},"end":{"line":45,"column":22}},{"start":{"line":46,"column":12},"end":{"line":50,"column":23}},{"start":{"line":51,"column":12},"end":{"line":56,"column":22}},{"start":{"line":58,"column":12},"end":{"line":64,"column":22}}]},"3":{"loc":{"start":{"line":36,"column":80},"end":{"line":36,"column":130}},"type":"cond-expr","locations":[{"start":{"line":36,"column":89},"end":{"line":36,"column":125}},{"start":{"line":36,"column":128},"end":{"line":36,"column":130}}]},"4":{"loc":{"start":{"line":38,"column":53},"end":{"line":38,"column":91}},"type":"cond-expr","locations":[{"start":{"line":38,"column":62},"end":{"line":38,"column":79}},{"start":{"line":38,"column":82},"end":{"line":38,"column":91}}]},"5":{"loc":{"start":{"line":42,"column":108},"end":{"line":42,"column":149}},"type":"cond-expr","locations":[{"start":{"line":42,"column":120},"end":{"line":42,"column":144}},{"start":{"line":42,"column":147},"end":{"line":42,"column":149}}]},"6":{"loc":{"start":{"line":67,"column":9},"end":{"line":95,"column":5}},"type":"if","locations":[{"start":{"line":67,"column":9},"end":{"line":95,"column":5}},{"start":{"line":78,"column":9},"end":{"line":95,"column":5}}]},"7":{"loc":{"start":{"line":72,"column":56},"end":{"line":72,"column":111}},"type":"binary-expr","locations":[{"start":{"line":72,"column":56},"end":{"line":72,"column":87}},{"start":{"line":72,"column":91},"end":{"line":72,"column":111}}]},"8":{"loc":{"start":{"line":80,"column":21},"end":{"line":82,"column":46}},"type":"cond-expr","locations":[{"start":{"line":81,"column":14},"end":{"line":81,"column":30}},{"start":{"line":82,"column":14},"end":{"line":82,"column":46}}]},"9":{"loc":{"start":{"line":85,"column":18},"end":{"line":85,"column":130}},"type":"binary-expr","locations":[{"start":{"line":85,"column":18},"end":{"line":85,"column":31}},{"start":{"line":85,"column":36},"end":{"line":85,"column":95}},{"start":{"line":85,"column":99},"end":{"line":85,"column":129}}]},"10":{"loc":{"start":{"line":89,"column":8},"end":{"line":94,"column":9}},"type":"if","locations":[{"start":{"line":89,"column":8},"end":{"line":94,"column":9}},{"start":{"line":91,"column":15},"end":{"line":94,"column":9}}]},"11":{"loc":{"start":{"line":122,"column":2},"end":{"line":126,"column":3}},"type":"if","locations":[{"start":{"line":122,"column":2},"end":{"line":126,"column":3}}]},"12":{"loc":{"start":{"line":122,"column":6},"end":{"line":122,"column":53}},"type":"binary-expr","locations":[{"start":{"line":122,"column":6},"end":{"line":122,"column":35}},{"start":{"line":122,"column":39},"end":{"line":122,"column":53}}]},"13":{"loc":{"start":{"line":136,"column":8},"end":{"line":136,"column":49}},"type":"binary-expr","locations":[{"start":{"line":136,"column":8},"end":{"line":136,"column":20}},{"start":{"line":136,"column":24},"end":{"line":136,"column":49}}]},"14":{"loc":{"start":{"line":138,"column":8},"end":{"line":138,"column":62}},"type":"binary-expr","locations":[{"start":{"line":138,"column":8},"end":{"line":138,"column":38}},{"start":{"line":138,"column":42},"end":{"line":138,"column":62}}]},"15":{"loc":{"start":{"line":142,"column":2},"end":{"line":153,"column":3}},"type":"if","locations":[{"start":{"line":142,"column":2},"end":{"line":153,"column":3}},{"start":{"line":145,"column":9},"end":{"line":153,"column":3}}]},"16":{"loc":{"start":{"line":149,"column":25},"end":{"line":149,"column":64}},"type":"cond-expr","locations":[{"start":{"line":149,"column":41},"end":{"line":149,"column":43}},{"start":{"line":149,"column":46},"end":{"line":149,"column":64}}]},"17":{"loc":{"start":{"line":151,"column":11},"end":{"line":151,"column":69}},"type":"cond-expr","locations":[{"start":{"line":151,"column":41},"end":{"line":151,"column":64}},{"start":{"line":151,"column":67},"end":{"line":151,"column":69}}]},"18":{"loc":{"start":{"line":151,"column":11},"end":{"line":151,"column":38}},"type":"binary-expr","locations":[{"start":{"line":151,"column":11},"end":{"line":151,"column":20}},{"start":{"line":151,"column":24},"end":{"line":151,"column":38}}]}},"s":{"0":22,"1":22,"2":22,"3":22,"4":22,"5":22,"6":27,"7":27,"8":0,"9":0,"10":0,"11":0,"12":0,"13":0,"14":0,"15":0,"16":0,"17":0,"18":0,"19":0,"20":0,"21":0,"22":0,"23":0,"24":0,"25":0,"26":0,"27":0,"28":0,"29":0,"30":0,"31":0,"32":0,"33":0,"34":0,"35":0,"36":0,"37":0,"38":0,"39":0,"40":0,"41":0,"42":0,"43":0,"44":0,"45":0,"46":0,"47":27,"48":22,"49":22,"50":27,"51":27,"52":0,"53":0,"54":0,"55":27,"56":27,"57":27,"58":0,"59":27,"60":27,"61":22},"f":{"0":27,"1":27},"b":{"0":[0],"1":[0,0],"2":[0,0,0,0,0],"3":[0,0],"4":[0,0],"5":[0,0],"6":[0,0],"7":[0,0],"8":[0,0],"9":[0,0,0],"10":[0,0],"11":[0],"12":[27,0],"13":[27,9],"14":[27,0],"15":[0,27],"16":[27,0],"17":[0,27],"18":[27,27]}}
,"C:\\Users\\TestSolutions\\Documents\\newInvepro\\inveprobackend\\src\\middleware\\rateLimit.middleware.ts": {"path":"C:\\Users\\TestSolutions\\Documents\\newInvepro\\inveprobackend\\src\\middleware\\rateLimit.middleware.ts","statementMap":{"0":{"start":{"line":2,"column":0},"end":{"line":2,"column":43}},"1":{"start":{"line":3,"column":0},"end":{"line":3,"column":31}},"2":{"start":{"line":4,"column":0},"end":{"line":4,"column":36}},"3":{"start":{"line":7,"column":13},"end":{"line":17,"column":3}},"4":{"start":{"line":14,"column":4},"end":{"line":14,"column":76}},"5":{"start":{"line":15,"column":4},"end":{"line":15,"column":70}},"6":{"start":{"line":20,"column":13},"end":{"line":33,"column":3}},"7":{"start":{"line":28,"column":4},"end":{"line":30,"column":6}},"8":{"start":{"line":31,"column":4},"end":{"line":31,"column":70}}},"fnMap":{"0":{"name":"(anonymous_1)","decl":{"start":{"line":13,"column":11},"end":{"line":13,"column":12}},"loc":{"start":{"line":13,"column":39},"end":{"line":16,"column":3}}},"1":{"name":"(anonymous_2)","decl":{"start":{"line":27,"column":11},"end":{"line":27,"column":12}},"loc":{"start":{"line":27,"column":39},"end":{"line":32,"column":3}}}},"branchMap":{"0":{"loc":{"start":{"line":8,"column":13},"end":{"line":8,"column":48}},"type":"binary-expr","locations":[{"start":{"line":8,"column":13},"end":{"line":8,"column":42}},{"start":{"line":8,"column":46},"end":{"line":8,"column":48}}]},"1":{"loc":{"start":{"line":9,"column":7},"end":{"line":9,"column":41}},"type":"binary-expr","locations":[{"start":{"line":9,"column":7},"end":{"line":9,"column":34}},{"start":{"line":9,"column":38},"end":{"line":9,"column":41}}]}},"s":{"0":22,"1":22,"2":22,"3":22,"4":0,"5":0,"6":22,"7":0,"8":0},"f":{"0":0,"1":0},"b":{"0":[22,22],"1":[22,22]}}
,"C:\\Users\\TestSolutions\\Documents\\newInvepro\\inveprobackend\\src\\middleware\\rbac.middleware.ts": {"path":"C:\\Users\\TestSolutions\\Documents\\newInvepro\\inveprobackend\\src\\middleware\\rbac.middleware.ts","statementMap":{"0":{"start":{"line":2,"column":0},"end":{"line":2,"column":37}},"1":{"start":{"line":3,"column":0},"end":{"line":3,"column":40}},"2":{"start":{"line":4,"column":0},"end":{"line":4,"column":36}},"3":{"start":{"line":12,"column":32},"end":{"line":34,"column":1}},"4":{"start":{"line":13,"column":4},"end":{"line":33,"column":6}},"5":{"start":{"line":15,"column":8},"end":{"line":18,"column":9}},"6":{"start":{"line":16,"column":12},"end":{"line":16,"column":123}},"7":{"start":{"line":17,"column":12},"end":{"line":17,"column":111}},"8":{"start":{"line":21,"column":34},"end":{"line":22,"column":null}},"9":{"start":{"line":22,"column":12},"end":{"line":22,"column":58}},"10":{"start":{"line":25,"column":8},"end":{"line":28,"column":9}},"11":{"start":{"line":26,"column":12},"end":{"line":26,"column":230}},"12":{"start":{"line":27,"column":12},"end":{"line":27,"column":88}},"13":{"start":{"line":31,"column":8},"end":{"line":31,"column":108}},"14":{"start":{"line":32,"column":8},"end":{"line":32,"column":15}},"15":{"start":{"line":12,"column":13},"end":{"line":12,"column":32}},"16":{"start":{"line":43,"column":26},"end":{"line":62,"column":1}},"17":{"start":{"line":44,"column":4},"end":{"line":61,"column":6}},"18":{"start":{"line":45,"column":8},"end":{"line":48,"column":9}},"19":{"start":{"line":46,"column":12},"end":{"line":46,"column":141}},"20":{"start":{"line":47,"column":12},"end":{"line":47,"column":111}},"21":{"start":{"line":50,"column":30},"end":{"line":50,"column":66}},"22":{"start":{"line":50,"column":54},"end":{"line":50,"column":65}},"23":{"start":{"line":52,"column":32},"end":{"line":52,"column":88}},"24":{"start":{"line":52,"column":59},"end":{"line":52,"column":87}},"25":{"start":{"line":54,"column":8},"end":{"line":57,"column":9}},"26":{"start":{"line":55,"column":12},"end":{"line":55,"column":197}},"27":{"start":{"line":56,"column":12},"end":{"line":56,"column":81}},"28":{"start":{"line":59,"column":8},"end":{"line":59,"column":95}},"29":{"start":{"line":60,"column":8},"end":{"line":60,"column":15}},"30":{"start":{"line":43,"column":13},"end":{"line":43,"column":26}}},"fnMap":{"0":{"name":"(anonymous_1)","decl":{"start":{"line":12,"column":32},"end":{"line":12,"column":33}},"loc":{"start":{"line":12,"column":66},"end":{"line":34,"column":1}}},"1":{"name":"(anonymous_2)","decl":{"start":{"line":13,"column":11},"end":{"line":13,"column":12}},"loc":{"start":{"line":13,"column":69},"end":{"line":33,"column":5}}},"2":{"name":"(anonymous_3)","decl":{"start":{"line":21,"column":60},"end":{"line":21,"column":70}},"loc":{"start":{"line":22,"column":12},"end":{"line":22,"column":58}}},"3":{"name":"(anonymous_4)","decl":{"start":{"line":43,"column":26},"end":{"line":43,"column":27}},"loc":{"start":{"line":43,"column":54},"end":{"line":62,"column":1}}},"4":{"name":"(anonymous_5)","decl":{"start":{"line":44,"column":11},"end":{"line":44,"column":12}},"loc":{"start":{"line":44,"column":69},"end":{"line":61,"column":5}}},"5":{"name":"(anonymous_6)","decl":{"start":{"line":50,"column":49},"end":{"line":50,"column":50}},"loc":{"start":{"line":50,"column":54},"end":{"line":50,"column":65}}},"6":{"name":"(anonymous_7)","decl":{"start":{"line":52,"column":51},"end":{"line":52,"column":55}},"loc":{"start":{"line":52,"column":59},"end":{"line":52,"column":87}}}},"branchMap":{"0":{"loc":{"start":{"line":15,"column":8},"end":{"line":18,"column":9}},"type":"if","locations":[{"start":{"line":15,"column":8},"end":{"line":18,"column":9}}]},"1":{"loc":{"start":{"line":15,"column":12},"end":{"line":15,"column":55}},"type":"binary-expr","locations":[{"start":{"line":15,"column":12},"end":{"line":15,"column":21}},{"start":{"line":15,"column":25},"end":{"line":15,"column":55}}]},"2":{"loc":{"start":{"line":25,"column":8},"end":{"line":28,"column":9}},"type":"if","locations":[{"start":{"line":25,"column":8},"end":{"line":28,"column":9}}]},"3":{"loc":{"start":{"line":45,"column":8},"end":{"line":48,"column":9}},"type":"if","locations":[{"start":{"line":45,"column":8},"end":{"line":48,"column":9}}]},"4":{"loc":{"start":{"line":45,"column":12},"end":{"line":45,"column":40}},"type":"binary-expr","locations":[{"start":{"line":45,"column":12},"end":{"line":45,"column":21}},{"start":{"line":45,"column":25},"end":{"line":45,"column":40}}]},"5":{"loc":{"start":{"line":54,"column":8},"end":{"line":57,"column":9}},"type":"if","locations":[{"start":{"line":54,"column":8},"end":{"line":57,"column":9}}]}},"s":{"0":22,"1":22,"2":22,"3":22,"4":2794,"5":160,"6":0,"7":0,"8":160,"9":173,"10":160,"11":0,"12":0,"13":160,"14":160,"15":22,"16":22,"17":0,"18":0,"19":0,"20":0,"21":0,"22":0,"23":0,"24":0,"25":0,"26":0,"27":0,"28":0,"29":0,"30":22},"f":{"0":2794,"1":160,"2":173,"3":0,"4":0,"5":0,"6":0},"b":{"0":[0],"1":[160,160],"2":[0],"3":[0],"4":[0,0],"5":[0]}}
,"C:\\Users\\TestSolutions\\Documents\\newInvepro\\inveprobackend\\src\\middleware\\tenant.middleware.ts": {"path":"C:\\Users\\TestSolutions\\Documents\\newInvepro\\inveprobackend\\src\\middleware\\tenant.middleware.ts","statementMap":{"0":{"start":{"line":3,"column":0},"end":{"line":3,"column":40}},"1":{"start":{"line":4,"column":0},"end":{"line":4,"column":37}},"2":{"start":{"line":5,"column":0},"end":{"line":5,"column":36}},"3":{"start":{"line":12,"column":35},"end":{"line":23,"column":1}},"4":{"start":{"line":14,"column":4},"end":{"line":18,"column":5}},"5":{"start":{"line":16,"column":8},"end":{"line":16,"column":131}},"6":{"start":{"line":17,"column":8},"end":{"line":17,"column":111}},"7":{"start":{"line":22,"column":4},"end":{"line":22,"column":11}},"8":{"start":{"line":12,"column":13},"end":{"line":12,"column":35}},"9":{"start":{"line":35,"column":38},"end":{"line":43,"column":1}},"10":{"start":{"line":36,"column":21},"end":{"line":36,"column":33}},"11":{"start":{"line":37,"column":4},"end":{"line":41,"column":5}},"12":{"start":{"line":39,"column":8},"end":{"line":39,"column":84}},"13":{"start":{"line":40,"column":8},"end":{"line":40,"column":115}},"14":{"start":{"line":42,"column":4},"end":{"line":42,"column":20}},"15":{"start":{"line":35,"column":13},"end":{"line":35,"column":38}}},"fnMap":{"0":{"name":"(anonymous_1)","decl":{"start":{"line":12,"column":35},"end":{"line":12,"column":36}},"loc":{"start":{"line":12,"column":93},"end":{"line":23,"column":1}}},"1":{"name":"(anonymous_2)","decl":{"start":{"line":35,"column":38},"end":{"line":35,"column":39}},"loc":{"start":{"line":35,"column":63},"end":{"line":43,"column":1}}}},"branchMap":{"0":{"loc":{"start":{"line":14,"column":4},"end":{"line":18,"column":5}},"type":"if","locations":[{"start":{"line":14,"column":4},"end":{"line":18,"column":5}}]},"1":{"loc":{"start":{"line":37,"column":4},"end":{"line":41,"column":5}},"type":"if","locations":[{"start":{"line":37,"column":4},"end":{"line":41,"column":5}}]}},"s":{"0":22,"1":22,"2":22,"3":22,"4":154,"5":0,"6":0,"7":154,"8":22,"9":22,"10":145,"11":145,"12":0,"13":0,"14":145,"15":22},"f":{"0":154,"1":145},"b":{"0":[0],"1":[0]}}
,"C:\\Users\\TestSolutions\\Documents\\newInvepro\\inveprobackend\\src\\middleware\\validate.middleware.ts": {"path":"C:\\Users\\TestSolutions\\Documents\\newInvepro\\inveprobackend\\src\\middleware\\validate.middleware.ts","statementMap":{"0":{"start":{"line":3,"column":0},"end":{"line":3,"column":60}},"1":{"start":{"line":4,"column":0},"end":{"line":4,"column":70}},"2":{"start":{"line":5,"column":0},"end":{"line":5,"column":40}},"3":{"start":{"line":6,"column":0},"end":{"line":6,"column":37}},"4":{"start":{"line":7,"column":0},"end":{"line":7,"column":36}},"5":{"start":{"line":14,"column":31},"end":{"line":27,"column":1}},"6":{"start":{"line":15,"column":27},"end":{"line":15,"column":29}},"7":{"start":{"line":16,"column":2},"end":{"line":25,"column":5}},"8":{"start":{"line":18,"column":4},"end":{"line":20,"column":5}},"9":{"start":{"line":19,"column":6},"end":{"line":19,"column":65}},"10":{"start":{"line":22,"column":4},"end":{"line":24,"column":5}},"11":{"start":{"line":23,"column":6},"end":{"line":23,"column":71}},"12":{"start":{"line":26,"column":2},"end":{"line":26,"column":18}},"13":{"start":{"line":39,"column":24},"end":{"line":86,"column":1}},"14":{"start":{"line":44,"column":2},"end":{"line":85,"column":4}},"15":{"start":{"line":45,"column":4},"end":{"line":84,"column":5}},"16":{"start":{"line":47,"column":29},"end":{"line":47,"column":40}},"17":{"start":{"line":52,"column":26},"end":{"line":54,"column":8}},"18":{"start":{"line":57,"column":21},"end":{"line":62,"column":8}},"19":{"start":{"line":65,"column":6},"end":{"line":72,"column":7}},"20":{"start":{"line":67,"column":30},"end":{"line":67,"column":60}},"21":{"start":{"line":68,"column":24},"end":{"line":68,"column":78}},"22":{"start":{"line":69,"column":8},"end":{"line":69,"column":87}},"23":{"start":{"line":71,"column":8},"end":{"line":71,"column":100}},"24":{"start":{"line":77,"column":6},"end":{"line":77,"column":32}},"25":{"start":{"line":80,"column":6},"end":{"line":80,"column":13}},"26":{"start":{"line":83,"column":6},"end":{"line":83,"column":106}},"27":{"start":{"line":89,"column":0},"end":{"line":89,"column":31}}},"fnMap":{"0":{"name":"(anonymous_1)","decl":{"start":{"line":14,"column":31},"end":{"line":14,"column":32}},"loc":{"start":{"line":14,"column":71},"end":{"line":27,"column":1}}},"1":{"name":"(anonymous_2)","decl":{"start":{"line":16,"column":17},"end":{"line":16,"column":18}},"loc":{"start":{"line":16,"column":25},"end":{"line":25,"column":3}}},"2":{"name":"(anonymous_3)","decl":{"start":{"line":39,"column":24},"end":{"line":39,"column":null}},"loc":{"start":{"line":43,"column":20},"end":{"line":86,"column":1}}},"3":{"name":"(anonymous_4)","decl":{"start":{"line":44,"column":9},"end":{"line":44,"column":14}},"loc":{"start":{"line":44,"column":82},"end":{"line":85,"column":3}}}},"branchMap":{"0":{"loc":{"start":{"line":18,"column":4},"end":{"line":20,"column":5}},"type":"if","locations":[{"start":{"line":18,"column":4},"end":{"line":20,"column":5}}]},"1":{"loc":{"start":{"line":22,"column":4},"end":{"line":24,"column":5}},"type":"if","locations":[{"start":{"line":22,"column":4},"end":{"line":24,"column":5}}]},"2":{"loc":{"start":{"line":22,"column":8},"end":{"line":22,"column":47}},"type":"binary-expr","locations":[{"start":{"line":22,"column":8},"end":{"line":22,"column":20}},{"start":{"line":22,"column":24},"end":{"line":22,"column":47}}]},"3":{"loc":{"start":{"line":41,"column":2},"end":{"line":41,"column":46}},"type":"default-arg","locations":[{"start":{"line":41,"column":40},"end":{"line":41,"column":46}}]},"4":{"loc":{"start":{"line":42,"column":2},"end":{"line":42,"column":31}},"type":"default-arg","locations":[{"start":{"line":42,"column":26},"end":{"line":42,"column":31}}]},"5":{"loc":{"start":{"line":65,"column":6},"end":{"line":72,"column":7}},"type":"if","locations":[{"start":{"line":65,"column":6},"end":{"line":72,"column":7}}]}},"s":{"0":22,"1":22,"2":22,"3":22,"4":22,"5":22,"6":9,"7":9,"8":9,"9":9,"10":9,"11":0,"12":9,"13":22,"14":1584,"15":89,"16":89,"17":89,"18":89,"19":89,"20":9,"21":9,"22":9,"23":9,"24":80,"25":80,"26":0,"27":22},"f":{"0":9,"1":9,"2":1584,"3":89},"b":{"0":[9],"1":[0],"2":[9,9],"3":[1144],"4":[1584],"5":[9]}}
,"C:\\Users\\TestSolutions\\Documents\\newInvepro\\inveprobackend\\src\\modules\\auth\\auth.controller.ts": {"path":"C:\\Users\\TestSolutions\\Documents\\newInvepro\\inveprobackend\\src\\modules\\auth\\auth.controller.ts","statementMap":{"0":{"start":{"line":3,"column":0},"end":{"line":3,"column":37}},"1":{"start":{"line":4,"column":0},"end":{"line":4,"column":20}},"2":{"start":{"line":5,"column":0},"end":{"line":5,"column":45}},"3":{"start":{"line":6,"column":0},"end":{"line":6,"column":44}},"4":{"start":{"line":10,"column":0},"end":{"line":10,"column":31}},"5":{"start":{"line":11,"column":0},"end":{"line":11,"column":36}},"6":{"start":{"line":12,"column":0},"end":{"line":12,"column":40}},"7":{"start":{"line":18,"column":30},"end":{"line":27,"column":1}},"8":{"start":{"line":19,"column":26},"end":{"line":25,"column":6}},"9":{"start":{"line":26,"column":4},"end":{"line":26,"column":75}},"10":{"start":{"line":32,"column":32},"end":{"line":40,"column":1}},"11":{"start":{"line":33,"column":26},"end":{"line":38,"column":6}},"12":{"start":{"line":39,"column":4},"end":{"line":39,"column":65}},"13":{"start":{"line":45,"column":14},"end":{"line":66,"column":2}},"14":{"start":{"line":46,"column":32},"end":{"line":46,"column":52}},"15":{"start":{"line":47,"column":22},"end":{"line":47,"column":28}},"16":{"start":{"line":48,"column":22},"end":{"line":48,"column":47}},"17":{"start":{"line":50,"column":29},"end":{"line":54,"column":null}},"18":{"start":{"line":58,"column":4},"end":{"line":58,"column":52}},"19":{"start":{"line":61,"column":4},"end":{"line":65,"column":7}},"20":{"start":{"line":71,"column":22},"end":{"line":96,"column":2}},"21":{"start":{"line":73,"column":28},"end":{"line":73,"column":70}},"22":{"start":{"line":74,"column":4},"end":{"line":77,"column":5}},"23":{"start":{"line":75,"column":8},"end":{"line":75,"column":97}},"24":{"start":{"line":76,"column":8},"end":{"line":76,"column":77}},"25":{"start":{"line":79,"column":22},"end":{"line":79,"column":28}},"26":{"start":{"line":80,"column":22},"end":{"line":80,"column":47}},"27":{"start":{"line":83,"column":22},"end":{"line":86,"column":null}},"28":{"start":{"line":90,"column":4},"end":{"line":90,"column":55}},"29":{"start":{"line":93,"column":4},"end":{"line":95,"column":7}},"30":{"start":{"line":101,"column":15},"end":{"line":115,"column":2}},"31":{"start":{"line":102,"column":25},"end":{"line":102,"column":67}},"32":{"start":{"line":104,"column":4},"end":{"line":109,"column":5}},"33":{"start":{"line":106,"column":8},"end":{"line":106,"column":51}},"34":{"start":{"line":108,"column":8},"end":{"line":108,"column":93}},"35":{"start":{"line":112,"column":4},"end":{"line":112,"column":33}},"36":{"start":{"line":114,"column":4},"end":{"line":114,"column":69}},"37":{"start":{"line":121,"column":23},"end":{"line":130,"column":2}},"38":{"start":{"line":122,"column":22},"end":{"line":122,"column":51}},"39":{"start":{"line":126,"column":4},"end":{"line":126,"column":44}},"40":{"start":{"line":129,"column":4},"end":{"line":129,"column":126}},"41":{"start":{"line":135,"column":22},"end":{"line":143,"column":2}},"42":{"start":{"line":136,"column":35},"end":{"line":136,"column":63}},"43":{"start":{"line":139,"column":4},"end":{"line":139,"column":56}},"44":{"start":{"line":142,"column":4},"end":{"line":142,"column":89}},"45":{"start":{"line":148,"column":11},"end":{"line":161,"column":2}},"46":{"start":{"line":150,"column":4},"end":{"line":152,"column":5}},"47":{"start":{"line":151,"column":8},"end":{"line":151,"column":70}},"48":{"start":{"line":156,"column":80},"end":{"line":156,"column":88}},"49":{"start":{"line":158,"column":4},"end":{"line":160,"column":7}},"50":{"start":{"line":164,"column":13},"end":{"line":171,"column":2}}},"fnMap":{"0":{"name":"(anonymous_1)","decl":{"start":{"line":18,"column":30},"end":{"line":18,"column":31}},"loc":{"start":{"line":18,"column":70},"end":{"line":27,"column":1}}},"1":{"name":"(anonymous_2)","decl":{"start":{"line":32,"column":32},"end":{"line":32,"column":33}},"loc":{"start":{"line":32,"column":50},"end":{"line":40,"column":1}}},"2":{"name":"(anonymous_3)","decl":{"start":{"line":45,"column":25},"end":{"line":45,"column":30}},"loc":{"start":{"line":45,"column":63},"end":{"line":66,"column":1}}},"3":{"name":"(anonymous_4)","decl":{"start":{"line":71,"column":33},"end":{"line":71,"column":38}},"loc":{"start":{"line":71,"column":71},"end":{"line":96,"column":1}}},"4":{"name":"(anonymous_5)","decl":{"start":{"line":101,"column":26},"end":{"line":101,"column":31}},"loc":{"start":{"line":101,"column":64},"end":{"line":115,"column":1}}},"5":{"name":"(anonymous_6)","decl":{"start":{"line":121,"column":34},"end":{"line":121,"column":39}},"loc":{"start":{"line":121,"column":72},"end":{"line":130,"column":1}}},"6":{"name":"(anonymous_7)","decl":{"start":{"line":135,"column":33},"end":{"line":135,"column":38}},"loc":{"start":{"line":135,"column":71},"end":{"line":143,"column":1}}},"7":{"name":"(anonymous_8)","decl":{"start":{"line":148,"column":22},"end":{"line":148,"column":27}},"loc":{"start":{"line":148,"column":60},"end":{"line":161,"column":1}}}},"branchMap":{"0":{"loc":{"start":{"line":74,"column":4},"end":{"line":77,"column":5}},"type":"if","locations":[{"start":{"line":74,"column":4},"end":{"line":77,"column":5}}]},"1":{"loc":{"start":{"line":104,"column":4},"end":{"line":109,"column":5}},"type":"if","locations":[{"start":{"line":104,"column":4},"end":{"line":109,"column":5}},{"start":{"line":107,"column":11},"end":{"line":109,"column":5}}]},"2":{"loc":{"start":{"line":150,"column":4},"end":{"line":152,"column":5}},"type":"if","locations":[{"start":{"line":150,"column":4},"end":{"line":152,"column":5}}]}},"s":{"0":22,"1":22,"2":22,"3":22,"4":22,"5":22,"6":22,"7":22,"8":4,"9":4,"10":22,"11":1,"12":1,"13":22,"14":4,"15":4,"16":4,"17":4,"18":3,"19":3,"20":22,"21":2,"22":2,"23":1,"24":1,"25":1,"26":1,"27":1,"28":1,"29":1,"30":22,"31":1,"32":1,"33":1,"34":0,"35":1,"36":1,"37":22,"38":2,"39":2,"40":2,"41":22,"42":0,"43":0,"44":0,"45":22,"46":0,"47":0,"48":0,"49":0,"50":22},"f":{"0":4,"1":1,"2":4,"3":2,"4":1,"5":2,"6":0,"7":0},"b":{"0":[1],"1":[1,0],"2":[0]}}
,"C:\\Users\\TestSolutions\\Documents\\newInvepro\\inveprobackend\\src\\modules\\auth\\auth.routes.ts": {"path":"C:\\Users\\TestSolutions\\Documents\\newInvepro\\inveprobackend\\src\\modules\\auth\\auth.routes.ts","statementMap":{"0":{"start":{"line":2,"column":0},"end":{"line":2,"column":30}},"1":{"start":{"line":3,"column":0},"end":{"line":3,"column":41}},"2":{"start":{"line":4,"column":0},"end":{"line":4,"column":51}},"3":{"start":{"line":5,"column":0},"end":{"line":5,"column":63}},"4":{"start":{"line":6,"column":0},"end":{"line":6,"column":62}},"5":{"start":{"line":7,"column":0},"end":{"line":7,"column":43}},"6":{"start":{"line":8,"column":0},"end":{"line":8,"column":62}},"7":{"start":{"line":9,"column":0},"end":{"line":9,"column":60}},"8":{"start":{"line":10,"column":0},"end":{"line":10,"column":68}},"9":{"start":{"line":13,"column":15},"end":{"line":13,"column":31}},"10":{"start":{"line":16,"column":0},"end":{"line":16,"column":27}},"11":{"start":{"line":19,"column":0},"end":{"line":19,"column":28}},"12":{"start":{"line":23,"column":0},"end":{"line":27,"column":2}},"13":{"start":{"line":29,"column":0},"end":{"line":33,"column":2}},"14":{"start":{"line":35,"column":0},"end":{"line":38,"column":2}},"15":{"start":{"line":40,"column":0},"end":{"line":43,"column":2}},"16":{"start":{"line":45,"column":0},"end":{"line":49,"column":2}},"17":{"start":{"line":51,"column":0},"end":{"line":55,"column":2}},"18":{"start":{"line":57,"column":0},"end":{"line":57,"column":22}}},"fnMap":{},"branchMap":{},"s":{"0":22,"1":22,"2":22,"3":22,"4":22,"5":22,"6":22,"7":22,"8":22,"9":22,"10":22,"11":22,"12":22,"13":22,"14":22,"15":22,"16":22,"17":22,"18":22},"f":{},"b":{}}
,"C:\\Users\\TestSolutions\\Documents\\newInvepro\\inveprobackend\\src\\modules\\auth\\auth.service.ts": {"path":"C:\\Users\\TestSolutions\\Documents\\newInvepro\\inveprobackend\\src\\modules\\auth\\auth.service.ts","statementMap":{"0":{"start":{"line":2,"column":0},"end":{"line":2,"column":30}},"1":{"start":{"line":3,"column":0},"end":{"line":3,"column":48}},"2":{"start":{"line":4,"column":0},"end":{"line":4,"column":20}},"3":{"start":{"line":5,"column":0},"end":{"line":5,"column":37}},"4":{"start":{"line":6,"column":0},"end":{"line":6,"column":39}},"5":{"start":{"line":7,"column":0},"end":{"line":7,"column":40}},"6":{"start":{"line":8,"column":0},"end":{"line":8,"column":36}},"7":{"start":{"line":10,"column":0},"end":{"line":10,"column":83}},"8":{"start":{"line":11,"column":0},"end":{"line":11,"column":53}},"9":{"start":{"line":36,"column":28},"end":{"line":63,"column":1}},"10":{"start":{"line":37,"column":20},"end":{"line":40,"column":6}},"11":{"start":{"line":44,"column":4},"end":{"line":53,"column":5}},"12":{"start":{"line":45,"column":28},"end":{"line":45,"column":50}},"13":{"start":{"line":46,"column":8},"end":{"line":48,"column":9}},"14":{"start":{"line":47,"column":12},"end":{"line":47,"column":83}},"15":{"start":{"line":49,"column":8},"end":{"line":49,"column":58}},"16":{"start":{"line":51,"column":8},"end":{"line":51,"column":120}},"17":{"start":{"line":52,"column":8},"end":{"line":52,"column":35}},"18":{"start":{"line":56,"column":37},"end":{"line":59,"column":6}},"19":{"start":{"line":62,"column":4},"end":{"line":62,"column":58}},"20":{"start":{"line":72,"column":37},"end":{"line":103,"column":1}},"21":{"start":{"line":73,"column":28},"end":{"line":73,"column":51}},"22":{"start":{"line":74,"column":24},"end":{"line":74,"column":56}},"23":{"start":{"line":77,"column":4},"end":{"line":87,"column":5}},"24":{"start":{"line":78,"column":25},"end":{"line":78,"column":66}},"25":{"start":{"line":79,"column":8},"end":{"line":81,"column":9}},"26":{"start":{"line":80,"column":12},"end":{"line":80,"column":112}},"27":{"start":{"line":82,"column":8},"end":{"line":82,"column":53}},"28":{"start":{"line":84,"column":28},"end":{"line":84,"column":29}},"29":{"start":{"line":85,"column":8},"end":{"line":85,"column":155}},"30":{"start":{"line":86,"column":8},"end":{"line":86,"column":78}},"31":{"start":{"line":90,"column":31},"end":{"line":98,"column":6}},"32":{"start":{"line":99,"column":4},"end":{"line":99,"column":65}},"33":{"start":{"line":102,"column":4},"end":{"line":102,"column":57}},"34":{"start":{"line":113,"column":36},"end":{"line":159,"column":1}},"35":{"start":{"line":115,"column":18},"end":{"line":115,"column":44}},"36":{"start":{"line":118,"column":4},"end":{"line":129,"column":5}},"37":{"start":{"line":128,"column":8},"end":{"line":128,"column":85}},"38":{"start":{"line":131,"column":35},"end":{"line":131,"column":40}},"39":{"start":{"line":133,"column":24},"end":{"line":135,"column":6}},"40":{"start":{"line":137,"column":4},"end":{"line":139,"column":5}},"41":{"start":{"line":138,"column":8},"end":{"line":138,"column":78}},"42":{"start":{"line":142,"column":4},"end":{"line":144,"column":5}},"43":{"start":{"line":143,"column":8},"end":{"line":143,"column":78}},"44":{"start":{"line":147,"column":4},"end":{"line":149,"column":5}},"45":{"start":{"line":148,"column":8},"end":{"line":148,"column":78}},"46":{"start":{"line":152,"column":20},"end":{"line":152,"column":74}},"47":{"start":{"line":153,"column":4},"end":{"line":155,"column":5}},"48":{"start":{"line":154,"column":8},"end":{"line":154,"column":78}},"49":{"start":{"line":157,"column":4},"end":{"line":157,"column":100}},"50":{"start":{"line":158,"column":4},"end":{"line":158,"column":23}},"51":{"start":{"line":170,"column":38},"end":{"line":241,"column":1}},"52":{"start":{"line":176,"column":27},"end":{"line":176,"column":46}},"53":{"start":{"line":177,"column":17},"end":{"line":204,"column":6}},"54":{"start":{"line":206,"column":35},"end":{"line":206,"column":134}},"55":{"start":{"line":208,"column":4},"end":{"line":211,"column":5}},"56":{"start":{"line":209,"column":8},"end":{"line":209,"column":64}},"57":{"start":{"line":210,"column":8},"end":{"line":210,"column":83}},"58":{"start":{"line":213,"column":4},"end":{"line":213,"column":40}},"59":{"start":{"line":214,"column":4},"end":{"line":214,"column":32}},"60":{"start":{"line":216,"column":28},"end":{"line":216,"column":77}},"61":{"start":{"line":217,"column":4},"end":{"line":220,"column":5}},"62":{"start":{"line":218,"column":8},"end":{"line":218,"column":68}},"63":{"start":{"line":219,"column":8},"end":{"line":219,"column":83}},"64":{"start":{"line":222,"column":4},"end":{"line":225,"column":5}},"65":{"start":{"line":223,"column":8},"end":{"line":223,"column":63}},"66":{"start":{"line":224,"column":8},"end":{"line":224,"column":81}},"67":{"start":{"line":228,"column":24},"end":{"line":228,"column":49}},"68":{"start":{"line":229,"column":28},"end":{"line":229,"column":90}},"69":{"start":{"line":231,"column":4},"end":{"line":231,"column":48}},"70":{"start":{"line":235,"column":80},"end":{"line":235,"column":84}},"71":{"start":{"line":237,"column":4},"end":{"line":240,"column":6}},"72":{"start":{"line":251,"column":26},"end":{"line":300,"column":1}},"73":{"start":{"line":256,"column":35},"end":{"line":256,"column":79}},"74":{"start":{"line":257,"column":4},"end":{"line":299,"column":5}},"75":{"start":{"line":259,"column":35},"end":{"line":259,"column":88}},"76":{"start":{"line":260,"column":8},"end":{"line":260,"column":54}},"77":{"start":{"line":261,"column":8},"end":{"line":261,"column":51}},"78":{"start":{"line":265,"column":8},"end":{"line":268,"column":11}},"79":{"start":{"line":269,"column":8},"end":{"line":269,"column":102}},"80":{"start":{"line":272,"column":21},"end":{"line":272,"column":95}},"81":{"start":{"line":274,"column":8},"end":{"line":277,"column":9}},"82":{"start":{"line":275,"column":12},"end":{"line":275,"column":100}},"83":{"start":{"line":276,"column":12},"end":{"line":276,"column":109}},"84":{"start":{"line":278,"column":8},"end":{"line":278,"column":44}},"85":{"start":{"line":281,"column":31},"end":{"line":281,"column":56}},"86":{"start":{"line":282,"column":35},"end":{"line":282,"column":97}},"87":{"start":{"line":284,"column":8},"end":{"line":284,"column":70}},"88":{"start":{"line":285,"column":8},"end":{"line":288,"column":10}},"89":{"start":{"line":291,"column":8},"end":{"line":291,"column":33}},"90":{"start":{"line":292,"column":8},"end":{"line":295,"column":9}},"91":{"start":{"line":293,"column":12},"end":{"line":293,"column":90}},"92":{"start":{"line":294,"column":12},"end":{"line":294,"column":24}},"93":{"start":{"line":296,"column":8},"end":{"line":296,"column":63}},"94":{"start":{"line":298,"column":8},"end":{"line":298,"column":114}},"95":{"start":{"line":307,"column":19},"end":{"line":334,"column":1}},"96":{"start":{"line":308,"column":35},"end":{"line":308,"column":61}},"97":{"start":{"line":309,"column":4},"end":{"line":333,"column":5}},"98":{"start":{"line":311,"column":35},"end":{"line":311,"column":85}},"99":{"start":{"line":312,"column":8},"end":{"line":312,"column":54}},"100":{"start":{"line":313,"column":8},"end":{"line":313,"column":51}},"101":{"start":{"line":316,"column":8},"end":{"line":319,"column":11}},"102":{"start":{"line":320,"column":8},"end":{"line":320,"column":81}},"103":{"start":{"line":323,"column":8},"end":{"line":323,"column":33}},"104":{"start":{"line":325,"column":8},"end":{"line":330,"column":9}},"105":{"start":{"line":326,"column":12},"end":{"line":326,"column":115}},"106":{"start":{"line":329,"column":12},"end":{"line":329,"column":68}},"107":{"start":{"line":342,"column":23},"end":{"line":401,"column":1}},"108":{"start":{"line":343,"column":27},"end":{"line":343,"column":46}},"109":{"start":{"line":344,"column":17},"end":{"line":344,"column":83}},"110":{"start":{"line":346,"column":35},"end":{"line":346,"column":132}},"111":{"start":{"line":349,"column":4},"end":{"line":352,"column":5}},"112":{"start":{"line":350,"column":8},"end":{"line":350,"column":87}},"113":{"start":{"line":351,"column":8},"end":{"line":351,"column":15}},"114":{"start":{"line":354,"column":4},"end":{"line":354,"column":32}},"115":{"start":{"line":355,"column":4},"end":{"line":355,"column":40}},"116":{"start":{"line":358,"column":26},"end":{"line":358,"column":47}},"117":{"start":{"line":359,"column":24},"end":{"line":359,"column":54}},"118":{"start":{"line":361,"column":4},"end":{"line":370,"column":5}},"119":{"start":{"line":362,"column":25},"end":{"line":362,"column":58}},"120":{"start":{"line":363,"column":8},"end":{"line":365,"column":9}},"121":{"start":{"line":364,"column":12},"end":{"line":364,"column":94}},"122":{"start":{"line":366,"column":8},"end":{"line":366,"column":53}},"123":{"start":{"line":368,"column":8},"end":{"line":368,"column":138}},"124":{"start":{"line":369,"column":8},"end":{"line":369,"column":59}},"125":{"start":{"line":373,"column":4},"end":{"line":373,"column":93}},"126":{"start":{"line":374,"column":4},"end":{"line":380,"column":7}},"127":{"start":{"line":381,"column":4},"end":{"line":381,"column":60}},"128":{"start":{"line":384,"column":21},"end":{"line":384,"column":80}},"129":{"start":{"line":387,"column":22},"end":{"line":392,"column":6}},"130":{"start":{"line":394,"column":4},"end":{"line":399,"column":5}},"131":{"start":{"line":395,"column":8},"end":{"line":395,"column":79}},"132":{"start":{"line":397,"column":8},"end":{"line":397,"column":72}},"133":{"start":{"line":411,"column":22},"end":{"line":482,"column":1}},"134":{"start":{"line":413,"column":35},"end":{"line":413,"column":122}},"135":{"start":{"line":416,"column":34},"end":{"line":421,"column":6}},"136":{"start":{"line":423,"column":56},"end":{"line":423,"column":60}},"137":{"start":{"line":424,"column":4},"end":{"line":431,"column":5}},"138":{"start":{"line":426,"column":24},"end":{"line":426,"column":80}},"139":{"start":{"line":427,"column":8},"end":{"line":430,"column":9}},"140":{"start":{"line":428,"column":12},"end":{"line":428,"column":45}},"141":{"start":{"line":429,"column":12},"end":{"line":429,"column":18}},"142":{"start":{"line":433,"column":4},"end":{"line":436,"column":5}},"143":{"start":{"line":434,"column":8},"end":{"line":434,"column":101}},"144":{"start":{"line":435,"column":8},"end":{"line":435,"column":95}},"145":{"start":{"line":438,"column":4},"end":{"line":438,"column":50}},"146":{"start":{"line":439,"column":4},"end":{"line":439,"column":47}},"147":{"start":{"line":442,"column":17},"end":{"line":442,"column":91}},"148":{"start":{"line":443,"column":4},"end":{"line":448,"column":5}},"149":{"start":{"line":444,"column":8},"end":{"line":444,"column":105}},"150":{"start":{"line":446,"column":8},"end":{"line":446,"column":119}},"151":{"start":{"line":447,"column":8},"end":{"line":447,"column":101}},"152":{"start":{"line":450,"column":4},"end":{"line":450,"column":40}},"153":{"start":{"line":451,"column":4},"end":{"line":451,"column":34}},"154":{"start":{"line":455,"column":28},"end":{"line":455,"column":62}},"155":{"start":{"line":458,"column":4},"end":{"line":481,"column":5}},"156":{"start":{"line":460,"column":8},"end":{"line":474,"column":11}},"157":{"start":{"line":461,"column":12},"end":{"line":464,"column":15}},"158":{"start":{"line":465,"column":12},"end":{"line":468,"column":15}},"159":{"start":{"line":470,"column":12},"end":{"line":473,"column":15}},"160":{"start":{"line":475,"column":8},"end":{"line":475,"column":61}},"161":{"start":{"line":477,"column":8},"end":{"line":477,"column":33}},"162":{"start":{"line":478,"column":8},"end":{"line":478,"column":70}},"163":{"start":{"line":480,"column":8},"end":{"line":480,"column":116}},"164":{"start":{"line":486,"column":13},"end":{"line":492,"column":2}}},"fnMap":{"0":{"name":"(anonymous_1)","decl":{"start":{"line":36,"column":28},"end":{"line":36,"column":29}},"loc":{"start":{"line":36,"column":51},"end":{"line":63,"column":1}}},"1":{"name":"(anonymous_2)","decl":{"start":{"line":72,"column":37},"end":{"line":72,"column":42}},"loc":{"start":{"line":72,"column":115},"end":{"line":103,"column":1}}},"2":{"name":"(anonymous_3)","decl":{"start":{"line":113,"column":36},"end":{"line":113,"column":41}},"loc":{"start":{"line":113,"column":93},"end":{"line":159,"column":1}}},"3":{"name":"(anonymous_4)","decl":{"start":{"line":170,"column":38},"end":{"line":170,"column":43}},"loc":{"start":{"line":175,"column":99},"end":{"line":241,"column":1}}},"4":{"name":"(anonymous_5)","decl":{"start":{"line":251,"column":26},"end":{"line":251,"column":31}},"loc":{"start":{"line":255,"column":25},"end":{"line":300,"column":1}}},"5":{"name":"(anonymous_6)","decl":{"start":{"line":307,"column":19},"end":{"line":307,"column":24}},"loc":{"start":{"line":307,"column":68},"end":{"line":334,"column":1}}},"6":{"name":"(anonymous_7)","decl":{"start":{"line":342,"column":23},"end":{"line":342,"column":28}},"loc":{"start":{"line":342,"column":62},"end":{"line":401,"column":1}}},"7":{"name":"(anonymous_8)","decl":{"start":{"line":411,"column":22},"end":{"line":411,"column":27}},"loc":{"start":{"line":411,"column":90},"end":{"line":482,"column":1}}},"8":{"name":"(anonymous_9)","decl":{"start":{"line":460,"column":34},"end":{"line":460,"column":39}},"loc":{"start":{"line":460,"column":73},"end":{"line":474,"column":9}}}},"branchMap":{"0":{"loc":{"start":{"line":46,"column":8},"end":{"line":48,"column":9}},"type":"if","locations":[{"start":{"line":46,"column":8},"end":{"line":48,"column":9}}]},"1":{"loc":{"start":{"line":46,"column":12},"end":{"line":46,"column":85}},"type":"binary-expr","locations":[{"start":{"line":46,"column":12},"end":{"line":46,"column":43}},{"start":{"line":46,"column":47},"end":{"line":46,"column":65}},{"start":{"line":46,"column":69},"end":{"line":46,"column":85}}]},"2":{"loc":{"start":{"line":79,"column":8},"end":{"line":81,"column":9}},"type":"if","locations":[{"start":{"line":79,"column":8},"end":{"line":81,"column":9}}]},"3":{"loc":{"start":{"line":79,"column":12},"end":{"line":79,"column":76}},"type":"binary-expr","locations":[{"start":{"line":79,"column":12},"end":{"line":79,"column":40}},{"start":{"line":79,"column":44},"end":{"line":79,"column":59}},{"start":{"line":79,"column":63},"end":{"line":79,"column":76}}]},"4":{"loc":{"start":{"line":118,"column":4},"end":{"line":129,"column":5}},"type":"if","locations":[{"start":{"line":118,"column":4},"end":{"line":129,"column":5}}]},"5":{"loc":{"start":{"line":137,"column":4},"end":{"line":139,"column":5}},"type":"if","locations":[{"start":{"line":137,"column":4},"end":{"line":139,"column":5}}]},"6":{"loc":{"start":{"line":142,"column":4},"end":{"line":144,"column":5}},"type":"if","locations":[{"start":{"line":142,"column":4},"end":{"line":144,"column":5}}]},"7":{"loc":{"start":{"line":147,"column":4},"end":{"line":149,"column":5}},"type":"if","locations":[{"start":{"line":147,"column":4},"end":{"line":149,"column":5}}]},"8":{"loc":{"start":{"line":153,"column":4},"end":{"line":155,"column":5}},"type":"if","locations":[{"start":{"line":153,"column":4},"end":{"line":155,"column":5}}]},"9":{"loc":{"start":{"line":208,"column":4},"end":{"line":211,"column":5}},"type":"if","locations":[{"start":{"line":208,"column":4},"end":{"line":211,"column":5}}]},"10":{"loc":{"start":{"line":217,"column":4},"end":{"line":220,"column":5}},"type":"if","locations":[{"start":{"line":217,"column":4},"end":{"line":220,"column":5}}]},"11":{"loc":{"start":{"line":222,"column":4},"end":{"line":225,"column":5}},"type":"if","locations":[{"start":{"line":222,"column":4},"end":{"line":225,"column":5}}]},"12":{"loc":{"start":{"line":274,"column":8},"end":{"line":277,"column":9}},"type":"if","locations":[{"start":{"line":274,"column":8},"end":{"line":277,"column":9}}]},"13":{"loc":{"start":{"line":274,"column":12},"end":{"line":274,"column":35}},"type":"binary-expr","locations":[{"start":{"line":274,"column":12},"end":{"line":274,"column":17}},{"start":{"line":274,"column":21},"end":{"line":274,"column":35}}]},"14":{"loc":{"start":{"line":292,"column":8},"end":{"line":295,"column":9}},"type":"if","locations":[{"start":{"line":292,"column":8},"end":{"line":295,"column":9}}]},"15":{"loc":{"start":{"line":292,"column":12},"end":{"line":292,"column":85}},"type":"binary-expr","locations":[{"start":{"line":292,"column":12},"end":{"line":292,"column":37}},{"start":{"line":292,"column":41},"end":{"line":292,"column":85}}]},"16":{"loc":{"start":{"line":325,"column":8},"end":{"line":330,"column":9}},"type":"if","locations":[{"start":{"line":325,"column":8},"end":{"line":330,"column":9}},{"start":{"line":327,"column":15},"end":{"line":330,"column":9}}]},"17":{"loc":{"start":{"line":325,"column":12},"end":{"line":325,"column":85}},"type":"binary-expr","locations":[{"start":{"line":325,"column":12},"end":{"line":325,"column":37}},{"start":{"line":325,"column":41},"end":{"line":325,"column":85}}]},"18":{"loc":{"start":{"line":349,"column":4},"end":{"line":352,"column":5}},"type":"if","locations":[{"start":{"line":349,"column":4},"end":{"line":352,"column":5}}]},"19":{"loc":{"start":{"line":349,"column":8},"end":{"line":349,"column":31}},"type":"binary-expr","locations":[{"start":{"line":349,"column":8},"end":{"line":349,"column":13}},{"start":{"line":349,"column":17},"end":{"line":349,"column":31}}]},"20":{"loc":{"start":{"line":363,"column":8},"end":{"line":365,"column":9}},"type":"if","locations":[{"start":{"line":363,"column":8},"end":{"line":365,"column":9}}]},"21":{"loc":{"start":{"line":363,"column":12},"end":{"line":363,"column":76}},"type":"binary-expr","locations":[{"start":{"line":363,"column":12},"end":{"line":363,"column":40}},{"start":{"line":363,"column":44},"end":{"line":363,"column":59}},{"start":{"line":363,"column":63},"end":{"line":363,"column":76}}]},"22":{"loc":{"start":{"line":394,"column":4},"end":{"line":399,"column":5}},"type":"if","locations":[{"start":{"line":394,"column":4},"end":{"line":399,"column":5}},{"start":{"line":396,"column":11},"end":{"line":399,"column":5}}]},"23":{"loc":{"start":{"line":427,"column":8},"end":{"line":430,"column":9}},"type":"if","locations":[{"start":{"line":427,"column":8},"end":{"line":430,"column":9}}]},"24":{"loc":{"start":{"line":433,"column":4},"end":{"line":436,"column":5}},"type":"if","locations":[{"start":{"line":433,"column":4},"end":{"line":436,"column":5}}]},"25":{"loc":{"start":{"line":443,"column":4},"end":{"line":448,"column":5}},"type":"if","locations":[{"start":{"line":443,"column":4},"end":{"line":448,"column":5}}]},"26":{"loc":{"start":{"line":443,"column":8},"end":{"line":443,"column":31}},"type":"binary-expr","locations":[{"start":{"line":443,"column":8},"end":{"line":443,"column":13}},{"start":{"line":443,"column":17},"end":{"line":443,"column":31}}]}},"s":{"0":22,"1":22,"2":22,"3":22,"4":22,"5":22,"6":22,"7":22,"8":22,"9":22,"10":4,"11":4,"12":4,"13":4,"14":4,"15":0,"16":4,"17":4,"18":4,"19":4,"20":22,"21":4,"22":4,"23":4,"24":4,"25":4,"26":0,"27":4,"28":0,"29":0,"30":0,"31":4,"32":4,"33":4,"34":22,"35":2,"36":2,"37":0,"38":2,"39":2,"40":2,"41":0,"42":2,"43":0,"44":2,"45":0,"46":2,"47":2,"48":0,"49":2,"50":2,"51":22,"52":4,"53":4,"54":4,"55":4,"56":0,"57":0,"58":4,"59":4,"60":4,"61":4,"62":1,"63":1,"64":3,"65":0,"66":0,"67":3,"68":3,"69":3,"70":3,"71":3,"72":22,"73":1,"74":1,"75":1,"76":1,"77":1,"78":1,"79":1,"80":1,"81":1,"82":0,"83":0,"84":1,"85":1,"86":1,"87":1,"88":1,"89":0,"90":0,"91":0,"92":0,"93":0,"94":0,"95":22,"96":1,"97":1,"98":1,"99":1,"100":1,"101":1,"102":1,"103":0,"104":0,"105":0,"106":0,"107":22,"108":2,"109":2,"110":2,"111":2,"112":1,"113":1,"114":1,"115":1,"116":1,"117":1,"118":1,"119":1,"120":1,"121":1,"122":0,"123":1,"124":1,"125":1,"126":1,"127":1,"128":1,"129":1,"130":1,"131":1,"132":0,"133":22,"134":0,"135":0,"136":0,"137":0,"138":0,"139":0,"140":0,"141":0,"142":0,"143":0,"144":0,"145":0,"146":0,"147":0,"148":0,"149":0,"150":0,"151":0,"152":0,"153":0,"154":0,"155":0,"156":0,"157":0,"158":0,"159":0,"160":0,"161":0,"162":0,"163":0,"164":22},"f":{"0":4,"1":4,"2":2,"3":4,"4":1,"5":1,"6":2,"7":0,"8":0},"b":{"0":[4],"1":[4,0,0],"2":[0],"3":[4,4,4],"4":[0],"5":[0],"6":[0],"7":[0],"8":[0],"9":[0],"10":[1],"11":[0],"12":[0],"13":[1,1],"14":[0],"15":[0,0],"16":[0,0],"17":[0,0],"18":[1],"19":[2,1],"20":[1],"21":[1,0,0],"22":[1,0],"23":[0],"24":[0],"25":[0],"26":[0,0]}}
,"C:\\Users\\TestSolutions\\Documents\\newInvepro\\inveprobackend\\src\\modules\\auth\\dto\\forgot-password.dto.ts": {"path":"C:\\Users\\TestSolutions\\Documents\\newInvepro\\inveprobackend\\src\\modules\\auth\\dto\\forgot-password.dto.ts","statementMap":{"0":{"start":{"line":12,"column":0},"end":{"line":12,"column":54}},"1":{"start":{"line":14,"column":0},"end":{"line":14,"column":13}},"2":{"start":{"line":17,"column":2},"end":{"line":17,"column":null}}},"fnMap":{},"branchMap":{},"s":{"0":22,"1":22,"2":22},"f":{},"b":{}}
,"C:\\Users\\TestSolutions\\Documents\\newInvepro\\inveprobackend\\src\\modules\\auth\\dto\\login.dto.ts": {"path":"C:\\Users\\TestSolutions\\Documents\\newInvepro\\inveprobackend\\src\\modules\\auth\\dto\\login.dto.ts","statementMap":{"0":{"start":{"line":2,"column":0},"end":{"line":2,"column":75}},"1":{"start":{"line":4,"column":0},"end":{"line":4,"column":13}},"2":{"start":{"line":7,"column":2},"end":{"line":7,"column":null}},"3":{"start":{"line":12,"column":2},"end":{"line":12,"column":null}}},"fnMap":{},"branchMap":{},"s":{"0":22,"1":22,"2":22,"3":22},"f":{},"b":{}}
,"C:\\Users\\TestSolutions\\Documents\\newInvepro\\inveprobackend\\src\\modules\\auth\\dto\\reset-password.dto.ts": {"path":"C:\\Users\\TestSolutions\\Documents\\newInvepro\\inveprobackend\\src\\modules\\auth\\dto\\reset-password.dto.ts","statementMap":{"0":{"start":{"line":2,"column":0},"end":{"line":2,"column":86}},"1":{"start":{"line":4,"column":0},"end":{"line":4,"column":13}},"2":{"start":{"line":7,"column":2},"end":{"line":7,"column":null}},"3":{"start":{"line":17,"column":2},"end":{"line":17,"column":null}}},"fnMap":{},"branchMap":{},"s":{"0":22,"1":22,"2":22,"3":22},"f":{},"b":{}}
,"C:\\Users\\TestSolutions\\Documents\\newInvepro\\inveprobackend\\src\\modules\\category\\category.controller.ts": {"path":"C:\\Users\\TestSolutions\\Documents\\newInvepro\\inveprobackend\\src\\modules\\category\\category.controller.ts","statementMap":{"0":{"start":{"line":3,"column":0},"end":{"line":3,"column":37}},"1":{"start":{"line":4,"column":0},"end":{"line":4,"column":53}},"2":{"start":{"line":5,"column":0},"end":{"line":5,"column":44}},"3":{"start":{"line":6,"column":0},"end":{"line":6,"column":40}},"4":{"start":{"line":7,"column":0},"end":{"line":7,"column":32}},"5":{"start":{"line":8,"column":0},"end":{"line":8,"column":72}},"6":{"start":{"line":11,"column":23},"end":{"line":16,"column":2}},"7":{"start":{"line":12,"column":21},"end":{"line":12,"column":48}},"8":{"start":{"line":14,"column":21},"end":{"line":14,"column":77}},"9":{"start":{"line":15,"column":4},"end":{"line":15,"column":50}},"10":{"start":{"line":18,"column":22},"end":{"line":56,"column":2}},"11":{"start":{"line":19,"column":21},"end":{"line":19,"column":48}},"12":{"start":{"line":21,"column":25},"end":{"line":21,"column":74}},"13":{"start":{"line":22,"column":20},"end":{"line":22,"column":60}},"14":{"start":{"line":24,"column":27},"end":{"line":24,"column":55}},"15":{"start":{"line":27,"column":46},"end":{"line":27,"column":58}},"16":{"start":{"line":28,"column":4},"end":{"line":33,"column":5}},"17":{"start":{"line":29,"column":8},"end":{"line":29,"column":66}},"18":{"start":{"line":30,"column":11},"end":{"line":33,"column":5}},"19":{"start":{"line":32,"column":8},"end":{"line":32,"column":39}},"20":{"start":{"line":34,"column":4},"end":{"line":36,"column":5}},"21":{"start":{"line":35,"column":9},"end":{"line":35,"column":86}},"22":{"start":{"line":40,"column":63},"end":{"line":40,"column":65}},"23":{"start":{"line":41,"column":5},"end":{"line":48,"column":5}},"24":{"start":{"line":42,"column":30},"end":{"line":42,"column":66}},"25":{"start":{"line":43,"column":8},"end":{"line":47,"column":9}},"26":{"start":{"line":44,"column":12},"end":{"line":46,"column":13}},"27":{"start":{"line":45,"column":16},"end":{"line":45,"column":47}},"28":{"start":{"line":49,"column":4},"end":{"line":49,"column":83}},"29":{"start":{"line":49,"column":51},"end":{"line":49,"column":81}},"30":{"start":{"line":52,"column":19},"end":{"line":52,"column":89}},"31":{"start":{"line":55,"column":4},"end":{"line":55,"column":43}},"32":{"start":{"line":58,"column":20},"end":{"line":63,"column":2}},"33":{"start":{"line":59,"column":21},"end":{"line":59,"column":48}},"34":{"start":{"line":60,"column":21},"end":{"line":60,"column":91}},"35":{"start":{"line":61,"column":4},"end":{"line":61,"column":86}},"36":{"start":{"line":61,"column":21},"end":{"line":61,"column":84}},"37":{"start":{"line":62,"column":4},"end":{"line":62,"column":45}},"38":{"start":{"line":65,"column":23},"end":{"line":70,"column":2}},"39":{"start":{"line":66,"column":21},"end":{"line":66,"column":48}},"40":{"start":{"line":68,"column":21},"end":{"line":68,"column":104}},"41":{"start":{"line":69,"column":4},"end":{"line":69,"column":45}},"42":{"start":{"line":72,"column":23},"end":{"line":76,"column":2}},"43":{"start":{"line":73,"column":21},"end
[...]
{"line":54,"column":76},"end":{"line":54,"column":97}}]},"4":{"loc":{"start":{"line":57,"column":12},"end":{"line":59,"column":13}},"type":"if","locations":[{"start":{"line":57,"column":12},"end":{"line":59,"column":13}}]},"5":{"loc":{"start":{"line":74,"column":141},"end":{"line":74,"column":156}},"type":"binary-expr","locations":[{"start":{"line":74,"column":141},"end":{"line":74,"column":151}},{"start":{"line":74,"column":155},"end":{"line":74,"column":156}}]},"6":{"loc":{"start":{"line":82,"column":4},"end":{"line":145,"column":5}},"type":"if","locations":[{"start":{"line":82,"column":4},"end":{"line":145,"column":5}}]},"7":{"loc":{"start":{"line":83,"column":8},"end":{"line":144,"column":9}},"type":"switch","locations":[{"start":{"line":84,"column":12},"end":{"line":90,"column":22}},{"start":{"line":91,"column":12},"end":{"line":97,"column":22}},{"start":{"line":98,"column":12},"end":{"line":104,"column":22}},{"start":{"line":105,"column":12},"end":{"line":114,"column":22}},{"start":{"line":115,"column":12},"end":{"line":121,"column":23}},{"start":{"line":122,"column":12},"end":{"line":128,"column":22}},{"start":{"line":129,"column":13},"end":{"line":135,"column":23}},{"start":{"line":136,"column":12},"end":{"line":136,"column":25}},{"start":{"line":137,"column":12},"end":{"line":143,"column":22}}]},"8":{"loc":{"start":{"line":112,"column":31},"end":{"line":112,"column":100}},"type":"cond-expr","locations":[{"start":{"line":112,"column":67},"end":{"line":112,"column":81}},{"start":{"line":112,"column":84},"end":{"line":112,"column":100}}]}},"s":{"0":22,"1":22,"2":22,"3":6,"4":6,"5":6,"6":6,"7":6,"8":6,"9":6,"10":6,"11":6,"12":5,"13":5,"14":5,"15":5,"16":0,"17":5,"18":5,"19":5,"20":5,"21":5,"22":5,"23":5,"24":0,"25":0,"26":0,"27":6,"28":1,"29":0,"30":0,"31":0,"32":0,"33":0,"34":0,"35":0,"36":0,"37":0,"38":0,"39":0,"40":0,"41":0,"42":0,"43":0,"44":0,"45":0,"46":0,"47":0,"48":0,"49":0,"50":0,"51":0,"52":0,"53":0,"54":0,"55":0,"56":0,"57":0,"58":0,"59":0,"60":0,"61":0,"62":0,"63":0,"64":0,"65":0,"66":0,"67":0,"68":0,"69":0,"70":0,"71":0,"72":0,"73":1,"74":1,"75":1,"76":1,"77":1,"78":1,"79":6},"f":{"0":6},"b":{"0":[0],"1":[5],"2":[6,5],"3":[5,0],"4":[0],"5":[0,0],"6":[1],"7":[0,0,0,0,0,0,0,1,1],"8":[0,0]}}
,"C:\\Users\\TestSolutions\\Documents\\newInvepro\\inveprobackend\\src\\utils\\email.service.ts": {"path":"C:\\Users\\TestSolutions\\Documents\\newInvepro\\inveprobackend\\src\\utils\\email.service.ts","statementMap":{"0":{"start":{"line":2,"column":0},"end":{"line":2,"column":30}},"1":{"start":{"line":3,"column":0},"end":{"line":3,"column":31}},"2":{"start":{"line":12,"column":18},"end":{"line":54,"column":1}},"3":{"start":{"line":21,"column":2},"end":{"line":21,"column":41}},"4":{"start":{"line":22,"column":2},"end":{"line":22,"column":35}},"5":{"start":{"line":23,"column":2},"end":{"line":23,"column":77}},"6":{"start":{"line":24,"column":2},"end":{"line":24,"column":45}},"7":{"start":{"line":25,"column":2},"end":{"line":25,"column":44}},"8":{"start":{"line":26,"column":2},"end":{"line":28,"column":3}},"9":{"start":{"line":27,"column":6},"end":{"line":27,"column":47}},"10":{"start":{"line":29,"column":2},"end":{"line":29,"column":41}},"11":{"start":{"line":32,"column":2},"end":{"line":32,"column":14}},"12":{"start":{"line":56,"column":13},"end":{"line":58,"column":2}}},"fnMap":{"0":{"name":"(anonymous_1)","decl":{"start":{"line":12,"column":18},"end":{"line":12,"column":23}},"loc":{"start":{"line":12,"column":68},"end":{"line":54,"column":1}}}},"branchMap":{"0":{"loc":{"start":{"line":23,"column":23},"end":{"line":23,"column":73}},"type":"binary-expr","locations":[{"start":{"line":23,"column":23},"end":{"line":23,"column":45}},{"start":{"line":23,"column":49},"end":{"line":23,"column":73}}]},"1":{"loc":{"start":{"line":26,"column":2},"end":{"line":28,"column":3}},"type":"if","locations":[{"start":{"line":26,"column":2},"end":{"line":28,"column":3}}]}},"s":{"0":22,"1":22,"2":22,"3":2,"4":2,"5":2,"6":2,"7":2,"8":2,"9":0,"10":2,"11":2,"12":22},"f":{"0":2},"b":{"0":[2,0],"1":[0]}}
,"C:\\Users\\TestSolutions\\Documents\\newInvepro\\inveprobackend\\src\\utils\\logger.ts": {"path":"C:\\Users\\TestSolutions\\Documents\\newInvepro\\inveprobackend\\src\\utils\\logger.ts","statementMap":{"0":{"start":{"line":2,"column":0},"end":{"line":2,"column":30}},"1":{"start":{"line":7,"column":24},"end":{"line":7,"column":108}},"2":{"start":{"line":9,"column":20},"end":{"line":9,"column":82}},"3":{"start":{"line":10,"column":29},"end":{"line":10,"column":93}},"4":{"start":{"line":15,"column":29},"end":{"line":20,"column":2}},"5":{"start":{"line":16,"column":4},"end":{"line":18,"column":5}},"6":{"start":{"line":17,"column":8},"end":{"line":17,"column":53}},"7":{"start":{"line":19,"column":4},"end":{"line":19,"column":16}},"8":{"start":{"line":23,"column":15},"end":{"line":78,"column":2}},"9":{"start":{"line":31,"column":34},"end":{"line":31,"column":97}},"10":{"start":{"line":32,"column":22},"end":{"line":32,"column":65}},"11":{"start":{"line":34,"column":12},"end":{"line":53,"column":13}},"12":{"start":{"line":35,"column":17},"end":{"line":37,"column":18}},"13":{"start":{"line":36,"column":20},"end":{"line":36,"column":52}},"14":{"start":{"line":38,"column":34},"end":{"line":38,"column":45}},"15":{"start":{"line":39,"column":16},"end":{"line":39,"column":59}},"16":{"start":{"line":39,"column":36},"end":{"line":39,"column":59}},"17":{"start":{"line":41,"column":16},"end":{"line":52,"column":17}},"18":{"start":{"line":43,"column":20},"end":{"line":51,"column":21}},"19":{"start":{"line":44,"column":25},"end":{"line":48,"column":26}},"20":{"start":{"line":45,"column":29},"end":{"line":45,"column":68}},"21":{"start":{"line":47,"column":28},"end":{"line":47,"column":66}},"22":{"start":{"line":50,"column":24},"end":{"line":50,"column":57}},"23":{"start":{"line":54,"column":12},"end":{"line":54,"column":23}},"24":{"start":{"line":65,"column":37},"end":{"line":65,"column":115}},"25":{"start":{"line":66,"column":20},"end":{"line":70,"column":21}},"26":{"start":{"line":67,"column":24},"end":{"line":67,"column":82}},"27":{"start":{"line":68,"column":27},"end":{"line":70,"column":21}},"28":{"start":{"line":69,"column":25},"end":{"line":69,"column":64}},"29":{"start":{"line":71,"column":20},"end":{"line":71,"column":38}},"30":{"start":{"line":87,"column":0},"end":{"line":87,"column":22}}},"fnMap":{"0":{"name":"(anonymous_1)","decl":{"start":{"line":15,"column":44},"end":{"line":15,"column":45}},"loc":{"start":{"line":15,"column":53},"end":{"line":20,"column":1}}},"1":{"name":"(anonymous_2)","decl":{"start":{"line":30,"column":30},"end":{"line":30,"column":31}},"loc":{"start":{"line":30,"column":73},"end":{"line":55,"column":9}}},"2":{"name":"(anonymous_3)","decl":{"start":{"line":64,"column":38},"end":{"line":64,"column":39}},"loc":{"start":{"line":64,"column":70},"end":{"line":72,"column":17}}}},"branchMap":{"0":{"loc":{"start":{"line":7,"column":24},"end":{"line":7,"column":108}},"type":"binary-expr","locations":[{"start":{"line":7,"column":24},"end":{"line":7,"column":45}},{"start":{"line":7,"column":50},"end":{"line":7,"column":107}}]},"1":{"loc":{"start":{"line":7,"column":50},"end":{"line":7,"column":107}},"type":"cond-expr","locations":[{"start":{"line":7,"column":91},"end":{"line":7,"column":98}},{"start":{"line":7,"column":101},"end":{"line":7,"column":107}}]},"2":{"loc":{"start":{"line":10,"column":29},"end":{"line":10,"column":93}},"type":"cond-expr","locations":[{"start":{"line":10,"column":69},"end":{"line":10,"column":84}},{"start":{"line":10,"column":87},"end":{"line":10,"column":93}}]},"3":{"loc":{"start":{"line":16,"column":4},"end":{"line":18,"column":5}},"type":"if","locations":[{"start":{"line":16,"column":4},"end":{"line":18,"column":5}}]},"4":{"loc":{"start":{"line":31,"column":34},"end":{"line":31,"column":97}},"type":"cond-expr","locations":[{"start":{"line":31,"column":64},"end":{"line":31,"column":71}},{"start":{"line":31,"column":74},"end":{"line":31,"column":97}}]},"5":{"loc":{"start":{"line":34,"column":12},"end":{"line":53,"column":13}},"type":"if","locations":[{"start":{"line":34,"column":12},"end":{"line":53,"column":13}}]},"6":{"loc":{"start":{"line":34,"column":16},"end":{"line":34,"column":52}},"type":"binary-expr","locations":[{"start":{"line":34,"column":16},"end":{"line":34,"column":20}},{"start":{"line":34,"column":24},"end":{"line":34,"column":52}}]},"7":{"loc":{"start":{"line":35,"column":17},"end":{"line":37,"column":18}},"type":"if","locations":[{"start":{"line":35,"column":17},"end":{"line":37,"column":18}}]},"8":{"loc":{"start":{"line":35,"column":21},"end":{"line":35,"column":115}},"type":"binary-expr","locations":[{"start":{"line":35,"column":21},"end":{"line":35,"column":51}},{"start":{"line":35,"column":55},"end":{"line":35,"column":82}},{"start":{"line":35,"column":86},"end":{"line":35,"column":115}}]},"9":{"loc":{"start":{"line":39,"column":16},"end":{"line":39,"column":59}},"type":"if","locations":[{"start":{"line":39,"column":16},"end":{"line":39,"column":59}}]},"10":{"loc":{"start":{"line":41,"column":16},"end":{"line":52,"column":17}},"type":"if","locations":[{"start":{"line":41,"column":16},"end":{"line":52,"column":17}}]},"11":{"loc":{"start":{"line":43,"column":20},"end":{"line":51,"column":21}},"type":"if","locations":[{"start":{"line":43,"column":20},"end":{"line":51,"column":21}},{"start":{"line":49,"column":27},"end":{"line":51,"column":21}}]},"12":{"loc":{"start":{"line":43,"column":23},"end":{"line":43,"column":98}},"type":"binary-expr","locations":[{"start":{"line":43,"column":23},"end":{"line":43,"column":61}},{"start":{"line":43,"column":65},"end":{"line":43,"column":98}}]},"13":{"loc":{"start":{"line":61,"column":16},"end":{"line":63,"column":49}},"type":"cond-expr","locations":[{"start":{"line":62,"column":22},"end":{"line":62,"column":47}},{"start":{"line":63,"column":22},"end":{"line":63,"column":49}}]},"14":{"loc":{"start":{"line":65,"column":50},"end":{"line":65,"column":113}},"type":"cond-expr","locations":[{"start":{"line":65,"column":80},"end":{"line":65,"column":87}},{"start":{"line":65,"column":90},"end":{"line":65,"column":113}}]},"15":{"loc":{"start":{"line":66,"column":20},"end":{"line":70,"column":21}},"type":"if","locations":[{"start":{"line":66,"column":20},"end":{"line":70,"column":21}},{"start":{"line":68,"column":27},"end":{"line":70,"column":21}}]},"16":{"loc":{"start":{"line":66,"column":23},"end":{"line":66,"column":117}},"type":"binary-expr","locations":[{"start":{"line":66,"column":23},"end":{"line":66,"column":53}},{"start":{"line":66,"column":57},"end":{"line":66,"column":84}},{"start":{"line":66,"column":88},"end":{"line":66,"column":117}}]},"17":{"loc":{"start":{"line":68,"column":27},"end":{"line":70,"column":21}},"type":"if","locations":[{"start":{"line":68,"column":27},"end":{"line":70,"column":21}}]},"18":{"loc":{"start":{"line":68,"column":31},"end":{"line":68,"column":92}},"type":"binary-expr","locations":[{"start":{"line":68,"column":31},"end":{"line":68,"column":61}},{"start":{"line":68,"column":65},"end":{"line":68,"column":92}}]}},"s":{"0":22,"1":22,"2":22,"3":22,"4":22,"5":530,"6":0,"7":530,"8":22,"9":530,"10":530,"11":530,"12":222,"13":0,"14":222,"15":222,"16":0,"17":222,"18":222,"19":124,"20":124,"21":0,"22":98,"23":530,"24":530,"25":530,"26":0,"27":530,"28":0,"29":530,"30":22},"f":{"0":530,"1":530,"2":530},"b":{"0":[22,0],"1":[0,0],"2":[22,0],"3":[0],"4":[530,0],"5":[222],"6":[530,530],"7":[0],"8":[222,0,0],"9":[0],"10":[222],"11":[124,98],"12":[222,222],"13":[0,22],"14":[530,0],"15":[0,530],"16":[530,0,0],"17":[0],"18":[530,0]}}
,"C:\\Users\\TestSolutions\\Documents\\newInvepro\\inveprobackend\\src\\utils\\pick.ts": {"path":"C:\\Users\\TestSolutions\\Documents\\newInvepro\\inveprobackend\\src\\utils\\pick.ts","statementMap":{"0":{"start":{"line":13,"column":13},"end":{"line":28,"column":3}},"1":{"start":{"line":15,"column":4},"end":{"line":17,"column":5}},"2":{"start":{"line":16,"column":6},"end":{"line":16,"column":30}},"3":{"start":{"line":20,"column":4},"end":{"line":27,"column":25}},"4":{"start":{"line":22,"column":6},"end":{"line":25,"column":7}},"5":{"start":{"line":24,"column":8},"end":{"line":24,"column":31}},"6":{"start":{"line":26,"column":6},"end":{"line":26,"column":17}},"7":{"start":{"line":30,"column":2},"end":{"line":30,"column":22}}},"fnMap":{"0":{"name":"(anonymous_0)","decl":{"start":{"line":13,"column":13},"end":{"line":13,"column":51}},"loc":{"start":{"line":13,"column":106},"end":{"line":28,"column":3}}},"1":{"name":"(anonymous_1)","decl":{"start":{"line":20,"column":23},"end":{"line":20,"column":24}},"loc":{"start":{"line":20,"column":36},"end":{"line":27,"column":5}}}},"branchMap":{"0":{"loc":{"start":{"line":15,"column":4},"end":{"line":17,"column":5}},"type":"if","locations":[{"start":{"line":15,"column":4},"end":{"line":17,"column":5}}]},"1":{"loc":{"start":{"line":15,"column":8},"end":{"line":15,"column":47}},"type":"binary-expr","locations":[{"start":{"line":15,"column":8},"end":{"line":15,"column":23}},{"start":{"line":15,"column":27},"end":{"line":15,"column":47}}]},"2":{"loc":{"start":{"line":22,"column":6},"end":{"line":25,"column":7}},"type":"if","locations":[{"start":{"line":22,"column":6},"end":{"line":25,"column":7}}]}},"s":{"0":22,"1":76,"2":0,"3":76,"4":453,"5":48,"6":453,"7":22},"f":{"0":76,"1":453},"b":{"0":[0],"1":[76,76],"2":[48]}}
,"C:\\Users\\TestSolutions\\Documents\\newInvepro\\inveprobackend\\src\\utils\\token.utils.ts": {"path":"C:\\Users\\TestSolutions\\Documents\\newInvepro\\inveprobackend\\src\\utils\\token.utils.ts","statementMap":{"0":{"start":{"line":2,"column":0},"end":{"line":2,"column":28}},"1":{"start":{"line":3,"column":0},"end":{"line":3,"column":30}},"2":{"start":{"line":10,"column":35},"end":{"line":12,"column":1}},"3":{"start":{"line":11,"column":2},"end":{"line":11,"column":52}},"4":{"start":{"line":10,"column":13},"end":{"line":10,"column":35}},"5":{"start":{"line":19,"column":25},"end":{"line":23,"column":1}},"6":{"start":{"line":21,"column":21},"end":{"line":21,"column":23}},"7":{"start":{"line":22,"column":2},"end":{"line":22,"column":40}},"8":{"start":{"line":19,"column":13},"end":{"line":19,"column":25}},"9":{"start":{"line":31,"column":28},"end":{"line":33,"column":1}},"10":{"start":{"line":32,"column":2},"end":{"line":32,"column":37}},"11":{"start":{"line":31,"column":13},"end":{"line":31,"column":28}}},"fnMap":{"0":{"name":"(anonymous_1)","decl":{"start":{"line":10,"column":35},"end":{"line":10,"column":36}},"loc":{"start":{"line":10,"column":59},"end":{"line":12,"column":1}}},"1":{"name":"(anonymous_2)","decl":{"start":{"line":19,"column":25},"end":{"line":19,"column":30}},"loc":{"start":{"line":19,"column":66},"end":{"line":23,"column":1}}},"2":{"name":"(anonymous_3)","decl":{"start":{"line":31,"column":28},"end":{"line":31,"column":33}},"loc":{"start":{"line":31,"column":84},"end":{"line":33,"column":1}}}},"branchMap":{"0":{"loc":{"start":{"line":10,"column":36},"end":{"line":10,"column":47}},"type":"default-arg","locations":[{"start":{"line":10,"column":45},"end":{"line":10,"column":47}}]}},"s":{"0":22,"1":22,"2":22,"3":5,"4":22,"5":22,"6":5,"7":5,"8":22,"9":22,"10":2,"11":22},"f":{"0":5,"1":5,"2":2},"b":{"0":[1]}}
,"C:\\Users\\TestSolutions\\Documents\\newInvepro\\inveprobackend\\tests\\utils\\test-utils.ts": {"path":"C:\\Users\\TestSolutions\\Documents\\newInvepro\\inveprobackend\\tests\\utils\\test-utils.ts","statementMap":{"0":{"start":{"line":1,"column":0},"end":{"line":1,"column":42}},"1":{"start":{"line":2,"column":0},"end":{"line":2,"column":31}},"2":{"start":{"line":3,"column":0},"end":{"line":3,"column":30}},"3":{"start":{"line":4,"column":0},"end":{"line":4,"column":39}},"4":{"start":{"line":6,"column":32},"end":{"line":14,"column":1}},"5":{"start":{"line":7,"column":4},"end":{"line":13,"column":7}},"6":{"start":{"line":6,"column":13},"end":{"line":6,"column":32}},"7":{"start":{"line":16,"column":30},"end":{"line":35,"column":1}},"8":{"start":{"line":17,"column":25},"end":{"line":17,"column":80}},"9":{"start":{"line":18,"column":17},"end":{"line":27,"column":6}},"10":{"start":{"line":29,"column":4},"end":{"line":33,"column":5}},"11":{"start":{"line":30,"column":8},"end":{"line":32,"column":11}},"12":{"start":{"line":34,"column":4},"end":{"line":34,"column":16}},"13":{"start":{"line":16,"column":13},"end":{"line":16,"column":30}},"14":{"start":{"line":37,"column":31},"end":{"line":39,"column":1}},"15":{"start":{"line":38,"column":4},"end":{"line":38,"column":79}},"16":{"start":{"line":37,"column":13},"end":{"line":37,"column":31}},"17":{"start":{"line":41,"column":34},"end":{"line":50,"column":1}},"18":{"start":{"line":42,"column":4},"end":{"line":49,"column":7}},"19":{"start":{"line":41,"column":13},"end":{"line":41,"column":34}},"20":{"start":{"line":52,"column":33},"end":{"line":65,"column":1}},"21":{"start":{"line":53,"column":4},"end":{"line":64,"column":7}},"22":{"start":{"line":52,"column":13},"end":{"line":52,"column":33}}},"fnMap":{"0":{"name":"(anonymous_1)","decl":{"start":{"line":6,"column":32},"end":{"line":6,"column":37}},"loc":{"start":{"line":6,"column":57},"end":{"line":14,"column":1}}},"1":{"name":"(anonymous_2)","decl":{"start":{"line":16,"column":30},"end":{"line":16,"column":35}},"loc":{"start":{"line":16,"column":78},"end":{"line":35,"column":1}}},"2":{"name":"(anonymous_3)","decl":{"start":{"line":37,"column":31},"end":{"line":37,"column":32}},"loc":{"start":{"line":37,"column":68},"end":{"line":39,"column":1}}},"3":{"name":"(anonymous_4)","decl":{"start":{"line":41,"column":34},"end":{"line":41,"column":39}},"loc":{"start":{"line":41,"column":77},"end":{"line":50,"column":1}}},"4":{"name":"(anonymous_5)","decl":{"start":{"line":52,"column":33},"end":{"line":52,"column":38}},"loc":{"start":{"line":52,"column":76},"end":{"line":65,"column":1}}}},"branchMap":{"0":{"loc":{"start":{"line":6,"column":39},"end":{"line":6,"column":53}},"type":"default-arg","locations":[{"start":{"line":6,"column":51},"end":{"line":6,"column":53}}]},"1":{"loc":{"start":{"line":16,"column":55},"end":{"line":16,"column":74}},"type":"default-arg","locations":[{"start":{"line":16,"column":72},"end":{"line":16,"column":74}}]},"2":{"loc":{"start":{"line":17,"column":41},"end":{"line":17,"column":76}},"type":"binary-expr","locations":[{"start":{"line":17,"column":41},"end":{"line":17,"column":59}},{"start":{"line":17,"column":63},"end":{"line":17,"column":76}}]},"3":{"loc":{"start":{"line":20,"column":19},"end":{"line":20,"column":70}},"type":"binary-expr","locations":[{"start":{"line":20,"column":19},"end":{"line":20,"column":34}},{"start":{"line":20,"column":38},"end":{"line":20,"column":70}}]},"4":{"loc":{"start":{"line":23,"column":23},"end":{"line":23,"column":52}},"type":"binary-expr","locations":[{"start":{"line":23,"column":23},"end":{"line":23,"column":42}},{"start":{"line":23,"column":46},"end":{"line":23,"column":52}}]},"5":{"loc":{"start":{"line":24,"column":22},"end":{"line":24,"column":50}},"type":"binary-expr","locations":[{"start":{"line":24,"column":22},"end":{"line":24,"column":40}},{"start":{"line":24,"column":44},"end":{"line":24,"column":50}}]},"6":{"loc":{"start":{"line":29,"column":4},"end":{"line":33,"column":5}},"type":"if","locations":[{"start":{"line":29,"column":4},"end":{"line":33,"column":5}}]},"7":{"loc":{"start":{"line":41,"column":59},"end":{"line":41,"column":73}},"type":"default-arg","locations":[{"start":{"line":41,"column":71},"end":{"line":41,"column":73}}]},"8":{"loc":{"start":{"line":52,"column":58},"end":{"line":52,"column":72}},"type":"default-arg","locations":[{"start":{"line":52,"column":70},"end":{"line":52,"column":72}}]}},"s":{"0":3,"1":3,"2":3,"3":3,"4":3,"5":3,"6":3,"7":3,"8":10,"9":10,"10":10,"11":10,"12":10,"13":3,"14":3,"15":9,"16":3,"17":3,"18":6,"19":3,"20":3,"21":2,"22":3},"f":{"0":3,"1":10,"2":9,"3":6,"4":2},"b":{"0":[3],"1":[0],"2":[10,10],"3":[10,0],"4":[10,10],"5":[10,10],"6":[10],"7":[0],"8":[2]}}
}
