{"C:\\Users\\TestSolutions\\Documents\\newInvepro\\inveprobackend\\src\\app.ts": {"path":"C:\\Users\\TestSolutions\\Documents\\newInvepro\\inveprobackend\\src\\app.ts","statementMap":{"0":{"start":{"line":2,"column":0},"end":{"line":2,"column":26}},"1":{"start":{"line":3,"column":0},"end":{"line":3,"column":76}},"2":{"start":{"line":4,"column":0},"end":{"line":4,"column":24}},"3":{"start":{"line":5,"column":0},"end":{"line":5,"column":28}},"4":{"start":{"line":6,"column":0},"end":{"line":6,"column":28}},"5":{"start":{"line":7,"column":0},"end":{"line":7,"column":37}},"6":{"start":{"line":8,"column":0},"end":{"line":8,"column":31}},"7":{"start":{"line":9,"column":0},"end":{"line":9,"column":77}},"8":{"start":{"line":10,"column":0},"end":{"line":10,"column":40}},"9":{"start":{"line":11,"column":0},"end":{"line":11,"column":36}},"10":{"start":{"line":15,"column":0},"end":{"line":15,"column":52}},"11":{"start":{"line":16,"column":0},"end":{"line":16,"column":53}},"12":{"start":{"line":17,"column":0},"end":{"line":17,"column":62}},"13":{"start":{"line":18,"column":0},"end":{"line":18,"column":67}},"14":{"start":{"line":19,"column":0},"end":{"line":19,"column":56}},"15":{"start":{"line":20,"column":0},"end":{"line":20,"column":49}},"16":{"start":{"line":21,"column":0},"end":{"line":21,"column":64}},"17":{"start":{"line":22,"column":0},"end":{"line":22,"column":81}},"18":{"start":{"line":23,"column":0},"end":{"line":23,"column":65}},"19":{"start":{"line":24,"column":0},"end":{"line":24,"column":64}},"20":{"start":{"line":25,"column":0},"end":{"line":25,"column":64}},"21":{"start":{"line":26,"column":0},"end":{"line":26,"column":71}},"22":{"start":{"line":27,"column":0},"end":{"line":27,"column":53}},"23":{"start":{"line":28,"column":0},"end":{"line":28,"column":60}},"24":{"start":{"line":29,"column":0},"end":{"line":29,"column":81}},"25":{"start":{"line":30,"column":0},"end":{"line":30,"column":59}},"26":{"start":{"line":31,"column":0},"end":{"line":31,"column":73}},"27":{"start":{"line":32,"column":0},"end":{"line":32,"column":60}},"28":{"start":{"line":35,"column":21},"end":{"line":35,"column":30}},"29":{"start":{"line":39,"column":0},"end":{"line":39,"column":26}},"30":{"start":{"line":40,"column":0},"end":{"line":40,"column":18}},"31":{"start":{"line":44,"column":0},"end":{"line":49,"column":4}},"32":{"start":{"line":51,"column":0},"end":{"line":51,"column":25}},"33":{"start":{"line":55,"column":0},"end":{"line":55,"column":41}},"34":{"start":{"line":58,"column":0},"end":{"line":58,"column":63}},"35":{"start":{"line":63,"column":21},"end":{"line":63,"column":69}},"36":{"start":{"line":64,"column":0},"end":{"line":67,"column":4}},"37":{"start":{"line":65,"column":34},"end":{"line":65,"column":61}},"38":{"start":{"line":66,"column":24},"end":{"line":66,"column":47}},"39":{"start":{"line":72,"column":0},"end":{"line":75,"column":3}},"40":{"start":{"line":74,"column":4},"end":{"line":74,"column":90}},"41":{"start":{"line":78,"column":0},"end":{"line":80,"column":3}},"42":{"start":{"line":79,"column":4},"end":{"line":79,"column":77}},"43":{"start":{"line":84,"column":18},"end":{"line":84,"column":34}},"44":{"start":{"line":86,"column":0},"end":{"line":86,"column":35}},"45":{"start":{"line":87,"column":0},"end":{"line":87,"column":36}},"46":{"start":{"line":88,"column":0},"end":{"line":88,"column":42}},"47":{"start":{"line":89,"column":0},"end":{"line":89,"column":45}},"48":{"start":{"line":90,"column":0},"end":{"line":90,"column":38}},"49":{"start":{"line":91,"column":0},"end":{"line":91,"column":33}},"50":{"start":{"line":92,"column":0},"end":{"line":92,"column":44}},"51":{"start":{"line":93,"column":0},"end":{"line":93,"column":44}},"52":{"start":{"line":95,"column":0},"end":{"line":95,"column":44}},"53":{"start":{"line":96,"column":0},"end":{"line":96,"column":45}},"54":{"start":{"line":97,"column":0},"end":{"line":97,"column":54}},"55":{"start":{"line":98,"column":0},"end":{"line":98,"column":55}},"56":{"start":{"line":99,"column":0},"end":{"line":99,"column":48}},"57":{"start":{"line":100,"column":0},"end":{"line":100,"column":36}},"58":{"start":{"line":101,"column":0},"end":{"line":101,"column":41}},"59":{"start":{"line":102,"column":0},"end":{"line":102,"column":40}},"60":{"start":{"line":103,"column":0},"end":{"line":103,"column":49}},"61":{"start":{"line":104,"column":0},"end":{"line":104,"column":40}},"62":{"start":{"line":106,"column":0},"end":{"line":106,"column":30}},"63":{"start":{"line":111,"column":0},"end":{"line":113,"column":3}},"64":{"start":{"line":112,"column":2},"end":{"line":112,"column":77}},"65":{"start":{"line":117,"column":0},"end":{"line":117,"column":24}},"66":{"start":{"line":120,"column":0},"end":{"line":120,"column":22}},"67":{"start":{"line":122,"column":0},"end":{"line":122,"column":19}}},"fnMap":{"0":{"name":"(anonymous_1)","decl":{"start":{"line":65,"column":21},"end":{"line":65,"column":22}},"loc":{"start":{"line":65,"column":34},"end":{"line":65,"column":61}}},"1":{"name":"(anonymous_2)","decl":{"start":{"line":66,"column":10},"end":{"line":66,"column":11}},"loc":{"start":{"line":66,"column":24},"end":{"line":66,"column":47}}},"2":{"name":"(anonymous_3)","decl":{"start":{"line":72,"column":19},"end":{"line":72,"column":20}},"loc":{"start":{"line":72,"column":51},"end":{"line":75,"column":1}}},"3":{"name":"(anonymous_4)","decl":{"start":{"line":78,"column":13},"end":{"line":78,"column":14}},"loc":{"start":{"line":78,"column":45},"end":{"line":80,"column":1}}},"4":{"name":"(anonymous_5)","decl":{"start":{"line":111,"column":8},"end":{"line":111,"column":9}},"loc":{"start":{"line":111,"column":60},"end":{"line":113,"column":1}}}},"branchMap":{"0":{"loc":{"start":{"line":45,"column":12},"end":{"line":45,"column":70}},"type":"cond-expr","locations":[{"start":{"line":45,"column":38},"end":{"line":45,"column":41}},{"start":{"line":45,"column":44},"end":{"line":45,"column":70}}]},"1":{"loc":{"start":{"line":63,"column":21},"end":{"line":63,"column":69}},"type":"cond-expr","locations":[{"start":{"line":63,"column":54},"end":{"line":63,"column":59}},{"start":{"line":63,"column":62},"end":{"line":63,"column":69}}]}},"s":{"0":1,"1":1,"2":1,"3":1,"4":1,"5":1,"6":1,"7":1,"8":1,"9":1,"10":1,"11":1,"12":1,"13":1,"14":1,"15":1,"16":1,"17":1,"18":1,"19":1,"20":1,"21":1,"22":1,"23":1,"24":1,"25":1,"26":1,"27":1,"28":1,"29":1,"30":1,"31":1,"32":1,"33":1,"34":1,"35":1,"36":1,"37":0,"38":7,"39":1,"40":0,"41":1,"42":0,"43":1,"44":1,"45":1,"46":1,"47":1,"48":1,"49":1,"50":1,"51":1,"52":1,"53":1,"54":1,"55":1,"56":1,"57":1,"58":1,"59":1,"60":1,"61":1,"62":1,"63":1,"64":0,"65":1,"66":1,"67":1},"f":{"0":0,"1":7,"2":0,"3":0,"4":0},"b":{"0":[1,0],"1":[0,1]}}
,"C:\\Users\\TestSolutions\\Documents\\newInvepro\\inveprobackend\\src\\config\\environment.ts": {"path":"C:\\Users\\TestSolutions\\Documents\\newInvepro\\inveprobackend\\src\\config\\environment.ts","statementMap":{"0":{"start":{"line":1,"column":0},"end":{"line":1,"column":28}},"1":{"start":{"line":2,"column":0},"end":{"line":2,"column":24}},"2":{"start":{"line":3,"column":0},"end":{"line":3,"column":24}},"3":{"start":{"line":7,"column":16},"end":{"line":7,"column":70}},"4":{"start":{"line":8,"column":16},"end":{"line":8,"column":52}},"5":{"start":{"line":11,"column":22},"end":{"line":11,"column":54}},"6":{"start":{"line":13,"column":0},"end":{"line":21,"column":1}},"7":{"start":{"line":14,"column":2},"end":{"line":17,"column":3}},"8":{"start":{"line":16,"column":4},"end":{"line":16,"column":102}},"9":{"start":{"line":18,"column":2},"end":{"line":20,"column":3}},"10":{"start":{"line":19,"column":4},"end":{"line":19,"column":86}},"11":{"start":{"line":24,"column":18},"end":{"line":44,"column":2}},"12":{"start":{"line":47,"column":18},"end":{"line":47,"column":50}},"13":{"start":{"line":49,"column":0},"end":{"line":56,"column":1}},"14":{"start":{"line":51,"column":2},"end":{"line":51,"column":58}},"15":{"start":{"line":52,"column":2},"end":{"line":54,"column":5}},"16":{"start":{"line":53,"column":4},"end":{"line":53,"column":63}},"17":{"start":{"line":55,"column":2},"end":{"line":55,"column":18}},"18":{"start":{"line":59,"column":13},"end":{"line":59,"column":34}}},"fnMap":{"0":{"name":"(anonymous_1)","decl":{"start":{"line":52,"column":33},"end":{"line":52,"column":34}},"loc":{"start":{"line":52,"column":41},"end":{"line":54,"column":3}}}},"branchMap":{"0":{"loc":{"start":{"line":7,"column":16},"end":{"line":7,"column":70}},"type":"cond-expr","locations":[{"start":{"line":7,"column":50},"end":{"line":7,"column":61}},{"start":{"line":7,"column":64},"end":{"line":7,"column":70}}]},"1":{"loc":{"start":{"line":13,"column":0},"end":{"line":21,"column":1}},"type":"if","locations":[{"start":{"line":13,"column":0},"end":{"line":21,"column":1}}]},"2":{"loc":{"start":{"line":14,"column":2},"end":{"line":17,"column":3}},"type":"if","locations":[{"start":{"line":14,"column":2},"end":{"line":17,"column":3}}]},"3":{"loc":{"start":{"line":14,"column":6},"end":{"line":14,"column":78}},"type":"binary-expr","locations":[{"start":{"line":14,"column":6},"end":{"line":14,"column":43}},{"start":{"line":14,"column":47},"end":{"line":14,"column":78}}]},"4":{"loc":{"start":{"line":18,"column":2},"end":{"line":20,"column":3}},"type":"if","locations":[{"start":{"line":18,"column":2},"end":{"line":20,"column":3}}]},"5":{"loc":{"start":{"line":49,"column":0},"end":{"line":56,"column":1}},"type":"if","locations":[{"start":{"line":49,"column":0},"end":{"line":56,"column":1}}]}},"s":{"0":1,"1":1,"2":1,"3":1,"4":1,"5":1,"6":1,"7":1,"8":0,"9":1,"10":0,"11":1,"12":1,"13":1,"14":0,"15":0,"16":0,"17":0,"18":1},"f":{"0":0},"b":{"0":[1,0],"1":[1],"2":[0],"3":[1,1],"4":[0],"5":[0]}}
,"C:\\Users\\TestSolutions\\Documents\\newInvepro\\inveprobackend\\src\\config\\index.ts": {"path":"C:\\Users\\TestSolutions\\Documents\\newInvepro\\inveprobackend\\src\\config\\index.ts","statementMap":{"0":{"start":{"line":4,"column":0},"end":{"line":4,"column":30}},"1":{"start":{"line":7,"column":0},"end":{"line":7,"column":9}},"2":{"start":{"line":7,"column":9},"end":{"line":7,"column":26}},"3":{"start":{"line":10,"column":0},"end":{"line":10,"column":9}},"4":{"start":{"line":10,"column":9},"end":{"line":10,"column":31}}},"fnMap":{"0":{"name":"(anonymous_5)","decl":{"start":{"line":7,"column":9},"end":{"line":7,"column":16}},"loc":{"start":{"line":7,"column":9},"end":{"line":7,"column":26}}},"1":{"name":"(anonymous_6)","decl":{"start":{"line":10,"column":9},"end":{"line":10,"column":16}},"loc":{"start":{"line":10,"column":9},"end":{"line":10,"column":31}}}},"branchMap":{},"s":{"0":1,"1":1,"2":47,"3":1,"4":1},"f":{"0":46,"1":0},"b":{}}
,"C:\\Users\\TestSolutions\\Documents\\newInvepro\\inveprobackend\\src\\config\\prisma.ts": {"path":"C:\\Users\\TestSolutions\\Documents\\newInvepro\\inveprobackend\\src\\config\\prisma.ts","statementMap":{"0":{"start":{"line":2,"column":0},"end":{"line":2,"column":54}},"1":{"start":{"line":3,"column":0},"end":{"line":3,"column":36}},"2":{"start":{"line":4,"column":0},"end":{"line":4,"column":36}},"3":{"start":{"line":8,"column":2},"end":{"line":18,"column":6}},"4":{"start":{"line":28,"column":2},"end":{"line":31,"column":4}},"5":{"start":{"line":34,"column":0},"end":{"line":50,"column":1}},"6":{"start":{"line":37,"column":4},"end":{"line":44,"column":5}},"7":{"start":{"line":41,"column":4},"end":{"line":41,"column":45}},"8":{"start":{"line":42,"column":4},"end":{"line":42,"column":40}},"9":{"start":{"line":43,"column":4},"end":{"line":43,"column":46}},"10":{"start":{"line":47,"column":2},"end":{"line":49,"column":3}},"11":{"start":{"line":48,"column":4},"end":{"line":48,"column":31}},"12":{"start":{"line":53,"column":2},"end":{"line":60,"column":3}},"13":{"start":{"line":54,"column":4},"end":{"line":54,"column":28}},"14":{"start":{"line":55,"column":4},"end":{"line":55,"column":53}},"15":{"start":{"line":56,"column":4},"end":{"line":56,"column":31}},"16":{"start":{"line":58,"column":4},"end":{"line":58,"column":57}},"17":{"start":{"line":59,"column":4},"end":{"line":59,"column":20}},"18":{"start":{"line":63,"column":0},"end":{"line":63,"column":19}},"19":{"start":{"line":65,"column":0},"end":{"line":65,"column":22}}},"fnMap":{"0":{"name":"(anonymous_1)","decl":{"start":{"line":40,"column":17},"end":{"line":40,"column":18}},"loc":{"start":{"line":40,"column":23},"end":{"line":44,"column":3}}},"1":{"name":"testDbConnection","decl":{"start":{"line":52,"column":15},"end":{"line":52,"column":31}},"loc":{"start":{"line":52,"column":31},"end":{"line":61,"column":1}}}},"branchMap":{"0":{"loc":{"start":{"line":8,"column":2},"end":{"line":18,"column":6}},"type":"cond-expr","locations":[{"start":{"line":9,"column":6},"end":{"line":14,"column":null}},{"start":{"line":15,"column":6},"end":{"line":18,"column":6}}]},"1":{"loc":{"start":{"line":28,"column":2},"end":{"line":31,"column":4}},"type":"binary-expr","locations":[{"start":{"line":28,"column":2},"end":{"line":28,"column":19}},{"start":{"line":29,"column":2},"end":{"line":31,"column":4}}]},"2":{"loc":{"start":{"line":34,"column":0},"end":{"line":50,"column":1}},"type":"if","locations":[{"start":{"line":34,"column":0},"end":{"line":50,"column":1}}]},"3":{"loc":{"start":{"line":47,"column":2},"end":{"line":49,"column":3}},"type":"if","locations":[{"start":{"line":47,"column":2},"end":{"line":49,"column":3}}]}},"s":{"0":1,"1":1,"2":1,"3":1,"4":1,"5":1,"6":0,"7":0,"8":0,"9":0,"10":0,"11":0,"12":1,"13":1,"14":1,"15":1,"16":0,"17":0,"18":1,"19":1},"f":{"0":0,"1":1},"b":{"0":[0,1],"1":[1,1],"2":[0],"3":[0]}}
,"C:\\Users\\TestSolutions\\Documents\\newInvepro\\inveprobackend\\src\\config\\redis.ts": {"path":"C:\\Users\\TestSolutions\\Documents\\newInvepro\\inveprobackend\\src\\config\\redis.ts","statementMap":{"0":{"start":{"line":1,"column":0},"end":{"line":1,"column":46}},"1":{"start":{"line":2,"column":0},"end":{"line":2,"column":36}},"2":{"start":{"line":3,"column":0},"end":{"line":3,"column":36}},"3":{"start":{"line":6,"column":35},"end":{"line":25,"column":2}},"4":{"start":{"line":34,"column":20},"end":{"line":34,"column":84}},"5":{"start":{"line":37,"column":0},"end":{"line":39,"column":3}},"6":{"start":{"line":38,"column":2},"end":{"line":38,"column":47}},"7":{"start":{"line":41,"column":0},"end":{"line":43,"column":3}},"8":{"start":{"line":42,"column":4},"end":{"line":42,"column":39}},"9":{"start":{"line":45,"column":0},"end":{"line":49,"column":3}},"10":{"start":{"line":48,"column":2},"end":{"line":48,"column":49}},"11":{"start":{"line":51,"column":0},"end":{"line":53,"column":3}},"12":{"start":{"line":52,"column":4},"end":{"line":52,"column":52}},"13":{"start":{"line":55,"column":0},"end":{"line":57,"column":3}},"14":{"start":{"line":56,"column":4},"end":{"line":56,"column":44}},"15":{"start":{"line":59,"column":0},"end":{"line":61,"column":3}},"16":{"start":{"line":60,"column":4},"end":{"line":60,"column":84}},"17":{"start":{"line":65,"column":2},"end":{"line":76,"column":3}},"18":{"start":{"line":66,"column":17},"end":{"line":66,"column":41}},"19":{"start":{"line":67,"column":4},"end":{"line":71,"column":5}},"20":{"start":{"line":68,"column":6},"end":{"line":68,"column":64}},"21":{"start":{"line":70,"column":6},"end":{"line":70,"column":56}},"22":{"start":{"line":73,"column":4},"end":{"line":73,"column":54}},"23":{"start":{"line":80,"column":0},"end":{"line":80,"column":22}},"24":{"start":{"line":83,"column":0},"end":{"line":85,"column":1}},"25":{"start":{"line":84,"column":4},"end":{"line":84,"column":41}},"26":{"start":{"line":87,"column":0},"end":{"line":87,"column":27}}},"fnMap":{"0":{"name":"(anonymous_1)","decl":{"start":{"line":37,"column":26},"end":{"line":37,"column":29}},"loc":{"start":{"line":37,"column":31},"end":{"line":39,"column":1}}},"1":{"name":"(anonymous_2)","decl":{"start":{"line":41,"column":24},"end":{"line":41,"column":27}},"loc":{"start":{"line":41,"column":29},"end":{"line":43,"column":1}}},"2":{"name":"(anonymous_3)","decl":{"start":{"line":45,"column":24},"end":{"line":45,"column":25}},"loc":{"start":{"line":45,"column":41},"end":{"line":49,"column":1}}},"3":{"name":"(anonymous_4)","decl":{"start":{"line":51,"column":31},"end":{"line":51,"column":32}},"loc":{"start":{"line":51,"column":49},"end":{"line":53,"column":1}}},"4":{"name":"(anonymous_5)","decl":{"start":{"line":55,"column":24},"end":{"line":55,"column":27}},"loc":{"start":{"line":55,"column":29},"end":{"line":57,"column":1}}},"5":{"name":"(anonymous_6)","decl":{"start":{"line":59,"column":22},"end":{"line":59,"column":25}},"loc":{"start":{"line":59,"column":27},"end":{"line":61,"column":1}}},"6":{"name":"testRedisConnection","decl":{"start":{"line":64,"column":15},"end":{"line":64,"column":34}},"loc":{"start":{"line":64,"column":34},"end":{"line":77,"column":1}}}},"branchMap":{"0":{"loc":{"start":{"line":34,"column":20},"end":{"line":34,"column":84}},"type":"binary-expr","locations":[{"start":{"line":34,"column":20},"end":{"line":34,"column":42}},{"start":{"line":34,"column":46},"end":{"line":34,"column":84}}]},"1":{"loc":{"start":{"line":67,"column":4},"end":{"line":71,"column":5}},"type":"if","locations":[{"start":{"line":67,"column":4},"end":{"line":71,"column":5}},{"start":{"line":69,"column":11},"end":{"line":71,"column":5}}]},"2":{"loc":{"start":{"line":83,"column":0},"end":{"line":85,"column":1}},"type":"if","locations":[{"start":{"line":83,"column":0},"end":{"line":85,"column":1}}]}},"s":{"0":1,"1":1,"2":1,"3":1,"4":1,"5":1,"6":1,"7":1,"8":1,"9":1,"10":0,"11":1,"12":0,"13":1,"14":0,"15":1,"16":0,"17":1,"18":1,"19":1,"20":1,"21":0,"22":0,"23":1,"24":1,"25":0,"26":1},"f":{"0":1,"1":1,"2":0,"3":0,"4":0,"5":0,"6":1},"b":{"0":[1,1],"1":[1,0],"2":[0]}}
,"C:\\Users\\TestSolutions\\Documents\\newInvepro\\inveprobackend\\src\\middleware\\auth.middleware.ts": {"path":"C:\\Users\\TestSolutions\\Documents\\newInvepro\\inveprobackend\\src\\middleware\\auth.middleware.ts","statementMap":{"0":{"start":{"line":2,"column":0},"end":{"line":2,"column":47}},"1":{"start":{"line":3,"column":0},"end":{"line":3,"column":37}},"2":{"start":{"line":4,"column":0},"end":{"line":4,"column":39}},"3":{"start":{"line":5,"column":0},"end":{"line":5,"column":40}},"4":{"start":{"line":6,"column":0},"end":{"line":6,"column":36}},"5":{"start":{"line":38,"column":30},"end":{"line":115,"column":1}},"6":{"start":{"line":39,"column":23},"end":{"line":39,"column":48}},"7":{"start":{"line":41,"column":4},"end":{"line":43,"column":5}},"8":{"start":{"line":42,"column":8},"end":{"line":42,"column":92}},"9":{"start":{"line":45,"column":18},"end":{"line":45,"column":42}},"10":{"start":{"line":47,"column":4},"end":{"line":114,"column":5}},"11":{"start":{"line":49,"column":24},"end":{"line":49,"column":72}},"12":{"start":{"line":53,"column":30},"end":{"line":75,"column":10}},"13":{"start":{"line":77,"column":8},"end":{"line":80,"column":9}},"14":{"start":{"line":78,"column":12},"end":{"line":78,"column":148}},"15":{"start":{"line":79,"column":12},"end":{"line":79,"column":93}},"16":{"start":{"line":83,"column":37},"end":{"line":83,"column":54}},"17":{"start":{"line":84,"column":8},"end":{"line":88,"column":11}},"18":{"start":{"line":85,"column":12},"end":{"line":87,"column":15}},"19":{"start":{"line":86,"column":16},"end":{"line":86,"column":82}},"20":{"start":{"line":92,"column":8},"end":{"line":96,"column":31}},"21":{"start":{"line":94,"column":49},"end":{"line":94,"column":56}},"22":{"start":{"line":98,"column":8},"end":{"line":98,"column":40}},"23":{"start":{"line":100,"column":8},"end":{"line":100,"column":85}},"24":{"start":{"line":101,"column":8},"end":{"line":101,"column":15}},"25":{"start":{"line":104,"column":8},"end":{"line":106,"column":9}},"26":{"start":{"line":105,"column":12},"end":{"line":105,"column":80}},"27":{"start":{"line":107,"column":8},"end":{"line":110,"column":9}},"28":{"start":{"line":108,"column":12},"end":{"line":108,"column":67}},"29":{"start":{"line":109,"column":12},"end":{"line":109,"column":80}},"30":{"start":{"line":112,"column":8},"end":{"line":112,"column":53}},"31":{"start":{"line":113,"column":8},"end":{"line":113,"column":84}},"32":{"start":{"line":38,"column":13},"end":{"line":38,"column":30}}},"fnMap":{"0":{"name":"(anonymous_1)","decl":{"start":{"line":38,"column":30},"end":{"line":38,"column":35}},"loc":{"start":{"line":38,"column":103},"end":{"line":115,"column":1}}},"1":{"name":"(anonymous_2)","decl":{"start":{"line":84,"column":36},"end":{"line":84,"column":44}},"loc":{"start":{"line":84,"column":47},"end":{"line":88,"column":9}}},"2":{"name":"(anonymous_3)","decl":{"start":{"line":85,"column":46},"end":{"line":85,"column":60}},"loc":{"start":{"line":85,"column":63},"end":{"line":87,"column":13}}},"3":{"name":"(anonymous_4)","decl":{"start":{"line":94,"column":43},"end":{"line":94,"column":45}},"loc":{"start":{"line":94,"column":49},"end":{"line":94,"column":56}}}},"branchMap":{"0":{"loc":{"start":{"line":41,"column":4},"end":{"line":43,"column":5}},"type":"if","locations":[{"start":{"line":41,"column":4},"end":{"line":43,"column":5}}]},"1":{"loc":{"start":{"line":41,"column":8},"end":{"line":41,"column":56}},"type":"binary-expr","locations":[{"start":{"line":41,"column":8},"end":{"line":41,"column":19}},{"start":{"line":41,"column":23},"end":{"line":41,"column":56}}]},"2":{"loc":{"start":{"line":77,"column":8},"end":{"line":80,"column":9}},"type":"if","locations":[{"start":{"line":77,"column":8},"end":{"line":80,"column":9}}]},"3":{"loc":{"start":{"line":104,"column":8},"end":{"line":106,"column":9}},"type":"if","locations":[{"start":{"line":104,"column":8},"end":{"line":106,"column":9}}]},"4":{"loc":{"start":{"line":107,"column":8},"end":{"line":110,"column":9}},"type":"if","locations":[{"start":{"line":107,"column":8},"end":{"line":110,"column":9}}]}},"s":{"0":1,"1":1,"2":1,"3":1,"4":1,"5":1,"6":7,"7":7,"8":0,"9":7,"10":7,"11":7,"12":7,"13":7,"14":0,"15":0,"16":7,"17":7,"18":7,"19":35,"20":7,"21":7,"22":7,"23":7,"24":7,"25":0,"26":0,"27":0,"28":0,"29":0,"30":0,"31":0,"32":1},"f":{"0":7,"1":7,"2":35,"3":7},"b":{"0":[0],"1":[7,7],"2":[0],"3":[0],"4":[0]}}
,"C:\\Users\\TestSolutions\\Documents\\newInvepro\\inveprobackend\\src\\middleware\\error.middleware.ts": {"path":"C:\\Users\\TestSolutions\\Documents\\newInvepro\\inveprobackend\\src\\middleware\\error.middleware.ts","statementMap":{"0":{"start":{"line":4,"column":0},"end":{"line":4,"column":40}},"1":{"start":{"line":5,"column":0},"end":{"line":5,"column":31}},"2":{"start":{"line":6,"column":0},"end":{"line":6,"column":36}},"3":{"start":{"line":7,"column":0},"end":{"line":7,"column":40}},"4":{"start":{"line":8,"column":0},"end":{"line":8,"column":37}},"5":{"start":{"line":20,"column":30},"end":{"line":103,"column":1}},"6":{"start":{"line":21,"column":14},"end":{"line":21,"column":17}},"7":{"start":{"line":24,"column":2},"end":{"line":99,"column":3}},"8":{"start":{"line":27,"column":24},"end":{"line":27,"column":29}},"9":{"start":{"line":28,"column":23},"end":{"line":28,"column":32}},"10":{"start":{"line":31,"column":4},"end":{"line":95,"column":5}},"11":{"start":{"line":32,"column":8},"end":{"line":32,"column":29}},"12":{"start":{"line":33,"column":8},"end":{"line":65,"column":9}},"13":{"start":{"line":35,"column":31},"end":{"line":35,"column":73}},"14":{"start":{"line":36,"column":16},"end":{"line":36,"column":134}},"15":{"start":{"line":37,"column":16},"end":{"line":37,"column":52}},"16":{"start":{"line":38,"column":16},"end":{"line":38,"column":94}},"17":{"start":{"line":39,"column":16},"end":{"line":39,"column":22}},"18":{"start":{"line":41,"column":34},"end":{"line":41,"column":78}},"19":{"start":{"line":42,"column":16},"end":{"line":42,"column":153}},"20":{"start":{"line":43,"column":16},"end":{"line":43,"column":52}},"21":{"start":{"line":44,"column":16},"end":{"line":44,"column":65}},"22":{"start":{"line":45,"column":16},"end":{"line":45,"column":22}},"23":{"start":{"line":47,"column":17},"end":{"line":47,"column":95}},"24":{"start":{"line":48,"column":17},"end":{"line":48,"column":53}},"25":{"start":{"line":49,"column":17},"end":{"line":49,"column":48}},"26":{"start":{"line":50,"column":17},"end":{"line":50,"column":23}},"27":{"start":{"line":53,"column":16},"end":{"line":53,"column":117}},"28":{"start":{"line":54,"column":16},"end":{"line":54,"column":50}},"29":{"start":{"line":55,"column":16},"end":{"line":55,"column":47}},"30":{"start":{"line":56,"column":16},"end":{"line":56,"column":22}},"31":{"start":{"line":60,"column":16},"end":{"line":60,"column":88}},"32":{"start":{"line":61,"column":16},"end":{"line":61,"column":107}},"33":{"start":{"line":62,"column":16},"end":{"line":62,"column":52}},"34":{"start":{"line":63,"column":16},"end":{"line":63,"column":47}},"35":{"start":{"line":64,"column":16},"end":{"line":64,"column":22}},"36":{"start":{"line":67,"column":9},"end":{"line":95,"column":5}},"37":{"start":{"line":68,"column":8},"end":{"line":68,"column":29}},"38":{"start":{"line":69,"column":8},"end":{"line":69,"column":44}},"39":{"start":{"line":71,"column":8},"end":{"line":71,"column":98}},"40":{"start":{"line":72,"column":8},"end":{"line":72,"column":114}},"41":{"start":{"line":80,"column":8},"end":{"line":82,"column":47}},"42":{"start":{"line":85,"column":8},"end":{"line":85,"column":131}},"43":{"start":{"line":89,"column":8},"end":{"line":94,"column":9}},"44":{"start":{"line":90,"column":12},"end":{"line":90,"column":33}},"45":{"start":{"line":93,"column":12},"end":{"line":93,"column":34}},"46":{"start":{"line":98,"column":4},"end":{"line":98,"column":81}},"47":{"start":{"line":102,"column":2},"end":{"line":102,"column":14}},"48":{"start":{"line":20,"column":13},"end":{"line":20,"column":30}},"49":{"start":{"line":118,"column":28},"end":{"line":157,"column":1}},"50":{"start":{"line":119,"column":61},"end":{"line":119,"column":64}},"51":{"start":{"line":122,"column":2},"end":{"line":126,"column":3}},"52":{"start":{"line":123,"column":4},"end":{"line":123,"column":50}},"53":{"start":{"line":124,"column":4},"end":{"line":124,"column":69}},"54":{"start":{"line":125,"column":4},"end":{"line":125,"column":29}},"55":{"start":{"line":129,"column":2},"end":{"line":129,"column":40}},"56":{"start":{"line":132,"column":40},"end":{"line":139,"column":4}},"57":{"start":{"line":142,"column":2},"end":{"line":153,"column":3}},"58":{"start":{"line":144,"column":4},"end":{"line":144,"column":50}},"59":{"start":{"line":148,"column":4},"end":{"line":152,"column":10}},"60":{"start":{"line":156,"column":2},"end":{"line":156,"column":40}},"61":{"start":{"line":118,"column":13},"end":{"line":118,"column":28}}},"fnMap":{"0":{"name":"(anonymous_1)","decl":{"start":{"line":20,"column":30},"end":{"line":20,"column":31}},"loc":{"start":{"line":20,"column":92},"end":{"line":103,"column":1}}},"1":{"name":"(anonymous_2)","decl":{"start":{"line":118,"column":28},"end":{"line":118,"column":29}},"loc":{"start":{"line":118,"column":95},"end":{"line":157,"column":1}}}},"branchMap":{"0":{"loc":{"start":{"line":24,"column":2},"end":{"line":99,"column":3}},"type":"if","locations":[{"start":{"line":24,"column":2},"end":{"line":99,"column":3}}]},"1":{"loc":{"start":{"line":31,"column":4},"end":{"line":95,"column":5}},"type":"if","locations":[{"start":{"line":31,"column":4},"end":{"line":95,"column":5}},{"start":{"line":67,"column":9},"end":{"line":95,"column":5}}]},"2":{"loc":{"start":{"line":33,"column":8},"end":{"line":65,"column":9}},"type":"switch","locations":[{"start":{"line":34,"column":12},"end":{"line":39,"column":22}},{"start":{"line":40,"column":12},"end":{"line":45,"column":22}},{"start":{"line":46,"column":12},"end":{"line":50,"column":23}},{"start":{"line":51,"column":12},"end":{"line":56,"column":22}},{"start":{"line":58,"column":12},"end":{"line":64,"column":22}}]},"3":{"loc":{"start":{"line":36,"column":80},"end":{"line":36,"column":130}},"type":"cond-expr","locations":[{"start":{"line":36,"column":89},"end":{"line":36,"column":125}},{"start":{"line":36,"column":128},"end":{"line":36,"column":130}}]},"4":{"loc":{"start":{"line":38,"column":53},"end":{"line":38,"column":91}},"type":"cond-expr","locations":[{"start":{"line":38,"column":62},"end":{"line":38,"column":79}},{"start":{"line":38,"column":82},"end":{"line":38,"column":91}}]},"5":{"loc":{"start":{"line":42,"column":108},"end":{"line":42,"column":149}},"type":"cond-expr","locations":[{"start":{"line":42,"column":120},"end":{"line":42,"column":144}},{"start":{"line":42,"column":147},"end":{"line":42,"column":149}}]},"6":{"loc":{"start":{"line":67,"column":9},"end":{"line":95,"column":5}},"type":"if","locations":[{"start":{"line":67,"column":9},"end":{"line":95,"column":5}},{"start":{"line":78,"column":9},"end":{"line":95,"column":5}}]},"7":{"loc":{"start":{"line":72,"column":56},"end":{"line":72,"column":111}},"type":"binary-expr","locations":[{"start":{"line":72,"column":56},"end":{"line":72,"column":87}},{"start":{"line":72,"column":91},"end":{"line":72,"column":111}}]},"8":{"loc":{"start":{"line":80,"column":21},"end":{"line":82,"column":46}},"type":"cond-expr","locations":[{"start":{"line":81,"column":14},"end":{"line":81,"column":30}},{"start":{"line":82,"column":14},"end":{"line":82,"column":46}}]},"9":{"loc":{"start":{"line":85,"column":18},"end":{"line":85,"column":130}},"type":"binary-expr","locations":[{"start":{"line":85,"column":18},"end":{"line":85,"column":31}},{"start":{"line":85,"column":36},"end":{"line":85,"column":95}},{"start":{"line":85,"column":99},"end":{"line":85,"column":129}}]},"10":{"loc":{"start":{"line":89,"column":8},"end":{"line":94,"column":9}},"type":"if","locations":[{"start":{"line":89,"column":8},"end":{"line":94,"column":9}},{"start":{"line":91,"column":15},"end":{"line":94,"column":9}}]},"11":{"loc":{"start":{"line":122,"column":2},"end":{"line":126,"column":3}},"type":"if","locations":[{"start":{"line":122,"column":2},"end":{"line":126,"column":3}}]},"12":{"loc":{"start":{"line":122,"column":6},"end":{"line":122,"column":53}},"type":"binary-expr","locations":[{"start":{"line":122,"column":6},"end":{"line":122,"column":35}},{"start":{"line":122,"column":39},"end":{"line":122,"column":53}}]},"13":{"loc":{"start":{"line":136,"column":8},"end":{"line":136,"column":49}},"type":"binary-expr","locations":[{"start":{"line":136,"column":8},"end":{"line":136,"column":20}},{"start":{"line":136,"column":24},"end":{"line":136,"column":49}}]},"14":{"loc":{"start":{"line":138,"column":8},"end":{"line":138,"column":62}},"type":"binary-expr","locations":[{"start":{"line":138,"column":8},"end":{"line":138,"column":38}},{"start":{"line":138,"column":42},"end":{"line":138,"column":62}}]},"15":{"loc":{"start":{"line":142,"column":2},"end":{"line":153,"column":3}},"type":"if","locations":[{"start":{"line":142,"column":2},"end":{"line":153,"column":3}},{"start":{"line":145,"column":9},"end":{"line":153,"column":3}}]},"16":{"loc":{"start":{"line":149,"column":25},"end":{"line":149,"column":64}},"type":"cond-expr","locations":[{"start":{"line":149,"column":41},"end":{"line":149,"column":43}},{"start":{"line":149,"column":46},"end":{"line":149,"column":64}}]},"17":{"loc":{"start":{"line":151,"column":11},"end":{"line":151,"column":69}},"type":"cond-expr","locations":[{"start":{"line":151,"column":41},"end":{"line":151,"column":64}},{"start":{"line":151,"column":67},"end":{"line":151,"column":69}}]},"18":{"loc":{"start":{"line":151,"column":11},"end":{"line":151,"column":38}},"type":"binary-expr","locations":[{"start":{"line":151,"column":11},"end":{"line":151,"column":20}},{"start":{"line":151,"column":24},"end":{"line":151,"column":38}}]}},"s":{"0":1,"1":1,"2":1,"3":1,"4":1,"5":1,"6":0,"7":0,"8":0,"9":0,"10":0,"11":0,"12":0,"13":0,"14":0,"15":0,"16":0,"17":0,"18":0,"19":0,"20":0,"21":0,"22":0,"23":0,"24":0,"25":0,"26":0,"27":0,"28":0,"29":0,"30":0,"31":0,"32":0,"33":0,"34":0,"35":0,"36":0,"37":0,"38":0,"39":0,"40":0,"41":0,"42":0,"43":0,"44":0,"45":0,"46":0,"47":0,"48":1,"49":1,"50":0,"51":0,"52":0,"53":0,"54":0,"55":0,"56":0,"57":0,"58":0,"59":0,"60":0,"61":1},"f":{"0":0,"1":0},"b":{"0":[0],"1":[0,0],"2":[0,0,0,0,0],"3":[0,0],"4":[0,0],"5":[0,0],"6":[0,0],"7":[0,0],"8":[0,0],"9":[0,0,0],"10":[0,0],"11":[0],"12":[0,0],"13":[0,0],"14":[0,0],"15":[0,0],"16":[0,0],"17":[0,0],"18":[0,0]}}
,"C:\\Users\\TestSolutions\\Documents\\newInvepro\\inveprobackend\\src\\middleware\\rateLimit.middleware.ts": {"path":"C:\\Users\\TestSolutions\\Documents\\newInvepro\\inveprobackend\\src\\middleware\\rateLimit.middleware.ts","statementMap":{"0":{"start":{"line":2,"column":0},"end":{"line":2,"column":43}},"1":{"start":{"line":3,"column":0},"end":{"line":3,"column":31}},"2":{"start":{"line":4,"column":0},"end":{"line":4,"column":36}},"3":{"start":{"line":7,"column":13},"end":{"line":17,"column":3}},"4":{"start":{"line":14,"column":4},"end":{"line":14,"column":76}},"5":{"start":{"line":15,"column":4},"end":{"line":15,"column":70}},"6":{"start":{"line":20,"column":13},"end":{"line":33,"column":3}},"7":{"start":{"line":28,"column":4},"end":{"line":30,"column":6}},"8":{"start":{"line":31,"column":4},"end":{"line":31,"column":70}}},"fnMap":{"0":{"name":"(anonymous_1)","decl":{"start":{"line":13,"column":11},"end":{"line":13,"column":12}},"loc":{"start":{"line":13,"column":39},"end":{"line":16,"column":3}}},"1":{"name":"(anonymous_2)","decl":{"start":{"line":27,"column":11},"end":{"line":27,"column":12}},"loc":{"start":{"line":27,"column":39},"end":{"line":32,"column":3}}}},"branchMap":{"0":{"loc":{"start":{"line":8,"column":13},"end":{"line":8,"column":48}},"type":"binary-expr","locations":[{"start":{"line":8,"column":13},"end":{"line":8,"column":42}},{"start":{"line":8,"column":46},"end":{"line":8,"column":48}}]},"1":{"loc":{"start":{"line":9,"column":7},"end":{"line":9,"column":41}},"type":"binary-expr","locations":[{"start":{"line":9,"column":7},"end":{"line":9,"column":34}},{"start":{"line":9,"column":38},"end":{"line":9,"column":41}}]}},"s":{"0":1,"1":1,"2":1,"3":1,"4":0,"5":0,"6":1,"7":0,"8":0},"f":{"0":0,"1":0},"b":{"0":[1,1],"1":[1,1]}}
,"C:\\Users\\TestSolutions\\Documents\\newInvepro\\inveprobackend\\src\\middleware\\rbac.middleware.ts": {"path":"C:\\Users\\TestSolutions\\Documents\\newInvepro\\inveprobackend\\src\\middleware\\rbac.middleware.ts","statementMap":{"0":{"start":{"line":2,"column":0},"end":{"line":2,"column":37}},"1":{"start":{"line":3,"column":0},"end":{"line":3,"column":40}},"2":{"start":{"line":4,"column":0},"end":{"line":4,"column":36}},"3":{"start":{"line":12,"column":32},"end":{"line":34,"column":1}},"4":{"start":{"line":13,"column":4},"end":{"line":33,"column":6}},"5":{"start":{"line":15,"column":8},"end":{"line":18,"column":9}},"6":{"start":{"line":16,"column":12},"end":{"line":16,"column":123}},"7":{"start":{"line":17,"column":12},"end":{"line":17,"column":111}},"8":{"start":{"line":21,"column":34},"end":{"line":22,"column":null}},"9":{"start":{"line":22,"column":12},"end":{"line":22,"column":58}},"10":{"start":{"line":25,"column":8},"end":{"line":28,"column":9}},"11":{"start":{"line":26,"column":12},"end":{"line":26,"column":230}},"12":{"start":{"line":27,"column":12},"end":{"line":27,"column":88}},"13":{"start":{"line":31,"column":8},"end":{"line":31,"column":108}},"14":{"start":{"line":32,"column":8},"end":{"line":32,"column":15}},"15":{"start":{"line":12,"column":13},"end":{"line":12,"column":32}},"16":{"start":{"line":43,"column":26},"end":{"line":62,"column":1}},"17":{"start":{"line":44,"column":4},"end":{"line":61,"column":6}},"18":{"start":{"line":45,"column":8},"end":{"line":48,"column":9}},"19":{"start":{"line":46,"column":13},"end":{"line":46,"column":142}},"20":{"start":{"line":47,"column":12},"end":{"line":47,"column":111}},"21":{"start":{"line":50,"column":30},"end":{"line":50,"column":67}},"22":{"start":{"line":50,"column":57},"end":{"line":50,"column":66}},"23":{"start":{"line":52,"column":32},"end":{"line":52,"column":88}},"24":{"start":{"line":52,"column":59},"end":{"line":52,"column":87}},"25":{"start":{"line":54,"column":8},"end":{"line":57,"column":9}},"26":{"start":{"line":55,"column":13},"end":{"line":55,"column":198}},"27":{"start":{"line":56,"column":12},"end":{"line":56,"column":81}},"28":{"start":{"line":59,"column":8},"end":{"line":59,"column":95}},"29":{"start":{"line":60,"column":8},"end":{"line":60,"column":15}},"30":{"start":{"line":43,"column":13},"end":{"line":43,"column":26}}},"fnMap":{"0":{"name":"(anonymous_1)","decl":{"start":{"line":12,"column":32},"end":{"line":12,"column":33}},"loc":{"start":{"line":12,"column":66},"end":{"line":34,"column":1}}},"1":{"name":"(anonymous_2)","decl":{"start":{"line":13,"column":11},"end":{"line":13,"column":12}},"loc":{"start":{"line":13,"column":69},"end":{"line":33,"column":5}}},"2":{"name":"(anonymous_3)","decl":{"start":{"line":21,"column":60},"end":{"line":21,"column":70}},"loc":{"start":{"line":22,"column":12},"end":{"line":22,"column":58}}},"3":{"name":"(anonymous_4)","decl":{"start":{"line":43,"column":26},"end":{"line":43,"column":27}},"loc":{"start":{"line":43,"column":54},"end":{"line":62,"column":1}}},"4":{"name":"(anonymous_5)","decl":{"start":{"line":44,"column":11},"end":{"line":44,"column":12}},"loc":{"start":{"line":44,"column":69},"end":{"line":61,"column":5}}},"5":{"name":"(anonymous_6)","decl":{"start":{"line":50,"column":49},"end":{"line":50,"column":53}},"loc":{"start":{"line":50,"column":57},"end":{"line":50,"column":66}}},"6":{"name":"(anonymous_7)","decl":{"start":{"line":52,"column":51},"end":{"line":52,"column":55}},"loc":{"start":{"line":52,"column":59},"end":{"line":52,"column":87}}}},"branchMap":{"0":{"loc":{"start":{"line":15,"column":8},"end":{"line":18,"column":9}},"type":"if","locations":[{"start":{"line":15,"column":8},"end":{"line":18,"column":9}}]},"1":{"loc":{"start":{"line":15,"column":12},"end":{"line":15,"column":55}},"type":"binary-expr","locations":[{"start":{"line":15,"column":12},"end":{"line":15,"column":21}},{"start":{"line":15,"column":25},"end":{"line":15,"column":55}}]},"2":{"loc":{"start":{"line":25,"column":8},"end":{"line":28,"column":9}},"type":"if","locations":[{"start":{"line":25,"column":8},"end":{"line":28,"column":9}}]},"3":{"loc":{"start":{"line":45,"column":8},"end":{"line":48,"column":9}},"type":"if","locations":[{"start":{"line":45,"column":8},"end":{"line":48,"column":9}}]},"4":{"loc":{"start":{"line":45,"column":12},"end":{"line":45,"column":40}},"type":"binary-expr","locations":[{"start":{"line":45,"column":12},"end":{"line":45,"column":21}},{"start":{"line":45,"column":25},"end":{"line":45,"column":40}}]},"5":{"loc":{"start":{"line":54,"column":8},"end":{"line":57,"column":9}},"type":"if","locations":[{"start":{"line":54,"column":8},"end":{"line":57,"column":9}}]}},"s":{"0":1,"1":1,"2":1,"3":1,"4":119,"5":7,"6":0,"7":0,"8":7,"9":7,"10":7,"11":0,"12":0,"13":7,"14":7,"15":1,"16":1,"17":0,"18":0,"19":0,"20":0,"21":0,"22":0,"23":0,"24":0,"25":0,"26":0,"27":0,"28":0,"29":0,"30":1},"f":{"0":119,"1":7,"2":7,"3":0,"4":0,"5":0,"6":0},"b":{"0":[0],"1":[7,7],"2":[0],"3":[0],"4":[0,0],"5":[0]}}
,"C:\\Users\\TestSolutions\\Documents\\newInvepro\\inveprobackend\\src\\middleware\\tenant.middleware.ts": {"path":"C:\\Users\\TestSolutions\\Documents\\newInvepro\\inveprobackend\\src\\middleware\\tenant.middleware.ts","statementMap":{"0":{"start":{"line":3,"column":0},"end":{"line":3,"column":40}},"1":{"start":{"line":4,"column":0},"end":{"line":4,"column":37}},"2":{"start":{"line":5,"column":0},"end":{"line":5,"column":36}},"3":{"start":{"line":12,"column":35},"end":{"line":23,"column":1}},"4":{"start":{"line":14,"column":4},"end":{"line":18,"column":5}},"5":{"start":{"line":16,"column":8},"end":{"line":16,"column":131}},"6":{"start":{"line":17,"column":8},"end":{"line":17,"column":111}},"7":{"start":{"line":22,"column":4},"end":{"line":22,"column":11}},"8":{"start":{"line":12,"column":13},"end":{"line":12,"column":35}},"9":{"start":{"line":35,"column":38},"end":{"line":43,"column":1}},"10":{"start":{"line":36,"column":21},"end":{"line":36,"column":33}},"11":{"start":{"line":37,"column":4},"end":{"line":41,"column":5}},"12":{"start":{"line":39,"column":8},"end":{"line":39,"column":84}},"13":{"start":{"line":40,"column":8},"end":{"line":40,"column":115}},"14":{"start":{"line":42,"column":4},"end":{"line":42,"column":20}},"15":{"start":{"line":35,"column":13},"end":{"line":35,"column":38}}},"fnMap":{"0":{"name":"(anonymous_1)","decl":{"start":{"line":12,"column":35},"end":{"line":12,"column":36}},"loc":{"start":{"line":12,"column":93},"end":{"line":23,"column":1}}},"1":{"name":"(anonymous_2)","decl":{"start":{"line":35,"column":38},"end":{"line":35,"column":39}},"loc":{"start":{"line":35,"column":63},"end":{"line":43,"column":1}}}},"branchMap":{"0":{"loc":{"start":{"line":14,"column":4},"end":{"line":18,"column":5}},"type":"if","locations":[{"start":{"line":14,"column":4},"end":{"line":18,"column":5}}]},"1":{"loc":{"start":{"line":37,"column":4},"end":{"line":41,"column":5}},"type":"if","locations":[{"start":{"line":37,"column":4},"end":{"line":41,"column":5}}]}},"s":{"0":1,"1":1,"2":1,"3":1,"4":7,"5":0,"6":0,"7":7,"8":1,"9":1,"10":7,"11":7,"12":0,"13":0,"14":7,"15":1},"f":{"0":7,"1":7},"b":{"0":[0],"1":[0]}}
,"C:\\Users\\TestSolutions\\Documents\\newInvepro\\inveprobackend\\src\\middleware\\validate.middleware.ts": {"path":"C:\\Users\\TestSolutions\\Documents\\newInvepro\\inveprobackend\\src\\middleware\\validate.middleware.ts","statementMap":{"0":{"start":{"line":3,"column":0},"end":{"line":3,"column":60}},"1":{"start":{"line":4,"column":0},"end":{"line":4,"column":70}},"2":{"start":{"line":5,"column":0},"end":{"line":5,"column":40}},"3":{"start":{"line":6,"column":0},"end":{"line":6,"column":37}},"4":{"start":{"line":7,"column":0},"end":{"line":7,"column":36}},"5":{"start":{"line":14,"column":31},"end":{"line":27,"column":1}},"6":{"start":{"line":15,"column":27},"end":{"line":15,"column":29}},"7":{"start":{"line":16,"column":2},"end":{"line":25,"column":5}},"8":{"start":{"line":18,"column":4},"end":{"line":20,"column":5}},"9":{"start":{"line":19,"column":6},"end":{"line":19,"column":65}},"10":{"start":{"line":22,"column":4},"end":{"line":24,"column":5}},"11":{"start":{"line":23,"column":6},"end":{"line":23,"column":71}},"12":{"start":{"line":26,"column":2},"end":{"line":26,"column":18}},"13":{"start":{"line":39,"column":24},"end":{"line":81,"column":1}},"14":{"start":{"line":44,"column":2},"end":{"line":80,"column":4}},"15":{"start":{"line":46,"column":27},"end":{"line":46,"column":38}},"16":{"start":{"line":51,"column":24},"end":{"line":53,"column":6}},"17":{"start":{"line":56,"column":19},"end":{"line":61,"column":6}},"18":{"start":{"line":64,"column":4},"end":{"line":71,"column":5}},"19":{"start":{"line":66,"column":28},"end":{"line":66,"column":58}},"20":{"start":{"line":67,"column":22},"end":{"line":67,"column":76}},"21":{"start":{"line":68,"column":6},"end":{"line":68,"column":85}},"22":{"start":{"line":70,"column":6},"end":{"line":70,"column":98}},"23":{"start":{"line":76,"column":4},"end":{"line":76,"column":30}},"24":{"start":{"line":79,"column":4},"end":{"line":79,"column":11}},"25":{"start":{"line":83,"column":0},"end":{"line":83,"column":31}}},"fnMap":{"0":{"name":"(anonymous_1)","decl":{"start":{"line":14,"column":31},"end":{"line":14,"column":32}},"loc":{"start":{"line":14,"column":71},"end":{"line":27,"column":1}}},"1":{"name":"(anonymous_2)","decl":{"start":{"line":16,"column":17},"end":{"line":16,"column":18}},"loc":{"start":{"line":16,"column":25},"end":{"line":25,"column":3}}},"2":{"name":"(anonymous_3)","decl":{"start":{"line":39,"column":24},"end":{"line":39,"column":null}},"loc":{"start":{"line":43,"column":20},"end":{"line":81,"column":1}}},"3":{"name":"(anonymous_4)","decl":{"start":{"line":44,"column":9},"end":{"line":44,"column":14}},"loc":{"start":{"line":44,"column":82},"end":{"line":80,"column":3}}}},"branchMap":{"0":{"loc":{"start":{"line":18,"column":4},"end":{"line":20,"column":5}},"type":"if","locations":[{"start":{"line":18,"column":4},"end":{"line":20,"column":5}}]},"1":{"loc":{"start":{"line":22,"column":4},"end":{"line":24,"column":5}},"type":"if","locations":[{"start":{"line":22,"column":4},"end":{"line":24,"column":5}}]},"2":{"loc":{"start":{"line":22,"column":8},"end":{"line":22,"column":47}},"type":"binary-expr","locations":[{"start":{"line":22,"column":8},"end":{"line":22,"column":20}},{"start":{"line":22,"column":24},"end":{"line":22,"column":47}}]},"3":{"loc":{"start":{"line":41,"column":4},"end":{"line":41,"column":48}},"type":"default-arg","locations":[{"start":{"line":41,"column":42},"end":{"line":41,"column":48}}]},"4":{"loc":{"start":{"line":42,"column":4},"end":{"line":42,"column":33}},"type":"default-arg","locations":[{"start":{"line":42,"column":28},"end":{"line":42,"column":33}}]},"5":{"loc":{"start":{"line":64,"column":4},"end":{"line":71,"column":5}},"type":"if","locations":[{"start":{"line":64,"column":4},"end":{"line":71,"column":5}}]}},"s":{"0":1,"1":1,"2":1,"3":1,"4":1,"5":1,"6":0,"7":0,"8":0,"9":0,"10":0,"11":0,"12":0,"13":1,"14":68,"15":3,"16":3,"17":3,"18":3,"19":0,"20":0,"21":0,"22":0,"23":3,"24":3,"25":1},"f":{"0":0,"1":0,"2":68,"3":3},"b":{"0":[0],"1":[0],"2":[0,0],"3":[49],"4":[68],"5":[0]}}
,"C:\\Users\\TestSolutions\\Documents\\newInvepro\\inveprobackend\\src\\modules\\auth\\auth.controller.ts": {"path":"C:\\Users\\TestSolutions\\Documents\\newInvepro\\inveprobackend\\src\\modules\\auth\\auth.controller.ts","statementMap":{"0":{"start":{"line":3,"column":0},"end":{"line":3,"column":37}},"1":{"start":{"line":4,"column":0},"end":{"line":4,"column":20}},"2":{"start":{"line":5,"column":0},"end":{"line":5,"column":45}},"3":{"start":{"line":6,"column":0},"end":{"line":6,"column":44}},"4":{"start":{"line":10,"column":0},"end":{"line":10,"column":31}},"5":{"start":{"line":11,"column":0},"end":{"line":11,"column":36}},"6":{"start":{"line":12,"column":0},"end":{"line":12,"column":40}},"7":{"start":{"line":18,"column":30},"end":{"line":27,"column":1}},"8":{"start":{"line":19,"column":26},"end":{"line":25,"column":6}},"9":{"start":{"line":26,"column":4},"end":{"line":26,"column":75}},"10":{"start":{"line":32,"column":32},"end":{"line":40,"column":1}},"11":{"start":{"line":33,"column":27},"end":{"line":38,"column":6}},"12":{"start":{"line":39,"column":4},"end":{"line":39,"column":65}},"13":{"start":{"line":45,"column":14},"end":{"line":66,"column":2}},"14":{"start":{"line":46,"column":32},"end":{"line":46,"column":52}},"15":{"start":{"line":47,"column":22},"end":{"line":47,"column":28}},"16":{"start":{"line":48,"column":22},"end":{"line":48,"column":47}},"17":{"start":{"line":50,"column":29},"end":{"line":54,"column":null}},"18":{"start":{"line":58,"column":4},"end":{"line":58,"column":52}},"19":{"start":{"line":61,"column":4},"end":{"line":65,"column":7}},"20":{"start":{"line":71,"column":22},"end":{"line":96,"column":2}},"21":{"start":{"line":73,"column":28},"end":{"line":73,"column":70}},"22":{"start":{"line":74,"column":4},"end":{"line":77,"column":5}},"23":{"start":{"line":75,"column":8},"end":{"line":75,"column":97}},"24":{"start":{"line":76,"column":8},"end":{"line":76,"column":77}},"25":{"start":{"line":79,"column":22},"end":{"line":79,"column":28}},"26":{"start":{"line":80,"column":22},"end":{"line":80,"column":47}},"27":{"start":{"line":83,"column":22},"end":{"line":86,"column":null}},"28":{"start":{"line":90,"column":4},"end":{"line":90,"column":55}},"29":{"start":{"line":93,"column":4},"end":{"line":95,"column":7}},"30":{"start":{"line":101,"column":15},"end":{"line":115,"column":2}},"31":{"start":{"line":102,"column":26},"end":{"line":102,"column":68}},"32":{"start":{"line":104,"column":5},"end":{"line":109,"column":6}},"33":{"start":{"line":106,"column":8},"end":{"line":106,"column":51}},"34":{"start":{"line":108,"column":8},"end":{"line":108,"column":93}},"35":{"start":{"line":112,"column":4},"end":{"line":112,"column":33}},"36":{"start":{"line":114,"column":4},"end":{"line":114,"column":69}},"37":{"start":{"line":121,"column":23},"end":{"line":130,"column":2}},"38":{"start":{"line":122,"column":22},"end":{"line":122,"column":51}},"39":{"start":{"line":126,"column":4},"end":{"line":126,"column":44}},"40":{"start":{"line":129,"column":4},"end":{"line":129,"column":126}},"41":{"start":{"line":135,"column":22},"end":{"line":143,"column":2}},"42":{"start":{"line":136,"column":35},"end":{"line":136,"column":63}},"43":{"start":{"line":139,"column":4},"end":{"line":139,"column":56}},"44":{"start":{"line":142,"column":4},"end":{"line":142,"column":89}},"45":{"start":{"line":146,"column":13},"end":{"line":152,"column":2}}},"fnMap":{"0":{"name":"(anonymous_1)","decl":{"start":{"line":18,"column":30},"end":{"line":18,"column":31}},"loc":{"start":{"line":18,"column":70},"end":{"line":27,"column":1}}},"1":{"name":"(anonymous_2)","decl":{"start":{"line":32,"column":32},"end":{"line":32,"column":33}},"loc":{"start":{"line":32,"column":50},"end":{"line":40,"column":1}}},"2":{"name":"(anonymous_3)","decl":{"start":{"line":45,"column":25},"end":{"line":45,"column":30}},"loc":{"start":{"line":45,"column":63},"end":{"line":66,"column":1}}},"3":{"name":"(anonymous_4)","decl":{"start":{"line":71,"column":33},"end":{"line":71,"column":38}},"loc":{"start":{"line":71,"column":71},"end":{"line":96,"column":1}}},"4":{"name":"(anonymous_5)","decl":{"start":{"line":101,"column":26},"end":{"line":101,"column":31}},"loc":{"start":{"line":101,"column":64},"end":{"line":115,"column":1}}},"5":{"name":"(anonymous_6)","decl":{"start":{"line":121,"column":34},"end":{"line":121,"column":39}},"loc":{"start":{"line":121,"column":72},"end":{"line":130,"column":1}}},"6":{"name":"(anonymous_7)","decl":{"start":{"line":135,"column":33},"end":{"line":135,"column":38}},"loc":{"start":{"line":135,"column":71},"end":{"line":143,"column":1}}}},"branchMap":{"0":{"loc":{"start":{"line":74,"column":4},"end":{"line":77,"column":5}},"type":"if","locations":[{"start":{"line":74,"column":4},"end":{"line":77,"column":5}}]},"1":{"loc":{"start":{"line":104,"column":5},"end":{"line":109,"column":6}},"type":"if","locations":[{"start":{"line":104,"column":5},"end":{"line":109,"column":6}},{"start":{"line":107,"column":12},"end":{"line":109,"column":6}}]}},"s":{"0":1,"1":1,"2":1,"3":1,"4":1,"5":1,"6":1,"7":1,"8":0,"9":0,"10":1,"11":0,"12":0,"13":1,"14":0,"15":0,"16":0,"17":0,"18":0,"19":0,"20":1,"21":0,"22":0,"23":0,"24":0,"25":0,"26":0,"27":0,"28":0,"29":0,"30":1,"31":0,"32":0,"33":0,"34":0,"35":0,"36":0,"37":1,"38":0,"39":0,"40":0,"41":1,"42":0,"43":0,"44":0,"45":1},"f":{"0":0,"1":0,"2":0,"3":0,"4":0,"5":0,"6":0},"b":{"0":[0],"1":[0,0]}}
,"C:\\Users\\TestSolutions\\Documents\\newInvepro\\inveprobackend\\src\\modules\\auth\\auth.routes.ts": {"path":"C:\\Users\\TestSolutions\\Documents\\newInvepro\\inveprobackend\\src\\modules\\auth\\auth.routes.ts","statementMap":{"0":{"start":{"line":2,"column":0},"end":{"line":2,"column":30}},"1":{"start":{"line":3,"column":0},"end":{"line":3,"column":41}},"2":{"start":{"line":4,"column":0},"end":{"line":4,"column":51}},"3":{"start":{"line":5,"column":0},"end":{"line":5,"column":63}},"4":{"start":{"line":6,"column":0},"end":{"line":6,"column":43}},"5":{"start":{"line":7,"column":0},"end":{"line":7,"column":62}},"6":{"start":{"line":8,"column":0},"end":{"line":8,"column":60}},"7":{"start":{"line":9,"column":0},"end":{"line":9,"column":68}},"8":{"start":{"line":12,"column":15},"end":{"line":12,"column":31}},"9":{"start":{"line":15,"column":0},"end":{"line":15,"column":27}},"10":{"start":{"line":18,"column":0},"end":{"line":18,"column":28}},"11":{"start":{"line":22,"column":0},"end":{"line":26,"column":2}},"12":{"start":{"line":28,"column":0},"end":{"line":31,"column":2}},"13":{"start":{"line":33,"column":0},"end":{"line":36,"column":2}},"14":{"start":{"line":38,"column":0},"end":{"line":42,"column":2}},"15":{"start":{"line":44,"column":0},"end":{"line":48,"column":2}},"16":{"start":{"line":50,"column":0},"end":{"line":50,"column":22}}},"fnMap":{},"branchMap":{},"s":{"0":1,"1":1,"2":1,"3":1,"4":1,"5":1,"6":1,"7":1,"8":1,"9":1,"10":1,"11":1,"12":1,"13":1,"14":1,"15":1,"16":1},"f":{},"b":{}}
,"C:\\Users\\TestSolutions\\Documents\\newInvepro\\inveprobackend\\src\\modules\\auth\\auth.service.ts": {"path":"C:\\Users\\TestSolutions\\Documents\\newInvepro\\inveprobackend\\src\\modules\\auth\\auth.service.ts","statementMap":{"0":{"start":{"line":2,"column":0},"end":{"line":2,"column":30}},"1":{"start":{"line":3,"column":0},"end":{"line":3,"column":48}},"2":{"start":{"line":4,"column":0},"end":{"line":4,"column":20}},"3":{"start":{"line":5,"column":0},"end":{"line":5,"column":37}},"4":{"start":{"line":6,"column":0},"end":{"line":6,"column":39}},"5":{"start":{"line":7,"column":0},"end":{"line":7,"column":40}},"6":{"start":{"line":8,"column":0},"end":{"line":8,"column":36}},"7":{"start":{"line":10,"column":0},"end":{"line":10,"column":83}},"8":{"start":{"line":11,"column":0},"end":{"line":11,"column":53}},"9":{"start":{"line":36,"column":28},"end":{"line":63,"column":1}},"10":{"start":{"line":37,"column":20},"end":{"line":40,"column":6}},"11":{"start":{"line":44,"column":4},"end":{"line":53,"column":5}},"12":{"start":{"line":45,"column":28},"end":{"line":45,"column":50}},"13":{"start":{"line":46,"column":8},"end":{"line":48,"column":9}},"14":{"start":{"line":47,"column":13},"end":{"line":47,"column":84}},"15":{"start":{"line":49,"column":8},"end":{"line":49,"column":58}},"16":{"start":{"line":51,"column":8},"end":{"line":51,"column":120}},"17":{"start":{"line":52,"column":8},"end":{"line":52,"column":35}},"18":{"start":{"line":56,"column":37},"end":{"line":59,"column":6}},"19":{"start":{"line":62,"column":4},"end":{"line":62,"column":58}},"20":{"start":{"line":72,"column":37},"end":{"line":101,"column":1}},"21":{"start":{"line":73,"column":28},"end":{"line":73,"column":51}},"22":{"start":{"line":74,"column":24},"end":{"line":74,"column":56}},"23":{"start":{"line":77,"column":4},"end":{"line":87,"column":5}},"24":{"start":{"line":78,"column":25},"end":{"line":78,"column":66}},"25":{"start":{"line":79,"column":9},"end":{"line":81,"column":9}},"26":{"start":{"line":80,"column":13},"end":{"line":80,"column":113}},"27":{"start":{"line":82,"column":8},"end":{"line":82,"column":53}},"28":{"start":{"line":84,"column":28},"end":{"line":84,"column":29}},"29":{"start":{"line":85,"column":8},"end":{"line":85,"column":155}},"30":{"start":{"line":86,"column":8},"end":{"line":86,"column":78}},"31":{"start":{"line":90,"column":4},"end":{"line":98,"column":7}},"32":{"start":{"line":99,"column":4},"end":{"line":99,"column":65}},"33":{"start":{"line":100,"column":4},"end":{"line":100,"column":27}},"34":{"start":{"line":111,"column":36},"end":{"line":135,"column":1}},"35":{"start":{"line":113,"column":33},"end":{"line":118,"column":6}},"36":{"start":{"line":120,"column":50},"end":{"line":120,"column":54}},"37":{"start":{"line":121,"column":4},"end":{"line":127,"column":5}},"38":{"start":{"line":122,"column":24},"end":{"line":122,"column":82}},"39":{"start":{"line":123,"column":9},"end":{"line":126,"column":10}},"40":{"start":{"line":124,"column":12},"end":{"line":124,"column":45}},"41":{"start":{"line":125,"column":12},"end":{"line":125,"column":18}},"42":{"start":{"line":129,"column":4},"end":{"line":131,"column":5}},"43":{"start":{"line":130,"column":8},"end":{"line":130,"column":97}},"44":{"start":{"line":133,"column":4},"end":{"line":133,"column":114}},"45":{"start":{"line":134,"column":4},"end":{"line":134,"column":30}},"46":{"start":{"line":146,"column":38},"end":{"line":190,"column":1}},"47":{"start":{"line":152,"column":27},"end":{"line":152,"column":46}},"48":{"start":{"line":153,"column":17},"end":{"line":153,"column":83}},"49":{"start":{"line":155,"column":35},"end":{"line":155,"column":134}},"50":{"start":{"line":157,"column":4},"end":{"line":160,"column":5}},"51":{"start":{"line":158,"column":8},"end":{"line":158,"column":64}},"52":{"start":{"line":159,"column":8},"end":{"line":159,"column":83}},"53":{"start":{"line":162,"column":4},"end":{"line":162,"column":40}},"54":{"start":{"line":163,"column":4},"end":{"line":163,"column":32}},"55":{"start":{"line":165,"column":28},"end":{"line":165,"column":77}},"56":{"start":{"line":166,"column":4},"end":{"line":169,"column":5}},"57":{"start":{"line":167,"column":8},"end":{"line":167,"column":68}},"58":{"start":{"line":168,"column":8},"end":{"line":168,"column":83}},"59":{"start":{"line":171,"column":4},"end":{"line":174,"column":5}},"60":{"start":{"line":172,"column":8},"end":{"line":172,"column":63}},"61":{"start":{"line":173,"column":8},"end":{"line":173,"column":81}},"62":{"start":{"line":177,"column":24},"end":{"line":177,"column":49}},"63":{"start":{"line":178,"column":28},"end":{"line":178,"column":90}},"64":{"start":{"line":180,"column":4},"end":{"line":180,"column":48}},"65":{"start":{"line":184,"column":53},"end":{"line":184,"column":57}},"66":{"start":{"line":186,"column":4},"end":{"line":189,"column":6}},"67":{"start":{"line":200,"column":26},"end":{"line":249,"column":1}},"68":{"start":{"line":205,"column":35},"end":{"line":205,"column":79}},"69":{"start":{"line":206,"column":4},"end":{"line":248,"column":5}},"70":{"start":{"line":208,"column":35},"end":{"line":208,"column":88}},"71":{"start":{"line":209,"column":8},"end":{"line":209,"column":54}},"72":{"start":{"line":210,"column":8},"end":{"line":210,"column":51}},"73":{"start":{"line":214,"column":8},"end":{"line":217,"column":11}},"74":{"start":{"line":218,"column":8},"end":{"line":218,"column":102}},"75":{"start":{"line":221,"column":21},"end":{"line":221,"column":95}},"76":{"start":{"line":223,"column":8},"end":{"line":226,"column":9}},"77":{"start":{"line":224,"column":12},"end":{"line":224,"column":100}},"78":{"start":{"line":225,"column":12},"end":{"line":225,"column":109}},"79":{"start":{"line":227,"column":8},"end":{"line":227,"column":44}},"80":{"start":{"line":230,"column":31},"end":{"line":230,"column":56}},"81":{"start":{"line":231,"column":35},"end":{"line":231,"column":97}},"82":{"start":{"line":233,"column":8},"end":{"line":233,"column":70}},"83":{"start":{"line":234,"column":8},"end":{"line":237,"column":10}},"84":{"start":{"line":240,"column":8},"end":{"line":240,"column":33}},"85":{"start":{"line":241,"column":8},"end":{"line":244,"column":9}},"86":{"start":{"line":242,"column":13},"end":{"line":242,"column":91}},"87":{"start":{"line":243,"column":12},"end":{"line":243,"column":24}},"88":{"start":{"line":245,"column":8},"end":{"line":245,"column":63}},"89":{"start":{"line":247,"column":8},"end":{"line":247,"column":114}},"90":{"start":{"line":256,"column":19},"end":{"line":283,"column":1}},"91":{"start":{"line":257,"column":35},"end":{"line":257,"column":61}},"92":{"start":{"line":258,"column":4},"end":{"line":282,"column":5}},"93":{"start":{"line":260,"column":35},"end":{"line":260,"column":85}},"94":{"start":{"line":261,"column":8},"end":{"line":261,"column":54}},"95":{"start":{"line":262,"column":8},"end":{"line":262,"column":51}},"96":{"start":{"line":265,"column":8},"end":{"line":268,"column":11}},"97":{"start":{"line":269,"column":8},"end":{"line":269,"column":81}},"98":{"start":{"line":272,"column":8},"end":{"line":272,"column":33}},"99":{"start":{"line":274,"column":9},"end":{"line":279,"column":10}},"100":{"start":{"line":275,"column":12},"end":{"line":275,"column":115}},"101":{"start":{"line":278,"column":13},"end":{"line":278,"column":69}},"102":{"start":{"line":291,"column":23},"end":{"line":350,"column":1}},"103":{"start":{"line":292,"column":27},"end":{"line":292,"column":46}},"104":{"start":{"line":293,"column":17},"end":{"line":293,"column":83}},"105":{"start":{"line":295,"column":35},"end":{"line":295,"column":132}},"106":{"start":{"line":298,"column":4},"end":{"line":301,"column":5}},"107":{"start":{"line":299,"column":8},"end":{"line":299,"column":87}},"108":{"start":{"line":300,"column":8},"end":{"line":300,"column":15}},"109":{"start":{"line":303,"column":4},"end":{"line":303,"column":32}},"110":{"start":{"line":304,"column":4},"end":{"line":304,"column":40}},"111":{"start":{"line":307,"column":26},"end":{"line":307,"column":47}},"112":{"start":{"line":308,"column":24},"end":{"line":308,"column":54}},"113":{"start":{"line":310,"column":4},"end":{"line":319,"column":5}},"114":{"start":{"line":311,"column":25},"end":{"line":311,"column":58}},"115":{"start":{"line":312,"column":9},"end":{"line":314,"column":9}},"116":{"start":{"line":313,"column":13},"end":{"line":313,"column":95}},"117":{"start":{"line":315,"column":8},"end":{"line":315,"column":53}},"118":{"start":{"line":317,"column":9},"end":{"line":317,"column":139}},"119":{"start":{"line":318,"column":9},"end":{"line":318,"column":60}},"120":{"start":{"line":322,"column":4},"end":{"line":322,"column":92}},"121":{"start":{"line":323,"column":4},"end":{"line":329,"column":7}},"122":{"start":{"line":330,"column":4},"end":{"line":330,"column":60}},"123":{"start":{"line":333,"column":21},"end":{"line":333,"column":80}},"124":{"start":{"line":336,"column":22},"end":{"line":341,"column":6}},"125":{"start":{"line":343,"column":4},"end":{"line":348,"column":5}},"126":{"start":{"line":344,"column":8},"end":{"line":344,"column":79}},"127":{"start":{"line":346,"column":8},"end":{"line":346,"column":72}},"128":{"start":{"line":360,"column":22},"end":{"line":431,"column":1}},"129":{"start":{"line":362,"column":35},"end":{"line":362,"column":122}},"130":{"start":{"line":365,"column":35},"end":{"line":370,"column":7}},"131":{"start":{"line":372,"column":57},"end":{"line":372,"column":61}},"132":{"start":{"line":373,"column":5},"end":{"line":380,"column":6}},"133":{"start":{"line":375,"column":25},"end":{"line":375,"column":81}},"134":{"start":{"line":376,"column":9},"end":{"line":379,"column":10}},"135":{"start":{"line":377,"column":12},"end":{"line":377,"column":45}},"136":{"start":{"line":378,"column":12},"end":{"line":378,"column":18}},"137":{"start":{"line":382,"column":4},"end":{"line":385,"column":5}},"138":{"start":{"line":383,"column":8},"end":{"line":383,"column":101}},"139":{"start":{"line":384,"column":8},"end":{"line":384,"column":95}},"140":{"start":{"line":387,"column":4},"end":{"line":387,"column":50}},"141":{"start":{"line":388,"column":4},"end":{"line":388,"column":47}},"142":{"start":{"line":391,"column":17},"end":{"line":391,"column":91}},"143":{"start":{"line":392,"column":4},"end":{"line":397,"column":5}},"144":{"start":{"line":393,"column":8},"end":{"line":393,"column":105}},"145":{"start":{"line":395,"column":8},"end":{"line":395,"column":118}},"146":{"start":{"line":396,"column":8},"end":{"line":396,"column":101}},"147":{"start":{"line":399,"column":4},"end":{"line":399,"column":40}},"148":{"start":{"line":400,"column":4},"end":{"line":400,"column":34}},"149":{"start":{"line":404,"column":28},"end":{"line":404,"column":62}},"150":{"start":{"line":407,"column":4},"end":{"line":430,"column":5}},"151":{"start":{"line":409,"column":8},"end":{"line":423,"column":11}},"152":{"start":{"line":410,"column":12},"end":{"line":413,"column":15}},"153":{"start":{"line":414,"column":12},"end":{"line":417,"column":15}},"154":{"start":{"line":419,"column":12},"end":{"line":422,"column":15}},"155":{"start":{"line":424,"column":9},"end":{"line":424,"column":62}},"156":{"start":{"line":426,"column":8},"end":{"line":426,"column":33}},"157":{"start":{"line":427,"column":8},"end":{"line":427,"column":70}},"158":{"start":{"line":429,"column":8},"end":{"line":429,"column":116}},"159":{"start":{"line":435,"column":13},"end":{"line":441,"column":2}}},"fnMap":{"0":{"name":"(anonymous_1)","decl":{"start":{"line":36,"column":28},"end":{"line":36,"column":29}},"loc":{"start":{"line":36,"column":51},"end":{"line":63,"column":1}}},"1":{"name":"(anonymous_2)","decl":{"start":{"line":72,"column":37},"end":{"line":72,"column":42}},"loc":{"start":{"line":72,"column":115},"end":{"line":101,"column":1}}},"2":{"name":"(anonymous_3)","decl":{"start":{"line":111,"column":36},"end":{"line":111,"column":41}},"loc":{"start":{"line":111,"column":93},"end":{"line":135,"column":1}}},"3":{"name":"(anonymous_4)","decl":{"start":{"line":146,"column":38},"end":{"line":146,"column":43}},"loc":{"start":{"line":151,"column":71},"end":{"line":190,"column":1}}},"4":{"name":"(anonymous_5)","decl":{"start":{"line":200,"column":26},"end":{"line":200,"column":31}},"loc":{"start":{"line":204,"column":25},"end":{"line":249,"column":1}}},"5":{"name":"(anonymous_6)","decl":{"start":{"line":256,"column":19},"end":{"line":256,"column":24}},"loc":{"start":{"line":256,"column":68},"end":{"line":283,"column":1}}},"6":{"name":"(anonymous_7)","decl":{"start":{"line":291,"column":23},"end":{"line":291,"column":28}},"loc":{"start":{"line":291,"column":62},"end":{"line":350,"column":1}}},"7":{"name":"(anonymous_8)","decl":{"start":{"line":360,"column":22},"end":{"line":360,"column":27}},"loc":{"start":{"line":360,"column":90},"end":{"line":431,"column":1}}},"8":{"name":"(anonymous_9)","decl":{"start":{"line":409,"column":34},"end":{"line":409,"column":39}},"loc":{"start":{"line":409,"column":73},"end":{"line":423,"column":9}}}},"branchMap":{"0":{"loc":{"start":{"line":46,"column":8},"end":{"line":48,"column":9}},"type":"if","locations":[{"start":{"line":46,"column":8},"end":{"line":48,"column":9}}]},"1":{"loc":{"start":{"line":46,"column":12},"end":{"line":46,"column":85}},"type":"binary-expr","locations":[{"start":{"line":46,"column":12},"end":{"line":46,"column":43}},{"start":{"line":46,"column":47},"end":{"line":46,"column":65}},{"start":{"line":46,"column":69},"end":{"line":46,"column":85}}]},"2":{"loc":{"start":{"line":79,"column":9},"end":{"line":81,"column":9}},"type":"if","locations":[{"start":{"line":79,"column":9},"end":{"line":81,"column":9}}]},"3":{"loc":{"start":{"line":79,"column":13},"end":{"line":79,"column":77}},"type":"binary-expr","locations":[{"start":{"line":79,"column":13},"end":{"line":79,"column":41}},{"start":{"line":79,"column":45},"end":{"line":79,"column":60}},{"start":{"line":79,"column":64},"end":{"line":79,"column":77}}]},"4":{"loc":{"start":{"line":123,"column":9},"end":{"line":126,"column":10}},"type":"if","locations":[{"start":{"line":123,"column":9},"end":{"line":126,"column":10}}]},"5":{"loc":{"start":{"line":129,"column":4},"end":{"line":131,"column":5}},"type":"if","locations":[{"start":{"line":129,"column":4},"end":{"line":131,"column":5}}]},"6":{"loc":{"start":{"line":157,"column":4},"end":{"line":160,"column":5}},"type":"if","locations":[{"start":{"line":157,"column":4},"end":{"line":160,"column":5}}]},"7":{"loc":{"start":{"line":166,"column":4},"end":{"line":169,"column":5}},"type":"if","locations":[{"start":{"line":166,"column":4},"end":{"line":169,"column":5}}]},"8":{"loc":{"start":{"line":171,"column":4},"end":{"line":174,"column":5}},"type":"if","locations":[{"start":{"line":171,"column":4},"end":{"line":174,"column":5}}]},"9":{"loc":{"start":{"line":223,"column":8},"end":{"line":226,"column":9}},"type":"if","locations":[{"start":{"line":223,"column":8},"end":{"line":226,"column":9}}]},"10":{"loc":{"start":{"line":223,"column":12},"end":{"line":223,"column":35}},"type":"binary-expr","locations":[{"start":{"line":223,"column":12},"end":{"line":223,"column":17}},{"start":{"line":223,"column":21},"end":{"line":223,"column":35}}]},"11":{"loc":{"start":{"line":241,"column":8},"end":{"line":244,"column":9}},"type":"if","locations":[{"start":{"line":241,"column":8},"end":{"line":244,"column":9}}]},"12":{"loc":{"start":{"line":241,"column":12},"end":{"line":241,"column":85}},"type":"binary-expr","locations":[{"start":{"line":241,"column":12},"end":{"line":241,"column":37}},{"start":{"line":241,"column":41},"end":{"line":241,"column":85}}]},"13":{"loc":{"start":{"line":274,"column":9},"end":{"line":279,"column":10}},"type":"if","locations":[{"start":{"line":274,"column":9},"end":{"line":279,"column":10}},{"start":{"line":276,"column":16},"end":{"line":279,"column":10}}]},"14":{"loc":{"start":{"line":274,"column":13},"end":{"line":274,"column":86}},"type":"binary-expr","locations":[{"start":{"line":274,"column":13},"end":{"line":274,"column":38}},{"start":{"line":274,"column":42},"end":{"line":274,"column":86}}]},"15":{"loc":{"start":{"line":298,"column":4},"end":{"line":301,"column":5}},"type":"if","locations":[{"start":{"line":298,"column":4},"end":{"line":301,"column":5}}]},"16":{"loc":{"start":{"line":298,"column":8},"end":{"line":298,"column":31}},"type":"binary-expr","locations":[{"start":{"line":298,"column":8},"end":{"line":298,"column":13}},{"start":{"line":298,"column":17},"end":{"line":298,"column":31}}]},"17":{"loc":{"start":{"line":312,"column":9},"end":{"line":314,"column":9}},"type":"if","locations":[{"start":{"line":312,"column":9},"end":{"line":314,"column":9}}]},"18":{"loc":{"start":{"line":312,"column":13},"end":{"line":312,"column":77}},"type":"binary-expr","locations":[{"start":{"line":312,"column":13},"end":{"line":312,"column":41}},{"start":{"line":312,"column":45},"end":{"line":312,"column":60}},{"start":{"line":312,"column":64},"end":{"line":312,"column":77}}]},"19":{"loc":{"start":{"line":343,"column":4},"end":{"line":348,"column":5}},"type":"if","locations":[{"start":{"line":343,"column":4},"end":{"line":348,"column":5}},{"start":{"line":345,"column":11},"end":{"line":348,"column":5}}]},"20":{"loc":{"start":{"line":376,"column":9},"end":{"line":379,"column":10}},"type":"if","locations":[{"start":{"line":376,"column":9},"end":{"line":379,"column":10}}]},"21":{"loc":{"start":{"line":382,"column":4},"end":{"line":385,"column":5}},"type":"if","locations":[{"start":{"line":382,"column":4},"end":{"line":385,"column":5}}]},"22":{"loc":{"start":{"line":392,"column":4},"end":{"line":397,"column":5}},"type":"if","locations":[{"start":{"line":392,"column":4},"end":{"line":397,"column":5}}]},"23":{"loc":{"start":{"line":392,"column":8},"end":{"line":392,"column":31}},"type":"binary-expr","locations":[{"start":{"line":392,"column":8},"end":{"line":392,"column":13}},{"start":{"line":392,"column":17},"end":{"line":392,"column":31}}]}},"s":{"0":1,"1":1,"2":1,"3":1,"4":1,"5":1,"6":1,"7":1,"8":1,"9":1,"10":0,"11":0,"12":0,"13":0,"14":0,"15":0,"16":0,"17":0,"18":0,"19":0,"20":1,"21":0,"22":0,"23":0,"24":0,"25":0,"26":0,"27":0,"28":0,"29":0,"30":0,"31":0,"32":0,"33":0,"34":1,"35":0,"36":0,"37":0,"38":0,"39":0,"40":0,"41":0,"42":0,"43":0,"44":0,"45":0,"46":1,"47":0,"48":0,"49":0,"50":0,"51":0,"52":0,"53":0,"54":0,"55":0,"56":0,"57":0,"58":0,"59":0,"60":0,"61":0,"62":0,"63":0,"64":0,"65":0,"66":0,"67":1,"68":0,"69":0,"70":0,"71":0,"72":0,"73":0,"74":0,"75":0,"76":0,"77":0,"78":0,"79":0,"80":0,"81":0,"82":0,"83":0,"84":0,"85":0,"86":0,"87":0,"88":0,"89":0,"90":1,"91":0,"92":0,"93":0,"94":0,"95":0,"96":0,"97":0,"98":0,"99":0,"100":0,"101":0,"102":1,"103":0,"104":0,"105":0,"106":0,"107":0,"108":0,"109":0,"110":0,"111":0,"112":0,"113":0,"114":0,"115":0,"116":0,"117":0,"118":0,"119":0,"120":0,"121":0,"122":0,"123":0,"124":0,"125":0,"126":0,"127":0,"128":1,"129":0,"130":0,"131":0,"132":0,"133":0,"134":0,"135":0,"136":0,"137":0,"138":0,"139":0,"140":0,"141":0,"142":0,"143":0,"144":0,"145":0,"146":0,"147":0,"148":0,"149":0,"150":0,"151":0,"152":0,"153":0,"154":0,"155":0,"156":0,"157":0,"158":0,"159":1},"f":{"0":0,"1":0,"2":0,"3":0,"4":0,"5":0,"6":0,"7":0,"8":0},"b":{"0":[0],"1":[0,0,0],"2":[0],"3":[0,0,0],"4":[0],"5":[0],"6":[0],"7":[0],"8":[0],"9":[0],"10":[0,0],"11":[0],"12":[0,0],"13":[0,0],"14":[0,0],"15":[0],"16":[0,0],"17":[0],"18":[0,0,0],"19":[0,0],"20":[0],"21":[0],"22":[0],"23":[0,0]}}
,"C:\\Users\\TestSolutions\\Documents\\newInvepro\\inveprobackend\\src\\modules\\auth\\dto\\forgot-password.dto.ts": {"path":"C:\\Users\\TestSolutions\\Documents\\newInvepro\\inveprobackend\\src\\modules\\auth\\dto\\forgot-password.dto.ts","statementMap":{"0":{"start":{"line":12,"column":0},"end":{"line":12,"column":54}},"1":{"start":{"line":14,"column":0},"end":{"line":14,"column":13}},"2":{"start":{"line":17,"column":2},"end":{"line":17,"column":null}}},"fnMap":{},"branchMap":{},"s":{"0":1,"1":1,"2":1},"f":{},"b":{}}
,"C:\\Users\\TestSolutions\\Documents\\newInvepro\\inveprobackend\\src\\modules\\auth\\dto\\login.dto.ts": {"path":"C:\\Users\\TestSolutions\\Documents\\newInvepro\\inveprobackend\\src\\modules\\auth\\dto\\login.dto.ts","statementMap":{"0":{"start":{"line":2,"column":0},"end":{"line":2,"column":75}},"1":{"start":{"line":4,"column":0},"end":{"line":4,"column":13}},"2":{"start":{"line":7,"column":2},"end":{"line":7,"column":null}},"3":{"start":{"line":12,"column":2},"end":{"line":12,"column":null}}},"fnMap":{},"branchMap":{},"s":{"0":1,"1":1,"2":1,"3":1},"f":{},"b":{}}
,"C:\\Users\\TestSolutions\\Documents\\newInvepro\\inveprobackend\\src\\modules\\auth\\dto\\reset-password.dto.ts": {"path":"C:\\Users\\TestSolutions\\Documents\\newInvepro\\inveprobackend\\src\\modules\\auth\\dto\\reset-password.dto.ts","statementMap":{"0":{"start":{"line":2,"column":0},"end":{"line":2,"column":86}},"1":{"start":{"line":4,"column":0},"end":{"line":4,"column":13}},"2":{"start":{"line":7,"column":2},"end":{"line":7,"column":null}},"3":{"start":{"line":17,"column":2},"end":{"line":17,"column":null}}},"fnMap":{},"branchMap":{},"s":{"0":1,"1":1,"2":1,"3":1},"f":{},"b":{}}
,"C:\\Users\\TestSolutions\\Documents\\newInvepro\\inveprobackend\\src\\modules\\category\\category.controller.ts": {"path":"C:\\Users\\TestSolutions\\Documents\\newInvepro\\inveprobackend\\src\\modules\\category\\category.controller.ts","statementMap":{"0":{"start":{"line":3,"column":0},"end":{"line":3,"column":37}},"1":{"start":{"line":4,"column":0},"end":{"line":4,"column":53}},"2":{"start":{"line":5,"column":0},"end":{"line":5,"column":44}},"3":{"start":{"line":6,"column":0},"end":{"line":6,"column":40}},"4":{"start":{"line":7,"column":0},"end":{"line":7,"column":32}},"5":{"start":{"line":8,"column":0},"end":{"line":8,"column":72}},"6":{"start":{"line":11,"column":23},"end":{"line":16,"column":2}},"7":{"start":{"line":12,"column":21},"end":{"line":12,"column":48}},"8":{"start":{"line":14,"column":21},"end":{"line":14,"column":77}},"9":{"start":{"line":15,"column":4},"end":{"line":15,"column":50}},"10":{"start":{"line":18,"column":22},"end":{"line":56,"column":2}},"11":{"start":{"line":19,"column":21},"end":{"line":19,"column":48}},"12":{"start":{"line":21,"column":25},"end":{"line":21,"column":74}},"13":{"start":{"line":22,"column":20},"end":{"line":22,"column":60}},"14":{"start":{"line":24,"column":27},"end":{"line":24,"column":55}},"15":{"start":{"line":27,"column":46},"end":{"line":27,"column":58}},"16":{"start":{"line":28,"column":4},"end":{"line":33,"column":5}},"17":{"start":{"line":29,"column":8},"end":{"line":29,"column":66}},"18":{"start":{"line":30,"column":11},"end":{"line":33,"column":5}},"19":{"start":{"line":32,"column":8},"end":{"line":32,"column":39}},"20":{"start":{"line":34,"column":4},"end":{"line":36,"column":5}},"21":{"start":{"line":35,"column":9},"end":{"line":35,"column":86}},"22":{"start":{"line":40,"column":63},"end":{"line":40,"column":65}},"23":{"start":{"line":41,"column":5},"end":{"line":48,"column":5}},"24":{"start":{"line":42,"column":30},"end":{"line":42,"column":66}},"25":{"start":{"line":43,"column":8},"end":{"line":47,"column":9}},"26":{"start":{"line":44,"column":12},"end":{"line":46,"column":13}},"27":{"start":{"line":45,"column":16},"end":{"line":45,"column":47}},"28":{"start":{"line":49,"column":4},"end":{"line":49,"column":83}},"29":{"start":{"line":49,"column":51},"end":{"line":49,"column":81}},"30":{"start":{"line":52,"column":19},"end":{"line":52,"column":89}},"31":{"start":{"line":55,"column":4},"end":{"line":55,"column":43}},"32":{"start":{"line":58,"column":20},"end":{"line":63,"column":2}},"33":{"start":{"line":59,"column":21},"end":{"line":59,"column":48}},"34":{"start":{"line":60,"column":21},"end":{"line":60,"column":91}},"35":{"start":{"line":61,"column":4},"end":{"line":61,"column":86}},"36":{"start":{"line":61,"column":21},"end":{"line":61,"column":84}},"37":{"start":{"line":62,"column":4},"end":{"line":62,"column":45}},"38":{"start":{"line":65,"column":23},"end":{"line":70,"column":2}},"39":{"start":{"line":66,"column":21},"end":{"line":66,"column":48}},"40":{"start":{"line":68,"column":21},"end":{"line":68,"column":104}},"41":{"start":{"line":69,"column":4},"end":{"line":69,"column":45}},"42":{"start":{"line":72,"column":23},"end":{"line":76,"column":2}},"43":{"start":{"line":73,"column":21},"end":{"line":73,"column":48}},"44":{"start":{"line":74,"column":4},"end":{"line":74,"column":78}},"45":{"start":{"line":75,"column":4},"end":{"line":75,"column":45}},"46":{"start":{"line":78,"column":13},"end":{"line":84,"column":2}}},"fnMap":{"0":{"name":"(anonymous_1)","decl":{"start":{"line":11,"column":34},"end":{"line":11,"column":39}},"loc":{"start":{"line":11,"column":72},"end":{"line":16,"column":1}}},"1":{"name":"(anonymous_2)","decl":{"start":{"line":18,"column":33},"end":{"line":18,"column":38}},"loc":{"start":{"line":18,"column":71},"end":{"line":56,"column":1}}},"2":{"name":"(anonymous_3)","decl":{"start":{"line":58,"column":31},"end":{"line":58,"column":36}},"loc":{"start":{"line":58,"column":69},"end":{"line":63,"column":1}}},"3":{"name":"(anonymous_4)","decl":{"start":{"line":65,"column":34},"end":{"line":65,"column":39}},"loc":{"start":{"line":65,"column":72},"end":{"line":70,"column":1}}},"4":{"name":"(anonymous_5)","decl":{"start":{"line":72,"column":34},"end":{"line":72,"column":39}},"loc":{"start":{"line":72,"column":72},"end":{"line":76,"column":1}}}},"branchMap":{"0":{"loc":{"start":{"line":28,"column":4},"end":{"line":33,"column":5}},"type":"if","locations":[{"start":{"line":28,"column":4},"end":{"line":33,"column":5}},{"start":{"line":30,"column":11},"end":{"line":33,"column":5}}]},"1":{"loc":{"start":{"line":30,"column":11},"end":{"line":33,"column":5}},"type":"if","locations":[{"start":{"line":30,"column":11},"end":{"line":33,"column":5}}]},"2":{"loc":{"start":{"line":30,"column":15},"end":{"line":30,"column":66}},"type":"binary-expr","locations":[{"start":{"line":30,"column":15},"end":{"line":30,"column":47}},{"start":{"line":30,"column":51},"end":{"line":30,"column":66}}]},"3":{"loc":{"start":{"line":34,"column":4},"end":{"line":36,"column":5}},"type":"if","locations":[{"start":{"line":34,"column":4},"end":{"line":36,"column":5}}]},"4":{"loc":{"start":{"line":41,"column":5},"end":{"line":48,"column":5}},"type":"if","locations":[{"start":{"line":41,"column":5},"end":{"line":48,"column":5}}]},"5":{"loc":{"start":{"line":43,"column":8},"end":{"line":47,"column":9}},"type":"if","locations":[{"start":{"line":43,"column":8},"end":{"line":47,"column":9}}]},"6":{"loc":{"start":{"line":43,"column":12},"end":{"line":43,"column":56}},"type":"binary-expr","locations":[{"start":{"line":43,"column":12},"end":{"line":43,"column":15}},{"start":{"line":43,"column":20},"end":{"line":43,"column":35}},{"start":{"line":43,"column":39},"end":{"line":43,"column":55}}]},"7":{"loc":{"start":{"line":44,"column":12},"end":{"line":46,"column":13}},"type":"if","locations":[{"start":{"line":44,"column":12},"end":{"line":46,"column":13}}]},"8":{"loc":{"start":{"line":49,"column":4},"end":{"line":49,"column":83}},"type":"if","locations":[{"start":{"line":49,"column":4},"end":{"line":49,"column":83}}]},"9":{"loc":{"start":{"line":49,"column":8},"end":{"line":49,"column":47}},"type":"binary-expr","locations":[{"start":{"line":49,"column":8},"end":{"line":49,"column":28}},{"start":{"line":49,"column":32},"end":{"line":49,"column":47}}]},"10":{"loc":{"start":{"line":61,"column":4},"end":{"line":61,"column":86}},"type":"if","locations":[{"start":{"line":61,"column":4},"end":{"line":61,"column":86}}]}},"s":{"0":1,"1":1,"2":1,"3":1,"4":1,"5":1,"6":1,"7":0,"8":0,"9":0,"10":1,"11":0,"12":0,"13":0,"14":0,"15":0,"16":0,"17":0,"18":0,"19":0,"20":0,"21":0,"22":0,"23":0,"24":0,"25":0,"26":0,"27":0,"28":0,"29":0,"30":0,"31":0,"32":1,"33":0,"34":0,"35":0,"36":0,"37":0,"38":1,"39":0,"40":0,"41":0,"42":1,"43":0,"44":0,"45":0,"46":1},"f":{"0":0,"1":0,"2":0,"3":0,"4":0
[...]
n":160}},"25":{"start":{"line":75,"column":12},"end":{"line":75,"column":29}},"26":{"start":{"line":77,"column":12},"end":{"line":77,"column":34}},"27":{"start":{"line":82,"column":4},"end":{"line":145,"column":5}},"28":{"start":{"line":83,"column":8},"end":{"line":144,"column":9}},"29":{"start":{"line":85,"column":16},"end":{"line":85,"column":59}},"30":{"start":{"line":86,"column":16},"end":{"line":86,"column":55}},"31":{"start":{"line":87,"column":16},"end":{"line":87,"column":60}},"32":{"start":{"line":88,"column":16},"end":{"line":88,"column":56}},"33":{"start":{"line":89,"column":16},"end":{"line":89,"column":42}},"34":{"start":{"line":90,"column":16},"end":{"line":90,"column":22}},"35":{"start":{"line":92,"column":16},"end":{"line":92,"column":59}},"36":{"start":{"line":93,"column":16},"end":{"line":93,"column":43}},"37":{"start":{"line":94,"column":16},"end":{"line":94,"column":65}},"38":{"start":{"line":95,"column":16},"end":{"line":95,"column":68}},"39":{"start":{"line":96,"column":16},"end":{"line":96,"column":44}},"40":{"start":{"line":97,"column":16},"end":{"line":97,"column":22}},"41":{"start":{"line":99,"column":16},"end":{"line":99,"column":60}},"42":{"start":{"line":100,"column":16},"end":{"line":100,"column":43}},"43":{"start":{"line":101,"column":17},"end":{"line":101,"column":66}},"44":{"start":{"line":102,"column":17},"end":{"line":102,"column":70}},"45":{"start":{"line":103,"column":16},"end":{"line":103,"column":45}},"46":{"start":{"line":104,"column":16},"end":{"line":104,"column":22}},"47":{"start":{"line":106,"column":16},"end":{"line":106,"column":49}},"48":{"start":{"line":107,"column":16},"end":{"line":107,"column":43}},"49":{"start":{"line":108,"column":16},"end":{"line":108,"column":64}},"50":{"start":{"line":110,"column":40},"end":{"line":110,"column":65}},"51":{"start":{"line":111,"column":42},"end":{"line":111,"column":65}},"52":{"start":{"line":112,"column":17},"end":{"line":112,"column":101}},"53":{"start":{"line":113,"column":17},"end":{"line":113,"column":44}},"54":{"start":{"line":114,"column":16},"end":{"line":114,"column":22}},"55":{"start":{"line":116,"column":17},"end":{"line":116,"column":64}},"56":{"start":{"line":117,"column":17},"end":{"line":117,"column":60}},"57":{"start":{"line":118,"column":17},"end":{"line":118,"column":65}},"58":{"start":{"line":119,"column":17},"end":{"line":119,"column":61}},"59":{"start":{"line":120,"column":17},"end":{"line":120,"column":44}},"60":{"start":{"line":121,"column":17},"end":{"line":121,"column":23}},"61":{"start":{"line":123,"column":16},"end":{"line":123,"column":48}},"62":{"start":{"line":124,"column":16},"end":{"line":124,"column":43}},"63":{"start":{"line":125,"column":16},"end":{"line":125,"column":62}},"64":{"start":{"line":126,"column":16},"end":{"line":126,"column":57}},"65":{"start":{"line":127,"column":16},"end":{"line":127,"column":42}},"66":{"start":{"line":128,"column":16},"end":{"line":128,"column":22}},"67":{"start":{"line":130,"column":17},"end":{"line":130,"column":62}},"68":{"start":{"line":131,"column":17},"end":{"line":131,"column":58}},"69":{"start":{"line":132,"column":17},"end":{"line":132,"column":63}},"70":{"start":{"line":133,"column":17},"end":{"line":133,"column":59}},"71":{"start":{"line":134,"column":17},"end":{"line":134,"column":43}},"72":{"start":{"line":135,"column":17},"end":{"line":135,"column":23}},"73":{"start":{"line":138,"column":16},"end":{"line":138,"column":47}},"74":{"start":{"line":139,"column":16},"end":{"line":139,"column":43}},"75":{"start":{"line":140,"column":16},"end":{"line":140,"column":60}},"76":{"start":{"line":141,"column":16},"end":{"line":141,"column":56}},"77":{"start":{"line":142,"column":16},"end":{"line":142,"column":38}},"78":{"start":{"line":143,"column":16},"end":{"line":143,"column":22}},"79":{"start":{"line":154,"column":4},"end":{"line":158,"column":6}}},"fnMap":{"0":{"name":"getDateRange","decl":{"start":{"line":31,"column":16},"end":{"line":31,"column":28}},"loc":{"start":{"line":34,"column":30},"end":{"line":159,"column":1}}}},"branchMap":{"0":{"loc":{"start":{"line":32,"column":4},"end":{"line":32,"column":33}},"type":"default-arg","locations":[{"start":{"line":32,"column":26},"end":{"line":32,"column":33}}]},"1":{"loc":{"start":{"line":50,"column":4},"end":{"line":79,"column":5}},"type":"if","locations":[{"start":{"line":50,"column":4},"end":{"line":79,"column":5}}]},"2":{"loc":{"start":{"line":50,"column":8},"end":{"line":50,"column":43}},"type":"binary-expr","locations":[{"start":{"line":50,"column":8},"end":{"line":50,"column":27}},{"start":{"line":50,"column":31},"end":{"line":50,"column":43}}]},"3":{"loc":{"start":{"line":54,"column":30},"end":{"line":54,"column":97}},"type":"cond-expr","locations":[{"start":{"line":54,"column":43},"end":{"line":54,"column":73}},{"start":{"line":54,"column":76},"end":{"line":54,"column":97}}]},"4":{"loc":{"start":{"line":57,"column":12},"end":{"line":59,"column":13}},"type":"if","locations":[{"start":{"line":57,"column":12},"end":{"line":59,"column":13}}]},"5":{"loc":{"start":{"line":74,"column":141},"end":{"line":74,"column":156}},"type":"binary-expr","locations":[{"start":{"line":74,"column":141},"end":{"line":74,"column":151}},{"start":{"line":74,"column":155},"end":{"line":74,"column":156}}]},"6":{"loc":{"start":{"line":82,"column":4},"end":{"line":145,"column":5}},"type":"if","locations":[{"start":{"line":82,"column":4},"end":{"line":145,"column":5}}]},"7":{"loc":{"start":{"line":83,"column":8},"end":{"line":144,"column":9}},"type":"switch","locations":[{"start":{"line":84,"column":12},"end":{"line":90,"column":22}},{"start":{"line":91,"column":12},"end":{"line":97,"column":22}},{"start":{"line":98,"column":12},"end":{"line":104,"column":22}},{"start":{"line":105,"column":12},"end":{"line":114,"column":22}},{"start":{"line":115,"column":12},"end":{"line":121,"column":23}},{"start":{"line":122,"column":12},"end":{"line":128,"column":22}},{"start":{"line":129,"column":13},"end":{"line":135,"column":23}},{"start":{"line":136,"column":12},"end":{"line":136,"column":25}},{"start":{"line":137,"column":12},"end":{"line":143,"column":22}}]},"8":{"loc":{"start":{"line":112,"column":31},"end":{"line":112,"column":100}},"type":"cond-expr","locations":[{"start":{"line":112,"column":67},"end":{"line":112,"column":81}},{"start":{"line":112,"column":84},"end":{"line":112,"column":100}}]}},"s":{"0":1,"1":1,"2":1,"3":0,"4":0,"5":0,"6":0,"7":0,"8":0,"9":0,"10":0,"11":0,"12":0,"13":0,"14":0,"15":0,"16":0,"17":0,"18":0,"19":0,"20":0,"21":0,"22":0,"23":0,"24":0,"25":0,"26":0,"27":0,"28":0,"29":0,"30":0,"31":0,"32":0,"33":0,"34":0,"35":0,"36":0,"37":0,"38":0,"39":0,"40":0,"41":0,"42":0,"43":0,"44":0,"45":0,"46":0,"47":0,"48":0,"49":0,"50":0,"51":0,"52":0,"53":0,"54":0,"55":0,"56":0,"57":0,"58":0,"59":0,"60":0,"61":0,"62":0,"63":0,"64":0,"65":0,"66":0,"67":0,"68":0,"69":0,"70":0,"71":0,"72":0,"73":0,"74":0,"75":0,"76":0,"77":0,"78":0,"79":0},"f":{"0":0},"b":{"0":[0],"1":[0],"2":[0,0],"3":[0,0],"4":[0],"5":[0,0],"6":[0],"7":[0,0,0,0,0,0,0,0,0],"8":[0,0]}}
,"C:\\Users\\TestSolutions\\Documents\\newInvepro\\inveprobackend\\src\\utils\\email.service.ts": {"path":"C:\\Users\\TestSolutions\\Documents\\newInvepro\\inveprobackend\\src\\utils\\email.service.ts","statementMap":{"0":{"start":{"line":2,"column":0},"end":{"line":2,"column":30}},"1":{"start":{"line":3,"column":0},"end":{"line":3,"column":31}},"2":{"start":{"line":12,"column":18},"end":{"line":54,"column":1}},"3":{"start":{"line":21,"column":2},"end":{"line":21,"column":41}},"4":{"start":{"line":22,"column":2},"end":{"line":22,"column":35}},"5":{"start":{"line":23,"column":2},"end":{"line":23,"column":77}},"6":{"start":{"line":24,"column":2},"end":{"line":24,"column":45}},"7":{"start":{"line":25,"column":2},"end":{"line":25,"column":44}},"8":{"start":{"line":26,"column":2},"end":{"line":28,"column":3}},"9":{"start":{"line":27,"column":6},"end":{"line":27,"column":47}},"10":{"start":{"line":29,"column":2},"end":{"line":29,"column":41}},"11":{"start":{"line":32,"column":2},"end":{"line":32,"column":14}},"12":{"start":{"line":56,"column":13},"end":{"line":58,"column":2}}},"fnMap":{"0":{"name":"(anonymous_1)","decl":{"start":{"line":12,"column":18},"end":{"line":12,"column":23}},"loc":{"start":{"line":12,"column":68},"end":{"line":54,"column":1}}}},"branchMap":{"0":{"loc":{"start":{"line":23,"column":23},"end":{"line":23,"column":73}},"type":"binary-expr","locations":[{"start":{"line":23,"column":23},"end":{"line":23,"column":45}},{"start":{"line":23,"column":49},"end":{"line":23,"column":73}}]},"1":{"loc":{"start":{"line":26,"column":2},"end":{"line":28,"column":3}},"type":"if","locations":[{"start":{"line":26,"column":2},"end":{"line":28,"column":3}}]}},"s":{"0":1,"1":1,"2":1,"3":0,"4":0,"5":0,"6":0,"7":0,"8":0,"9":0,"10":0,"11":0,"12":1},"f":{"0":0},"b":{"0":[0,0],"1":[0]}}
,"C:\\Users\\TestSolutions\\Documents\\newInvepro\\inveprobackend\\src\\utils\\logger.ts": {"path":"C:\\Users\\TestSolutions\\Documents\\newInvepro\\inveprobackend\\src\\utils\\logger.ts","statementMap":{"0":{"start":{"line":2,"column":0},"end":{"line":2,"column":30}},"1":{"start":{"line":7,"column":24},"end":{"line":7,"column":108}},"2":{"start":{"line":9,"column":20},"end":{"line":9,"column":82}},"3":{"start":{"line":10,"column":29},"end":{"line":10,"column":93}},"4":{"start":{"line":15,"column":29},"end":{"line":20,"column":2}},"5":{"start":{"line":16,"column":4},"end":{"line":18,"column":5}},"6":{"start":{"line":17,"column":8},"end":{"line":17,"column":53}},"7":{"start":{"line":19,"column":4},"end":{"line":19,"column":16}},"8":{"start":{"line":23,"column":15},"end":{"line":78,"column":2}},"9":{"start":{"line":31,"column":34},"end":{"line":31,"column":97}},"10":{"start":{"line":32,"column":22},"end":{"line":32,"column":65}},"11":{"start":{"line":34,"column":12},"end":{"line":53,"column":13}},"12":{"start":{"line":35,"column":17},"end":{"line":37,"column":18}},"13":{"start":{"line":36,"column":20},"end":{"line":36,"column":52}},"14":{"start":{"line":38,"column":34},"end":{"line":38,"column":45}},"15":{"start":{"line":39,"column":16},"end":{"line":39,"column":59}},"16":{"start":{"line":39,"column":36},"end":{"line":39,"column":59}},"17":{"start":{"line":41,"column":16},"end":{"line":52,"column":17}},"18":{"start":{"line":43,"column":20},"end":{"line":51,"column":21}},"19":{"start":{"line":44,"column":25},"end":{"line":48,"column":26}},"20":{"start":{"line":45,"column":29},"end":{"line":45,"column":68}},"21":{"start":{"line":47,"column":28},"end":{"line":47,"column":66}},"22":{"start":{"line":50,"column":24},"end":{"line":50,"column":57}},"23":{"start":{"line":54,"column":12},"end":{"line":54,"column":23}},"24":{"start":{"line":65,"column":37},"end":{"line":65,"column":115}},"25":{"start":{"line":66,"column":20},"end":{"line":70,"column":21}},"26":{"start":{"line":67,"column":24},"end":{"line":67,"column":82}},"27":{"start":{"line":68,"column":27},"end":{"line":70,"column":21}},"28":{"start":{"line":69,"column":25},"end":{"line":69,"column":64}},"29":{"start":{"line":71,"column":20},"end":{"line":71,"column":38}},"30":{"start":{"line":87,"column":0},"end":{"line":87,"column":22}}},"fnMap":{"0":{"name":"(anonymous_1)","decl":{"start":{"line":15,"column":44},"end":{"line":15,"column":45}},"loc":{"start":{"line":15,"column":53},"end":{"line":20,"column":1}}},"1":{"name":"(anonymous_2)","decl":{"start":{"line":30,"column":30},"end":{"line":30,"column":31}},"loc":{"start":{"line":30,"column":73},"end":{"line":55,"column":9}}},"2":{"name":"(anonymous_3)","decl":{"start":{"line":64,"column":38},"end":{"line":64,"column":39}},"loc":{"start":{"line":64,"column":70},"end":{"line":72,"column":17}}}},"branchMap":{"0":{"loc":{"start":{"line":7,"column":24},"end":{"line":7,"column":108}},"type":"binary-expr","locations":[{"start":{"line":7,"column":24},"end":{"line":7,"column":45}},{"start":{"line":7,"column":50},"end":{"line":7,"column":107}}]},"1":{"loc":{"start":{"line":7,"column":50},"end":{"line":7,"column":107}},"type":"cond-expr","locations":[{"start":{"line":7,"column":91},"end":{"line":7,"column":98}},{"start":{"line":7,"column":101},"end":{"line":7,"column":107}}]},"2":{"loc":{"start":{"line":10,"column":29},"end":{"line":10,"column":93}},"type":"cond-expr","locations":[{"start":{"line":10,"column":69},"end":{"line":10,"column":84}},{"start":{"line":10,"column":87},"end":{"line":10,"column":93}}]},"3":{"loc":{"start":{"line":16,"column":4},"end":{"line":18,"column":5}},"type":"if","locations":[{"start":{"line":16,"column":4},"end":{"line":18,"column":5}}]},"4":{"loc":{"start":{"line":31,"column":34},"end":{"line":31,"column":97}},"type":"cond-expr","locations":[{"start":{"line":31,"column":64},"end":{"line":31,"column":71}},{"start":{"line":31,"column":74},"end":{"line":31,"column":97}}]},"5":{"loc":{"start":{"line":34,"column":12},"end":{"line":53,"column":13}},"type":"if","locations":[{"start":{"line":34,"column":12},"end":{"line":53,"column":13}}]},"6":{"loc":{"start":{"line":34,"column":16},"end":{"line":34,"column":52}},"type":"binary-expr","locations":[{"start":{"line":34,"column":16},"end":{"line":34,"column":20}},{"start":{"line":34,"column":24},"end":{"line":34,"column":52}}]},"7":{"loc":{"start":{"line":35,"column":17},"end":{"line":37,"column":18}},"type":"if","locations":[{"start":{"line":35,"column":17},"end":{"line":37,"column":18}}]},"8":{"loc":{"start":{"line":35,"column":21},"end":{"line":35,"column":115}},"type":"binary-expr","locations":[{"start":{"line":35,"column":21},"end":{"line":35,"column":51}},{"start":{"line":35,"column":55},"end":{"line":35,"column":82}},{"start":{"line":35,"column":86},"end":{"line":35,"column":115}}]},"9":{"loc":{"start":{"line":39,"column":16},"end":{"line":39,"column":59}},"type":"if","locations":[{"start":{"line":39,"column":16},"end":{"line":39,"column":59}}]},"10":{"loc":{"start":{"line":41,"column":16},"end":{"line":52,"column":17}},"type":"if","locations":[{"start":{"line":41,"column":16},"end":{"line":52,"column":17}}]},"11":{"loc":{"start":{"line":43,"column":20},"end":{"line":51,"column":21}},"type":"if","locations":[{"start":{"line":43,"column":20},"end":{"line":51,"column":21}},{"start":{"line":49,"column":27},"end":{"line":51,"column":21}}]},"12":{"loc":{"start":{"line":43,"column":23},"end":{"line":43,"column":98}},"type":"binary-expr","locations":[{"start":{"line":43,"column":23},"end":{"line":43,"column":61}},{"start":{"line":43,"column":65},"end":{"line":43,"column":98}}]},"13":{"loc":{"start":{"line":61,"column":16},"end":{"line":63,"column":49}},"type":"cond-expr","locations":[{"start":{"line":62,"column":22},"end":{"line":62,"column":47}},{"start":{"line":63,"column":22},"end":{"line":63,"column":49}}]},"14":{"loc":{"start":{"line":65,"column":50},"end":{"line":65,"column":113}},"type":"cond-expr","locations":[{"start":{"line":65,"column":80},"end":{"line":65,"column":87}},{"start":{"line":65,"column":90},"end":{"line":65,"column":113}}]},"15":{"loc":{"start":{"line":66,"column":20},"end":{"line":70,"column":21}},"type":"if","locations":[{"start":{"line":66,"column":20},"end":{"line":70,"column":21}},{"start":{"line":68,"column":27},"end":{"line":70,"column":21}}]},"16":{"loc":{"start":{"line":66,"column":23},"end":{"line":66,"column":117}},"type":"binary-expr","locations":[{"start":{"line":66,"column":23},"end":{"line":66,"column":53}},{"start":{"line":66,"column":57},"end":{"line":66,"column":84}},{"start":{"line":66,"column":88},"end":{"line":66,"column":117}}]},"17":{"loc":{"start":{"line":68,"column":27},"end":{"line":70,"column":21}},"type":"if","locations":[{"start":{"line":68,"column":27},"end":{"line":70,"column":21}}]},"18":{"loc":{"start":{"line":68,"column":31},"end":{"line":68,"column":92}},"type":"binary-expr","locations":[{"start":{"line":68,"column":31},"end":{"line":68,"column":61}},{"start":{"line":68,"column":65},"end":{"line":68,"column":92}}]}},"s":{"0":1,"1":1,"2":1,"3":1,"4":1,"5":26,"6":0,"7":26,"8":1,"9":26,"10":26,"11":26,"12":8,"13":0,"14":8,"15":8,"16":0,"17":8,"18":8,"19":3,"20":3,"21":0,"22":5,"23":26,"24":26,"25":26,"26":0,"27":26,"28":0,"29":26,"30":1},"f":{"0":26,"1":26,"2":26},"b":{"0":[1,0],"1":[0,0],"2":[1,0],"3":[0],"4":[26,0],"5":[8],"6":[26,26],"7":[0],"8":[8,0,0],"9":[0],"10":[8],"11":[3,5],"12":[8,8],"13":[0,1],"14":[26,0],"15":[0,26],"16":[26,0,0],"17":[0],"18":[26,0]}}
,"C:\\Users\\TestSolutions\\Documents\\newInvepro\\inveprobackend\\src\\utils\\pick.ts": {"path":"C:\\Users\\TestSolutions\\Documents\\newInvepro\\inveprobackend\\src\\utils\\pick.ts","statementMap":{"0":{"start":{"line":13,"column":13},"end":{"line":28,"column":3}},"1":{"start":{"line":15,"column":4},"end":{"line":17,"column":5}},"2":{"start":{"line":16,"column":6},"end":{"line":16,"column":30}},"3":{"start":{"line":20,"column":4},"end":{"line":27,"column":25}},"4":{"start":{"line":22,"column":6},"end":{"line":25,"column":7}},"5":{"start":{"line":24,"column":8},"end":{"line":24,"column":31}},"6":{"start":{"line":26,"column":6},"end":{"line":26,"column":17}},"7":{"start":{"line":30,"column":2},"end":{"line":30,"column":22}}},"fnMap":{"0":{"name":"(anonymous_0)","decl":{"start":{"line":13,"column":13},"end":{"line":13,"column":51}},"loc":{"start":{"line":13,"column":106},"end":{"line":28,"column":3}}},"1":{"name":"(anonymous_1)","decl":{"start":{"line":20,"column":23},"end":{"line":20,"column":24}},"loc":{"start":{"line":20,"column":36},"end":{"line":27,"column":5}}}},"branchMap":{"0":{"loc":{"start":{"line":15,"column":4},"end":{"line":17,"column":5}},"type":"if","locations":[{"start":{"line":15,"column":4},"end":{"line":17,"column":5}}]},"1":{"loc":{"start":{"line":15,"column":8},"end":{"line":15,"column":47}},"type":"binary-expr","locations":[{"start":{"line":15,"column":8},"end":{"line":15,"column":23}},{"start":{"line":15,"column":27},"end":{"line":15,"column":47}}]},"2":{"loc":{"start":{"line":22,"column":6},"end":{"line":25,"column":7}},"type":"if","locations":[{"start":{"line":22,"column":6},"end":{"line":25,"column":7}}]}},"s":{"0":1,"1":0,"2":0,"3":0,"4":0,"5":0,"6":0,"7":1},"f":{"0":0,"1":0},"b":{"0":[0],"1":[0,0],"2":[0]}}
,"C:\\Users\\TestSolutions\\Documents\\newInvepro\\inveprobackend\\src\\utils\\token.utils.ts": {"path":"C:\\Users\\TestSolutions\\Documents\\newInvepro\\inveprobackend\\src\\utils\\token.utils.ts","statementMap":{"0":{"start":{"line":2,"column":0},"end":{"line":2,"column":28}},"1":{"start":{"line":3,"column":0},"end":{"line":3,"column":30}},"2":{"start":{"line":10,"column":35},"end":{"line":12,"column":1}},"3":{"start":{"line":11,"column":2},"end":{"line":11,"column":52}},"4":{"start":{"line":10,"column":13},"end":{"line":10,"column":35}},"5":{"start":{"line":19,"column":25},"end":{"line":23,"column":1}},"6":{"start":{"line":21,"column":21},"end":{"line":21,"column":23}},"7":{"start":{"line":22,"column":2},"end":{"line":22,"column":40}},"8":{"start":{"line":19,"column":13},"end":{"line":19,"column":25}},"9":{"start":{"line":31,"column":28},"end":{"line":33,"column":1}},"10":{"start":{"line":32,"column":2},"end":{"line":32,"column":37}},"11":{"start":{"line":31,"column":13},"end":{"line":31,"column":28}}},"fnMap":{"0":{"name":"(anonymous_1)","decl":{"start":{"line":10,"column":35},"end":{"line":10,"column":36}},"loc":{"start":{"line":10,"column":59},"end":{"line":12,"column":1}}},"1":{"name":"(anonymous_2)","decl":{"start":{"line":19,"column":25},"end":{"line":19,"column":30}},"loc":{"start":{"line":19,"column":66},"end":{"line":23,"column":1}}},"2":{"name":"(anonymous_3)","decl":{"start":{"line":31,"column":28},"end":{"line":31,"column":33}},"loc":{"start":{"line":31,"column":84},"end":{"line":33,"column":1}}}},"branchMap":{"0":{"loc":{"start":{"line":10,"column":36},"end":{"line":10,"column":47}},"type":"default-arg","locations":[{"start":{"line":10,"column":45},"end":{"line":10,"column":47}}]}},"s":{"0":1,"1":1,"2":1,"3":0,"4":1,"5":1,"6":0,"7":0,"8":1,"9":1,"10":0,"11":1},"f":{"0":0,"1":0,"2":0},"b":{"0":[0]}}
}
