TN:
SF:src\app.ts
FN:65,(anonymous_1)
FN:66,(anonymous_2)
FN:72,(anonymous_3)
FN:78,(anonymous_4)
FN:111,(anonymous_5)
FNF:5
FNH:1
FNDA:0,(anonymous_1)
FNDA:169,(anonymous_2)
FNDA:0,(anonymous_3)
FNDA:0,(anonymous_4)
FNDA:0,(anonymous_5)
DA:2,22
DA:3,22
DA:4,22
DA:5,22
DA:6,22
DA:7,22
DA:8,22
DA:9,22
DA:10,22
DA:11,22
DA:15,22
DA:16,22
DA:17,22
DA:18,22
DA:19,22
DA:20,22
DA:21,22
DA:22,22
DA:23,22
DA:24,22
DA:25,22
DA:26,22
DA:27,22
DA:28,22
DA:29,22
DA:30,22
DA:31,22
DA:32,22
DA:35,22
DA:39,22
DA:40,22
DA:44,22
DA:51,22
DA:55,22
DA:58,22
DA:63,22
DA:64,22
DA:65,0
DA:66,169
DA:72,22
DA:74,0
DA:78,22
DA:79,0
DA:84,22
DA:86,22
DA:87,22
DA:88,22
DA:89,22
DA:90,22
DA:91,22
DA:92,22
DA:93,22
DA:95,22
DA:96,22
DA:97,22
DA:98,22
DA:99,22
DA:100,22
DA:101,22
DA:102,22
DA:103,22
DA:104,22
DA:106,22
DA:111,22
DA:112,0
DA:117,22
DA:120,22
DA:122,22
LF:68
LH:64
BRDA:45,0,0,22
BRDA:45,0,1,0
BRDA:63,1,0,0
BRDA:63,1,1,22
BRF:4
BRH:2
end_of_record
TN:
SF:src\config\environment.ts
FN:53,(anonymous_1)
FNF:1
FNH:0
FNDA:0,(anonymous_1)
DA:1,22
DA:2,22
DA:3,22
DA:7,22
DA:8,22
DA:11,22
DA:13,22
DA:14,22
DA:16,0
DA:18,22
DA:19,0
DA:24,22
DA:47,22
DA:48,22
DA:50,22
DA:52,0
DA:53,0
DA:54,0
DA:56,0
DA:60,22
LF:20
LH:14
BRDA:7,0,0,22
BRDA:7,0,1,0
BRDA:13,1,0,22
BRDA:14,2,0,0
BRDA:14,3,0,22
BRDA:14,3,1,22
BRDA:18,4,0,0
BRDA:50,5,0,0
BRF:8
BRH:4
end_of_record
TN:
SF:src\config\index.ts
FN:7,(anonymous_5)
FN:10,(anonymous_6)
FNF:2
FNH:2
FNDA:1092,(anonymous_5)
FNDA:43,(anonymous_6)
DA:4,22
DA:7,1114
DA:10,65
LF:3
LH:3
BRF:0
BRH:0
end_of_record
TN:
SF:src\config\prisma.ts
FN:40,(anonymous_1)
FN:52,testDbConnection
FNF:2
FNH:1
FNDA:0,(anonymous_1)
FNDA:22,testDbConnection
DA:2,22
DA:3,22
DA:4,22
DA:8,22
DA:28,22
DA:34,22
DA:37,0
DA:41,0
DA:42,0
DA:43,0
DA:47,0
DA:48,0
DA:53,22
DA:54,22
DA:55,22
DA:56,22
DA:58,0
DA:59,0
DA:63,22
DA:65,22
LF:20
LH:12
BRDA:8,0,0,0
BRDA:8,0,1,22
BRDA:28,1,0,22
BRDA:28,1,1,22
BRDA:34,2,0,0
BRDA:47,3,0,0
BRF:6
BRH:3
end_of_record
TN:
SF:src\config\redis.ts
FN:37,(anonymous_1)
FN:41,(anonymous_2)
FN:45,(anonymous_3)
FN:51,(anonymous_4)
FN:55,(anonymous_5)
FN:59,(anonymous_6)
FN:64,testRedisConnection
FNF:7
FNH:3
FNDA:22,(anonymous_1)
FNDA:22,(anonymous_2)
FNDA:0,(anonymous_3)
FNDA:0,(anonymous_4)
FNDA:0,(anonymous_5)
FNDA:0,(anonymous_6)
FNDA:22,testRedisConnection
DA:1,22
DA:2,22
DA:3,22
DA:6,22
DA:34,22
DA:37,22
DA:38,22
DA:41,22
DA:42,22
DA:45,22
DA:48,0
DA:51,22
DA:52,0
DA:55,22
DA:56,0
DA:59,22
DA:60,0
DA:65,22
DA:66,22
DA:67,22
DA:68,22
DA:70,0
DA:73,0
DA:80,22
DA:83,22
DA:84,0
DA:87,22
LF:27
LH:20
BRDA:34,0,0,22
BRDA:34,0,1,22
BRDA:67,1,0,22
BRDA:67,1,1,0
BRDA:83,2,0,0
BRF:5
BRH:3
end_of_record
TN:
SF:src\middleware\auth.middleware.ts
FN:41,(anonymous_1)
FN:90,(anonymous_2)
FN:94,(anonymous_3)
FN:104,(anonymous_4)
FNF:4
FNH:4
FNDA:160,(anonymous_1)
FNDA:160,(anonymous_2)
FNDA:1722,(anonymous_3)
FNDA:34,(anonymous_4)
DA:2,22
DA:3,22
DA:4,22
DA:5,22
DA:6,22
DA:41,22
DA:42,160
DA:44,160
DA:45,0
DA:48,160
DA:50,160
DA:52,160
DA:56,160
DA:81,160
DA:82,0
DA:83,0
DA:87,160
DA:88,160
DA:90,160
DA:91,160
DA:92,16
DA:94,160
DA:95,1722
DA:100,160
DA:101,160
DA:102,16
DA:104,144
DA:109,160
DA:116,160
DA:119,160
DA:122,0
DA:123,0
DA:125,0
DA:126,0
DA:127,0
DA:130,0
DA:131,0
LF:37
LH:27
BRDA:44,0,0,0
BRDA:44,1,0,160
BRDA:44,1,1,160
BRDA:81,2,0,0
BRDA:91,3,0,16
BRDA:91,4,0,160
BRDA:91,4,1,160
BRDA:91,4,2,146
BRDA:101,5,0,16
BRDA:101,5,1,144
BRDA:122,6,0,0
BRDA:125,7,0,0
BRF:12
BRH:8
end_of_record
TN:
SF:src\middleware\error.middleware.ts
FN:20,(anonymous_1)
FN:118,(anonymous_2)
FNF:2
FNH:2
FNDA:27,(anonymous_1)
FNDA:27,(anonymous_2)
DA:4,22
DA:5,22
DA:6,22
DA:7,22
DA:8,22
DA:20,22
DA:21,27
DA:24,27
DA:27,0
DA:28,0
DA:31,0
DA:32,0
DA:33,0
DA:35,0
DA:36,0
DA:37,0
DA:38,0
DA:39,0
DA:41,0
DA:42,0
DA:43,0
DA:44,0
DA:45,0
DA:47,0
DA:48,0
DA:49,0
DA:50,0
DA:53,0
DA:54,0
DA:55,0
DA:56,0
DA:60,0
DA:61,0
DA:62,0
DA:63,0
DA:64,0
DA:67,0
DA:68,0
DA:69,0
DA:71,0
DA:72,0
DA:80,0
DA:85,0
DA:89,0
DA:90,0
DA:93,0
DA:98,0
DA:102,27
DA:118,22
DA:119,27
DA:122,27
DA:123,0
DA:124,0
DA:125,0
DA:129,27
DA:132,27
DA:142,27
DA:144,0
DA:148,27
DA:156,27
LF:60
LH:17
BRDA:24,0,0,0
BRDA:31,1,0,0
BRDA:31,1,1,0
BRDA:33,2,0,0
BRDA:33,2,1,0
BRDA:33,2,2,0
BRDA:33,2,3,0
BRDA:33,2,4,0
BRDA:36,3,0,0
BRDA:36,3,1,0
BRDA:38,4,0,0
BRDA:38,4,1,0
BRDA:42,5,0,0
BRDA:42,5,1,0
BRDA:67,6,0,0
BRDA:67,6,1,0
BRDA:72,7,0,0
BRDA:72,7,1,0
BRDA:80,8,0,0
BRDA:80,8,1,0
BRDA:85,9,0,0
BRDA:85,9,1,0
BRDA:85,9,2,0
BRDA:89,10,0,0
BRDA:89,10,1,0
BRDA:122,11,0,0
BRDA:122,12,0,27
BRDA:122,12,1,0
BRDA:136,13,0,27
BRDA:136,13,1,9
BRDA:138,14,0,27
BRDA:138,14,1,0
BRDA:142,15,0,0
BRDA:142,15,1,27
BRDA:149,16,0,27
BRDA:149,16,1,0
BRDA:151,17,0,0
BRDA:151,17,1,27
BRDA:151,18,0,27
BRDA:151,18,1,27
BRF:40
BRH:9
end_of_record
TN:
SF:src\middleware\rateLimit.middleware.ts
FN:13,(anonymous_1)
FN:27,(anonymous_2)
FNF:2
FNH:0
FNDA:0,(anonymous_1)
FNDA:0,(anonymous_2)
DA:2,22
DA:3,22
DA:4,22
DA:7,22
DA:14,0
DA:15,0
DA:20,22
DA:28,0
DA:31,0
LF:9
LH:5
BRDA:8,0,0,22
BRDA:8,0,1,22
BRDA:9,1,0,22
BRDA:9,1,1,22
BRF:4
BRH:4
end_of_record
TN:
SF:src\middleware\rbac.middleware.ts
FN:12,(anonymous_1)
FN:13,(anonymous_2)
FN:21,(anonymous_3)
FN:43,(anonymous_4)
FN:44,(anonymous_5)
FN:50,(anonymous_6)
FN:52,(anonymous_7)
FNF:7
FNH:3
FNDA:2794,(anonymous_1)
FNDA:160,(anonymous_2)
FNDA:173,(anonymous_3)
FNDA:0,(anonymous_4)
FNDA:0,(anonymous_5)
FNDA:0,(anonymous_6)
FNDA:0,(anonymous_7)
DA:2,22
DA:3,22
DA:4,22
DA:12,22
DA:13,2794
DA:15,160
DA:16,0
DA:17,0
DA:21,160
DA:22,173
DA:25,160
DA:26,0
DA:27,0
DA:31,160
DA:32,160
DA:43,22
DA:44,0
DA:45,0
DA:46,0
DA:47,0
DA:50,0
DA:52,0
DA:54,0
DA:55,0
DA:56,0
DA:59,0
DA:60,0
LF:27
LH:12
BRDA:15,0,0,0
BRDA:15,1,0,160
BRDA:15,1,1,160
BRDA:25,2,0,0
BRDA:45,3,0,0
BRDA:45,4,0,0
BRDA:45,4,1,0
BRDA:54,5,0,0
BRF:8
BRH:2
end_of_record
TN:
SF:src\middleware\tenant.middleware.ts
FN:12,(anonymous_1)
FN:35,(anonymous_2)
FNF:2
FNH:2
FNDA:154,(anonymous_1)
FNDA:145,(anonymous_2)
DA:3,22
DA:4,22
DA:5,22
DA:12,22
DA:14,154
DA:16,0
DA:17,0
DA:22,154
DA:35,22
DA:36,145
DA:37,145
DA:39,0
DA:40,0
DA:42,145
LF:14
LH:10
BRDA:14,0,0,0
BRDA:37,1,0,0
BRF:2
BRH:0
end_of_record
TN:
SF:src\middleware\validate.middleware.ts
FN:14,(anonymous_1)
FN:16,(anonymous_2)
FN:39,(anonymous_3)
FN:44,(anonymous_4)
FNF:4
FNH:4
FNDA:9,(anonymous_1)
FNDA:9,(anonymous_2)
FNDA:1584,(anonymous_3)
FNDA:89,(anonymous_4)
DA:3,22
DA:4,22
DA:5,22
DA:6,22
DA:7,22
DA:14,22
DA:15,9
DA:16,9
DA:18,9
DA:19,9
DA:22,9
DA:23,0
DA:26,9
DA:39,22
DA:44,1584
DA:45,89
DA:47,89
DA:52,89
DA:57,89
DA:65,89
DA:67,9
DA:68,9
DA:69,9
DA:71,9
DA:77,80
DA:80,80
DA:83,0
DA:89,22
LF:28
LH:26
BRDA:18,0,0,9
BRDA:22,1,0,0
BRDA:22,2,0,9
BRDA:22,2,1,9
BRDA:41,3,0,1144
BRDA:42,4,0,1584
BRDA:65,5,0,9
BRF:7
BRH:6
end_of_record
TN:
SF:src\modules\auth\auth.controller.ts
FN:18,(anonymous_1)
FN:32,(anonymous_2)
FN:45,(anonymous_3)
FN:71,(anonymous_4)
FN:101,(anonymous_5)
FN:121,(anonymous_6)
FN:135,(anonymous_7)
FN:148,(anonymous_8)
FNF:8
FNH:6
FNDA:4,(anonymous_1)
FNDA:1,(anonymous_2)
FNDA:4,(anonymous_3)
FNDA:2,(anonymous_4)
FNDA:1,(anonymous_5)
FNDA:2,(anonymous_6)
FNDA:0,(anonymous_7)
FNDA:0,(anonymous_8)
DA:3,22
DA:4,22
DA:5,22
DA:6,22
DA:10,22
DA:11,22
DA:12,22
DA:18,22
DA:19,4
DA:26,4
DA:32,22
DA:33,1
DA:39,1
DA:45,22
DA:46,4
DA:47,4
DA:48,4
DA:50,4
DA:58,3
DA:61,3
DA:71,22
DA:73,2
DA:74,2
DA:75,1
DA:76,1
DA:79,1
DA:80,1
DA:83,1
DA:90,1
DA:93,1
DA:101,22
DA:102,1
DA:104,1
DA:106,1
DA:108,0
DA:112,1
DA:114,1
DA:121,22
DA:122,2
DA:126,2
DA:129,2
DA:135,22
DA:136,0
DA:139,0
DA:142,0
DA:148,22
DA:150,0
DA:151,0
DA:156,0
DA:158,0
DA:164,22
LF:51
LH:43
BRDA:74,0,0,1
BRDA:104,1,0,1
BRDA:104,1,1,0
BRDA:150,2,0,0
BRF:4
BRH:2
end_of_record
TN:
SF:src\modules\auth\auth.routes.ts
FNF:0
FNH:0
DA:2,22
DA:3,22
DA:4,22
DA:5,22
DA:6,22
DA:7,22
DA:8,22
DA:9,22
DA:10,22
DA:13,22
DA:16,22
DA:19,22
DA:23,22
DA:29,22
DA:35,22
DA:40,22
DA:45,22
DA:51,22
DA:57,22
LF:19
LH:19
BRF:0
BRH:0
end_of_record
TN:
SF:src\modules\auth\auth.service.ts
FN:36,(anonymous_1)
FN:72,(anonymous_2)
FN:113,(anonymous_3)
FN:170,(anonymous_4)
FN:251,(anonymous_5)
FN:307,(anonymous_6)
FN:342,(anonymous_7)
FN:411,(anonymous_8)
FN:460,(anonymous_9)
FNF:9
FNH:7
FNDA:4,(anonymous_1)
FNDA:4,(anonymous_2)
FNDA:2,(anonymous_3)
FNDA:4,(anonymous_4)
FNDA:1,(anonymous_5)
FNDA:1,(anonymous_6)
FNDA:2,(anonymous_7)
FNDA:0,(anonymous_8)
FNDA:0,(anonymous_9)
DA:2,22
DA:3,22
DA:4,22
DA:5,22
DA:6,22
DA:7,22
DA:8,22
DA:10,22
DA:11,22
DA:36,22
DA:37,4
DA:44,4
DA:45,4
DA:46,4
DA:47,4
DA:49,0
DA:51,4
DA:52,4
DA:56,4
DA:62,4
DA:72,22
DA:73,4
DA:74,4
DA:77,4
DA:78,4
DA:79,4
DA:80,0
DA:82,4
DA:84,0
DA:85,0
DA:86,0
DA:90,4
DA:99,4
DA:102,4
DA:113,22
DA:115,2
DA:118,2
DA:128,0
DA:131,2
DA:133,2
DA:137,2
DA:138,0
DA:142,2
DA:143,0
DA:147,2
DA:148,0
DA:152,2
DA:153,2
DA:154,0
DA:157,2
DA:158,2
DA:170,22
DA:176,4
DA:177,4
DA:206,4
DA:208,4
DA:209,0
DA:210,0
DA:213,4
DA:214,4
DA:216,4
DA:217,4
DA:218,1
DA:219,1
DA:222,3
DA:223,0
DA:224,0
DA:228,3
DA:229,3
DA:231,3
DA:235,3
DA:237,3
DA:251,22
DA:256,1
DA:257,1
DA:259,1
DA:260,1
DA:261,1
DA:265,1
DA:269,1
DA:272,1
DA:274,1
DA:275,0
DA:276,0
DA:278,1
DA:281,1
DA:282,1
DA:284,1
DA:285,1
DA:291,0
DA:292,0
DA:293,0
DA:294,0
DA:296,0
DA:298,0
DA:307,22
DA:308,1
DA:309,1
DA:311,1
DA:312,1
DA:313,1
DA:316,1
DA:320,1
DA:323,0
DA:325,0
DA:326,0
DA:329,0
DA:342,22
DA:343,2
DA:344,2
DA:346,2
DA:349,2
DA:350,1
DA:351,1
DA:354,1
DA:355,1
DA:358,1
DA:359,1
DA:361,1
DA:362,1
DA:363,1
DA:364,1
DA:366,0
DA:368,1
DA:369,1
DA:373,1
DA:374,1
DA:381,1
DA:384,1
DA:387,1
DA:394,1
DA:395,1
DA:397,0
DA:411,22
DA:413,0
DA:416,0
DA:423,0
DA:424,0
DA:426,0
DA:427,0
DA:428,0
DA:429,0
DA:433,0
DA:434,0
DA:435,0
DA:438,0
DA:439,0
DA:442,0
DA:443,0
DA:444,0
DA:446,0
DA:447,0
DA:450,0
DA:451,0
DA:455,0
DA:458,0
DA:460,0
DA:461,0
DA:465,0
DA:470,0
DA:475,0
DA:477,0
DA:478,0
DA:480,0
DA:486,22
LF:165
LH:107
BRDA:46,0,0,4
BRDA:46,1,0,4
BRDA:46,1,1,0
BRDA:46,1,2,0
BRDA:79,2,0,0
BRDA:79,3,0,4
BRDA:79,3,1,4
BRDA:79,3,2,4
BRDA:118,4,0,0
BRDA:137,5,0,0
BRDA:142,6,0,0
BRDA:147,7,0,0
BRDA:153,8,0,0
BRDA:208,9,0,0
BRDA:217,10,0,1
BRDA:222,11,0,0
BRDA:274,12,0,0
BRDA:274,13,0,1
BRDA:274,13,1,1
BRDA:292,14,0,0
BRDA:292,15,0,0
BRDA:292,15,1,0
BRDA:325,16,0,0
BRDA:325,16,1,0
BRDA:325,17,0,0
BRDA:325,17,1,0
BRDA:349,18,0,1
BRDA:349,19,0,2
BRDA:349,19,1,1
BRDA:363,20,0,1
BRDA:363,21,0,1
BRDA:363,21,1,0
BRDA:363,21,2,0
BRDA:394,22,0,1
BRDA:394,22,1,0
BRDA:427,23,0,0
BRDA:433,24,0,0
BRDA:443,25,0,0
BRDA:443,26,0,0
BRDA:443,26,1,0
BRF:40
BRH:14
end_of_record
TN:
SF:src\modules\auth\dto\forgot-password.dto.ts
FNF:0
FNH:0
DA:12,22
DA:14,22
DA:17,22
LF:3
LH:3
BRF:0
BRH:0
end_of_record
TN:
SF:src\modules\auth\dto\login.dto.ts
FNF:0
FNH:0
DA:2,22
DA:4,22
DA:7,22
DA:12,22
LF:4
LH:4
BRF:0
BRH:0
end_of_record
TN:
SF:src\modules\auth\dto\reset-password.dto.ts
FNF:0
FNH:0
DA:2,22
DA:4,22
DA:7,22
DA:17,22
LF:4
LH:4
BRF:0
BRH:0
end_of_record
TN:
SF:src\modules\category\category.controller.ts
FN:11,(anonymous_1)
FN:18,(anonymous_2)
FN:58,(anonymous_3)
FN:65,(anonymous_4)
FN:72,(anonymous_5)
FNF:5
FNH:5
FNDA:2,(anonymous_1)
FNDA:2,(anonymous_2)
FNDA:2,(anonymous_3)
FNDA:1,(anonymous_4)
FNDA:2,(anonymous_5)
DA:3,22
DA:4,22
DA:5,22
DA:6,22
DA:7,22
DA:8,22
DA:11,22
DA:12,2
DA:14,2
DA:15,2
DA:18,22
DA:19,2
DA:21,2
DA:22,2
DA:24,2
DA:27,2
DA:28,2
DA:29,0
DA:30,2
DA:32,1
DA:34,2
DA:35,0
DA:40,2
DA:41,2
DA:42,0
DA:43,0
DA:44,0
DA:45,0
DA:49,2
DA:52,2
DA:55,2
DA:58,22
DA:59,2
DA:60,2
DA:61,2
DA:62,1
DA:65,22
DA:66,1
DA:68,1
DA:69,1
DA:72,22
DA:73,2
DA:74,2
DA:75,2
DA:78,22
LF:45
LH:39
BRDA:28,0,0,0
BRDA:28,0,1,2
BRDA:30,1,0,1
BRDA:30,2,0,2
BRDA:30,2,1,1
BRDA:34,3,0,0
BRDA:41,4,0,0
BRDA:43,5,0,0
BRDA:43,6,0,0
BRDA:43,6,1,0
BRDA:43,6,2,0
BRDA:44,7,0,0
BRDA:49,8,0,2
BRDA:49,9,0,2
BRDA:49,9,1,2
BRDA:61,10,0,1
BRF:16
BRH:8
end_of_record
TN:
SF:src\modules\category\category.routes.ts
FNF:0
FNH:0
DA:2,22
DA:3,22
DA:4,22
DA:5,22
DA:6,22
DA:7,22
DA:8,22
DA:9,22
DA:11,22
DA:14,22
DA:15,22
DA:18,22
DA:31,22
DA:49,22
LF:14
LH:14
BRF:0
BRH:0
end_of_record
TN:
SF:src\modules\category\category.service.ts
FN:23,(anonymous_1)
FN:78,(anonymous_2)
FN:117,(anonymous_3)
FN:120,(anonymous_4)
FN:121,(anonymous_5)
FN:131,(anonymous_6)
FN:155,(anonymous_7)
FN:249,(anonymous_8)
FNF:8
FNH:5
FNDA:2,(anonymous_1)
FNDA:2,(anonymous_2)
FNDA:0,(anonymous_3)
FNDA:0,(anonymous_4)
FNDA:0,(anonymous_5)
FNDA:2,(anonymous_6)
FNDA:1,(anonymous_7)
FNDA:2,(anonymous_8)
DA:2,22
DA:3,22
DA:4,22
DA:5,22
DA:6,22
DA:23,22
DA:24,2
DA:27,2
DA:35,2
DA:36,0
DA:37,0
DA:41,2
DA:42,1
DA:43,1
DA:44,0
DA:45,0
DA:50,2
DA:51,2
DA:59,2
DA:60,2
DA:62,2
DA:64,0
DA:65,0
DA:66,0
DA:68,0
DA:70,0
DA:78,22
DA:83,2
DA:84,2
DA:85,2
DA:87,2
DA:88,2
DA:90,0
DA:94,0
DA:96,0
DA:99,2
DA:106,2
DA:107,2
DA:110,0
DA:111,0
DA:112,0
DA:117,22
DA:118,0
DA:119,0
DA:120,0
DA:122,0
DA:123,0
DA:125,0
DA:131,22
DA:132,2
DA:133,2
DA:134,2
DA:139,2
DA:140,1
DA:141,1
DA:143,1
DA:144,1
DA:146,0
DA:147,0
DA:148,0
DA:155,22
DA:160,1
DA:163,1
DA:164,1
DA:165,0
DA:166,0
DA:170,1
DA:173,1
DA:174,1
DA:176,1
DA:177,1
DA:181,1
DA:182,0
DA:183,0
DA:186,1
DA:189,1
DA:192,1
DA:194,0
DA:195,0
DA:196,0
DA:203,0
DA:205,0
DA:208,0
DA:209,0
DA:210,0
DA:211,0
DA:213,0
DA:218,1
DA:219,0
DA:220,0
DA:224,1
DA:225,1
DA:229,1
DA:231,1
DA:233,0
DA:234,0
DA:235,0
DA:236,0
DA:238,0
DA:239,0
DA:241,0
DA:249,22
DA:250,2
DA:253,2
DA:254,2
DA:255,0
DA:256,0
DA:261,2
DA:262,2
DA:263,0
DA:264,0
DA:268,2
DA:269,2
DA:270,0
DA:271,0
DA:275,2
DA:276,2
DA:277,2
DA:280,0
DA:281,0
DA:282,0
DA:283,0
DA:286,0
DA:287,0
DA:288,0
DA:290,0
DA:295,22
LF:127
LH:66
BRDA:31,0,0,2
BRDA:31,0,1,1
BRDA:35,1,0,0
BRDA:41,2,0,1
BRDA:43,3,0,0
BRDA:66,4,0,0
BRDA:66,5,0,0
BRDA:66,5,1,0
BRDA:81,6,0,0
BRDA:83,7,0,2
BRDA:83,7,1,0
BRDA:85,8,0,0
BRDA:88,9,0,0
BRDA:88,9,1,2
BRDA:101,10,0,2
BRDA:101,10,1,0
BRDA:117,11,0,0
BRDA:139,12,0,1
BRDA:164,13,0,0
BRDA:173,14,0,1
BRDA:174,15,0,1
BRDA:176,16,0,0
BRDA:176,16,1,1
BRDA:181,17,0,0
BRDA:189,18,0,0
BRDA:192,19,0,0
BRDA:194,20,0,0
BRDA:203,21,0,0
BRDA:203,21,1,0
BRDA:209,22,0,0
BRDA:218,23,0,0
BRDA:235,24,0,0
BRDA:235,25,0,0
BRDA:235,25,1,0
BRDA:238,26,0,0
BRDA:238,27,0,0
BRDA:238,27,1,0
BRDA:254,28,0,0
BRDA:262,29,0,0
BRDA:269,30,0,0
BRDA:282,31,0,0
BRDA:282,32,0,0
BRDA:282,32,1,0
BRDA:286,33,0,0
BRDA:286,34,0,0
BRDA:286,34,1,0
BRF:46
BRH:10
end_of_record
TN:
SF:src\modules\category\dto\create-category.dto.ts
FNF:0
FNH:0
DA:2,22
DA:4,22
DA:8,22
DA:12,22
DA:16,22
LF:5
LH:5
BRF:0
BRH:0
end_of_record
TN:
SF:src\modules\category\dto\update-category.dto.ts
FNF:0
FNH:0
DA:2,22
DA:4,22
DA:9,22
DA:13,22
DA:17,22
LF:5
LH:5
BRF:0
BRH:0
end_of_record
TN:
SF:src\modules\customer\customer.controller.ts
FN:14,(anonymous_1)
FN:24,(anonymous_2)
FN:70,(anonymous_3)
FN:106,(anonymous_4)
FN:123,(anonymous_5)
FN:138,(anonymous_6)
FNF:6
FNH:5
FNDA:2,(anonymous_1)
FNDA:1,(anonymous_2)
FNDA:0,(anonymous_3)
FNDA:2,(anonymous_4)
FNDA:1,(anonymous_5)
FNDA:1,(anonymous_6)
DA:3,22
DA:4,22
DA:5,22
DA:6,22
DA:7,22
DA:8,22
DA:14,22
DA:15,2
DA:17,2
DA:18,1
DA:24,22
DA:25,1
DA:28,1
DA:40,1
DA:43,1
DA:45,1
DA:46,1
DA:47,1
DA:48,1
DA:49,1
DA:50,1
DA:51,1
DA:54,1
DA:55,0
DA:56,0
DA:68,1
DA:69,1
DA:70,0
DA:71,0
DA:72,0
DA:74,0
DA:75,0
DA:82,1
DA:83,1
DA:87,1
DA:88,1
DA:91,1
DA:94,1
DA:106,22
DA:107,2
DA:108,2
DA:113,2
DA:114,2
DA:115,1
DA:117,1
DA:123,22
DA:124,1
DA:125,1
DA:131,1
DA:132,1
DA:138,22
DA:139,1
DA:140,1
DA:146,1
DA:149,1
DA:154,22
LF:56
LH:49
BRDA:45,0,0,0
BRDA:46,1,0,0
BRDA:47,2,0,0
BRDA:48,3,0,0
BRDA:49,4,0,0
BRDA:50,5,0,0
BRDA:51,6,0,0
BRDA:54,7,0,0
BRDA:69,8,0,0
BRDA:72,9,0,0
BRDA:72,10,0,0
BRDA:72,10,1,0
BRDA:72,10,2,0
BRDA:74,11,0,0
BRDA:82,12,0,1
BRDA:87,13,0,1
BRDA:87,13,1,1
BRDA:88,14,0,1
BRDA:88,14,1,1
BRDA:114,15,0,1
BRF:20
BRH:6
end_of_record
TN:
SF:src\modules\customer\customer.routes.ts
FNF:0
FNH:0
DA:2,22
DA:3,22
DA:4,22
DA:5,22
DA:6,22
DA:7,22
DA:8,22
DA:9,22
DA:11,22
DA:14,22
DA:15,22
DA:18,22
DA:40,22
DA:71,22
LF:14
LH:14
BRF:0
BRH:0
end_of_record
TN:
SF:src\modules\customer\customer.service.ts
FN:16,(anonymous_1)
FN:88,(anonymous_2)
FN:114,(anonymous_3)
FN:135,(anonymous_4)
FN:143,(anonymous_5)
FN:215,(anonymous_6)
FNF:6
FNH:6
FNDA:2,(anonymous_1)
FNDA:1,(anonymous_2)
FNDA:4,(anonymous_3)
FNDA:1,(anonymous_4)
FNDA:1,(anonymous_5)
FNDA:1,(anonymous_6)
DA:2,22
DA:3,22
DA:4,22
DA:5,22
DA:6,22
DA:16,22
DA:17,2
DA:18,2
DA:21,2
DA:22,1
DA:23,1
DA:24,0
DA:25,0
DA:28,1
DA:29,1
DA:34,1
DA:35,1
DA:36,1
DA:37,0
DA:38,0
DA:43,1
DA:44,1
DA:45,0
DA:46,0
DA:48,1
DA:49,1
DA:52,1
DA:53,1
DA:71,1
DA:72,1
DA:73,1
DA:75,0
DA:76,0
DA:77,0
DA:78,0
DA:81,0
DA:88,22
DA:89,1
DA:90,1
DA:91,1
DA:92,1
DA:93,1
DA:94,1
DA:101,1
DA:102,1
DA:104,0
DA:105,0
DA:107,0
DA:114,22
DA:115,4
DA:116,4
DA:117,4
DA:121,4
DA:122,3
DA:123,3
DA:125,0
DA:126,0
DA:128,0
DA:135,22
DA:136,1
DA:137,1
DA:138,1
DA:141,1
DA:143,1
DA:144,1
DA:146,1
DA:147,1
DA:156,1
DA:157,0
DA:158,0
DA:159,0
DA:160,0
DA:162,0
DA:167,1
DA:168,0
DA:170,1
DA:171,0
DA:175,1
DA:176,0
DA:177,0
DA:179,0
DA:180,0
DA:181,0
DA:182,0
DA:186,1
DA:187,0
DA:188,0
DA:192,1
DA:193,1
DA:198,1
DA:199,1
DA:201,0
DA:202,0
DA:204,0
DA:205,0
DA:208,0
DA:215,22
DA:216,1
DA:217,1
DA:218,1
DA:221,1
DA:228,1
DA:229,0
DA:230,0
DA:234,1
DA:235,1
DA:236,1
DA:238,0
DA:239,0
DA:240,0
DA:241,0
DA:242,0
DA:244,0
DA:245,0
DA:248,0
DA:255,22
LF:116
LH:69
BRDA:21,0,0,1
BRDA:21,0,1,1
BRDA:23,1,0,0
BRDA:28,2,0,1
BRDA:28,3,0,1
BRDA:28,3,1,1
BRDA:28,3,2,1
BRDA:28,3,3,1
BRDA:34,4,0,1
BRDA:36,5,0,0
BRDA:44,6,0,0
BRDA:48,7,0,1
BRDA:48,7,1,0
BRDA:49,8,0,0
BRDA:49,8,1,1
BRDA:62,9,0,1
BRDA:62,9,1,0
BRDA:63,10,0,1
BRDA:63,10,1,1
BRDA:66,11,0,1
BRDA:66,11,1,1
BRDA:77,12,0,0
BRDA:77,13,0,0
BRDA:77,13,1,0
BRDA:90,14,0,1
BRDA:90,14,1,0
BRDA:92,15,0,0
BRDA:121,16,0,1
BRDA:138,17,0,0
BRDA:146,18,0,1
BRDA:146,19,0,1
BRDA:146,19,1,1
BRDA:146,19,2,1
BRDA:146,19,3,1
BRDA:146,19,4,1
BRDA:156,20,0,0
BRDA:157,21,0,0
BRDA:157,21,1,0
BRDA:159,22,0,0
BRDA:167,23,0,0
BRDA:168,24,0,0
BRDA:168,24,1,0
BRDA:170,25,0,0
BRDA:171,26,0,0
BRDA:171,26,1,0
BRDA:175,27,0,0
BRDA:176,28,0,0
BRDA:176,28,1,0
BRDA:180,29,0,0
BRDA:180,29,1,0
BRDA:186,30,0,0
BRDA:204,31,0,0
BRDA:204,32,0,0
BRDA:204,32,1,0
BRDA:218,33,0,0
BRDA:228,34,0,0
BRDA:240,35,0,0
BRDA:240,36,0,0
BRDA:240,36,1,0
BRDA:244,37,0,0
BRDA:244,38,0,0
BRDA:244,38,1,0
BRF:62
BRH:23
end_of_record
TN:
SF:src\modules\customer-group\customer-group.controller.ts
FN:12,(anonymous_1)
FN:20,(anonymous_2)
FN:51,(anonymous_3)
FN:59,(anonymous_4)
FN:67,(anonymous_5)
FNF:5
FNH:5
FNDA:1,(anonymous_1)
FNDA:1,(anonymous_2)
FNDA:2,(anonymous_3)
FNDA:1,(anonymous_4)
FNDA:1,(anonymous_5)
DA:3,22
DA:4,22
DA:5,22
DA:6,22
DA:7,22
DA:8,22
DA:12,22
DA:13,1
DA:15,1
DA:16,1
DA:20,22
DA:21,1
DA:22,1
DA:23,1
DA:25,1
DA:26,1
DA:28,1
DA:29,1
DA:30,0
DA:31,0
DA:32,0
DA:33,0
DA:37,1
DA:39,1
DA:40,1
DA:42,1
DA:44,1
DA:51,22
DA:52,2
DA:53,2
DA:54,2
DA:55,1
DA:59,22
DA:60,1
DA:62,1
DA:63,1
DA:67,22
DA:68,1
DA:69,1
DA:70,1
DA:73,22
LF:41
LH:37
BRDA:26,0,0,0
BRDA:29,1,0,0
BRDA:31,2,0,0
BRDA:31,3,0,0
BRDA:31,3,1,0
BRDA:31,3,2,0
BRDA:32,4,0,0
BRDA:37,5,0,1
BRDA:39,6,0,1
BRDA:39,6,1,1
BRDA:40,7,0,1
BRDA:40,7,1,1
BRDA:54,8,0,1
BRF:13
BRH:6
end_of_record
TN:
SF:src\modules\customer-group\customer-group.routes.ts
FNF:0
FNH:0
DA:2,22
DA:3,22
DA:4,22
DA:5,22
DA:6,22
DA:7,22
DA:8,22
DA:9,22
DA:11,22
DA:14,22
DA:15,22
DA:18,22
DA:31,22
DA:49,22
LF:14
LH:14
BRF:0
BRH:0
end_of_record
TN:
SF:src\modules\customer-group\customer-group.service.ts
FN:22,(anonymous_1)
FN:64,(anonymous_2)
FN:101,(anonymous_3)
FN:128,(anonymous_4)
FN:189,(anonymous_5)
FNF:5
FNH:5
FNDA:1,(anonymous_1)
FNDA:1,(anonymous_2)
FNDA:4,(anonymous_3)
FNDA:1,(anonymous_4)
FNDA:1,(anonymous_5)
DA:2,22
DA:3,22
DA:4,22
DA:5,22
DA:6,22
DA:22,22
DA:23,1
DA:26,1
DA:30,1
DA:31,0
DA:32,0
DA:35,1
DA:36,1
DA:43,1
DA:44,1
DA:45,1
DA:47,0
DA:48,0
DA:49,0
DA:50,0
DA:52,0
DA:64,22
DA:70,1
DA:71,1
DA:72,1
DA:73,1
DA:75,1
DA:76,1
DA:86,1
DA:87,1
DA:89,0
DA:90,0
DA:91,0
DA:101,22
DA:102,4
DA:103,4
DA:104,4
DA:108,4
DA:109,1
DA:110,1
DA:112,3
DA:113,3
DA:115,0
DA:116,0
DA:117,0
DA:128,22
DA:129,1
DA:132,1
DA:133,1
DA:134,0
DA:135,0
DA:139,1
DA:140,1
DA:144,1
DA:145,0
DA:146,0
DA:151,1
DA:152,1
DA:153,1
DA:156,1
DA:157,0
DA:158,0
DA:162,1
DA:163,1
DA:167,1
DA:169,1
DA:171,0
DA:172,0
DA:173,0
DA:174,0
DA:176,0
DA:177,0
DA:179,0
DA:189,22
DA:190,1
DA:193,1
DA:194,1
DA:195,0
DA:196,0
DA:200,1
DA:203,1
DA:204,0
DA:205,0
DA:210,1
DA:211,1
DA:214,1
DA:217,0
DA:218,0
DA:219,0
DA:220,0
DA:221,0
DA:223,0
DA:224,0
DA:226,0
DA:230,22
LF:95
LH:57
BRDA:30,0,0,0
BRDA:49,1,0,0
BRDA:49,2,0,0
BRDA:49,2,1,0
BRDA:71,3,0,1
BRDA:71,3,1,0
BRDA:73,4,0,0
BRDA:108,5,0,1
BRDA:133,6,0,0
BRDA:139,7,0,1
BRDA:139,8,0,1
BRDA:139,8,1,1
BRDA:144,9,0,0
BRDA:152,10,0,1
BRDA:153,11,0,0
BRDA:156,12,0,0
BRDA:173,13,0,0
BRDA:173,14,0,0
BRDA:173,14,1,0
BRDA:176,15,0,0
BRDA:176,16,0,0
BRDA:176,16,1,0
BRDA:194,17,0,0
BRDA:203,18,0,0
BRDA:219,19,0,0
BRDA:219,20,0,0
BRDA:219,20,1,0
BRDA:223,21,0,0
BRDA:223,22,0,0
BRDA:223,22,1,0
BRF:30
BRH:6
end_of_record
TN:
SF:src\modules\customer-group\dto\create-customer-group.dto.ts
FNF:0
FNH:0
DA:2,22
DA:4,22
DA:8,22
DA:12,22
LF:4
LH:4
BRF:0
BRH:0
end_of_record
TN:
SF:src\modules\customer-group\dto\update-customer-group.dto.ts
FNF:0
FNH:0
DA:2,22
DA:4,22
DA:9,22
DA:13,22
LF:4
LH:4
BRF:0
BRH:0
end_of_record
TN:
SF:src\modules\customer\dto\address.dto.ts
FNF:0
FNH:0
DA:1,22
DA:2,22
DA:3,22
DA:4,22
DA:5,22
DA:6,22
DA:7,22
LF:7
LH:7
BRF:0
BRH:0
end_of_record
TN:
SF:src\modules\customer\dto\create-customer.dto.ts
FN:5,(anonymous_2)
FN:38,(anonymous_3)
FN:44,(anonymous_4)
FNF:3
FNH:2
FNDA:2,(anonymous_2)
FNDA:1,(anonymous_3)
FNDA:0,(anonymous_4)
DA:1,22
DA:2,22
DA:3,22
DA:5,22
DA:9,22
DA:14,22
DA:19,22
DA:24,22
DA:30,22
DA:34,22
DA:38,1
DA:40,22
DA:44,0
DA:46,22
DA:50,22
DA:54,22
DA:58,22
DA:63,22
LF:18
LH:17
BRF:0
BRH:0
end_of_record
TN:
SF:src\modules\customer\dto\update-customer.dto.ts
FN:20,(anonymous_2)
FN:21,(anonymous_3)
FNF:2
FNH:0
FNDA:0,(anonymous_2)
FNDA:0,(anonymous_3)
DA:2,22
DA:3,22
DA:4,22
DA:6,22
DA:13,22
DA:14,22
DA:15,22
DA:16,22
DA:18,22
DA:20,22
DA:21,22
DA:23,22
DA:24,22
DA:25,22
DA:27,22
DA:28,22
LF:16
LH:16
BRF:0
BRH:0
end_of_record
TN:
SF:src\modules\inventory\inventory.controller.ts
FN:13,(anonymous_1)
FN:21,(anonymous_2)
FN:54,(anonymous_3)
FN:81,(anonymous_4)
FN:91,(anonymous_5)
FN:99,(anonymous_6)
FN:108,(anonymous_7)
FN:117,(anonymous_8)
FN:150,(anonymous_9)
FN:174,(anonymous_10)
FN:183,(anonymous_11)
FN:229,(anonymous_12)
FN:260,(anonymous_13)
FN:267,(anonymous_14)
FNF:14
FNH:5
FNDA:1,(anonymous_1)
FNDA:3,(anonymous_2)
FNDA:0,(anonymous_3)
FNDA:0,(anonymous_4)
FNDA:1,(anonymous_5)
FNDA:0,(anonymous_6)
FNDA:0,(anonymous_7)
FNDA:5,(anonymous_8)
FNDA:0,(anonymous_9)
FNDA:0,(anonymous_10)
FNDA:5,(anonymous_11)
FNDA:0,(anonymous_12)
FNDA:0,(anonymous_13)
FNDA:0,(anonymous_14)
DA:3,22
DA:4,22
DA:5,22
DA:6,22
DA:7,22
DA:8,22
DA:9,22
DA:13,22
DA:14,1
DA:15,1
DA:17,1
DA:18,1
DA:21,22
DA:22,3
DA:24,3
DA:32,3
DA:35,3
DA:37,3
DA:38,3
DA:39,3
DA:41,3
DA:42,0
DA:43,0
DA:44,0
DA:45,0
DA:47,0
DA:52,3
DA:53,3
DA:54,0
DA:55,0
DA:56,0
DA:58,0
DA:59,0
DA:64,3
DA:67,3
DA:68,3
DA:71,3
DA:72,3
DA:75,3
DA:81,22
DA:82,0
DA:83,0
DA:84,0
DA:85,0
DA:91,22
DA:92,1
DA:93,1
DA:95,1
DA:96,1
DA:99,22
DA:100,0
DA:101,0
DA:102,0
DA:104,0
DA:105,0
DA:108,22
DA:109,0
DA:110,0
DA:111,0
DA:113,0
DA:114,0
DA:117,22
DA:118,5
DA:120,5
DA:123,5
DA:126,5
DA:127,5
DA:128,5
DA:130,5
DA:131,0
DA:132,5
DA:133,0
DA:135,5
DA:137,5
DA:138,0
DA:139,0
DA:140,0
DA:141,0
DA:143,0
DA:148,5
DA:149,5
DA:150,0
DA:151,0
DA:152,0
DA:153,0
DA:154,0
DA:159,5
DA:162,5
DA:163,5
DA:166,5
DA:167,5
DA:168,5
DA:174,22
DA:175,0
DA:176,0
DA:177,0
DA:178,0
DA:183,22
DA:184,5
DA:186,5
DA:187,5
DA:190,5
DA:191,5
DA:192,5
DA:196,5
DA:197,5
DA:199,5
DA:200,0
DA:201,0
DA:203,0
DA:204,0
DA:206,0
DA:209,5
DA:210,0
DA:211,0
DA:213,0
DA:214,0
DA:216,0
DA:221,5
DA:222,0
DA:227,5
DA:228,5
DA:229,0
DA:230,0
DA:231,0
DA:233,0
DA:234,0
DA:235,0
DA:236,0
DA:237,0
DA:238,0
DA:239,0
DA:240,0
DA:245,5
DA:248,5
DA:249,5
DA:252,5
DA:253,5
DA:254,5
DA:260,22
DA:261,0
DA:262,0
DA:263,0
DA:264,0
DA:267,22
DA:268,0
DA:269,0
DA:271,0
DA:272,0
DA:277,22
LF:150
LH:80
BRDA:37,0,0,0
BRDA:38,1,0,0
BRDA:39,2,0,0
BRDA:41,3,0,0
BRDA:41,4,0,3
BRDA:41,4,1,3
BRDA:44,5,0,0
BRDA:45,6,0,0
BRDA:53,7,0,0
BRDA:56,8,0,0
BRDA:56,9,0,0
BRDA:56,9,1,0
BRDA:56,9,2,0
BRDA:58,10,0,0
BRDA:64,11,0,3
BRDA:67,12,0,3
BRDA:67,12,1,3
BRDA:68,13,0,3
BRDA:68,13,1,3
BRDA:71,14,0,3
BRDA:71,14,1,0
BRDA:84,15,0,0
BRDA:127,16,0,0
BRDA:128,17,0,0
BRDA:130,18,0,0
BRDA:130,18,1,5
BRDA:130,19,0,5
BRDA:130,19,1,0
BRDA:132,20,0,0
BRDA:135,21,0,0
BRDA:137,22,0,0
BRDA:137,23,0,5
BRDA:137,23,1,5
BRDA:140,24,0,0
BRDA:141,25,0,0
BRDA:149,26,0,0
BRDA:152,27,0,0
BRDA:152,28,0,0
BRDA:152,28,1,0
BRDA:152,28,2,0
BRDA:153,29,0,0
BRDA:159,30,0,5
BRDA:162,31,0,5
BRDA:162,31,1,5
BRDA:163,32,0,5
BRDA:163,32,1,5
BRDA:166,33,0,5
BRDA:166,33,1,0
BRDA:177,34,0,0
BRDA:191,35,0,1
BRDA:192,36,0,1
BRDA:199,37,0,0
BRDA:209,38,0,0
BRDA:221,39,0,0
BRDA:228,40,0,0
BRDA:231,41,0,0
BRDA:231,42,0,0
BRDA:231,42,1,0
BRDA:231,42,2,0
BRDA:233,43,0,0
BRDA:233,43,1,0
BRDA:235,44,0,0
BRDA:235,44,1,0
BRDA:237,45,0,0
BRDA:237,45,1,0
BRDA:239,46,0,0
BRDA:245,47,0,5
BRDA:248,48,0,5
BRDA:248,48,1,5
BRDA:249,49,0,5
BRDA:249,49,1,5
BRDA:252,50,0,5
BRDA:252,50,1,0
BRDA:263,51,0,0
BRF:74
BRH:26
end_of_record
TN:
SF:src\modules\inventory\inventory.routes.ts
FNF:0
FNH:0
DA:2,22
DA:3,22
DA:4,22
DA:5,22
DA:6,22
DA:7,22
DA:8,22
DA:9,22
DA:10,22
DA:11,22
DA:13,22
DA:16,22
DA:17,22
DA:20,22
DA:33,22
DA:41,22
DA:54,22
DA:62,22
DA:70,22
DA:79,22
DA:86,22
DA:100,22
LF:22
LH:22
BRF:0
BRH:0
end_of_record
TN:
SF:src\modules\inventory\inventory.service.ts
FN:40,(anonymous_1)
FN:178,(anonymous_2)
FN:202,(anonymous_3)
FN:209,(anonymous_4)
FN:209,(anonymous_5)
FN:217,(anonymous_6)
FN:229,(anonymous_7)
FN:296,(anonymous_8)
FN:312,(anonymous_9)
FN:347,(anonymous_10)
FN:354,(anonymous_11)
FN:354,(anonymous_12)
FN:362,(anonymous_13)
FN:387,(anonymous_14)
FN:411,(anonymous_15)
FN:424,(anonymous_16)
FN:517,(anonymous_17)
FN:531,(anonymous_18)
FN:554,(anonymous_19)
FN:682,(anonymous_20)
FN:746,(anonymous_21)
FN:798,(anonymous_22)
FN:873,(anonymous_23)
FN:926,(anonymous_24)
FN:999,(anonymous_25)
FN:1042,(anonymous_26)
FNF:26
FNH:13
FNDA:4,(anonymous_1)
FNDA:1,(anonymous_2)
FNDA:1,(anonymous_3)
FNDA:0,(anonymous_4)
FNDA:0,(anonymous_5)
FNDA:1,(anonymous_6)
FNDA:1,(anonymous_7)
FNDA:1,(anonymous_8)
FNDA:1,(anonymous_9)
FNDA:1,(anonymous_10)
FNDA:0,(anonymous_11)
FNDA:0,(anonymous_12)
FNDA:1,(anonymous_13)
FNDA:1,(anonymous_14)
FNDA:0,(anonymous_15)
FNDA:0,(anonymous_16)
FNDA:0,(anonymous_17)
FNDA:0,(anonymous_18)
FNDA:0,(anonymous_19)
FNDA:3,(anonymous_20)
FNDA:0,(anonymous_21)
FNDA:5,(anonymous_22)
FNDA:0,(anonymous_23)
FNDA:5,(anonymous_24)
FNDA:0,(anonymous_25)
FNDA:0,(anonymous_26)
DA:2,22
DA:16,22
DA:17,22
DA:18,22
DA:19,22
DA:40,22
DA:68,4
DA:69,4
DA:79,4
DA:81,0
DA:86,0
DA:90,4
DA:115,4
DA:118,4
DA:120,0
DA:121,0
DA:122,0
DA:127,0
DA:132,0
DA:140,4
DA:164,4
DA:165,4
DA:172,4
DA:178,22
DA:183,1
DA:191,1
DA:195,1
DA:196,0
DA:202,1
DA:203,1
DA:207,1
DA:208,0
DA:209,0
DA:211,0
DA:216,1
DA:217,1
DA:218,1
DA:219,0
DA:226,1
DA:228,1
DA:231,1
DA:240,1
DA:242,1
DA:245,1
DA:246,1
DA:248,1
DA:264,1
DA:267,1
DA:282,1
DA:283,0
DA:291,1
DA:295,1
DA:296,1
DA:298,0
DA:299,0
DA:300,0
DA:302,0
DA:312,22
DA:317,1
DA:325,1
DA:326,0
DA:333,1
DA:340,1
DA:341,0
DA:347,1
DA:348,1
DA:352,1
DA:353,0
DA:354,0
DA:356,0
DA:361,1
DA:362,1
DA:363,1
DA:364,0
DA:369,1
DA:370,0
DA:377,1
DA:378,1
DA:387,1
DA:397,1
DA:398,1
DA:399,1
DA:401,0
DA:402,0
DA:403,0
DA:411,22
DA:417,0
DA:423,0
DA:424,0
DA:426,0
DA:431,0
DA:432,0
DA:433,0
DA:434,0
DA:442,0
DA:447,0
DA:449,0
DA:451,0
DA:452,0
DA:453,0
DA:457,0
DA:463,0
DA:477,0
DA:480,0
DA:487,0
DA:488,0
DA:497,0
DA:500,0
DA:504,0
DA:506,0
DA:507,0
DA:508,0
DA:509,0
DA:517,22
DA:523,0
DA:530,0
DA:531,0
DA:533,0
DA:538,0
DA:539,0
DA:540,0
DA:544,0
DA:550,0
DA:551,0
DA:552,0
DA:553,0
DA:554,0
DA:558,0
DA:559,0
DA:562,0
DA:566,0
DA:567,0
DA:569,0
DA:573,0
DA:577,0
DA:578,0
DA:583,0
DA:587,0
DA:591,0
DA:594,0
DA:597,0
DA:611,0
DA:613,0
DA:617,0
DA:622,0
DA:629,0
DA:630,0
DA:637,0
DA:638,0
DA:641,0
DA:642,0
DA:650,0
DA:651,0
DA:655,0
DA:657,0
DA:660,0
DA:663,0
DA:667,0
DA:669,0
DA:670,0
DA:671,0
DA:672,0
DA:682,22
DA:689,3
DA:691,3
DA:692,3
DA:698,3
DA:699,0
DA:705,3
DA:706,3
DA:730,3
DA:734,3
DA:736,0
DA:737,0
DA:738,0
DA:746,22
DA:757,0
DA:762,0
DA:763,0
DA:777,0
DA:778,0
DA:779,0
DA:781,0
DA:782,0
DA:788,0
DA:789,0
DA:790,0
DA:798,22
DA:805,5
DA:807,5
DA:808,5
DA:814,5
DA:815,0
DA:821,5
DA:822,5
DA:857,5
DA:861,5
DA:863,0
DA:864,0
DA:865,0
DA:873,22
DA:884,0
DA:889,0
DA:890,0
DA:905,0
DA:906,0
DA:907,0
DA:909,0
DA:910,0
DA:916,0
DA:917,0
DA:918,0
DA:926,22
DA:939,5
DA:941,5
DA:942,5
DA:948,5
DA:949,0
DA:955,5
DA:956,5
DA:977,5
DA:981,5
DA:989,0
DA:990,0
DA:991,0
DA:999,22
DA:1009,0
DA:1014,0
DA:1015,0
DA:1022,0
DA:1023,0
DA:1024,0
DA:1026,0
DA:1027,0
DA:1032,0
DA:1033,0
DA:1034,0
DA:1042,22
DA:1047,0
DA:1053,0
DA:1055,0
DA:1059,0
DA:1060,0
DA:1064,0
DA:1065,0
DA:1066,0
DA:1068,0
DA:1069,0
DA:1072,0
DA:1077,0
DA:1078,0
DA:1080,0
DA:1081,0
DA:1082,0
DA:1083,0
DA:1091,22
LF:256
LH:92
BRDA:79,0,0,0
BRDA:118,1,0,0
BRDA:121,2,0,0
BRDA:121,2,1,0
BRDA:147,3,0,0
BRDA:147,3,1,4
BRDA:195,4,0,0
BRDA:207,5,0,0
BRDA:218,6,0,0
BRDA:246,7,0,0
BRDA:255,8,0,1
BRDA:255,8,1,0
BRDA:260,9,0,1
BRDA:260,9,1,0
BRDA:273,10,0,0
BRDA:273,10,1,1
BRDA:282,11,0,0
BRDA:298,12,0,0
BRDA:325,13,0,0
BRDA:340,14,0,0
BRDA:352,15,0,0
BRDA:363,16,0,0
BRDA:369,17,0,0
BRDA:431,18,0,0
BRDA:433,19,0,0
BRDA:452,20,0,0
BRDA:452,21,0,0
BRDA:452,21,1,0
BRDA:487,22,0,0
BRDA:506,23,0,0
BRDA:538,24,0,0
BRDA:540,25,0,0
BRDA:541,26,0,0
BRDA:541,26,1,0
BRDA:566,27,0,0
BRDA:566,27,1,0
BRDA:577,28,0,0
BRDA:583,29,0,0
BRDA:584,30,0,0
BRDA:584,30,1,0
BRDA:630,31,0,0
BRDA:630,31,1,0
BRDA:631,32,0,0
BRDA:631,32,1,0
BRDA:638,33,0,0
BRDA:650,34,0,0
BRDA:650,34,1,0
BRDA:669,35,0,0
BRDA:687,36,0,0
BRDA:691,37,0,3
BRDA:691,37,1,0
BRDA:698,38,0,0
BRDA:710,39,0,1
BRDA:710,39,1,2
BRDA:726,40,0,1
BRDA:726,40,1,2
BRDA:777,41,0,0
BRDA:803,42,0,0
BRDA:807,43,0,5
BRDA:807,43,1,0
BRDA:814,44,0,0
BRDA:826,45,0,1
BRDA:826,45,1,4
BRDA:848,46,0,1
BRDA:848,46,1,4
BRDA:905,47,0,0
BRDA:931,48,0,0
BRDA:941,49,0,5
BRDA:941,49,1,0
BRDA:948,50,0,0
BRDA:960,51,0,1
BRDA:960,51,1,4
BRDA:973,52,0,1
BRDA:973,52,1,4
BRDA:1022,53,0,0
BRDA:1059,54,0,0
BRDA:1065,55,0,0
BRDA:1066,56,0,0
BRDA:1066,56,1,0
BRDA:1068,57,0,0
BRDA:1069,58,0,0
BRDA:1069,58,1,0
BRDA:1080,59,0,0
BRF:83
BRH:19
end_of_record
TN:
SF:src\modules\inventory\dto\adjustment-item.dto.ts
FN:12,(anonymous_2)
FN:17,(anonymous_3)
FNF:2
FNH:1
FNDA:1,(anonymous_2)
FNDA:0,(anonymous_3)
DA:2,22
DA:3,22
DA:5,22
DA:8,22
DA:12,1
DA:13,22
DA:17,0
DA:18,22
DA:23,22
DA:28,22
LF:10
LH:9
BRF:0
BRH:0
end_of_record
TN:
SF:src\modules\inventory\dto\create-adjustment.dto.ts
FN:23,(anonymous_2)
FNF:1
FNH:1
FNDA:1,(anonymous_2)
DA:2,22
DA:3,22
DA:4,22
DA:6,22
DA:9,22
DA:14,22
DA:18,22
DA:23,1
DA:24,22
LF:9
LH:9
BRF:0
BRH:0
end_of_record
TN:
SF:src\modules\inventory\dto\create-transfer.dto.ts
FN:22,(anonymous_2)
FNF:1
FNH:1
FNDA:1,(anonymous_2)
DA:2,22
DA:3,22
DA:4,22
DA:6,22
DA:9,22
DA:13,22
DA:17,22
DA:22,1
DA:23,22
LF:9
LH:9
BRF:0
BRH:0
end_of_record
TN:
SF:src\modules\inventory\dto\receive-item.dto.ts
FN:14,(anonymous_2)
FNF:1
FNH:0
FNDA:0,(anonymous_2)
DA:3,22
DA:4,22
DA:6,22
DA:9,22
DA:14,0
DA:15,22
DA:20,22
DA:25,22
LF:8
LH:7
BRF:0
BRH:0
end_of_record
TN:
SF:src\modules\inventory\dto\receive-transfer.dto.ts
FN:10,(anonymous_2)
FNF:1
FNH:0
FNDA:0,(anonymous_2)
DA:2,22
DA:3,22
DA:4,22
DA:6,22
DA:10,0
DA:11,22
LF:6
LH:5
BRF:0
BRH:0
end_of_record
TN:
SF:src\modules\inventory\dto\transfer-item.dto.ts
FN:13,(anonymous_2)
FNF:1
FNH:1
FNDA:1,(anonymous_2)
DA:2,22
DA:3,22
DA:5,22
DA:8,22
DA:13,1
DA:14,22
LF:6
LH:6
BRF:0
BRH:0
end_of_record
TN:
SF:src\modules\inventory\dto\update-inventory-item.dto.ts
FNF:0
FNH:0
DA:1,22
DA:8,22
DA:12,22
DA:17,22
LF:4
LH:4
BRF:0
BRH:0
end_of_record
TN:
SF:src\modules\location\location.controller.ts
FN:11,(anonymous_1)
FN:17,(anonymous_2)
FN:29,(anonymous_3)
FN:51,(anonymous_4)
FN:58,(anonymous_5)
FN:64,(anonymous_6)
FNF:6
FNH:5
FNDA:1,(anonymous_1)
FNDA:2,(anonymous_2)
FNDA:0,(anonymous_3)
FNDA:2,(anonymous_4)
FNDA:1,(anonymous_5)
FNDA:1,(anonymous_6)
DA:3,22
DA:4,22
DA:5,22
DA:6,22
DA:7,22
DA:8,22
DA:11,22
DA:12,1
DA:13,1
DA:14,1
DA:17,22
DA:18,2
DA:19,2
DA:20,2
DA:22,2
DA:23,2
DA:24,2
DA:25,2
DA:27,2
DA:28,2
DA:29,0
DA:30,0
DA:31,0
DA:32,0
DA:33,0
DA:38,2
DA:40,2
DA:41,2
DA:43,2
DA:45,2
DA:51,22
DA:52,2
DA:53,2
DA:54,2
DA:55,1
DA:58,22
DA:59,1
DA:60,1
DA:61,1
DA:64,22
DA:65,1
DA:66,1
DA:67,1
DA:70,22
LF:44
LH:39
BRDA:23,0,0,1
BRDA:24,1,0,0
BRDA:25,2,0,0
BRDA:28,3,0,0
BRDA:31,4,0,0
BRDA:31,5,0,0
BRDA:31,5,1,0
BRDA:31,5,2,0
BRDA:32,6,0,0
BRDA:38,7,0,2
BRDA:40,8,0,2
BRDA:40,8,1,2
BRDA:41,9,0,2
BRDA:41,9,1,2
BRDA:54,10,0,1
BRF:15
BRH:7
end_of_record
TN:
SF:src\modules\location\location.routes.ts
FNF:0
FNH:0
DA:2,22
DA:3,22
DA:4,22
DA:5,22
DA:6,22
DA:7,22
DA:8,22
DA:9,22
DA:11,22
DA:14,22
DA:15,22
DA:18,22
DA:29,22
DA:44,22
LF:14
LH:14
BRF:0
BRH:0
end_of_record
TN:
SF:src\modules\location\location.service.ts
FN:20,(anonymous_1)
FN:113,(anonymous_2)
FN:165,(anonymous_3)
FN:261,(anonymous_4)
FN:391,(anonymous_5)
FNF:5
FNH:5
FNDA:1,(anonymous_1)
FNDA:2,(anonymous_2)
FNDA:4,(anonymous_3)
FNDA:1,(anonymous_4)
FNDA:1,(anonymous_5)
DA:2,22
DA:3,22
DA:4,22
DA:5,22
DA:6,22
DA:20,22
DA:24,1
DA:30,1
DA:34,1
DA:35,0
DA:36,0
DA:43,1
DA:44,0
DA:47,0
DA:48,0
DA:52,0
DA:56,1
DA:57,1
DA:69,1
DA:70,1
DA:71,1
DA:73,0
DA:74,0
DA:75,0
DA:79,0
DA:84,0
DA:113,22
DA:119,2
DA:123,2
DA:126,2
DA:133,2
DA:135,0
DA:139,0
DA:144,2
DA:146,2
DA:150,2
DA:154,2
DA:156,0
DA:157,0
DA:158,0
DA:165,22
DA:169,4
DA:174,4
DA:175,4
DA:178,4
DA:179,1
DA:180,1
DA:182,3
DA:183,3
DA:185,0
DA:186,0
DA:187,0
DA:261,22
DA:266,1
DA:273,1
DA:274,1
DA:275,0
DA:276,0
DA:280,1
DA:281,1
DA:285,1
DA:286,0
DA:287,0
DA:295,1
DA:297,0
DA:298,0
DA:302,0
DA:307,0
DA:309,0
DA:312,0
DA:313,0
DA:314,0
DA:323,1
DA:324,1
DA:325,1
DA:326,0
DA:327,1
DA:328,0
DA:329,1
DA:330,1
DA:334,1
DA:335,0
DA:337,0
DA:342,0
DA:349,1
DA:350,0
DA:351,0
DA:354,1
DA:355,1
DA:359,1
DA:361,1
DA:363,0
DA:364,0
DA:365,0
DA:369,0
DA:374,0
DA:378,0
DA:383,0
DA:391,22
DA:395,1
DA:401,1
DA:402,1
DA:403,0
DA:404,0
DA:408,1
DA:412,1
DA:413,0
DA:417,0
DA:424,1
DA:425,1
DA:426,1
DA:429,0
DA:430,0
DA:431,0
DA:436,0
DA:440,0
DA:445,0
DA:449,0
DA:454,0
DA:461,22
LF:120
LH:63
BRDA:34,0,0,0
BRDA:43,1,0,0
BRDA:47,2,0,0
BRDA:63,3,0,1
BRDA:63,3,1,0
BRDA:75,4,0,0
BRDA:76,5,0,0
BRDA:76,5,1,0
BRDA:123,6,0,2
BRDA:123,6,1,0
BRDA:133,7,0,0
BRDA:178,8,0,1
BRDA:274,9,0,0
BRDA:280,10,0,1
BRDA:280,11,0,1
BRDA:280,11,1,1
BRDA:285,12,0,0
BRDA:295,13,0,0
BRDA:297,14,0,0
BRDA:307,15,0,0
BRDA:312,16,0,0
BRDA:324,17,0,1
BRDA:325,18,0,0
BRDA:327,19,0,0
BRDA:329,20,0,1
BRDA:331,21,0,1
BRDA:331,21,1,0
BRDA:334,22,0,0
BRDA:335,23,0,0
BRDA:335,23,1,0
BRDA:349,24,0,0
BRDA:365,25,0,0
BRDA:366,26,0,0
BRDA:366,26,1,0
BRDA:374,27,0,0
BRDA:375,28,0,0
BRDA:375,28,1,0
BRDA:402,29,0,0
BRDA:412,30,0,0
BRDA:431,31,0,0
BRDA:432,32,0,0
BRDA:432,32,1,0
BRDA:445,33,0,0
BRDA:446,34,0,0
BRDA:446,34,1,0
BRF:45
BRH:9
end_of_record
TN:
SF:src\modules\location\dto\create-location.dto.ts
FN:16,(anonymous_2)
FN:32,(anonymous_3)
FNF:2
FNH:2
FNDA:2,(anonymous_2)
FNDA:1,(anonymous_3)
DA:2,22
DA:3,22
DA:4,22
DA:7,22
DA:8,22
DA:9,22
DA:10,22
DA:11,22
DA:12,22
DA:16,22
DA:20,22
DA:24,22
DA:28,22
DA:32,1
DA:34,22
LF:15
LH:15
BRF:0
BRH:0
end_of_record
TN:
SF:src\modules\location\dto\update-location.dto.ts
FN:24,(anonymous_2)
FNF:1
FNH:1
FNDA:1,(anonymous_2)
DA:2,22
DA:3,22
DA:4,22
DA:5,22
DA:7,22
DA:12,22
DA:16,22
DA:20,22
DA:24,1
DA:26,22
DA:30,22
LF:11
LH:11
BRF:0
BRH:0
end_of_record
TN:
SF:src\modules\orders\order.controller.ts
FN:14,(anonymous_1)
FN:26,(anonymous_2)
FN:74,(anonymous_3)
FN:112,(anonymous_4)
FN:129,(anonymous_5)
FN:145,(anonymous_6)
FNF:6
FNH:5
FNDA:1,(anonymous_1)
FNDA:1,(anonymous_2)
FNDA:0,(anonymous_3)
FNDA:2,(anonymous_4)
FNDA:1,(anonymous_5)
FNDA:1,(anonymous_6)
DA:3,22
DA:4,22
DA:5,22
DA:6,22
DA:7,22
DA:8,22
DA:9,22
DA:14,22
DA:15,1
DA:16,1
DA:18,1
DA:20,1
DA:26,22
DA:27,1
DA:30,1
DA:42,1
DA:45,1
DA:47,1
DA:48,1
DA:49,1
DA:51,1
DA:52,0
DA:53,1
DA:54,0
DA:56,1
DA:57,1
DA:58,1
DA:61,1
DA:62,0
DA:63,0
DA:64,0
DA:65,0
DA:67,0
DA:72,1
DA:73,1
DA:74,0
DA:75,0
DA:76,0
DA:78,0
DA:79,0
DA:87,1
DA:88,1
DA:92,1
DA:93,1
DA:96,1
DA:97,1
DA:100,1
DA:112,22
DA:113,2
DA:114,2
DA:119,2
DA:120,2
DA:121,1
DA:123,1
DA:129,22
DA:130,1
DA:131,1
DA:132,1
DA:138,1
DA:139,1
DA:145,22
DA:146,1
DA:147,1
DA:148,1
DA:150,1
DA:156,1
DA:159,1
DA:164,22
LF:68
LH:56
BRDA:47,0,0,0
BRDA:48,1,0,0
BRDA:49,2,0,0
BRDA:51,3,0,0
BRDA:51,3,1,1
BRDA:51,4,0,1
BRDA:51,4,1,0
BRDA:53,5,0,0
BRDA:56,6,0,0
BRDA:57,7,0,0
BRDA:58,8,0,0
BRDA:61,9,0,0
BRDA:61,10,0,1
BRDA:61,10,1,1
BRDA:64,11,0,0
BRDA:65,12,0,0
BRDA:73,13,0,0
BRDA:76,14,0,0
BRDA:76,15,0,0
BRDA:76,15,1,0
BRDA:76,15,2,0
BRDA:78,16,0,0
BRDA:87,17,0,1
BRDA:92,18,0,1
BRDA:92,18,1,1
BRDA:93,19,0,1
BRDA:93,19,1,1
BRDA:96,20,0,1
BRDA:96,20,1,0
BRDA:120,21,0,1
BRDA:150,22,0,1
BRDA:150,22,1,0
BRF:32
BRH:12
end_of_record
TN:
SF:src\modules\orders\order.routes.ts
FNF:0
FNH:0
DA:2,22
DA:3,22
DA:4,22
DA:5,22
DA:6,22
DA:7,22
DA:8,22
DA:9,22
DA:11,22
DA:14,22
DA:15,22
DA:18,22
DA:40,22
DA:62,22
DA:73,22
LF:15
LH:15
BRF:0
BRH:0
end_of_record
TN:
SF:src\modules\orders\order.service.ts
FN:44,generateOrderNumber
FN:55,(anonymous_2)
FN:73,(anonymous_3)
FN:79,(anonymous_4)
FN:79,(anonymous_5)
FN:89,(anonymous_6)
FN:147,(anonymous_7)
FN:176,(anonymous_8)
FN:215,(anonymous_9)
FN:255,(anonymous_10)
FN:282,(anonymous_11)
FN:344,(anonymous_12)
FN:364,(anonymous_13)
FNF:13
FNH:11
FNDA:3,generateOrderNumber
FNDA:1,(anonymous_2)
FNDA:1,(anonymous_3)
FNDA:0,(anonymous_4)
FNDA:0,(anonymous_5)
FNDA:1,(anonymous_6)
FNDA:1,(anonymous_7)
FNDA:1,(anonymous_8)
FNDA:1,(anonymous_9)
FNDA:4,(anonymous_10)
FNDA:1,(anonymous_11)
FNDA:1,(anonymous_12)
FNDA:1,(anonymous_13)
DA:2,22
DA:3,22
DA:7,22
DA:8,22
DA:9,22
DA:17,22
DA:45,3
DA:47,3
DA:48,3
DA:49,3
DA:55,22
DA:56,1
DA:59,1
DA:60,1
DA:63,1
DA:64,1
DA:65,1
DA:69,1
DA:73,1
DA:74,1
DA:78,1
DA:79,0
DA:80,0
DA:83,1
DA:84,1
DA:85,1
DA:86,1
DA:88,1
DA:89,1
DA:90,1
DA:92,1
DA:93,1
DA:94,0
DA:97,1
DA:101,1
DA:103,1
DA:104,1
DA:106,1
DA:118,1
DA:119,1
DA:120,1
DA:121,1
DA:123,1
DA:124,0
DA:125,0
DA:126,0
DA:128,0
DA:129,0
DA:130,0
DA:134,0
DA:139,1
DA:140,1
DA:141,1
DA:142,1
DA:143,1
DA:146,1
DA:147,1
DA:148,1
DA:170,1
DA:173,1
DA:174,1
DA:175,1
DA:176,1
DA:177,1
DA:180,1
DA:191,1
DA:192,0
DA:194,1
DA:197,1
DA:200,1
DA:201,1
DA:203,1
DA:206,0
DA:207,0
DA:208,0
DA:209,0
DA:215,22
DA:222,1
DA:223,1
DA:224,1
DA:225,1
DA:227,1
DA:229,1
DA:230,1
DA:244,1
DA:246,1
DA:248,0
DA:249,0
DA:250,0
DA:255,22
DA:256,4
DA:257,4
DA:258,4
DA:271,4
DA:272,3
DA:273,3
DA:275,0
DA:276,0
DA:277,0
DA:282,22
DA:283,1
DA:286,1
DA:290,1
DA:293,1
DA:294,0
DA:298,1
DA:299,1
DA:300,1
DA:301,1
DA:302,1
DA:303,1
DA:304,0
DA:307,1
DA:308,0
DA:309,0
DA:310,0
DA:311,0
DA:315,1
DA:316,1
DA:328,1
DA:330,1
DA:332,0
DA:333,0
DA:334,0
DA:335,0
DA:338,0
DA:344,22
DA:345,1
DA:348,1
DA:352,1
DA:356,1
DA:357,1
DA:359,0
DA:363,1
DA:364,1
DA:365,1
DA:380,1
DA:381,1
DA:382,1
DA:386,1
DA:387,1
DA:388,1
DA:399,1
DA:401,0
DA:404,0
DA:407,1
DA:409,1
DA:411,1
DA:412,1
DA:413,1
DA:415,0
DA:416,0
DA:417,0
DA:419,0
DA:425,22
LF:155
LH:116
BRDA:60,0,0,0
BRDA:64,1,0,1
BRDA:69,2,0,0
BRDA:78,3,0,0
BRDA:90,4,0,0
BRDA:93,5,0,0
BRDA:97,6,0,1
BRDA:97,6,1,0
BRDA:99,7,0,0
BRDA:99,7,1,0
BRDA:101,8,0,0
BRDA:118,9,0,1
BRDA:118,9,1,0
BRDA:120,10,0,1
BRDA:120,10,1,0
BRDA:123,11,0,0
BRDA:125,12,0,0
BRDA:125,12,1,0
BRDA:139,13,0,1
BRDA:139,13,1,0
BRDA:140,14,0,1
BRDA:140,14,1,0
BRDA:152,15,0,1
BRDA:152,15,1,0
BRDA:153,16,0,1
BRDA:153,16,1,0
BRDA:158,17,0,1
BRDA:158,17,1,1
BRDA:173,18,0,1
BRDA:173,18,1,0
BRDA:175,19,0,1
BRDA:175,20,0,1
BRDA:175,20,1,1
BRDA:177,21,0,0
BRDA:201,22,0,0
BRDA:206,23,0,0
BRDA:220,24,0,0
BRDA:223,25,0,1
BRDA:223,25,1,0
BRDA:225,26,0,0
BRDA:227,27,0,0
BRDA:227,27,1,1
BRDA:271,28,0,1
BRDA:290,29,0,0
BRDA:293,30,0,0
BRDA:293,31,0,1
BRDA:293,31,1,0
BRDA:293,31,2,0
BRDA:299,32,0,0
BRDA:300,33,0,0
BRDA:301,34,0,0
BRDA:302,35,0,1
BRDA:303,36,0,0
BRDA:304,37,0,0
BRDA:304,37,1,0
BRDA:307,38,0,0
BRDA:310,39,0,0
BRDA:334,40,0,0
BRDA:334,41,0,0
BRDA:334,41,1,0
BRDA:344,42,0,0
BRDA:352,43,0,0
BRDA:357,44,0,0
BRDA:369,45,0,1
BRDA:369,45,1,0
BRDA:381,46,0,1
BRDA:381,46,1,0
BRDA:386,47,0,1
BRDA:386,47,1,0
BRDA:412,48,0,0
BRDA:415,49,0,0
BRF:71
BRH:22
end_of_record
TN:
SF:src\modules\orders\dto\create-order.dto.ts
FN:8,(anonymous_2)
FN:28,(anonymous_3)
FN:32,(anonymous_4)
FN:34,(anonymous_5)
FN:44,(anonymous_6)
FNF:5
FNH:2
FNDA:2,(anonymous_2)
FNDA:0,(anonymous_3)
FNDA:0,(anonymous_4)
FNDA:0,(anonymous_5)
FNDA:2,(anonymous_6)
DA:2,22
DA:3,22
DA:4,22
DA:5,22
DA:6,22
DA:8,22
DA:11,22
DA:15,22
DA:19,22
DA:24,22
DA:26,22
DA:28,0
DA:29,22
DA:31,22
DA:32,22
DA:34,22
DA:39,22
DA:44,2
DA:45,22
LF:19
LH:18
BRF:0
BRH:0
end_of_record
TN:
SF:src\modules\orders\dto\order-item.dto.ts
FN:13,(anonymous_2)
FN:19,(anonymous_3)
FN:29,(anonymous_4)
FN:32,(anonymous_5)
FNF:4
FNH:2
FNDA:3,(anonymous_2)
FNDA:3,(anonymous_3)
FNDA:0,(anonymous_4)
FNDA:0,(anonymous_5)
DA:2,22
DA:3,22
DA:5,22
DA:8,22
DA:13,3
DA:14,22
DA:19,3
DA:21,22
DA:24,22
DA:25,22
DA:27,22
DA:29,0
DA:30,22
DA:32,0
DA:33,22
LF:15
LH:13
BRF:0
BRH:0
end_of_record
TN:
SF:src\modules\orders\dto\update-order.dto.ts
FN:13,(anonymous_2)
FNF:1
FNH:0
FNDA:0,(anonymous_2)
DA:3,22
DA:4,22
DA:5,22
DA:6,22
DA:8,22
DA:11,22
DA:13,0
DA:14,22
DA:16,22
DA:17,22
DA:18,22
LF:11
LH:10
BRF:0
BRH:0
end_of_record
TN:
SF:src\modules\permissions\permission.controller.ts
FN:8,(anonymous_1)
FNF:1
FNH:0
FNDA:0,(anonymous_1)
DA:3,22
DA:4,22
DA:5,22
DA:8,22
DA:9,0
DA:10,0
DA:13,22
LF:7
LH:5
BRF:0
BRH:0
end_of_record
TN:
SF:src\modules\permissions\permission.routes.ts
FNF:0
FNH:0
DA:2,22
DA:3,22
DA:4,22
DA:5,22
DA:6,22
DA:8,22
DA:11,22
DA:12,22
DA:15,22
DA:22,22
LF:10
LH:10
BRF:0
BRH:0
end_of_record
TN:
SF:src\modules\permissions\permission.service.ts
FN:13,(anonymous_1)
FNF:1
FNH:0
FNDA:0,(anonymous_1)
DA:3,22
DA:4,22
DA:5,22
DA:6,22
DA:13,22
DA:14,0
DA:15,0
DA:18,0
DA:21,0
DA:22,0
DA:24,0
DA:25,0
DA:26,0
DA:30,22
LF:14
LH:6
BRF:0
BRH:0
end_of_record
TN:
SF:src\modules\pos\pos.controller.ts
FN:12,(anonymous_1)
FN:32,(anonymous_2)
FN:39,(anonymous_3)
FN:46,(anonymous_4)
FN:54,(anonymous_5)
FN:63,(anonymous_6)
FN:73,(anonymous_7)
FN:80,(anonymous_8)
FN:102,(anonymous_9)
FN:115,(anonymous_10)
FN:133,(anonymous_11)
FN:140,(anonymous_12)
FNF:12
FNH:9
FNDA:11,(anonymous_1)
FNDA:5,(anonymous_2)
FNDA:1,(anonymous_3)
FNDA:1,(anonymous_4)
FNDA:1,(anonymous_5)
FNDA:1,(anonymous_6)
FNDA:0,(anonymous_7)
FNDA:0,(anonymous_8)
FNDA:0,(anonymous_9)
FNDA:1,(anonymous_10)
FNDA:1,(anonymous_11)
FNDA:1,(anonymous_12)
DA:3,22
DA:4,22
DA:5,22
DA:6,22
DA:7,22
DA:8,22
DA:9,22
DA:12,22
DA:13,11
DA:14,11
DA:15,11
DA:16,11
DA:18,11
DA:19,11
DA:22,11
DA:23,11
DA:24,2
DA:27,9
DA:32,22
DA:33,5
DA:35,3
DA:36,3
DA:39,22
DA:40,1
DA:41,1
DA:42,1
DA:43,1
DA:46,22
DA:47,1
DA:48,1
DA:50,1
DA:51,1
DA:54,22
DA:55,1
DA:56,1
DA:57,1
DA:59,1
DA:60,1
DA:63,22
DA:65,1
DA:66,1
DA:69,1
DA:70,1
DA:73,22
DA:74,0
DA:75,0
DA:76,0
DA:77,0
DA:80,22
DA:81,0
DA:82,0
DA:83,0
DA:85,0
DA:86,0
DA:87,0
DA:88,0
DA:89,0
DA:90,0
DA:91,0
DA:92,0
DA:93,0
DA:94,0
DA:95,0
DA:96,0
DA:100,0
DA:101,0
DA:102,0
DA:104,0
DA:106,0
DA:107,0
DA:109,0
DA:111,0
DA:115,22
DA:116,1
DA:117,1
DA:118,1
DA:119,1
DA:122,1
DA:127,1
DA:133,22
DA:134,1
DA:135,1
DA:136,1
DA:137,1
DA:140,22
DA:141,1
DA:142,1
DA:143,1
DA:146,22
LF:89
LH:62
BRDA:18,0,0,0
BRDA:19,1,0,0
BRDA:22,2,0,11
BRDA:22,2,1,0
BRDA:23,3,0,2
BRDA:23,4,0,11
BRDA:23,4,1,3
BRDA:42,5,0,0
BRDA:76,6,0,0
BRDA:86,7,0,0
BRDA:87,8,0,0
BRDA:88,9,0,0
BRDA:89,10,0,0
BRDA:89,10,1,0
BRDA:89,11,0,0
BRDA:89,11,1,0
BRDA:91,12,0,0
BRDA:92,13,0,0
BRDA:92,14,0,0
BRDA:92,14,1,0
BRDA:95,15,0,0
BRDA:96,16,0,0
BRDA:101,17,0,0
BRDA:104,18,0,0
BRDA:106,19,0,0
BRDA:106,19,1,0
BRDA:107,20,0,0
BRDA:107,20,1,0
BRF:28
BRH:4
end_of_record
TN:
SF:src\modules\pos\pos.routes.ts
FNF:0
FNH:0
DA:2,22
DA:3,22
DA:4,22
DA:5,22
DA:6,22
DA:7,22
DA:8,22
DA:9,22
DA:10,22
DA:11,22
DA:12,22
DA:13,22
DA:14,22
DA:16,22
DA:19,22
DA:20,22
DA:21,22
DA:26,22
DA:35,22
DA:42,22
DA:51,22
DA:58,22
DA:66,22
DA:73,22
DA:83,22
DA:92,22
DA:100,22
DA:106,22
LF:28
LH:28
BRF:0
BRH:0
end_of_record
TN:
SF:src\modules\pos\pos.service.ts
FN:31,(anonymous_1)
FN:49,(anonymous_2)
FN:61,(anonymous_3)
FN:158,(anonymous_4)
FN:165,(anonymous_5)
FN:194,(anonymous_6)
FN:198,(anonymous_7)
FN:248,(anonymous_8)
FN:284,(anonymous_9)
FN:797,(anonymous_10)
FN:821,(anonymous_11)
FN:832,(anonymous_12)
FN:833,(anonymous_13)
FN:845,(anonymous_14)
FN:858,(anonymous_15)
FN:867,(anonymous_16)
FN:882,(anonymous_17)
FN:1002,(anonymous_18)
FN:1067,(anonymous_19)
FN:1159,(anonymous_20)
FN:1186,(anonymous_21)
FN:1221,(anonymous_22)
FN:1237,(anonymous_23)
FN:1243,(anonymous_24)
FN:1266,(anonymous_25)
FN:1293,(anonymous_26)
FNF:26
FNH:22
FNDA:6,(anonymous_1)
FNDA:3,(anonymous_2)
FNDA:3,(anonymous_3)
FNDA:2,(anonymous_4)
FNDA:6,(anonymous_5)
FNDA:1,(anonymous_6)
FNDA:1,(anonymous_7)
FNDA:1,(anonymous_8)
FNDA:1,(anonymous_9)
FNDA:1,(anonymous_10)
FNDA:1,(anonymous_11)
FNDA:0,(anonymous_12)
FNDA:0,(anonymous_13)
FNDA:1,(anonymous_14)
FNDA:1,(anonymous_15)
FNDA:1,(anonymous_16)
FNDA:1,(anonymous_17)
FNDA:1,(anonymous_18)
FNDA:1,(anonymous_19)
FNDA:0,(anonymous_20)
FNDA:0,(anonymous_21)
FNDA:1,(anonymous_22)
FNDA:1,(anonymous_23)
FNDA:1,(anonymous_24)
FNDA:1,(anonymous_25)
FNDA:1,(anonymous_26)
DA:1,22
DA:2,22
DA:6,22
DA:7,22
DA:8,22
DA:17,22
DA:18,22
DA:31,22
DA:32,6
DA:33,6
DA:34,6
DA:37,6
DA:38,6
DA:40,0
DA:41,0
DA:43,0
DA:49,22
DA:50,3
DA:52,3
DA:53,3
DA:54,0
DA:55,0
DA:58,3
DA:59,3
DA:61,3
DA:62,3
DA:71,3
DA:72,3
DA:80,3
DA:83,3
DA:84,3
DA:85,3
DA:88,0
DA:89,0
DA:91,0
DA:158,22
DA:159,2
DA:162,2
DA:163,2
DA:165,2
DA:166,6
DA:167,6
DA:170,6
DA:171,2
DA:173,4
DA:176,4
DA:177,4
DA:180,0
DA:181,0
DA:188,0
DA:191,2
DA:194,22
DA:195,1
DA:197,1
DA:198,1
DA:199,1
DA:202,1
DA:203,0
DA:208,1
DA:211,1
DA:212,1
DA:213,1
DA:214,1
DA:217,1
DA:228,1
DA:234,1
DA:235,1
DA:236,0
DA:238,1
DA:241,0
DA:242,0
DA:243,0
DA:244,0
DA:248,22
DA:249,1
DA:250,1
DA:253,1
DA:255,1
DA:256,1
DA:258,1
DA:265,1
DA:267,1
DA:272,0
DA:273,0
DA:275,0
DA:276,0
DA:278,0
DA:284,22
DA:285,1
DA:286,1
DA:290,1
DA:292,1
DA:293,1
DA:294,1
DA:302,1
DA:303,1
DA:305,0
DA:306,0
DA:308,0
DA:797,22
DA:808,1
DA:809,1
DA:810,1
DA:814,1
DA:815,1
DA:816,0
DA:817,0
DA:821,1
DA:822,1
DA:823,0
DA:825,1
DA:831,1
DA:832,0
DA:833,0
DA:834,0
DA:835,0
DA:839,1
DA:840,0
DA:843,1
DA:844,1
DA:845,1
DA:846,1
DA:847,1
DA:850,0
DA:852,1
DA:853,0
DA:855,1
DA:858,1
DA:859,1
DA:860,0
DA:864,1
DA:865,1
DA:866,1
DA:867,1
DA:870,1
DA:871,1
DA:874,1
DA:875,1
DA:876,1
DA:878,1
DA:879,1
DA:881,1
DA:882,1
DA:884,1
DA:886,1
DA:887,1
DA:889,0
DA:893,1
DA:895,1
DA:900,1
DA:901,1
DA:903,0
DA:904,1
DA:906,0
DA:907,0
DA:910,1
DA:911,1
DA:913,1
DA:915,1
DA:916,1
DA:919,1
DA:933,1
DA:934,1
DA:935,1
DA:938,1
DA:939,0
DA:940,0
DA:941,0
DA:943,0
DA:944,0
DA:945,0
DA:949,1
DA:960,1
DA:961,1
DA:962,0
DA:963,1
DA:964,0
DA:965,0
DA:967,1
DA:969,1
DA:970,1
DA:971,1
DA:972,1
DA:973,1
DA:975,1
DA:978,1
DA:979,0
DA:980,0
DA:984,1
DA:987,1
DA:1002,1
DA:1018,1
DA:1022,1
DA:1025,1
DA:1027,1
DA:1028,1
DA:1031,0
DA:1032,0
DA:1034,0
DA:1035,0
DA:1037,0
DA:1038,0
DA:1040,0
DA:1041,0
DA:1043,0
DA:1044,0
DA:1048,0
DA:1051,1
DA:1052,1
DA:1065,1
DA:1066,1
DA:1067,1
DA:1068,1
DA:1071,1
DA:1074,1
DA:1089,1
DA:1090,1
DA:1091,1
DA:1092,1
DA:1096,1
DA:1108,1
DA:1114,1
DA:1115,1
DA:1116,1
DA:1117,1
DA:1118,1
DA:1121,0
DA:1122,0
DA:1123,0
DA:1124,0
DA:1125,0
DA:1126,0
DA:1127,0
DA:1130,0
DA:1131,0
DA:1133,0
DA:1134,0
DA:1136,0
DA:1159,22
DA:1160,0
DA:1161,0
DA:1162,0
DA:1169,0
DA:1172,0
DA:1174,0
DA:1175,0
DA:1177,0
DA:1178,0
DA:1180,0
DA:1186,22
DA:1187,0
DA:1188,0
DA:1189,0
DA:1190,0
DA:1191,0
DA:1192,0
DA:1203,0
DA:1204,0
DA:1206,0
DA:1207,0
DA:1209,0
DA:1221,22
DA:1229,1
DA:1232,1
DA:1233,1
DA:1234,0
DA:1237,1
DA:1239,1
DA:1241,1
DA:1243,1
DA:1244,1
DA:1245,1
DA:1246,1
DA:1249,1
DA:1250,1
DA:1252,1
DA:1266,1
DA:1284,1
DA:1287,1
DA:1289,1
DA:1293,22
DA:1294,1
DA:1313,22
LF:283
LH:187
BRDA:37,0,0,3
BRDA:37,0,1,3
BRDA:53,1,0,0
BRDA:71,2,0,3
BRDA:167,3,0,6
BRDA:167,3,1,4
BRDA:170,4,0,2
BRDA:170,5,0,6
BRDA:170,5,1,4
BRDA:173,6,0,2
BRDA:173,6,1,4
BRDA:173,6,2,0
BRDA:173,6,3,0
BRDA:173,6,4,0
BRDA:173,6,5,0
BRDA:173,6,6,0
BRDA:173,6,7,0
BRDA:173,6,8,0
BRDA:202,7,0,0
BRDA:225,8,0,1
BRDA:225,8,1,0
BRDA:225,9,0,1
BRDA:225,9,1,1
BRDA:235,10,0,0
BRDA:235,11,0,1
BRDA:235,11,1,1
BRDA:241,12,0,0
BRDA:253,13,0,0
BRDA:262,14,0,0
BRDA:262,14,1,1
BRDA:262,15,0,0
BRDA:262,15,1,0
BRDA:275,16,0,0
BRDA:275,17,0,0
BRDA:275,17,1,0
BRDA:290,18,0,0
BRDA:815,19,0,0
BRDA:815,20,0,1
BRDA:815,20,1,1
BRDA:822,21,0,0
BRDA:831,22,0,0
BRDA:839,23,0,0
BRDA:839,24,0,1
BRDA:839,24,1,1
BRDA:846,25,0,0
BRDA:850,26,0,0
BRDA:850,26,1,0
BRDA:852,27,0,0
BRDA:859,28,0,0
BRDA:871,29,0,0
BRDA:884,30,0,0
BRDA:887,31,0,0
BRDA:893,32,0,1
BRDA:893,32,1,0
BRDA:895,33,0,1
BRDA:895,33,1,0
BRDA:901,34,0,0
BRDA:901,34,1,1
BRDA:901,35,0,1
BRDA:901,35,1,0
BRDA:904,36,0,0
BRDA:904,37,0,1
BRDA:904,37,1,0
BRDA:913,38,0,0
BRDA:933,39,0,1
BRDA:935,40,0,1
BRDA:935,40,1,0
BRDA:938,41,0,0
BRDA:940,42,0,0
BRDA:940,42,1,0
BRDA:961,43,0,0
BRDA:961,43,1,1
BRDA:961,44,0,1
BRDA:961,44,1,0
BRDA:963,45,0,0
BRDA:963,46,0,1
BRDA:963,46,1,0
BRDA:978,47,0,0
BRDA:997,48,0,1
BRDA:997,48,1,1
BRDA:998,49,0,0
BRDA:998,49,1,1
BRDA:1025,50,0,1
BRDA:1025,50,1,0
BRDA:1025,50,2,0
BRDA:1025,50,3,0
BRDA:1025,50,4,0
BRDA:1025,50,5,0
BRDA:1025,50,6,0
BRDA:1025,50,7,0
BRDA:1051,51,0,1
BRDA:1068,52,0,0
BRDA:1089,53,0,1
BRDA:1123,54,0,0
BRDA:1123,54,1,0
BRDA:1124,55,0,0
BRDA:1133,56,0,0
BRDA:1133,57,0,0
BRDA:1133,57,1,0
BRDA:1136,58,0,0
BRDA:1136,58,1,0
BRDA:1169,59,0,0
BRDA:1188,60,0,0
BRDA:1188,60,1,0
BRDA:1190,61,0,0
BRDA:1233,62,0,0
BRDA:1233,63,0,1
BRDA:1233,63,1,1
BRDA:1245,64,0,1
BRDA:1245,64,1,0
BRDA:1249,65,0,1
BRDA:1249,65,1,0
BRDA:1270,66,0,1
BRDA:1270,66,1,0
BRDA:1271,67,0,1
BRDA:1271,67,1,0
BRDA:1272,68,0,1
BRDA:1272,68,1,0
BRF:118
BRH:43
end_of_record
TN:
SF:src\modules\pos\dto\cash-transaction.dto.ts
FN:19,(anonymous_2)
FNF:1
FNH:1
FNDA:1,(anonymous_2)
DA:2,22
DA:3,22
DA:13,22
DA:15,22
DA:19,1
DA:20,22
DA:29,22
DA:36,22
LF:8
LH:8
BRF:0
BRH:0
end_of_record
TN:
SF:src\modules\pos\dto\end-session.dto.ts
FN:9,(anonymous_2)
FNF:1
FNH:1
FNDA:1,(anonymous_2)
DA:2,22
DA:3,22
DA:5,22
DA:9,1
DA:10,22
DA:14,22
LF:6
LH:6
BRF:0
BRH:0
end_of_record
TN:
SF:src\modules\pos\dto\pos-checkout.dto.ts
FN:19,(anonymous_2)
FN:20,(anonymous_3)
FN:26,(anonymous_4)
FN:29,(anonymous_5)
FN:35,(anonymous_6)
FN:45,(anonymous_7)
FN:52,(anonymous_8)
FN:56,(anonymous_9)
FN:60,(anonymous_10)
FN:62,(anonymous_11)
FN:68,(anonymous_12)
FNF:11
FNH:3
FNDA:0,(anonymous_2)
FNDA:0,(anonymous_3)
FNDA:0,(anonymous_4)
FNDA:0,(anonymous_5)
FNDA:1,(anonymous_6)
FNDA:1,(anonymous_7)
FNDA:1,(anonymous_8)
FNDA:0,(anonymous_9)
FNDA:0,(anonymous_10)
FNDA:0,(anonymous_11)
FNDA:0,(anonymous_12)
DA:2,22
DA:3,22
DA:4,22
DA:5,22
DA:6,22
DA:8,22
DA:9,22
DA:10,22
DA:11,22
DA:12,22
DA:13,22
DA:17,22
DA:18,22
DA:19,22
DA:20,22
DA:21,22
DA:22,22
DA:23,22
DA:26,0
DA:27,22
DA:29,0
DA:30,22
DA:35,22
DA:38,22
DA:45,1
DA:46,22
DA:52,1
DA:53,22
DA:56,0
DA:57,22
DA:60,0
DA:61,22
DA:62,0
DA:63,22
DA:64,22
DA:68,0
DA:69,22
DA:71,22
LF:38
LH:32
BRF:0
BRH:0
end_of_record
TN:
SF:src\modules\pos\dto\pos-payment.dto.ts
FN:15,(anonymous_2)
FNF:1
FNH:1
FNDA:1,(anonymous_2)
DA:3,22
DA:4,22
DA:5,22
DA:7,22
DA:10,22
DA:15,1
DA:16,22
DA:21,22
LF:8
LH:8
BRF:0
BRH:0
end_of_record
TN:
SF:src\modules\pos\dto\pos-suspend.dto.ts
FN:7,(anonymous_2)
FN:15,(anonymous_3)
FN:18,(anonymous_4)
FN:21,(anonymous_5)
FNF:4
FNH:2
FNDA:1,(anonymous_2)
FNDA:1,(anonymous_3)
FNDA:0,(anonymous_4)
FNDA:0,(anonymous_5)
DA:2,22
DA:3,22
DA:4,22
DA:5,22
DA:7,22
DA:10,22
DA:15,1
DA:16,22
DA:18,0
DA:19,22
DA:21,0
DA:22,22
DA:24,22
LF:13
LH:11
BRF:0
BRH:0
end_of_record
TN:
SF:src\modules\pos\dto\start-session.dto.ts
FN:9,(anonymous_2)
FNF:1
FNH:1
FNDA:5,(anonymous_2)
DA:2,22
DA:3,22
DA:5,22
DA:9,5
DA:10,22
LF:5
LH:5
BRF:0
BRH:0
end_of_record
TN:
SF:src\modules\products\product.controller.ts
FN:11,(anonymous_1)
FN:18,(anonymous_2)
FN:56,(anonymous_3)
FN:88,(anonymous_4)
FN:99,(anonymous_5)
FN:111,(anonymous_6)
FNF:6
FNH:5
FNDA:1,(anonymous_1)
FNDA:6,(anonymous_2)
FNDA:0,(anonymous_3)
FNDA:2,(anonymous_4)
FNDA:1,(anonymous_5)
FNDA:1,(anonymous_6)
DA:3,22
DA:4,22
DA:5,22
DA:6,22
DA:7,22
DA:8,22
DA:11,22
DA:12,1
DA:14,1
DA:15,1
DA:18,22
DA:19,6
DA:22,6
DA:27,6
DA:30,6
DA:32,6
DA:33,0
DA:40,6
DA:41,6
DA:42,6
DA:43,6
DA:45,6
DA:46,6
DA:47,6
DA:48,6
DA:49,6
DA:50,6
DA:54,6
DA:55,6
DA:56,0
DA:57,0
DA:58,0
DA:60,0
DA:61,0
DA:66,6
DA:67,6
DA:71,6
DA:72,6
DA:75,6
DA:76,6
DA:79,6
DA:88,22
DA:89,2
DA:90,2
DA:92,2
DA:93,2
DA:94,1
DA:96,1
DA:99,22
DA:100,1
DA:101,1
DA:107,1
DA:108,1
DA:111,22
DA:112,1
DA:113,1
DA:118,1
DA:120,1
DA:124,22
LF:59
LH:53
BRDA:32,0,0,0
BRDA:40,1,0,0
BRDA:41,2,0,1
BRDA:42,3,0,0
BRDA:43,4,0,0
BRDA:45,5,0,0
BRDA:46,6,0,0
BRDA:47,7,0,0
BRDA:48,8,0,0
BRDA:49,9,0,0
BRDA:50,10,0,0
BRDA:55,11,0,0
BRDA:58,12,0,0
BRDA:58,13,0,0
BRDA:58,13,1,0
BRDA:58,13,2,0
BRDA:60,14,0,0
BRDA:66,15,0,6
BRDA:71,16,0,6
BRDA:71,16,1,2
BRDA:72,17,0,6
BRDA:72,17,1,6
BRDA:75,18,0,6
BRDA:75,18,1,0
BRDA:93,19,0,1
BRF:25
BRH:8
end_of_record
TN:
SF:src\modules\products\product.routes.ts
FNF:0
FNH:0
DA:2,22
DA:3,22
DA:4,22
DA:5,22
DA:6,22
DA:7,22
DA:8,22
DA:9,22
DA:11,22
DA:14,22
DA:15,22
DA:17,22
DA:37,22
DA:64,22
LF:14
LH:14
BRF:0
BRH:0
end_of_record
TN:
SF:src\modules\products\product.service.ts
FN:37,(anonymous_1)
FN:40,(anonymous_2)
FN:43,(anonymous_3)
FN:49,(anonymous_4)
FN:64,(anonymous_5)
FN:79,(anonymous_6)
FN:100,(anonymous_7)
FN:100,(anonymous_8)
FN:105,(anonymous_9)
FN:190,(anonymous_10)
FN:273,(anonymous_11)
FN:331,(anonymous_12)
FN:349,(anonymous_13)
FN:401,(anonymous_14)
FN:401,(anonymous_15)
FN:406,(anonymous_16)
FN:452,(anonymous_17)
FNF:17
FNH:11
FNDA:5,(anonymous_1)
FNDA:6,(anonymous_2)
FNDA:31,(anonymous_3)
FNDA:3,(anonymous_4)
FNDA:4,(anonymous_5)
FNDA:1,(anonymous_6)
FNDA:0,(anonymous_7)
FNDA:0,(anonymous_8)
FNDA:0,(anonymous_9)
FNDA:6,(anonymous_10)
FNDA:2,(anonymous_11)
FNDA:1,(anonymous_12)
FNDA:2,(anonymous_13)
FNDA:0,(anonymous_14)
FNDA:0,(anonymous_15)
FNDA:0,(anonymous_16)
FNDA:1,(anonymous_17)
DA:2,22
DA:4,22
DA:5,22
DA:6,22
DA:7,22
DA:13,22
DA:14,22
DA:15,22
DA:16,22
DA:37,22
DA:38,5
DA:40,22
DA:41,6
DA:43,31
DA:44,6
DA:46,6
DA:49,22
DA:50,3
DA:51,3
DA:52,3
DA:53,3
DA:54,3
DA:56,3
DA:57,3
DA:58,3
DA:59,1
DA:60,1
DA:62,3
DA:64,3
DA:65,4
DA:69,0
DA:79,22
DA:80,1
DA:83,1
DA:87,1
DA:88,0
DA:89,0
DA:93,1
DA:94,1
DA:95,0
DA:99,0
DA:100,0
DA:101,0
DA:104,0
DA:105,0
DA:110,0
DA:114,1
DA:115,1
DA:116,0
DA:117,0
DA:119,0
DA:120,0
DA:121,0
DA:125,1
DA:126,0
DA:127,0
DA:129,1
DA:134,1
DA:135,1
DA:158,1
DA:169,1
DA:170,1
DA:173,1
DA:175,1
DA:178,0
DA:179,0
DA:180,0
DA:181,0
DA:183,0
DA:190,22
DA:197,6
DA:198,6
DA:199,6
DA:200,6
DA:203,6
DA:204,6
DA:205,6
DA:206,0
DA:207,0
DA:208,0
DA:209,0
DA:211,0
DA:214,6
DA:217,0
DA:218,0
DA:223,6
DA:224,6
DA:249,6
DA:252,6
DA:253,6
DA:254,6
DA:256,0
DA:257,0
DA:259,6
DA:260,6
DA:263,0
DA:264,0
DA:265,0
DA:273,22
DA:274,2
DA:275,2
DA:278,2
DA:279,2
DA:280,2
DA:281,0
DA:282,0
DA:284,2
DA:286,0
DA:287,0
DA:291,2
DA:292,2
DA:304,2
DA:305,1
DA:306,1
DA:310,1
DA:311,1
DA:312,1
DA:314,0
DA:315,0
DA:317,1
DA:318,1
DA:321,0
DA:322,0
DA:323,0
DA:331,22
DA:336,1
DA:339,1
DA:343,1
DA:344,0
DA:345,0
DA:348,1
DA:349,1
DA:350,2
DA:352,2
DA:353,2
DA:357,1
DA:358,0
DA:359,0
DA:360,0
DA:362,0
DA:365,1
DA:366,0
DA:367,0
DA:369,0
DA:371,0
DA:372,0
DA:376,0
DA:378,0
DA:381,0
DA:382,0
DA:383,0
DA:388,1
DA:389,1
DA:390,0
DA:392,0
DA:393,0
DA:396,0
DA:400,0
DA:401,0
DA:402,0
DA:405,0
DA:406,0
DA:412,0
DA:415,0
DA:420,1
DA:421,0
DA:422,0
DA:423,0
DA:424,0
DA:428,1
DA:429,1
DA:437,1
DA:438,1
DA:439,1
DA:442,0
DA:443,0
DA:444,0
DA:446,0
DA:448,0
DA:452,22
DA:453,1
DA:456,1
DA:461,1
DA:462,0
DA:463,0
DA:467,1
DA:468,1
DA:469,1
DA:470,1
DA:473,1
DA:474,0
DA:480,0
DA:481,0
DA:485,1
DA:486,1
DA:491,1
DA:494,1
DA:497,0
DA:498,0
DA:499,0
DA:500,0
DA:502,0
DA:503,0
DA:504,0
DA:506,0
DA:512,22
LF:206
LH:114
BRDA:44,0,0,6
BRDA:44,0,1,0
BRDA:58,1,0,1
BRDA:65,2,0,0
BRDA:87,3,0,0
BRDA:94,4,0,0
BRDA:94,5,0,1
BRDA:94,5,1,0
BRDA:99,6,0,0
BRDA:115,7,0,0
BRDA:125,8,0,0
BRDA:125,9,0,1
BRDA:125,9,1,0
BRDA:125,9,2,0
BRDA:125,9,3,0
BRDA:125,9,4,0
BRDA:129,10,0,0
BRDA:129,10,1,1
BRDA:154,11,0,1
BRDA:154,11,1,1
BRDA:180,12,0,0
BRDA:180,13,0,0
BRDA:180,13,1,0
BRDA:195,14,0,0
BRDA:205,15,0,0
BRDA:205,15,1,6
BRDA:208,16,0,0
BRDA:208,16,1,0
BRDA:208,17,0,0
BRDA:208,17,1,0
BRDA:208,17,2,0
BRDA:237,18,0,1
BRDA:237,18,1,5
BRDA:280,19,0,0
BRDA:304,20,0,1
BRDA:304,21,0,2
BRDA:304,21,1,1
BRDA:343,22,0,0
BRDA:352,23,0,2
BRDA:352,24,0,2
BRDA:352,24,1,2
BRDA:352,24,2,2
BRDA:352,24,3,2
BRDA:357,25,0,0
BRDA:358,26,0,0
BRDA:358,27,0,0
BRDA:358,27,1,0
BRDA:358,27,2,0
BRDA:358,27,3,0
BRDA:362,28,0,0
BRDA:362,28,1,0
BRDA:365,29,0,0
BRDA:366,30,0,0
BRDA:366,30,1,0
BRDA:371,31,0,0
BRDA:371,31,1,0
BRDA:389,32,0,0
BRDA:390,33,0,0
BRDA:390,33,1,0
BRDA:390,34,0,0
BRDA:390,34,1,0
BRDA:400,35,0,0
BRDA:420,36,0,0
BRDA:423,37,0,0
BRDA:444,38,0,0
BRDA:444,39,0,0
BRDA:444,39,1,0
BRDA:461,40,0,0
BRDA:473,41,0,0
BRDA:473,42,0,1
BRDA:473,42,1,1
BRDA:473,42,2,1
BRDA:473,42,3,1
BRDA:475,43,0,0
BRDA:475,43,1,0
BRDA:476,44,0,0
BRDA:476,44,1,0
BRDA:477,45,0,0
BRDA:477,45,1,0
BRDA:478,46,0,0
BRDA:478,46,1,0
BRDA:499,47,0,0
BRDA:499,48,0,0
BRDA:499,48,1,0
BRDA:502,49,0,0
BRDA:502,50,0,0
BRDA:502,50,1,0
BRF:87
BRH:22
end_of_record
TN:
SF:src\modules\products\dto\create-product.dto.ts
FN:10,(anonymous_2)
FN:68,(anonymous_3)
FN:74,(anonymous_4)
FN:84,(anonymous_5)
FN:97,(anonymous_6)
FNF:5
FNH:3
FNDA:2,(anonymous_2)
FNDA:1,(anonymous_3)
FNDA:1,(anonymous_4)
FNDA:0,(anonymous_5)
FNDA:0,(anonymous_6)
DA:2,22
DA:6,22
DA:7,22
DA:8,22
DA:10,22
DA:16,22
DA:21,22
DA:25,22
DA:29,22
DA:34,22
DA:39,22
DA:44,22
DA:48,22
DA:52,22
DA:56,22
DA:60,22
DA:64,22
DA:68,1
DA:70,22
DA:74,1
DA:76,22
DA:80,22
DA:84,0
DA:86,22
DA:93,22
DA:97,0
DA:99,22
DA:103,22
LF:28
LH:26
BRF:0
BRH:0
end_of_record
TN:
SF:src\modules\products\dto\dimensions.dto.ts
FN:5,(anonymous_2)
FNF:1
FNH:1
FNDA:22,(anonymous_2)
DA:2,22
DA:5,22
DA:6,22
DA:7,22
DA:8,22
DA:9,22
DA:12,22
DA:16,22
DA:21,22
DA:26,22
DA:35,22
LF:11
LH:11
BRDA:5,0,0,22
BRDA:5,0,1,22
BRF:2
BRH:2
end_of_record
TN:
SF:src\modules\products\dto\update-product.dto.ts
FN:61,(anonymous_2)
FN:64,(anonymous_3)
FN:71,(anonymous_4)
FN:77,(anonymous_5)
FNF:4
FNH:1
FNDA:1,(anonymous_2)
FNDA:0,(anonymous_3)
FNDA:0,(anonymous_4)
FNDA:0,(anonymous_5)
DA:2,22
DA:6,22
DA:7,22
DA:8,22
DA:11,22
DA:16,22
DA:20,22
DA:24,22
DA:29,22
DA:34,22
DA:39,22
DA:43,22
DA:47,22
DA:51,22
DA:55,22
DA:59,22
DA:61,1
DA:62,22
DA:64,0
DA:65,22
DA:69,22
DA:71,0
DA:72,22
DA:75,22
DA:77,0
DA:78,22
DA:82,22
LF:27
LH:24
BRF:0
BRH:0
end_of_record
TN:
SF:src\modules\purchase-order\purchase-order.controller.ts
FN:14,(anonymous_1)
FN:25,(anonymous_2)
FN:81,(anonymous_3)
FN:119,(anonymous_4)
FN:135,(anonymous_5)
FN:150,(anonymous_6)
FN:160,(anonymous_7)
FN:170,(anonymous_8)
FN:180,(anonymous_9)
FN:190,(anonymous_10)
FN:200,(anonymous_11)
FN:218,(anonymous_12)
FNF:12
FNH:9
FNDA:5,(anonymous_1)
FNDA:1,(anonymous_2)
FNDA:0,(anonymous_3)
FNDA:4,(anonymous_4)
FNDA:1,(anonymous_5)
FNDA:4,(anonymous_6)
FNDA:4,(anonymous_7)
FNDA:3,(anonymous_8)
FNDA:0,(anonymous_9)
FNDA:4,(anonymous_10)
FNDA:2,(anonymous_11)
FNDA:0,(anonymous_12)
DA:3,22
DA:4,22
DA:5,22
DA:6,22
DA:7,22
DA:8,22
DA:9,22
DA:14,22
DA:15,5
DA:16,5
DA:18,5
DA:19,5
DA:25,22
DA:26,1
DA:29,1
DA:41,1
DA:44,1
DA:46,1
DA:47,1
DA:49,1
DA:50,0
DA:51,1
DA:52,0
DA:54,1
DA:55,1
DA:58,1
DA:59,0
DA:60,0
DA:61,0
DA:62,0
DA:64,0
DA:68,1
DA:69,0
DA:70,0
DA:71,0
DA:72,0
DA:74,0
DA:79,1
DA:80,1
DA:81,0
DA:82,0
DA:83,0
DA:85,0
DA:86,0
DA:89,0
DA:90,0
DA:94,1
DA:95,1
DA:99,1
DA:100,1
DA:103,1
DA:104,1
DA:107,1
DA:119,22
DA:120,4
DA:121,4
DA:125,4
DA:126,4
DA:127,1
DA:129,3
DA:135,22
DA:136,1
DA:137,1
DA:138,1
DA:143,1
DA:144,1
DA:150,22
DA:151,4
DA:152,4
DA:153,4
DA:155,4
DA:156,4
DA:160,22
DA:161,4
DA:162,4
DA:163,4
DA:165,4
DA:166,4
DA:170,22
DA:171,3
DA:172,3
DA:173,3
DA:175,3
DA:176,3
DA:180,22
DA:181,0
DA:182,0
DA:183,0
DA:185,0
DA:186,0
DA:190,22
DA:191,4
DA:192,4
DA:193,4
DA:195,4
DA:196,2
DA:200,22
DA:201,2
DA:202,2
DA:203,2
DA:206,2
DA:207,2
DA:218,22
DA:219,0
DA:222,0
DA:228,0
DA:230,0
DA:231,0
DA:232,0
DA:233,0
DA:235,0
DA:236,0
DA:238,0
DA:239,0
DA:240,0
DA:241,0
DA:242,0
DA:243,0
DA:246,0
DA:247,0
DA:249,0
DA:253,22
LF:122
LH:80
BRDA:46,0,0,0
BRDA:47,1,0,0
BRDA:49,2,0,0
BRDA:49,2,1,1
BRDA:49,3,0,1
BRDA:49,3,1,0
BRDA:51,4,0,0
BRDA:54,5,0,0
BRDA:55,6,0,0
BRDA:58,7,0,0
BRDA:58,8,0,1
BRDA:58,8,1,1
BRDA:61,9,0,0
BRDA:62,10,0,0
BRDA:68,11,0,0
BRDA:68,12,0,1
BRDA:68,12,1,1
BRDA:71,13,0,0
BRDA:72,14,0,0
BRDA:80,15,0,0
BRDA:83,16,0,0
BRDA:83,17,0,0
BRDA:83,17,1,0
BRDA:83,17,2,0
BRDA:85,18,0,0
BRDA:85,18,1,0
BRDA:89,19,0,0
BRDA:89,19,1,0
BRDA:90,20,0,0
BRDA:94,21,0,1
BRDA:99,22,0,1
BRDA:99,22,1,1
BRDA:100,23,0,1
BRDA:100,23,1,1
BRDA:103,24,0,1
BRDA:103,24,1,0
BRDA:126,25,0,1
BRDA:230,26,0,0
BRDA:231,27,0,0
BRDA:232,28,0,0
BRDA:232,29,0,0
BRDA:232,29,1,0
BRDA:235,30,0,0
BRDA:236,31,0,0
BRDA:238,32,0,0
BRDA:238,33,0,0
BRDA:238,33,1,0
BRDA:241,34,0,0
BRDA:242,35,0,0
BRDA:246,36,0,0
BRDA:246,36,1,0
BRF:51
BRH:13
end_of_record
TN:
SF:src\modules\purchase-order\purchase-order.routes.ts
FNF:0
FNH:0
DA:2,22
DA:3,22
DA:4,22
DA:6,22
DA:7,22
DA:8,22
DA:9,22
DA:10,22
DA:11,22
DA:12,22
DA:14,22
DA:17,22
DA:18,22
DA:21,22
DA:43,22
DA:48,22
DA:78,22
DA:90,22
DA:102,22
DA:114,22
DA:126,22
DA:138,22
DA:147,22
LF:23
LH:23
BRF:0
BRH:0
end_of_record
TN:
SF:src\modules\purchase-order\purchase-order.service.ts
FN:48,generatePONumber
FN:97,(anonymous_3)
FN:136,_updateInventoryItemQuantity
FN:180,(anonymous_5)
FN:192,(anonymous_6)
FN:196,(anonymous_7)
FN:196,(anonymous_8)
FN:207,(anonymous_9)
FN:263,(anonymous_10)
FN:301,(anonymous_11)
FN:364,(anonymous_12)
FN:390,(anonymous_13)
FN:405,(anonymous_14)
FN:432,(anonymous_15)
FN:459,(anonymous_16)
FN:469,(anonymous_17)
FN:499,(anonymous_18)
FN:504,(anonymous_19)
FN:509,(anonymous_20)
FN:515,(anonymous_21)
FN:524,(anonymous_22)
FN:676,(anonymous_23)
FN:706,(anonymous_24)
FN:781,(anonymous_25)
FN:858,(anonymous_26)
FN:859,(anonymous_27)
FNF:26
FNH:19
FNDA:5,generatePONumber
FNDA:5,(anonymous_3)
FNDA:4,_updateInventoryItemQuantity
FNDA:5,(anonymous_5)
FNDA:5,(anonymous_6)
FNDA:0,(anonymous_7)
FNDA:0,(anonymous_8)
FNDA:5,(anonymous_9)
FNDA:1,(anonymous_10)
FNDA:0,(anonymous_11)
FNDA:4,(anonymous_12)
FNDA:1,(anonymous_13)
FNDA:0,(anonymous_14)
FNDA:0,(anonymous_15)
FNDA:15,(anonymous_16)
FNDA:0,(anonymous_17)
FNDA:4,(anonymous_18)
FNDA:4,(anonymous_19)
FNDA:3,(anonymous_20)
FNDA:0,(anonymous_21)
FNDA:4,(anonymous_22)
FNDA:2,(anonymous_23)
FNDA:2,(anonymous_24)
FNDA:2,(anonymous_25)
FNDA:2,(anonymous_26)
FNDA:2,(anonymous_27)
DA:2,22
DA:3,22
DA:7,22
DA:8,22
DA:9,22
DA:24,22
DA:49,5
DA:50,5
DA:52,5
DA:54,5
DA:55,5
DA:56,0
DA:57,0
DA:59,5
DA:61,5
DA:64,5
DA:65,5
DA:67,0
DA:68,0
DA:70,5
DA:73,0
DA:74,0
DA:75,0
DA:77,0
DA:93,5
DA:94,5
DA:95,5
DA:97,5
DA:98,5
DA:99,5
DA:100,5
DA:102,5
DA:103,5
DA:104,5
DA:105,5
DA:106,5
DA:111,5
DA:114,5
DA:115,5
DA:117,5
DA:130,5
DA:131,5
DA:143,4
DA:144,4
DA:146,0
DA:148,0
DA:151,0
DA:155,0
DA:157,0
DA:159,4
DA:165,4
DA:166,0
DA:167,0
DA:168,0
DA:170,0
DA:173,4
DA:180,22
DA:181,5
DA:184,5
DA:188,5
DA:189,5
DA:192,5
DA:193,5
DA:194,5
DA:195,5
DA:196,0
DA:197,0
DA:201,5
DA:206,5
DA:207,5
DA:209,5
DA:210,5
DA:212,5
DA:213,5
DA:214,0
DA:215,0
DA:216,0
DA:218,5
DA:222,5
DA:247,5
DA:248,5
DA:249,5
DA:251,0
DA:252,0
DA:253,0
DA:254,0
DA:256,0
DA:258,0
DA:263,22
DA:270,1
DA:271,1
DA:272,1
DA:273,1
DA:275,1
DA:277,1
DA:278,1
DA:291,1
DA:292,1
DA:294,0
DA:295,0
DA:296,0
DA:301,22
DA:310,0
DA:311,0
DA:313,0
DA:314,0
DA:316,0
DA:317,0
DA:350,0
DA:357,0
DA:358,0
DA:359,0
DA:364,22
DA:365,4
DA:366,4
DA:367,4
DA:379,4
DA:380,3
DA:381,3
DA:383,0
DA:384,0
DA:385,0
DA:390,22
DA:391,1
DA:394,1
DA:395,1
DA:397,1
DA:399,1
DA:400,1
DA:402,1
DA:403,0
DA:405,0
DA:408,1
DA:409,1
DA:410,1
DA:413,1
DA:414,1
DA:415,0
DA:416,0
DA:417,0
DA:418,0
DA:422,1
DA:424,0
DA:425,0
DA:426,0
DA:430,1
DA:431,0
DA:432,0
DA:435,1
DA:436,1
DA:446,1
DA:447,1
DA:449,0
DA:450,0
DA:451,0
DA:452,0
DA:459,22
DA:460,15
DA:461,15
DA:462,15
DA:464,15
DA:465,2
DA:467,13
DA:468,0
DA:469,0
DA:472,13
DA:473,13
DA:487,13
DA:489,13
DA:491,0
DA:492,0
DA:493,0
DA:494,0
DA:499,22
DA:500,4
DA:504,22
DA:505,4
DA:509,22
DA:510,3
DA:511,3
DA:515,22
DA:516,0
DA:517,0
DA:518,0
DA:519,0
DA:520,0
DA:524,22
DA:527,4
DA:528,4
DA:531,4
DA:532,2
DA:533,2
DA:676,22
DA:677,2
DA:678,2
DA:681,2
DA:682,2
DA:693,2
DA:694,0
DA:695,0
DA:697,2
DA:700,2
DA:701,2
DA:702,0
DA:703,0
DA:706,2
DA:713,2
DA:716,2
DA:717,2
DA:718,2
DA:720,2
DA:721,0
DA:724,2
DA:725,0
DA:726,0
DA:729,2
DA:730,2
DA:731,0
DA:732,0
DA:736,2
DA:737,2
DA:738,0
DA:742,2
DA:743,2
DA:744,0
DA:746,0
DA:747,0
DA:749,0
DA:750,0
DA:751,0
DA:758,2
DA:767,2
DA:768,0
DA:770,0
DA:772,2
DA:773,2
DA:778,2
DA:779,2
DA:781,2
DA:783,2
DA:786,2
DA:787,2
DA:788,2
DA:789,2
DA:792,2
DA:794,0
DA:796,0
DA:798,0
DA:812,2
DA:814,2
DA:815,2
DA:832,2
DA:837,2
DA:842,2
DA:843,2
DA:844,2
DA:845,2
DA:849,0
DA:854,2
DA:858,2
DA:859,2
DA:861,2
DA:862,2
DA:864,2
DA:865,2
DA:866,1
DA:869,1
DA:875,2
DA:876,2
DA:880,2
DA:882,0
DA:885,2
DA:888,2
DA:889,2
DA:890,2
DA:893,0
DA:894,0
DA:895,0
DA:896,0
DA:898,0
DA:900,0
DA:902,0
DA:909,22
LF:283
LH:183
BRDA:55,0,0,0
BRDA:55,1,0,5
BRDA:55,1,1,5
BRDA:55,1,2,5
BRDA:65,2,0,0
BRDA:74,3,0,0
BRDA:95,4,0,5
BRDA:95,4,1,0
BRDA:98,5,0,0
BRDA:99,6,0,0
BRDA:100,7,0,0
BRDA:100,8,0,5
BRDA:100,8,1,5
BRDA:100,8,2,5
BRDA:105,9,0,0
BRDA:105,9,1,5
BRDA:106,10,0,0
BRDA:144,11,0,0
BRDA:151,12,0,0
BRDA:165,13,0,0
BRDA:167,14,0,0
BRDA:167,14,1,0
BRDA:188,15,0,0
BRDA:189,16,0,0
BRDA:193,17,0,0
BRDA:195,18,0,0
BRDA:212,19,0,5
BRDA:212,19,1,5
BRDA:213,20,0,0
BRDA:213,20,1,5
BRDA:213,21,0,5
BRDA:213,21,1,0
BRDA:215,22,0,0
BRDA:229,23,0,0
BRDA:229,23,1,5
BRDA:251,24,0,0
BRDA:254,25,0,0
BRDA:254,26,0,0
BRDA:254,26,1,0
BRDA:268,27,0,0
BRDA:271,28,0,1
BRDA:271,28,1,0
BRDA:273,29,0,0
BRDA:275,30,0,0
BRDA:275,30,1,1
BRDA:303,31,0,0
BRDA:310,32,0,0
BRDA:310,32,1,0
BRDA:313,33,0,0
BRDA:313,33,1,0
BRDA:351,34,0,0
BRDA:351,34,1,0
BRDA:379,35,0,1
BRDA:395,36,0,0
BRDA:399,37,0,1
BRDA:399,37,1,0
BRDA:402,38,0,0
BRDA:405,39,0,0
BRDA:409,40,0,0
BRDA:409,41,0,0
BRDA:409,41,1,0
BRDA:410,42,0,1
BRDA:414,43,0,0
BRDA:416,44,0,0
BRDA:422,45,0,0
BRDA:424,46,0,0
BRDA:424,46,1,0
BRDA:430,47,0,0
BRDA:432,48,0,0
BRDA:451,49,0,0
BRDA:451,50,0,0
BRDA:451,50,1,0
BRDA:462,51,0,0
BRDA:464,52,0,2
BRDA:467,53,0,0
BRDA:469,54,0,0
BRDA:477,55,0,2
BRDA:477,55,1,11
BRDA:477,56,0,2
BRDA:477,56,1,0
BRDA:493,57,0,0
BRDA:493,58,0,0
BRDA:493,58,1,0
BRDA:517,59,0,0
BRDA:517,59,1,0
BRDA:528,60,0,4
BRDA:528,60,1,2
BRDA:693,61,0,0
BRDA:701,62,0,0
BRDA:720,63,0,0
BRDA:724,64,0,0
BRDA:730,65,0,0
BRDA:737,66,0,0
BRDA:743,67,0,0
BRDA:744,68,0,0
BRDA:744,68,1,0
BRDA:744,69,0,0
BRDA:744,69,1,0
BRDA:746,70,0,0
BRDA:750,71,0,0
BRDA:767,72,0,0
BRDA:792,73,0,0
BRDA:792,73,1,2
BRDA:792,74,0,2
BRDA:792,74,1,0
BRDA:809,75,0,0
BRDA:809,75,1,0
BRDA:812,76,0,2
BRDA:826,77,0,0
BRDA:826,77,1,2
BRDA:842,78,0,2
BRDA:842,78,1,0
BRDA:864,79,0,2
BRDA:865,80,0,1
BRDA:865,80,1,1
BRDA:875,81,0,2
BRDA:875,81,1,0
BRDA:895,82,0,0
BRDA:895,82,1,0
BRDA:902,83,0,0
BRDA:902,83,1,0
BRF:121
BRH:33
end_of_record
TN:
SF:src\modules\purchase-order\dto\create-po.dto.ts
FN:5,(anonymous_2)
FN:29,(anonymous_3)
FN:36,(anonymous_4)
FNF:3
FNH:2
FNDA:6,(anonymous_2)
FNDA:0,(anonymous_3)
FNDA:6,(anonymous_4)
DA:1,22
DA:2,22
DA:3,22
DA:5,22
DA:8,22
DA:12,22
DA:17,22
DA:21,22
DA:25,22
DA:29,0
DA:31,22
DA:36,6
DA:37,22
LF:13
LH:12
BRF:0
BRH:0
end_of_record
TN:
SF:src\modules\purchase-order\dto\po-action.dto.ts
FNF:0
FNH:0
DA:1,22
DA:3,22
DA:7,22
LF:3
LH:3
BRF:0
BRH:0
end_of_record
TN:
SF:src\modules\purchase-order\dto\po-item.dto.ts
FN:4,(anonymous_2)
FN:12,(anonymous_3)
FN:18,(anonymous_4)
FN:28,(anonymous_5)
FNF:4
FNH:3
FNDA:5,(anonymous_2)
FNDA:5,(anonymous_3)
FNDA:5,(anonymous_4)
FNDA:0,(anonymous_5)
DA:1,22
DA:2,22
DA:4,22
DA:7,22
DA:12,5
DA:13,22
DA:18,5
DA:19,22
DA:24,22
DA:28,0
DA:30,22
LF:11
LH:10
BRF:0
BRH:0
end_of_record
TN:
SF:src\modules\purchase-order\dto\receive-po-item.dto.ts
FN:12,(anonymous_2)
FNF:1
FNH:1
FNDA:2,(anonymous_2)
DA:1,22
DA:2,22
DA:4,22
DA:7,22
DA:12,2
DA:13,22
DA:16,22
DA:17,22
DA:18,22
DA:25,22
LF:10
LH:10
BRF:0
BRH:0
end_of_record
TN:
SF:src\modules\purchase-order\dto\receive-po.dto.ts
FN:18,(anonymous_2)
FNF:1
FNH:1
FNDA:2,(anonymous_2)
DA:2,22
DA:3,22
DA:4,22
DA:10,22
DA:18,2
DA:19,22
LF:6
LH:6
BRF:0
BRH:0
end_of_record
TN:
SF:src\modules\purchase-order\dto\update-po.dto.ts
FN:15,(anonymous_2)
FNF:1
FNH:0
FNDA:0,(anonymous_2)
DA:1,22
DA:2,22
DA:4,22
DA:7,22
DA:11,22
DA:15,0
DA:17,22
LF:7
LH:6
BRF:0
BRH:0
end_of_record
TN:
SF:src\modules\reports\reports.controller.ts
FN:35,(anonymous_1)
FN:73,(anonymous_2)
FN:80,(anonymous_3)
FN:92,(anonymous_4)
FN:99,(anonymous_5)
FN:106,(anonymous_6)
FN:113,(anonymous_7)
FN:120,(anonymous_8)
FN:127,(anonymous_9)
FN:134,(anonymous_10)
FN:148,(anonymous_11)
FN:155,(anonymous_12)
FN:162,(anonymous_13)
FN:169,(anonymous_14)
FN:176,(anonymous_15)
FN:183,(anonymous_16)
FN:190,(anonymous_17)
FN:197,(anonymous_18)
FN:205,(anonymous_19)
FN:212,(anonymous_20)
FN:219,(anonymous_21)
FNF:21
FNH:10
FNDA:8,(anonymous_1)
FNDA:1,(anonymous_2)
FNDA:1,(anonymous_3)
FNDA:1,(anonymous_4)
FNDA:1,(anonymous_5)
FNDA:1,(anonymous_6)
FNDA:0,(anonymous_7)
FNDA:1,(anonymous_8)
FNDA:0,(anonymous_9)
FNDA:1,(anonymous_10)
FNDA:1,(anonymous_11)
FNDA:1,(anonymous_12)
FNDA:0,(anonymous_13)
FNDA:0,(anonymous_14)
FNDA:0,(anonymous_15)
FNDA:0,(anonymous_16)
FNDA:0,(anonymous_17)
FNDA:0,(anonymous_18)
FNDA:0,(anonymous_19)
FNDA:0,(anonymous_20)
FNDA:0,(anonymous_21)
DA:3,22
DA:4,22
DA:5,22
DA:6,22
DA:7,22
DA:8,22
DA:12,22
DA:35,22
DA:36,8
DA:43,8
DA:44,8
DA:46,8
DA:68,8
DA:73,22
DA:74,1
DA:75,1
DA:76,1
DA:77,1
DA:80,22
DA:81,1
DA:82,1
DA:83,1
DA:89,1
DA:92,22
DA:93,1
DA:94,1
DA:95,1
DA:96,1
DA:99,22
DA:100,1
DA:101,1
DA:102,1
DA:103,1
DA:106,22
DA:107,1
DA:108,1
DA:109,1
DA:110,1
DA:113,22
DA:114,0
DA:115,0
DA:116,0
DA:117,0
DA:120,22
DA:121,1
DA:122,1
DA:123,1
DA:124,1
DA:127,22
DA:128,0
DA:129,0
DA:130,0
DA:131,0
DA:134,22
DA:135,1
DA:136,1
DA:137,1
DA:145,1
DA:148,22
DA:149,1
DA:150,1
DA:151,1
DA:152,1
DA:155,22
DA:156,1
DA:157,1
DA:158,1
DA:159,1
DA:162,22
DA:163,0
DA:164,0
DA:165,0
DA:166,0
DA:169,22
DA:170,0
DA:171,0
DA:172,0
DA:173,0
DA:176,22
DA:177,0
DA:178,0
DA:179,0
DA:180,0
DA:183,22
DA:184,0
DA:185,0
DA:186,0
DA:187,0
DA:190,22
DA:191,0
DA:192,0
DA:193,0
DA:194,0
DA:197,22
DA:198,0
DA:199,0
DA:200,0
DA:201,0
DA:202,0
DA:205,22
DA:206,0
DA:207,0
DA:208,0
DA:209,0
DA:212,22
DA:213,0
DA:214,0
DA:215,0
DA:216,0
DA:219,22
DA:220,0
DA:221,0
DA:222,0
DA:223,0
DA:226,22
LF:115
LH:70
BRDA:43,0,0,8
BRDA:43,0,1,0
BRDA:44,1,0,8
BRDA:44,1,1,0
BRDA:55,2,0,8
BRDA:55,2,1,0
BRDA:64,3,0,8
BRDA:64,3,1,0
BRDA:64,4,0,8
BRDA:64,4,1,8
BRDA:65,5,0,8
BRDA:65,5,1,0
BRDA:65,6,0,8
BRDA:65,6,1,8
BRDA:65,6,2,8
BRDA:200,7,0,0
BRF:16
BRH:10
end_of_record
TN:
SF:src\modules\reports\reports.routes.ts
FNF:0
FNH:0
DA:2,22
DA:3,22
DA:4,22
DA:5,22
DA:6,22
DA:8,22
DA:9,22
DA:11,22
DA:14,22
DA:15,22
DA:25,22
DA:35,22
DA:43,22
DA:51,22
DA:59,22
DA:67,22
DA:75,22
DA:83,22
DA:91,22
DA:101,22
DA:109,22
DA:117,22
DA:125,22
DA:133,22
DA:141,22
DA:151,22
DA:159,22
DA:169,22
DA:177,22
DA:187,22
DA:196,22
LF:31
LH:31
BRF:0
BRH:0
end_of_record
TN:
SF:src\modules\reports\reports.service.extended.ts
FN:15,(anonymous_1)
FN:39,(anonymous_2)
FN:40,(anonymous_3)
FN:55,(anonymous_4)
FN:72,(anonymous_5)
FN:89,(anonymous_6)
FN:89,(anonymous_7)
FN:95,(anonymous_8)
FN:97,(anonymous_9)
FN:114,(anonymous_10)
FN:143,(anonymous_11)
FN:145,(anonymous_12)
FN:168,(anonymous_13)
FN:192,(anonymous_14)
FN:198,(anonymous_15)
FN:200,(anonymous_16)
FN:226,(anonymous_17)
FN:272,(anonymous_18)
FN:310,(anonymous_19)
FN:366,(anonymous_20)
FN:370,(anonymous_21)
FN:408,(anonymous_22)
FN:433,(anonymous_23)
FN:460,(anonymous_24)
FN:482,(anonymous_25)
FN:503,(anonymous_26)
FN:531,(anonymous_27)
FN:553,(anonymous_28)
FN:577,(anonymous_29)
FN:601,(anonymous_30)
FN:605,(anonymous_31)
FN:621,(anonymous_32)
FN:639,(anonymous_33)
FN:659,(anonymous_34)
FN:665,(anonymous_35)
FN:667,(anonymous_36)
FN:689,(anonymous_37)
FN:710,(anonymous_38)
FN:712,(anonymous_39)
FN:713,(anonymous_40)
FN:716,(anonymous_41)
FN:717,(anonymous_42)
FN:720,(anonymous_43)
FN:721,(anonymous_44)
FN:724,(anonymous_45)
FN:725,(anonymous_46)
FN:758,(anonymous_47)
FN:776,(anonymous_48)
FN:776,(anonymous_49)
FN:782,(anonymous_50)
FN:784,(anonymous_51)
FN:807,(anonymous_52)
FN:827,(anonymous_53)
FN:843,(anonymous_54)
FN:879,(anonymous_55)
FN:890,(anonymous_56)
FNF:56
FNH:18
FNDA:1,(anonymous_1)
FNDA:1,(anonymous_2)
FNDA:1,(anonymous_3)
FNDA:1,(anonymous_4)
FNDA:1,(anonymous_5)
FNDA:1,(anonymous_6)
FNDA:1,(anonymous_7)
FNDA:1,(anonymous_8)
FNDA:1,(anonymous_9)
FNDA:1,(anonymous_10)
FNDA:0,(anonymous_11)
FNDA:1,(anonymous_12)
FNDA:1,(anonymous_13)
FNDA:1,(anonymous_14)
FNDA:1,(anonymous_15)
FNDA:1,(anonymous_16)
FNDA:1,(anonymous_17)
FNDA:1,(anonymous_18)
FNDA:1,(anonymous_19)
FNDA:0,(anonymous_20)
FNDA:0,(anonymous_21)
FNDA:0,(anonymous_22)
FNDA:0,(anonymous_23)
FNDA:0,(anonymous_24)
FNDA:0,(anonymous_25)
FNDA:0,(anonymous_26)
FNDA:0,(anonymous_27)
FNDA:0,(anonymous_28)
FNDA:0,(anonymous_29)
FNDA:0,(anonymous_30)
FNDA:0,(anonymous_31)
FNDA:0,(anonymous_32)
FNDA:0,(anonymous_33)
FNDA:0,(anonymous_34)
FNDA:0,(anonymous_35)
FNDA:0,(anonymous_36)
FNDA:0,(anonymous_37)
FNDA:0,(anonymous_38)
FNDA:0,(anonymous_39)
FNDA:0,(anonymous_40)
FNDA:0,(anonymous_41)
FNDA:0,(anonymous_42)
FNDA:0,(anonymous_43)
FNDA:0,(anonymous_44)
FNDA:0,(anonymous_45)
FNDA:0,(anonymous_46)
FNDA:0,(anonymous_47)
FNDA:0,(anonymous_48)
FNDA:0,(anonymous_49)
FNDA:0,(anonymous_50)
FNDA:0,(anonymous_51)
FNDA:0,(anonymous_52)
FNDA:0,(anonymous_53)
FNDA:0,(anonymous_54)
FNDA:0,(anonymous_55)
FNDA:0,(anonymous_56)
DA:4,22
DA:5,22
DA:6,22
DA:7,22
DA:8,22
DA:10,22
DA:15,22
DA:16,1
DA:17,1
DA:18,1
DA:20,1
DA:21,1
DA:37,1
DA:39,1
DA:40,1
DA:41,1
DA:42,1
DA:43,1
DA:49,1
DA:50,1
DA:51,1
DA:55,1
DA:63,1
DA:64,1
DA:66,0
DA:67,0
DA:68,0
DA:72,22
DA:73,1
DA:74,1
DA:75,1
DA:77,1
DA:78,1
DA:89,1
DA:90,1
DA:95,1
DA:97,1
DA:105,1
DA:106,1
DA:108,0
DA:109,0
DA:110,0
DA:114,22
DA:115,1
DA:116,1
DA:117,1
DA:119,1
DA:120,1
DA:132,1
DA:143,1
DA:145,1
DA:146,1
DA:147,1
DA:148,1
DA:150,1
DA:159,1
DA:160,1
DA:162,0
DA:163,0
DA:164,0
DA:168,22
DA:169,1
DA:170,1
DA:171,1
DA:173,1
DA:177,1
DA:179,1
DA:183,1
DA:185,1
DA:186,1
DA:192,1
DA:193,1
DA:198,1
DA:200,1
DA:201,1
DA:202,1
DA:203,1
DA:204,1
DA:206,1
DA:217,1
DA:218,1
DA:220,0
DA:221,0
DA:222,0
DA:226,22
DA:232,1
DA:234,1
DA:235,1
DA:236,1
DA:238,1
DA:239,1
DA:240,1
DA:243,1
DA:244,0
DA:245,0
DA:254,1
DA:256,1
DA:272,1
DA:273,1
DA:274,1
DA:275,1
DA:277,1
DA:278,1
DA:280,1
DA:296,1
DA:297,1
DA:304,0
DA:305,0
DA:306,0
DA:310,22
DA:316,1
DA:318,1
DA:319,1
DA:320,1
DA:322,1
DA:323,1
DA:329,1
DA:332,1
DA:333,0
DA:334,0
DA:344,1
DA:365,1
DA:367,0
DA:368,0
DA:371,0
DA:372,0
DA:373,0
DA:374,0
DA:375,0
DA:377,0
DA:392,1
DA:393,1
DA:400,0
DA:401,0
DA:402,0
DA:408,22
DA:409,0
DA:410,0
DA:411,0
DA:413,0
DA:414,0
DA:418,0
DA:419,0
DA:421,0
DA:433,0
DA:451,0
DA:452,0
DA:454,0
DA:455,0
DA:456,0
DA:460,22
DA:461,0
DA:462,0
DA:463,0
DA:465,0
DA:466,0
DA:470,0
DA:472,0
DA:482,0
DA:494,0
DA:495,0
DA:497,0
DA:498,0
DA:499,0
DA:503,22
DA:504,0
DA:505,0
DA:506,0
DA:508,0
DA:509,0
DA:513,0
DA:514,0
DA:520,0
DA:531,0
DA:544,0
DA:545,0
DA:547,0
DA:548,0
DA:549,0
DA:553,22
DA:554,0
DA:555,0
DA:556,0
DA:558,0
DA:559,0
DA:563,0
DA:564,0
DA:565,0
DA:567,0
DA:577,0
DA:592,0
DA:593,0
DA:595,0
DA:596,0
DA:597,0
DA:601,22
DA:602,0
DA:605,22
DA:606,0
DA:608,0
DA:609,0
DA:621,0
DA:630,0
DA:631,0
DA:633,0
DA:634,0
DA:635,0
DA:639,22
DA:640,0
DA:641,0
DA:642,0
DA:644,0
DA:645,0
DA:659,0
DA:660,0
DA:665,0
DA:667,0
DA:668,0
DA:669,0
DA:671,0
DA:680,0
DA:681,0
DA:683,0
DA:684,0
DA:685,0
DA:689,22
DA:690,0
DA:691,0
DA:692,0
DA:694,0
DA:695,0
DA:710,0
DA:711,0
DA:712,0
DA:713,0
DA:715,0
DA:716,0
DA:717,0
DA:719,0
DA:720,0
DA:721,0
DA:723,0
DA:724,0
DA:725,0
DA:727,0
DA:728,0
DA:730,0
DA:749,0
DA:750,0
DA:752,0
DA:753,0
DA:754,0
DA:758,22
DA:759,0
DA:760,0
DA:761,0
DA:763,0
DA:764,0
DA:776,0
DA:777,0
DA:782,0
DA:784,0
DA:785,0
DA:786,0
DA:788,0
DA:798,0
DA:799,0
DA:801,0
DA:802,0
DA:803,0
DA:807,22
DA:808,0
DA:809,0
DA:810,0
DA:812,0
DA:814,0
DA:827,0
DA:834,0
DA:835,0
DA:837,0
DA:838,0
DA:839,0
DA:843,22
DA:844,0
DA:846,0
DA:847,0
DA:848,0
DA:850,0
DA:851,0
DA:865,0
DA:868,0
DA:869,0
DA:871,0
DA:872,0
DA:873,0
DA:874,0
DA:875,0
DA:876,0
DA:879,0
DA:880,0
DA:881,0
DA:882,0
DA:883,0
DA:885,0
DA:886,0
DA:890,0
DA:895,0
DA:896,0
DA:899,0
DA:900,0
DA:901,0
LF:311
LH:116
BRDA:17,0,0,1
BRDA:17,0,1,0
BRDA:27,1,0,0
BRDA:27,1,1,1
BRDA:43,2,0,1
BRDA:43,2,1,1
BRDA:50,3,0,1
BRDA:50,3,1,0
BRDA:74,4,0,1
BRDA:74,4,1,0
BRDA:98,5,0,1
BRDA:98,5,1,0
BRDA:99,6,0,1
BRDA:99,6,1,0
BRDA:101,7,0,1
BRDA:101,7,1,0
BRDA:102,8,0,1
BRDA:102,8,1,0
BRDA:116,9,0,1
BRDA:116,9,1,0
BRDA:143,10,0,0
BRDA:143,10,1,0
BRDA:146,11,0,1
BRDA:146,11,1,0
BRDA:147,12,0,1
BRDA:147,12,1,1
BRDA:170,13,0,1
BRDA:170,13,1,0
BRDA:177,14,0,0
BRDA:183,15,0,0
BRDA:202,16,0,1
BRDA:202,16,1,0
BRDA:203,17,0,1
BRDA:203,17,1,0
BRDA:208,18,0,1
BRDA:208,18,1,0
BRDA:209,19,0,1
BRDA:209,19,1,0
BRDA:210,20,0,1
BRDA:210,20,1,0
BRDA:234,21,0,1
BRDA:234,21,1,0
BRDA:235,22,0,1
BRDA:235,22,1,0
BRDA:240,23,0,1
BRDA:243,24,0,0
BRDA:277,25,0,1
BRDA:277,25,1,1
BRDA:278,26,0,0
BRDA:278,26,1,1
BRDA:284,27,0,1
BRDA:284,27,1,0
BRDA:290,28,0,1
BRDA:290,28,1,1
BRDA:291,29,0,1
BRDA:291,29,1,1
BRDA:318,30,0,1
BRDA:318,30,1,0
BRDA:319,31,0,1
BRDA:319,31,1,0
BRDA:329,32,0,0
BRDA:332,33,0,0
BRDA:368,34,0,0
BRDA:368,34,1,0
BRDA:381,35,0,0
BRDA:381,35,1,0
BRDA:388,36,0,0
BRDA:388,36,1,0
BRDA:410,37,0,0
BRDA:410,37,1,0
BRDA:418,38,0,0
BRDA:419,39,0,0
BRDA:429,40,0,0
BRDA:429,40,1,0
BRDA:430,41,0,0
BRDA:430,41,1,0
BRDA:430,42,0,0
BRDA:430,42,1,0
BRDA:443,43,0,0
BRDA:443,43,1,0
BRDA:445,44,0,0
BRDA:445,44,1,0
BRDA:445,45,0,0
BRDA:445,45,1,0
BRDA:445,46,0,0
BRDA:445,46,1,0
BRDA:446,47,0,0
BRDA:446,47,1,0
BRDA:446,48,0,0
BRDA:446,48,1,0
BRDA:446,49,0,0
BRDA:446,49,1,0
BRDA:446,50,0,0
BRDA:446,50,1,0
BRDA:447,51,0,0
BRDA:447,51,1,0
BRDA:447,51,2,0
BRDA:447,51,3,0
BRDA:462,52,0,0
BRDA:462,52,1,0
BRDA:470,53,0,0
BRDA:491,54,0,0
BRDA:491,54,1,0
BRDA:491,55,0,0
BRDA:491,55,1,0
BRDA:491,56,0,0
BRDA:491,56,1,0
BRDA:505,57,0,0
BRDA:505,57,1,0
BRDA:513,58,0,0
BRDA:541,59,0,0
BRDA:541,59,1,0
BRDA:541,60,0,0
BRDA:541,60,1,0
BRDA:541,61,0,0
BRDA:541,61,1,0
BRDA:555,62,0,0
BRDA:555,62,1,0
BRDA:563,63,0,0
BRDA:564,64,0,0
BRDA:565,65,0,0
BRDA:589,66,0,0
BRDA:589,66,1,0
BRDA:589,67,0,0
BRDA:589,67,1,0
BRDA:589,67,2,0
BRDA:589,67,3,0
BRDA:618,68,0,0
BRDA:618,68,1,0
BRDA:641,69,0,0
BRDA:641,69,1,0
BRDA:656,70,0,0
BRDA:656,70,1,0
BRDA:669,71,0,0
BRDA:669,71,1,0
BRDA:669,71,2,0
BRDA:669,72,0,0
BRDA:669,72,1,0
BRDA:669,73,0,0
BRDA:669,73,1,0
BRDA:675,74,0,0
BRDA:675,74,1,0
BRDA:691,75,0,0
BRDA:691,75,1,0
BRDA:699,76,0,0
BRDA:699,76,1,0
BRDA:700,77,0,0
BRDA:700,77,1,0
BRDA:738,78,0,0
BRDA:738,78,1,0
BRDA:738,79,0,0
BRDA:738,79,1,0
BRDA:742,80,0,0
BRDA:742,80,1,0
BRDA:760,81,0,0
BRDA:760,81,1,0
BRDA:772,82,0,0
BRDA:772,82,1,0
BRDA:782,83,0,0
BRDA:782,83,1,0
BRDA:782,84,0,0
BRDA:782,84,1,0
BRDA:782,85,0,0
BRDA:782,85,1,0
BRDA:785,86,0,0
BRDA:785,86,1,0
BRDA:789,87,0,0
BRDA:789,87,1,0
BRDA:790,88,0,0
BRDA:790,88,1,0
BRDA:794,89,0,0
BRDA:794,89,1,0
BRDA:809,90,0,0
BRDA:809,90,1,0
BRDA:822,91,0,0
BRDA:822,91,1,0
BRDA:829,92,0,0
BRDA:829,92,1,0
BRDA:830,93,0,0
BRDA:830,93,1,0
BRDA:846,94,0,0
BRDA:846,94,1,0
BRDA:846,95,0,0
BRDA:846,95,1,0
BRDA:856,96,0,0
BRDA:856,96,1,0
BRDA:872,97,0,0
BRDA:872,97,1,0
BRDA:881,98,0,0
BRDA:881,98,1,0
BRDA:882,99,0,0
BRDA:882,99,1,0
BRDA:883,100,0,0
BRDA:883,100,1,0
BRDA:885,101,0,0
BRDA:885,101,1,0
BRDA:886,102,0,0
BRDA:886,102,1,0
BRF:198
BRH:33
end_of_record
TN:
SF:src\modules\reports\reports.service.ts
FN:36,(anonymous_1)
FN:47,(anonymous_2)
FN:159,(anonymous_3)
FN:224,(anonymous_4)
FN:284,(anonymous_5)
FNF:5
FNH:5
FNDA:3,(anonymous_1)
FNDA:1,(anonymous_2)
FNDA:1,(anonymous_3)
FNDA:1,(anonymous_4)
FNDA:1,(anonymous_5)
DA:2,22
DA:3,22
DA:6,22
DA:7,22
DA:8,22
DA:13,22
DA:14,22
DA:36,22
DA:37,3
DA:38,3
[...]
BRDA:211,24,0,0
BRDA:211,25,0,0
BRDA:211,25,1,0
BRDA:214,26,0,0
BRDA:214,27,0,0
BRDA:214,27,1,0
BRDA:229,28,0,0
BRDA:233,29,0,0
BRDA:247,30,0,0
BRDA:264,31,0,0
BRDA:264,32,0,0
BRDA:264,32,1,0
BRF:47
BRH:13
end_of_record
TN:
SF:src\modules\suppliers\dto\address.dto.ts
FNF:0
FNH:0
DA:3,22
DA:5,22
DA:6,22
DA:7,22
DA:8,22
DA:9,22
DA:10,22
LF:7
LH:7
BRF:0
BRH:0
end_of_record
TN:
SF:src\modules\suppliers\dto\create-supplier.dto.ts
FN:31,(anonymous_2)
FNF:1
FNH:1
FNDA:1,(anonymous_2)
DA:2,22
DA:5,22
DA:6,22
DA:8,22
DA:12,22
DA:17,22
DA:22,22
DA:27,22
DA:31,1
DA:33,22
DA:38,22
DA:42,22
LF:12
LH:12
BRF:0
BRH:0
end_of_record
TN:
SF:src\modules\suppliers\dto\update-supplier.dto.ts
FN:32,(anonymous_2)
FNF:1
FNH:0
FNDA:0,(anonymous_2)
DA:2,22
DA:5,22
DA:6,22
DA:8,22
DA:13,22
DA:18,22
DA:23,22
DA:28,22
DA:32,0
DA:34,22
DA:39,22
DA:43,22
DA:47,22
LF:13
LH:12
BRF:0
BRH:0
end_of_record
TN:
SF:src\modules\tenants\tenant.controller.ts
FN:18,(anonymous_1)
FN:28,(anonymous_2)
FN:50,(anonymous_3)
FN:84,(anonymous_4)
FN:96,(anonymous_5)
FN:106,(anonymous_6)
FN:116,(anonymous_7)
FN:133,(anonymous_8)
FN:150,(anonymous_9)
FNF:9
FNH:8
FNDA:1,(anonymous_1)
FNDA:1,(anonymous_2)
FNDA:0,(anonymous_3)
FNDA:1,(anonymous_4)
FNDA:1,(anonymous_5)
FNDA:1,(anonymous_6)
FNDA:1,(anonymous_7)
FNDA:1,(anonymous_8)
FNDA:1,(anonymous_9)
DA:3,22
DA:4,22
DA:5,22
DA:6,22
DA:7,22
DA:8,22
DA:9,22
DA:10,22
DA:18,22
DA:21,1
DA:22,1
DA:28,22
DA:32,1
DA:34,1
DA:37,1
DA:38,1
DA:40,1
DA:41,0
DA:42,1
DA:44,0
DA:48,1
DA:49,1
DA:50,0
DA:51,0
DA:52,0
DA:54,0
DA:55,0
DA:60,1
DA:61,1
DA:65,1
DA:66,1
DA:69,1
DA:72,1
DA:84,22
DA:86,1
DA:87,1
DA:88,0
DA:90,1
DA:96,22
DA:99,1
DA:100,1
DA:106,22
DA:109,1
DA:110,1
DA:116,22
DA:117,1
DA:119,1
DA:123,1
DA:124,1
DA:133,22
DA:134,1
DA:137,1
DA:138,1
DA:140,0
DA:141,0
DA:144,1
DA:150,22
DA:151,1
DA:155,1
DA:156,1
DA:161,22
LF:61
LH:51
BRDA:38,0,0,0
BRDA:40,1,0,0
BRDA:40,1,1,1
BRDA:40,2,0,1
BRDA:40,2,1,0
BRDA:42,3,0,0
BRDA:49,4,0,0
BRDA:52,5,0,0
BRDA:52,6,0,0
BRDA:52,6,1,0
BRDA:52,6,2,0
BRDA:54,7,0,0
BRDA:60,8,0,1
BRDA:65,9,0,1
BRDA:65,9,1,1
BRDA:66,10,0,1
BRDA:66,10,1,1
BRDA:87,11,0,0
BRDA:138,12,0,0
BRF:19
BRH:7
end_of_record
TN:
SF:src\modules\tenants\tenant.routes.ts
FNF:0
FNH:0
DA:2,22
DA:3,22
DA:4,22
DA:6,22
DA:7,22
DA:8,22
DA:9,22
DA:10,22
DA:11,22
DA:12,22
DA:13,22
DA:15,22
DA:23,22
DA:44,22
DA:70,22
DA:83,22
DA:94,22
DA:95,22
DA:96,22
DA:102,22
DA:112,22
DA:120,22
DA:124,22
LF:23
LH:23
BRF:0
BRH:0
end_of_record
TN:
SF:src\modules\tenants\tenant.service.ts
FN:51,(anonymous_2)
FN:52,(anonymous_3)
FN:55,(anonymous_4)
FN:73,(anonymous_5)
FN:91,(anonymous_6)
FN:135,(anonymous_7)
FN:156,(anonymous_8)
FN:205,(anonymous_9)
FN:227,(anonymous_10)
FN:245,(anonymous_11)
FN:305,(anonymous_12)
FN:348,(anonymous_13)
FN:389,(anonymous_14)
FN:408,(anonymous_15)
FN:425,(anonymous_16)
FN:426,(anonymous_17)
FN:457,(anonymous_18)
FNF:17
FNH:14
FNDA:152,(anonymous_2)
FNDA:152,(anonymous_3)
FNDA:0,(anonymous_4)
FNDA:152,(anonymous_5)
FNDA:1,(anonymous_6)
FNDA:1,(anonymous_7)
FNDA:141,(anonymous_8)
FNDA:1,(anonymous_9)
FNDA:2,(anonymous_10)
FNDA:1,(anonymous_11)
FNDA:1,(anonymous_12)
FNDA:1,(anonymous_13)
FNDA:1,(anonymous_14)
FNDA:1,(anonymous_15)
FNDA:0,(anonymous_16)
FNDA:0,(anonymous_17)
FNDA:2,(anonymous_18)
DA:2,22
DA:3,22
DA:6,22
DA:7,22
DA:8,22
DA:16,22
DA:27,22
DA:33,22
DA:45,3
DA:47,3
DA:48,3
DA:49,3
DA:50,3
DA:51,152
DA:52,152
DA:54,3
DA:55,0
DA:57,0
DA:62,3
DA:70,3
DA:71,3
DA:72,3
DA:73,152
DA:78,3
DA:79,3
DA:91,22
DA:92,1
DA:95,1
DA:96,1
DA:97,0
DA:98,0
DA:102,1
DA:106,1
DA:107,0
DA:110,1
DA:111,0
DA:112,0
DA:113,0
DA:115,1
DA:118,1
DA:119,1
DA:120,0
DA:121,0
DA:122,0
DA:123,0
DA:124,0
DA:127,0
DA:128,0
DA:129,0
DA:134,1
DA:135,1
DA:137,1
DA:149,1
DA:150,1
DA:153,1
DA:154,1
DA:155,1
DA:156,141
DA:157,3
DA:158,3
DA:160,1
DA:161,1
DA:162,0
DA:163,0
DA:167,1
DA:168,1
DA:169,1
DA:170,1
DA:173,1
DA:174,1
DA:179,1
DA:181,0
DA:185,1
DA:188,1
DA:189,1
DA:192,0
DA:193,0
DA:194,0
DA:195,0
DA:196,0
DA:197,0
DA:199,0
DA:205,22
DA:206,1
DA:207,1
DA:208,1
DA:210,1
DA:211,1
DA:213,1
DA:217,1
DA:218,1
DA:220,0
DA:221,0
DA:222,0
DA:227,22
DA:228,2
DA:229,2
DA:230,2
DA:231,2
DA:232,0
DA:233,0
DA:235,2
DA:236,2
DA:238,0
DA:239,0
DA:240,0
DA:245,22
DA:246,1
DA:247,1
DA:248,1
DA:250,1
DA:251,0
DA:254,1
DA:255,0
DA:256,0
DA:259,1
DA:260,1
DA:261,1
DA:262,1
DA:263,0
DA:265,0
DA:266,0
DA:267,0
DA:268,0
DA:271,0
DA:272,0
DA:273,0
DA:279,1
DA:280,1
DA:281,1
DA:282,1
DA:283,1
DA:285,1
DA:286,0
DA:287,0
DA:290,1
DA:291,1
DA:292,1
DA:294,1
DA:296,0
DA:297,0
DA:298,0
DA:299,0
DA:300,0
DA:305,22
DA:306,1
DA:308,1
DA:309,1
DA:310,0
DA:311,0
DA:313,1
DA:314,0
DA:315,0
DA:318,1
DA:322,1
DA:323,1
DA:324,1
DA:327,1
DA:329,1
DA:330,1
DA:335,1
DA:337,0
DA:338,0
DA:339,0
DA:340,0
DA:342,0
DA:348,22
DA:349,1
DA:351,1
DA:352,1
DA:354,1
DA:355,0
DA:358,1
DA:359,1
DA:362,1
DA:363,1
DA:364,1
DA:369,1
DA:370,0
DA:371,0
DA:374,1
DA:375,1
DA:379,1
DA:381,1
DA:383,0
DA:384,0
DA:385,0
DA:389,22
DA:391,1
DA:392,1
DA:395,1
DA:396,0
DA:397,0
DA:400,1
DA:401,0
DA:402,0
DA:407,1
DA:408,1
DA:410,1
DA:411,1
DA:412,0
DA:413,0
DA:417,1
DA:424,1
DA:425,0
DA:426,0
DA:427,0
DA:428,0
DA:429,0
DA:433,1
DA:437,1
DA:439,0
DA:440,0
DA:442,1
DA:446,1
DA:454,1
DA:457,2
DA:462,1
DA:463,1
DA:467,1
DA:470,0
DA:474,1
DA:480,1
DA:483,1
DA:484,1
DA:488,0
DA:490,0
DA:491,0
DA:492,0
DA:496,0
DA:497,0
DA:498,0
DA:499,0
DA:503,0
DA:504,0
DA:505,0
DA:544,22
LF:237
LH:145
BRDA:48,0,0,3
BRDA:49,1,0,0
BRDA:49,1,1,3
BRDA:54,2,0,0
BRDA:54,3,0,3
BRDA:54,3,1,3
BRDA:71,4,0,3
BRDA:96,5,0,0
BRDA:106,6,0,0
BRDA:110,7,0,0
BRDA:119,8,0,0
BRDA:122,9,0,0
BRDA:122,9,1,0
BRDA:122,10,0,0
BRDA:122,10,1,0
BRDA:122,10,2,0
BRDA:141,11,0,1
BRDA:141,11,1,1
BRDA:156,12,0,1
BRDA:156,12,1,2
BRDA:161,13,0,0
BRDA:177,14,0,1
BRDA:177,14,1,0
BRDA:192,15,0,0
BRDA:195,16,0,0
BRDA:195,17,0,0
BRDA:195,17,1,0
BRDA:197,18,0,0
BRDA:197,18,1,0
BRDA:211,19,0,0
BRDA:231,20,0,0
BRDA:248,21,0,0
BRDA:250,22,0,0
BRDA:254,23,0,0
BRDA:254,24,0,1
BRDA:254,24,1,0
BRDA:256,25,0,0
BRDA:260,26,0,0
BRDA:261,27,0,0
BRDA:262,28,0,0
BRDA:263,29,0,0
BRDA:263,29,1,0
BRDA:266,30,0,0
BRDA:266,30,1,0
BRDA:279,31,0,1
BRDA:280,32,0,1
BRDA:281,33,0,0
BRDA:282,34,0,0
BRDA:283,35,0,0
BRDA:285,36,0,0
BRDA:298,37,0,0
BRDA:298,38,0,0
BRDA:298,38,1,0
BRDA:299,39,0,0
BRDA:299,40,0,0
BRDA:299,40,1,0
BRDA:309,41,0,0
BRDA:313,42,0,0
BRDA:322,43,0,1
BRDA:323,44,0,1
BRDA:323,44,1,1
BRDA:339,45,0,0
BRDA:339,46,0,0
BRDA:339,46,1,0
BRDA:352,47,0,0
BRDA:354,48,0,0
BRDA:354,49,0,1
BRDA:354,49,1,0
BRDA:358,50,0,1
BRDA:358,50,1,0
BRDA:362,51,0,1
BRDA:363,52,0,1
BRDA:363,52,1,1
BRDA:369,53,0,0
BRDA:395,54,0,0
BRDA:395,55,0,1
BRDA:395,55,1,1
BRDA:395,55,2,1
BRDA:395,55,3,1
BRDA:396,56,0,0
BRDA:396,56,1,0
BRDA:400,57,0,0
BRDA:411,58,0,0
BRDA:424,59,0,0
BRDA:437,60,0,0
BRDA:462,61,0,1
BRDA:462,61,1,0
BRDA:488,62,0,0
BRDA:496,63,0,0
BRDA:496,64,0,0
BRDA:496,64,1,0
BRF:91
BRH:26
end_of_record
TN:
SF:src\modules\tenants\dto\create-tenant.dto.ts
FNF:0
FNH:0
DA:2,22
DA:4,22
DA:8,22
DA:13,22
DA:20,22
DA:25,22
DA:30,22
DA:35,22
DA:40,22
DA:45,22
LF:10
LH:10
BRF:0
BRH:0
end_of_record
TN:
SF:src\modules\tenants\dto\manage-tenant-admins.dto.ts
FNF:0
FNH:0
DA:2,22
DA:4,22
DA:13,22
LF:3
LH:3
BRF:0
BRH:0
end_of_record
TN:
SF:src\modules\tenants\dto\tenant-action.dto.ts
FNF:0
FNH:0
DA:2,22
DA:4,22
DA:8,22
LF:3
LH:3
BRF:0
BRH:0
end_of_record
TN:
SF:src\modules\tenants\dto\update-tenant-config.dto.ts
FNF:0
FNH:0
DA:3,22
DA:7,22
DA:11,22
LF:3
LH:3
BRF:0
BRH:0
end_of_record
TN:
SF:src\modules\tenants\dto\update-tenant.dto.ts
FNF:0
FNH:0
DA:2,22
DA:3,22
DA:6,22
DA:11,22
DA:15,22
DA:20,22
DA:25,22
DA:30,22
DA:35,22
DA:40,22
DA:45,22
LF:11
LH:11
BRF:0
BRH:0
end_of_record
TN:
SF:src\modules\users\user.controller.ts
FN:14,(anonymous_1)
FN:23,(anonymous_2)
FN:36,(anonymous_3)
FN:78,(anonymous_4)
FN:114,(anonymous_5)
FN:156,(anonymous_6)
FN:189,(anonymous_7)
FN:227,(anonymous_8)
FN:260,(anonymous_9)
FN:287,(anonymous_10)
FN:327,(anonymous_11)
FN:348,(anonymous_12)
FN:361,(anonymous_13)
FN:377,(anonymous_14)
FN:390,(anonymous_15)
FNF:15
FNH:6
FNDA:2,(anonymous_1)
FNDA:0,(anonymous_2)
FNDA:0,(anonymous_3)
FNDA:0,(anonymous_4)
FNDA:0,(anonymous_5)
FNDA:0,(anonymous_6)
FNDA:1,(anonymous_7)
FNDA:0,(anonymous_8)
FNDA:2,(anonymous_9)
FNDA:1,(anonymous_10)
FNDA:1,(anonymous_11)
FNDA:1,(anonymous_12)
FNDA:0,(anonymous_13)
FNDA:0,(anonymous_14)
FNDA:0,(anonymous_15)
DA:3,22
DA:4,22
DA:5,22
DA:6,22
DA:7,22
DA:8,22
DA:14,22
DA:15,2
DA:17,2
DA:19,2
DA:23,22
DA:26,0
DA:27,0
DA:36,22
DA:40,0
DA:44,0
DA:49,0
DA:53,0
DA:54,0
DA:55,0
DA:56,0
DA:57,0
DA:60,0
DA:61,0
DA:62,0
DA:69,0
DA:70,0
DA:76,0
DA:77,0
DA:78,0
DA:79,0
DA:80,0
DA:81,0
DA:82,0
DA:87,0
DA:88,0
DA:92,0
DA:93,0
DA:96,0
DA:99,0
DA:114,22
DA:118,0
DA:122,0
DA:126,0
DA:131,0
DA:132,0
DA:133,0
DA:134,0
DA:135,0
DA:138,0
DA:139,0
DA:140,0
DA:147,0
DA:148,0
DA:154,0
DA:155,0
DA:156,0
DA:157,0
DA:158,0
DA:159,0
DA:160,0
DA:165,0
DA:166,0
DA:170,0
DA:171,0
DA:174,0
DA:177,0
DA:189,22
DA:190,1
DA:193,1
DA:197,1
DA:200,1
DA:202,1
DA:203,1
DA:204,1
DA:205,1
DA:206,1
DA:209,1
DA:210,0
DA:211,0
DA:218,1
DA:219,0
DA:225,1
DA:226,1
DA:227,0
DA:228,0
DA:229,0
DA:230,0
DA:231,0
DA:236,1
DA:237,1
DA:241,1
DA:242,1
DA:245,1
DA:248,1
DA:260,22
DA:261,2
DA:262,2
DA:265,2
DA:266,2
DA:277,2
DA:278,2
DA:279,1
DA:281,1
DA:287,22
DA:288,1
DA:289,1
DA:293,1
DA:294,1
DA:297,1
DA:299,0
DA:301,1
DA:303,0
DA:307,1
DA:309,0
DA:310,0
DA:313,0
DA:314,0
DA:320,1
DA:321,1
DA:327,22
DA:328,1
DA:329,1
DA:330,1
DA:332,1
DA:337,1
DA:339,1
DA:348,22
DA:349,1
DA:350,1
DA:354,1
DA:355,1
DA:361,22
DA:362,0
DA:363,0
DA:367,0
DA:368,0
DA:377,22
DA:378,0
DA:379,0
DA:383,0
DA:384,0
DA:390,22
DA:391,0
DA:392,0
DA:396,0
DA:397,0
DA:402,22
LF:148
LH:68
BRDA:53,0,0,0
BRDA:54,1,0,0
BRDA:55,2,0,0
BRDA:56,3,0,0
BRDA:57,4,0,0
BRDA:60,5,0,0
BRDA:69,6,0,0
BRDA:77,7,0,0
BRDA:80,8,0,0
BRDA:80,9,0,0
BRDA:80,9,1,0
BRDA:80,9,2,0
BRDA:81,10,0,0
BRDA:87,11,0,0
BRDA:92,12,0,0
BRDA:92,12,1,0
BRDA:93,13,0,0
BRDA:93,13,1,0
BRDA:131,14,0,0
BRDA:132,15,0,0
BRDA:133,16,0,0
BRDA:134,17,0,0
BRDA:135,18,0,0
BRDA:138,19,0,0
BRDA:147,20,0,0
BRDA:155,21,0,0
BRDA:158,22,0,0
BRDA:158,23,0,0
BRDA:158,23,1,0
BRDA:158,23,2,0
BRDA:159,24,0,0
BRDA:165,25,0,0
BRDA:170,26,0,0
BRDA:170,26,1,0
BRDA:171,27,0,0
BRDA:171,27,1,0
BRDA:202,28,0,0
BRDA:203,29,0,0
BRDA:204,30,0,0
BRDA:205,31,0,0
BRDA:206,32,0,0
BRDA:209,33,0,0
BRDA:218,34,0,0
BRDA:226,35,0,0
BRDA:229,36,0,0
BRDA:229,37,0,0
BRDA:229,37,1,0
BRDA:229,37,2,0
BRDA:230,38,0,0
BRDA:236,39,0,1
BRDA:241,40,0,1
BRDA:241,40,1,1
BRDA:242,41,0,1
BRDA:242,41,1,1
BRDA:266,42,0,0
BRDA:278,43,0,1
BRDA:294,44,0,0
BRDA:297,45,0,0
BRDA:297,46,0,1
BRDA:297,46,1,1
BRDA:301,47,0,0
BRDA:301,48,0,1
BRDA:301,48,1,0
BRDA:301,48,2,0
BRDA:307,49,0,0
BRDA:309,50,0,0
BRDA:313,51,0,0
BRDA:332,52,0,0
BRF:68
BRH:9
end_of_record
TN:
SF:src\modules\users\user.routes.ts
FNF:0
FNH:0
DA:2,22
DA:3,22
DA:4,22
DA:5,22
DA:6,22
DA:7,22
DA:8,22
DA:9,22
DA:10,22
DA:12,22
DA:15,22
DA:16,22
DA:19,22
DA:30,22
DA:38,22
DA:63,22
DA:74,22
DA:85,22
DA:96,22
DA:102,22
DA:111,22
LF:21
LH:21
BRF:0
BRH:0
end_of_record
TN:
SF:src\modules\users\user.service.ts
FN:48,(anonymous_1)
FN:70,(anonymous_2)
FN:70,(anonymous_3)
FN:75,(anonymous_4)
FN:86,(anonymous_5)
FN:86,(anonymous_6)
FN:91,(anonymous_7)
FN:109,(anonymous_8)
FN:114,(anonymous_9)
FN:152,(anonymous_10)
FN:212,(anonymous_11)
FN:251,(anonymous_12)
FN:290,(anonymous_13)
FN:322,(anonymous_14)
FN:366,(anonymous_15)
FN:366,(anonymous_16)
FN:374,(anonymous_17)
FN:389,(anonymous_18)
FN:389,(anonymous_19)
FN:397,(anonymous_20)
FN:432,(anonymous_21)
FN:436,(anonymous_22)
FN:460,(anonymous_23)
FN:488,(anonymous_24)
FN:492,(anonymous_25)
FN:516,(anonymous_26)
FN:544,(anonymous_27)
FNF:27
FNH:11
FNDA:2,(anonymous_1)
FNDA:0,(anonymous_2)
FNDA:0,(anonymous_3)
FNDA:2,(anonymous_4)
FNDA:0,(anonymous_5)
FNDA:0,(anonymous_6)
FNDA:2,(anonymous_7)
FNDA:2,(anonymous_8)
FNDA:2,(anonymous_9)
FNDA:0,(anonymous_10)
FNDA:1,(anonymous_11)
FNDA:0,(anonymous_12)
FNDA:2,(anonymous_13)
FNDA:1,(anonymous_14)
FNDA:0,(anonymous_15)
FNDA:0,(anonymous_16)
FNDA:0,(anonymous_17)
FNDA:0,(anonymous_18)
FNDA:0,(anonymous_19)
FNDA:0,(anonymous_20)
FNDA:1,(anonymous_21)
FNDA:1,(anonymous_22)
FNDA:0,(anonymous_23)
FNDA:0,(anonymous_24)
FNDA:0,(anonymous_25)
FNDA:0,(anonymous_26)
FNDA:1,(anonymous_27)
DA:2,22
DA:3,22
DA:4,22
DA:5,22
DA:6,22
DA:7,22
DA:48,22
DA:49,2
DA:50,2
DA:53,2
DA:57,2
DA:58,0
DA:59,0
DA:63,2
DA:64,2
DA:65,2
DA:69,2
DA:70,0
DA:71,0
DA:72,0
DA:73,0
DA:75,2
DA:79,2
DA:80,2
DA:81,1
DA:85,1
DA:86,0
DA:87,0
DA:88,0
DA:89,0
DA:91,2
DA:95,2
DA:98,2
DA:99,2
DA:109,2
DA:114,2
DA:127,2
DA:128,2
DA:129,2
DA:131,2
DA:134,0
DA:135,0
DA:136,0
DA:137,0
DA:139,0
DA:152,22
DA:153,0
DA:154,0
DA:157,0
DA:161,0
DA:162,0
DA:163,0
DA:167,0
DA:170,0
DA:171,0
DA:191,0
DA:192,0
DA:195,0
DA:198,0
DA:199,0
DA:200,0
DA:202,0
DA:204,0
DA:212,22
DA:218,1
DA:219,1
DA:220,1
DA:221,1
DA:223,1
DA:224,1
DA:238,1
DA:239,1
DA:241,0
DA:242,0
DA:243,0
DA:251,22
DA:257,0
DA:258,0
DA:259,0
DA:262,0
DA:263,0
DA:277,0
DA:278,0
DA:280,0
DA:281,0
DA:282,0
DA:290,22
DA:291,2
DA:292,2
DA:293,2
DA:303,2
DA:304,1
DA:305,1
DA:307,0
DA:308,0
DA:309,0
DA:322,22
DA:327,1
DA:330,1
DA:331,1
DA:332,0
DA:333,0
DA:337,1
DA:338,1
DA:339,1
DA:340,1
DA:341,1
DA:344,1
DA:345,0
DA:347,0
DA:348,0
DA:349,0
DA:353,1
DA:355,1
DA:358,1
DA:360,0
DA:365,0
DA:366,0
DA:367,0
DA:368,0
DA:372,0
DA:374,0
DA:381,1
DA:383,0
DA:388,0
DA:389,0
DA:390,0
DA:391,0
DA:395,0
DA:397,0
DA:403,1
DA:414,1
DA:415,1
DA:417,0
DA:418,0
DA:419,0
DA:420,0
DA:421,0
DA:423,0
DA:432,22
DA:433,1
DA:435,1
DA:436,1
DA:437,1
DA:438,1
DA:439,1
DA:440,1
DA:442,1
DA:448,1
DA:450,0
DA:451,0
DA:452,0
DA:453,0
DA:460,22
DA:461,0
DA:464,0
DA:465,0
DA:467,0
DA:468,0
DA:472,0
DA:473,0
DA:476,0
DA:479,0
DA:480,0
DA:481,0
DA:488,22
DA:489,0
DA:491,0
DA:492,0
DA:493,0
DA:494,0
DA:495,0
DA:496,0
DA:498,0
DA:504,0
DA:506,0
DA:507,0
DA:508,0
DA:509,0
DA:516,22
DA:517,0
DA:520,0
DA:521,0
DA:523,0
DA:524,0
DA:528,0
DA:529,0
DA:532,0
DA:535,0
DA:536,0
DA:537,0
DA:544,22
DA:545,1
DA:547,1
DA:548,0
DA:549,0
DA:552,1
DA:553,1
DA:558,1
DA:559,0
DA:560,0
DA:561,0
DA:562,0
DA:564,0
DA:565,0
DA:570,1
DA:574,1
DA:575,1
DA:578,0
DA:579,0
DA:580,0
DA:581,0
DA:586,22
LF:213
LH:88
BRDA:57,0,0,0
BRDA:64,1,0,2
BRDA:64,2,0,2
BRDA:64,2,1,2
BRDA:69,3,0,0
BRDA:80,4,0,1
BRDA:80,5,0,2
BRDA:80,5,1,1
BRDA:85,6,0,0
BRDA:107,7,0,0
BRDA:107,7,1,2
BRDA:136,8,0,0
BRDA:136,9,0,0
BRDA:136,9,1,0
BRDA:161,10,0,0
BRDA:200,11,0,0
BRDA:200,12,0,0
BRDA:200,12,1,0
BRDA:219,13,0,1
BRDA:219,13,1,0
BRDA:221,14,0,0
BRDA:258,15,0,0
BRDA:258,15,1,0
BRDA:303,16,0,1
BRDA:331,17,0,0
BRDA:338,18,0,1
BRDA:339,19,0,0
BRDA:340,20,0,0
BRDA:341,21,0,0
BRDA:344,22,0,0
BRDA:348,23,0,0
BRDA:358,24,0,0
BRDA:365,25,0,0
BRDA:381,26,0,0
BRDA:388,27,0,0
BRDA:417,28,0,0
BRDA:420,29,0,0
BRDA:420,30,0,0
BRDA:420,30,1,0
BRDA:438,31,0,0
BRDA:440,32,0,0
BRDA:450,33,0,0
BRDA:465,34,0,0
BRDA:472,35,0,0
BRDA:472,35,1,0
BRDA:494,36,0,0
BRDA:496,37,0,0
BRDA:506,38,0,0
BRDA:521,39,0,0
BRDA:528,40,0,0
BRDA:528,40,1,0
BRDA:547,41,0,0
BRDA:558,42,0,0
BRDA:560,43,0,0
BRDA:560,43,1,0
BRDA:578,44,0,0
BRF:56
BRH:10
end_of_record
TN:
SF:src\modules\users\dto\create-unassigned-user.dto.ts
FNF:0
FNH:0
DA:2,22
DA:13,22
DA:17,22
DA:26,22
DA:31,22
DA:36,22
DA:41,22
LF:7
LH:7
BRF:0
BRH:0
end_of_record
TN:
SF:src\modules\users\dto\create-user.dto.ts
FNF:0
FNH:0
DA:1,22
DA:15,22
DA:19,22
DA:28,22
DA:33,22
DA:38,22
DA:43,22
DA:49,22
DA:54,22
DA:58,22
LF:10
LH:10
BRF:0
BRH:0
end_of_record
TN:
SF:src\modules\users\dto\update-user.dto.ts
FNF:0
FNH:0
DA:1,22
DA:11,22
DA:16,22
DA:22,22
DA:27,22
DA:33,22
DA:38,22
DA:43,22
LF:8
LH:8
BRF:0
BRH:0
end_of_record
TN:
SF:src\utils\ApiError.ts
FN:17,(anonymous_1)
FN:49,(anonymous_2)
FN:53,(anonymous_3)
FN:57,(anonymous_4)
FN:61,(anonymous_5)
FN:65,(anonymous_6)
FNF:6
FNH:1
FNDA:27,(anonymous_1)
FNDA:0,(anonymous_2)
FNDA:0,(anonymous_3)
FNDA:0,(anonymous_4)
FNDA:0,(anonymous_5)
FNDA:0,(anonymous_6)
DA:2,22
DA:25,27
DA:28,27
DA:29,27
DA:30,27
DA:31,9
DA:35,27
DA:38,27
DA:39,0
DA:41,27
DA:45,27
DA:50,0
DA:54,0
DA:58,0
DA:62,0
DA:67,0
DA:69,0
DA:70,0
DA:74,22
LF:19
LH:11
BRDA:20,0,0,18
BRDA:22,1,0,27
BRDA:30,2,0,9
BRDA:38,3,0,0
BRDA:38,3,1,27
BRDA:49,4,0,0
BRDA:53,5,0,0
BRDA:57,6,0,0
BRDA:61,7,0,0
BRDA:65,8,0,0
BRF:10
BRH:4
end_of_record
TN:
SF:src\utils\catchAsync.ts
FN:11,(anonymous_0)
FN:12,(anonymous_1)
FN:14,(anonymous_2)
FNF:3
FNH:3
FNDA:2948,(anonymous_0)
FNDA:160,(anonymous_1)
FNDA:18,(anonymous_2)
DA:11,22
DA:12,2948
DA:14,160
DA:16,18
DA:21,22
LF:5
LH:5
BRF:0
BRH:0
end_of_record
TN:
SF:src\utils\date.utils.ts
FN:31,getDateRange
FNF:1
FNH:1
FNDA:6,getDateRange
DA:2,22
DA:3,22
DA:31,22
DA:36,6
DA:37,6
DA:40,6
DA:41,6
DA:42,6
DA:43,6
DA:44,6
DA:47,6
DA:50,6
DA:51,5
DA:52,5
DA:54,5
DA:57,5
DA:58,0
DA:62,5
DA:63,5
DA:64,5
DA:67,5
DA:68,5
DA:69,5
DA:71,5
DA:74,0
DA:75,0
DA:77,0
DA:82,6
DA:83,1
DA:85,0
DA:86,0
DA:87,0
DA:88,0
DA:89,0
DA:90,0
DA:92,0
DA:93,0
DA:94,0
DA:95,0
DA:96,0
DA:97,0
DA:99,0
DA:100,0
DA:101,0
DA:102,0
DA:103,0
DA:104,0
DA:106,0
DA:107,0
DA:108,0
DA:110,0
DA:111,0
DA:112,0
DA:113,0
DA:114,0
DA:116,0
DA:117,0
DA:118,0
DA:119,0
DA:120,0
DA:121,0
DA:123,0
DA:124,0
DA:125,0
DA:126,0
DA:127,0
DA:128,0
DA:130,0
DA:131,0
DA:132,0
DA:133,0
DA:134,0
DA:135,0
DA:138,1
DA:139,1
DA:140,1
DA:141,1
DA:142,1
DA:143,1
DA:154,6
LF:80
LH:32
BRDA:32,0,0,0
BRDA:50,1,0,5
BRDA:50,2,0,6
BRDA:50,2,1,5
BRDA:54,3,0,5
BRDA:54,3,1,0
BRDA:57,4,0,0
BRDA:74,5,0,0
BRDA:74,5,1,0
BRDA:82,6,0,1
BRDA:83,7,0,0
BRDA:83,7,1,0
BRDA:83,7,2,0
BRDA:83,7,3,0
BRDA:83,7,4,0
BRDA:83,7,5,0
BRDA:83,7,6,0
BRDA:83,7,7,1
BRDA:83,7,8,1
BRDA:112,8,0,0
BRDA:112,8,1,0
BRF:21
BRH:7
end_of_record
TN:
SF:src\utils\email.service.ts
FN:12,(anonymous_1)
FNF:1
FNH:1
FNDA:2,(anonymous_1)
DA:2,22
DA:3,22
DA:12,22
DA:21,2
DA:22,2
DA:23,2
DA:24,2
DA:25,2
DA:26,2
DA:27,0
DA:29,2
DA:32,2
DA:56,22
LF:13
LH:12
BRDA:23,0,0,2
BRDA:23,0,1,0
BRDA:26,1,0,0
BRF:3
BRH:1
end_of_record
TN:
SF:src\utils\logger.ts
FN:15,(anonymous_1)
FN:30,(anonymous_2)
FN:64,(anonymous_3)
FNF:3
FNH:3
FNDA:530,(anonymous_1)
FNDA:530,(anonymous_2)
FNDA:530,(anonymous_3)
DA:2,22
DA:7,22
DA:9,22
DA:10,22
DA:15,22
DA:16,530
DA:17,0
DA:19,530
DA:23,22
DA:31,530
DA:32,530
DA:34,530
DA:35,222
DA:36,0
DA:38,222
DA:39,222
DA:41,222
DA:43,222
DA:44,124
DA:45,124
DA:47,0
DA:50,98
DA:54,530
DA:65,530
DA:66,530
DA:67,0
DA:68,530
DA:69,0
DA:71,530
DA:87,22
LF:30
LH:25
BRDA:7,0,0,22
BRDA:7,0,1,0
BRDA:7,1,0,0
BRDA:7,1,1,0
BRDA:10,2,0,22
BRDA:10,2,1,0
BRDA:16,3,0,0
BRDA:31,4,0,530
BRDA:31,4,1,0
BRDA:34,5,0,222
BRDA:34,6,0,530
BRDA:34,6,1,530
BRDA:35,7,0,0
BRDA:35,8,0,222
BRDA:35,8,1,0
BRDA:35,8,2,0
BRDA:39,9,0,0
BRDA:41,10,0,222
BRDA:43,11,0,124
BRDA:43,11,1,98
BRDA:43,12,0,222
BRDA:43,12,1,222
BRDA:61,13,0,0
BRDA:61,13,1,22
BRDA:65,14,0,530
BRDA:65,14,1,0
BRDA:66,15,0,0
BRDA:66,15,1,530
BRDA:66,16,0,530
BRDA:66,16,1,0
BRDA:66,16,2,0
BRDA:68,17,0,0
BRDA:68,18,0,530
BRDA:68,18,1,0
BRF:34
BRH:17
end_of_record
TN:
SF:src\utils\pick.ts
FN:13,(anonymous_0)
FN:20,(anonymous_1)
FNF:2
FNH:2
FNDA:76,(anonymous_0)
FNDA:453,(anonymous_1)
DA:13,22
DA:15,76
DA:16,0
DA:20,76
DA:22,453
DA:24,48
DA:26,453
DA:30,22
LF:8
LH:7
BRDA:15,0,0,0
BRDA:15,1,0,76
BRDA:15,1,1,76
BRDA:22,2,0,48
BRF:4
BRH:3
end_of_record
TN:
SF:src\utils\token.utils.ts
FN:10,(anonymous_1)
FN:19,(anonymous_2)
FN:31,(anonymous_3)
FNF:3
FNH:3
FNDA:5,(anonymous_1)
FNDA:5,(anonymous_2)
FNDA:2,(anonymous_3)
DA:2,22
DA:3,22
DA:10,22
DA:11,5
DA:19,22
DA:21,5
DA:22,5
DA:31,22
DA:32,2
LF:9
LH:9
BRDA:10,0,0,1
BRF:1
BRH:1
end_of_record
TN:
SF:tests\utils\test-utils.ts
FN:6,(anonymous_1)
FN:16,(anonymous_2)
FN:37,(anonymous_3)
FN:41,(anonymous_4)
FN:52,(anonymous_5)
FNF:5
FNH:5
FNDA:3,(anonymous_1)
FNDA:10,(anonymous_2)
FNDA:9,(anonymous_3)
FNDA:6,(anonymous_4)
FNDA:2,(anonymous_5)
DA:1,3
DA:2,3
DA:3,3
DA:4,3
DA:6,3
DA:7,3
DA:16,3
DA:17,10
DA:18,10
DA:29,10
DA:30,10
DA:34,10
DA:37,3
DA:38,9
DA:41,3
DA:42,6
DA:52,3
DA:53,2
LF:18
LH:18
BRDA:6,0,0,3
BRDA:16,1,0,0
BRDA:17,2,0,10
BRDA:17,2,1,10
BRDA:20,3,0,10
BRDA:20,3,1,0
BRDA:23,4,0,10
BRDA:23,4,1,10
BRDA:24,5,0,10
BRDA:24,5,1,10
BRDA:29,6,0,10
BRDA:41,7,0,0
BRDA:52,8,0,2
BRF:13
BRH:10
end_of_record
