TN:
SF:src\app.ts
FN:65,(anonymous_1)
FN:66,(anonymous_2)
FN:72,(anonymous_3)
FN:78,(anonymous_4)
FN:111,(anonymous_5)
FNF:5
FNH:1
FNDA:0,(anonymous_1)
FNDA:166,(anonymous_2)
FNDA:0,(anonymous_3)
FNDA:0,(anonymous_4)
FNDA:0,(anonymous_5)
DA:2,21
DA:3,21
DA:4,21
DA:5,21
DA:6,21
DA:7,21
DA:8,21
DA:9,21
DA:10,21
DA:11,21
DA:15,21
DA:16,21
DA:17,21
DA:18,21
DA:19,21
DA:20,21
DA:21,21
DA:22,21
DA:23,21
DA:24,21
DA:25,21
DA:26,21
DA:27,21
DA:28,21
DA:29,21
DA:30,21
DA:31,21
DA:32,21
DA:35,21
DA:39,21
DA:40,21
DA:44,21
DA:51,21
DA:55,21
DA:58,21
DA:63,21
DA:64,21
DA:65,0
DA:66,166
DA:72,21
DA:74,0
DA:78,21
DA:79,0
DA:84,21
DA:86,21
DA:87,21
DA:88,21
DA:89,21
DA:90,21
DA:91,21
DA:92,21
DA:93,21
DA:95,21
DA:96,21
DA:97,21
DA:98,21
DA:99,21
DA:100,21
DA:101,21
DA:102,21
DA:103,21
DA:104,21
DA:106,21
DA:111,21
DA:112,0
DA:117,21
DA:120,21
DA:122,21
LF:68
LH:64
BRDA:45,0,0,21
BRDA:45,0,1,0
BRDA:63,1,0,0
BRDA:63,1,1,21
BRF:4
BRH:2
end_of_record
TN:
SF:src\config\environment.ts
FN:52,(anonymous_1)
FNF:1
FNH:0
FNDA:0,(anonymous_1)
DA:1,21
DA:2,21
DA:3,21
DA:7,21
DA:8,21
DA:11,21
DA:13,21
DA:14,21
DA:16,0
DA:18,21
DA:19,0
DA:24,21
DA:47,21
DA:49,21
DA:51,0
DA:52,0
DA:53,0
DA:55,0
DA:59,21
LF:19
LH:13
BRDA:7,0,0,21
BRDA:7,0,1,0
BRDA:13,1,0,21
BRDA:14,2,0,0
BRDA:14,3,0,21
BRDA:14,3,1,21
BRDA:18,4,0,0
BRDA:49,5,0,0
BRF:8
BRH:4
end_of_record
TN:
SF:src\config\index.ts
FN:7,(anonymous_5)
FN:10,(anonymous_6)
FNF:2
FNH:2
FNDA:1057,(anonymous_5)
FNDA:42,(anonymous_6)
DA:4,21
DA:7,1078
DA:10,63
LF:3
LH:3
BRF:0
BRH:0
end_of_record
TN:
SF:src\config\prisma.ts
FN:40,(anonymous_1)
FN:52,testDbConnection
FNF:2
FNH:1
FNDA:0,(anonymous_1)
FNDA:21,testDbConnection
DA:2,21
DA:3,21
DA:4,21
DA:8,21
DA:28,21
DA:34,21
DA:37,0
DA:41,0
DA:42,0
DA:43,0
DA:47,0
DA:48,0
DA:53,21
DA:54,21
DA:55,21
DA:56,21
DA:58,0
DA:59,0
DA:63,21
DA:65,21
LF:20
LH:12
BRDA:8,0,0,0
BRDA:8,0,1,21
BRDA:28,1,0,21
BRDA:28,1,1,21
BRDA:34,2,0,0
BRDA:47,3,0,0
BRF:6
BRH:3
end_of_record
TN:
SF:src\config\redis.ts
FN:37,(anonymous_1)
FN:41,(anonymous_2)
FN:45,(anonymous_3)
FN:51,(anonymous_4)
FN:55,(anonymous_5)
FN:59,(anonymous_6)
FN:64,testRedisConnection
FNF:7
FNH:3
FNDA:21,(anonymous_1)
FNDA:21,(anonymous_2)
FNDA:0,(anonymous_3)
FNDA:0,(anonymous_4)
FNDA:0,(anonymous_5)
FNDA:0,(anonymous_6)
FNDA:21,testRedisConnection
DA:1,21
DA:2,21
DA:3,21
DA:6,21
DA:34,21
DA:37,21
DA:38,21
DA:41,21
DA:42,21
DA:45,21
DA:48,0
DA:51,21
DA:52,0
DA:55,21
DA:56,0
DA:59,21
DA:60,0
DA:65,21
DA:66,21
DA:67,21
DA:68,21
DA:70,0
DA:73,0
DA:80,21
DA:83,21
DA:84,0
DA:87,21
LF:27
LH:20
BRDA:34,0,0,21
BRDA:34,0,1,21
BRDA:67,1,0,21
BRDA:67,1,1,0
BRDA:83,2,0,0
BRF:5
BRH:3
end_of_record
TN:
SF:src\middleware\auth.middleware.ts
FN:41,(anonymous_1)
FN:90,(anonymous_2)
FN:94,(anonymous_3)
FN:104,(anonymous_4)
FNF:4
FNH:4
FNDA:157,(anonymous_1)
FNDA:157,(anonymous_2)
FNDA:1677,(anonymous_3)
FNDA:34,(anonymous_4)
DA:2,21
DA:3,21
DA:4,21
DA:5,21
DA:6,21
DA:41,21
DA:42,157
DA:44,157
DA:45,0
DA:48,157
DA:50,157
DA:52,157
DA:56,157
DA:81,157
DA:82,0
DA:83,0
DA:87,157
DA:88,157
DA:90,157
DA:91,157
DA:92,13
DA:94,157
DA:95,1677
DA:100,157
DA:101,157
DA:102,13
DA:104,144
DA:109,157
DA:116,157
DA:118,157
DA:119,157
DA:122,0
DA:123,0
DA:125,0
DA:126,0
DA:127,0
DA:130,0
DA:131,0
LF:38
LH:28
BRDA:44,0,0,0
BRDA:44,1,0,157
BRDA:44,1,1,157
BRDA:81,2,0,0
BRDA:91,3,0,13
BRDA:91,4,0,157
BRDA:91,4,1,157
BRDA:91,4,2,146
BRDA:101,5,0,13
BRDA:101,5,1,144
BRDA:122,6,0,0
BRDA:125,7,0,0
BRF:12
BRH:8
end_of_record
TN:
SF:src\middleware\error.middleware.ts
FN:20,(anonymous_1)
FN:118,(anonymous_2)
FNF:2
FNH:2
FNDA:27,(anonymous_1)
FNDA:27,(anonymous_2)
DA:4,21
DA:5,21
DA:6,21
DA:7,21
DA:8,21
DA:20,21
DA:21,27
DA:24,27
DA:27,0
DA:28,0
DA:31,0
DA:32,0
DA:33,0
DA:35,0
DA:36,0
DA:37,0
DA:38,0
DA:39,0
DA:41,0
DA:42,0
DA:43,0
DA:44,0
DA:45,0
DA:47,0
DA:48,0
DA:49,0
DA:50,0
DA:53,0
DA:54,0
DA:55,0
DA:56,0
DA:60,0
DA:61,0
DA:62,0
DA:63,0
DA:64,0
DA:67,0
DA:68,0
DA:69,0
DA:71,0
DA:72,0
DA:80,0
DA:85,0
DA:89,0
DA:90,0
DA:93,0
DA:98,0
DA:102,27
DA:118,21
DA:119,27
DA:122,27
DA:123,0
DA:124,0
DA:125,0
DA:129,27
DA:132,27
DA:142,27
DA:144,0
DA:148,27
DA:156,27
LF:60
LH:17
BRDA:24,0,0,0
BRDA:31,1,0,0
BRDA:31,1,1,0
BRDA:33,2,0,0
BRDA:33,2,1,0
BRDA:33,2,2,0
BRDA:33,2,3,0
BRDA:33,2,4,0
BRDA:36,3,0,0
BRDA:36,3,1,0
BRDA:38,4,0,0
BRDA:38,4,1,0
BRDA:42,5,0,0
BRDA:42,5,1,0
BRDA:67,6,0,0
BRDA:67,6,1,0
BRDA:72,7,0,0
BRDA:72,7,1,0
BRDA:80,8,0,0
BRDA:80,8,1,0
BRDA:85,9,0,0
BRDA:85,9,1,0
BRDA:85,9,2,0
BRDA:89,10,0,0
BRDA:89,10,1,0
BRDA:122,11,0,0
BRDA:122,12,0,27
BRDA:122,12,1,0
BRDA:136,13,0,27
BRDA:136,13,1,9
BRDA:138,14,0,27
BRDA:138,14,1,0
BRDA:142,15,0,0
BRDA:142,15,1,27
BRDA:149,16,0,27
BRDA:149,16,1,0
BRDA:151,17,0,0
BRDA:151,17,1,27
BRDA:151,18,0,27
BRDA:151,18,1,27
BRF:40
BRH:9
end_of_record
TN:
SF:src\middleware\rateLimit.middleware.ts
FN:13,(anonymous_1)
FN:27,(anonymous_2)
FNF:2
FNH:0
FNDA:0,(anonymous_1)
FNDA:0,(anonymous_2)
DA:2,21
DA:3,21
DA:4,21
DA:7,21
DA:14,0
DA:15,0
DA:20,21
DA:28,0
DA:31,0
LF:9
LH:5
BRDA:8,0,0,21
BRDA:8,0,1,21
BRDA:9,1,0,21
BRDA:9,1,1,21
BRF:4
BRH:4
end_of_record
TN:
SF:src\middleware\rbac.middleware.ts
FN:12,(anonymous_1)
FN:13,(anonymous_2)
FN:21,(anonymous_3)
FN:43,(anonymous_4)
FN:44,(anonymous_5)
FN:50,(anonymous_6)
FN:52,(anonymous_7)
FNF:7
FNH:3
FNDA:2541,(anonymous_1)
FNDA:157,(anonymous_2)
FNDA:170,(anonymous_3)
FNDA:0,(anonymous_4)
FNDA:0,(anonymous_5)
FNDA:0,(anonymous_6)
FNDA:0,(anonymous_7)
DA:2,21
DA:3,21
DA:4,21
DA:12,21
DA:13,2541
DA:15,157
DA:16,0
DA:17,0
DA:21,157
DA:22,170
DA:25,157
DA:26,0
DA:27,0
DA:31,157
DA:32,157
DA:43,21
DA:44,0
DA:45,0
DA:46,0
DA:47,0
DA:50,0
DA:52,0
DA:54,0
DA:55,0
DA:56,0
DA:59,0
DA:60,0
LF:27
LH:12
BRDA:15,0,0,0
BRDA:15,1,0,157
BRDA:15,1,1,157
BRDA:25,2,0,0
BRDA:45,3,0,0
BRDA:45,4,0,0
BRDA:45,4,1,0
BRDA:54,5,0,0
BRF:8
BRH:2
end_of_record
TN:
SF:src\middleware\tenant.middleware.ts
FN:12,(anonymous_1)
FN:35,(anonymous_2)
FNF:2
FNH:2
FNDA:151,(anonymous_1)
FNDA:142,(anonymous_2)
DA:3,21
DA:4,21
DA:5,21
DA:12,21
DA:14,151
DA:16,0
DA:17,0
DA:22,151
DA:35,21
DA:36,142
DA:37,142
DA:39,0
DA:40,0
DA:42,142
LF:14
LH:10
BRDA:14,0,0,0
BRDA:37,1,0,0
BRF:2
BRH:0
end_of_record
TN:
SF:src\middleware\validate.middleware.ts
FN:14,(anonymous_1)
FN:16,(anonymous_2)
FN:39,(anonymous_3)
FN:44,(anonymous_4)
FNF:4
FNH:4
FNDA:9,(anonymous_1)
FNDA:9,(anonymous_2)
FNDA:1449,(anonymous_3)
FNDA:87,(anonymous_4)
DA:3,21
DA:4,21
DA:5,21
DA:6,21
DA:7,21
DA:14,21
DA:15,9
DA:16,9
DA:18,9
DA:19,9
DA:22,9
DA:23,0
DA:26,9
DA:39,21
DA:44,1449
DA:46,87
DA:51,87
DA:56,87
DA:64,87
DA:66,9
DA:67,9
DA:68,9
DA:70,9
DA:76,78
DA:79,78
DA:83,21
LF:26
LH:25
BRDA:18,0,0,9
BRDA:22,1,0,0
BRDA:22,2,0,9
BRDA:22,2,1,9
BRDA:41,3,0,1050
BRDA:42,4,0,1449
BRDA:64,5,0,9
BRF:7
BRH:6
end_of_record
TN:
SF:src\modules\auth\auth.controller.ts
FN:18,(anonymous_1)
FN:32,(anonymous_2)
FN:45,(anonymous_3)
FN:71,(anonymous_4)
FN:101,(anonymous_5)
FN:121,(anonymous_6)
FN:135,(anonymous_7)
FN:148,(anonymous_8)
FNF:8
FNH:6
FNDA:4,(anonymous_1)
FNDA:1,(anonymous_2)
FNDA:4,(anonymous_3)
FNDA:2,(anonymous_4)
FNDA:1,(anonymous_5)
FNDA:2,(anonymous_6)
FNDA:0,(anonymous_7)
FNDA:0,(anonymous_8)
DA:3,21
DA:4,21
DA:5,21
DA:6,21
DA:10,21
DA:11,21
DA:12,21
DA:18,21
DA:19,4
DA:26,4
DA:32,21
DA:33,1
DA:39,1
DA:45,21
DA:46,4
DA:47,4
DA:48,4
DA:50,4
DA:58,3
DA:61,3
DA:71,21
DA:73,2
DA:74,2
DA:75,1
DA:76,1
DA:79,1
DA:80,1
DA:83,1
DA:90,1
DA:93,1
DA:101,21
DA:102,1
DA:104,1
DA:106,1
DA:108,0
DA:112,1
DA:114,1
DA:121,21
DA:122,2
DA:126,2
DA:129,2
DA:135,21
DA:136,0
DA:139,0
DA:142,0
DA:148,21
DA:150,0
DA:151,0
DA:156,0
DA:158,0
DA:164,21
LF:51
LH:43
BRDA:74,0,0,1
BRDA:104,1,0,1
BRDA:104,1,1,0
BRDA:150,2,0,0
BRF:4
BRH:2
end_of_record
TN:
SF:src\modules\auth\auth.routes.ts
FNF:0
FNH:0
DA:2,21
DA:3,21
DA:4,21
DA:5,21
DA:6,21
DA:7,21
DA:8,21
DA:9,21
DA:10,21
DA:13,21
DA:16,21
DA:19,21
DA:23,21
DA:29,21
DA:35,21
DA:40,21
DA:45,21
DA:51,21
DA:57,21
LF:19
LH:19
BRF:0
BRH:0
end_of_record
TN:
SF:src\modules\auth\auth.service.ts
FN:36,(anonymous_1)
FN:72,(anonymous_2)
FN:113,(anonymous_3)
FN:170,(anonymous_4)
FN:241,(anonymous_5)
FN:297,(anonymous_6)
FN:332,(anonymous_7)
FN:401,(anonymous_8)
FN:450,(anonymous_9)
FNF:9
FNH:7
FNDA:4,(anonymous_1)
FNDA:4,(anonymous_2)
FNDA:2,(anonymous_3)
FNDA:4,(anonymous_4)
FNDA:1,(anonymous_5)
FNDA:1,(anonymous_6)
FNDA:2,(anonymous_7)
FNDA:0,(anonymous_8)
FNDA:0,(anonymous_9)
DA:2,21
DA:3,21
DA:4,21
DA:5,21
DA:6,21
DA:7,21
DA:8,21
DA:10,21
DA:11,21
DA:36,21
DA:37,4
DA:44,4
DA:45,4
DA:46,4
DA:47,4
DA:49,0
DA:51,4
DA:52,4
DA:56,4
DA:62,4
DA:72,21
DA:73,4
DA:74,4
DA:77,4
DA:78,4
DA:79,4
DA:80,0
DA:82,4
DA:84,0
DA:85,0
DA:86,0
DA:90,4
DA:99,4
DA:102,4
DA:113,21
DA:115,2
DA:118,2
DA:128,0
DA:131,2
DA:133,2
DA:137,2
DA:138,0
DA:142,2
DA:143,0
DA:147,2
DA:148,0
DA:152,2
DA:153,2
DA:154,0
DA:157,2
DA:158,2
DA:170,21
DA:176,4
DA:177,4
DA:196,4
DA:198,4
DA:199,0
DA:200,0
DA:203,4
DA:204,4
DA:206,4
DA:207,4
DA:208,1
DA:209,1
DA:212,3
DA:213,0
DA:214,0
DA:218,3
DA:219,3
DA:221,3
DA:225,3
DA:227,3
DA:241,21
DA:246,1
DA:247,1
DA:249,1
DA:250,1
DA:251,1
DA:255,1
DA:259,1
DA:262,1
DA:264,1
DA:265,0
DA:266,0
DA:268,1
DA:271,1
DA:272,1
DA:274,1
DA:275,1
DA:281,0
DA:282,0
DA:283,0
DA:284,0
DA:286,0
DA:288,0
DA:297,21
DA:298,1
DA:299,1
DA:301,1
DA:302,1
DA:303,1
DA:306,1
DA:310,1
DA:313,0
DA:315,0
DA:316,0
DA:319,0
DA:332,21
DA:333,2
DA:334,2
DA:336,2
DA:339,2
DA:340,1
DA:341,1
DA:344,1
DA:345,1
DA:348,1
DA:349,1
DA:351,1
DA:352,1
DA:353,1
DA:354,1
DA:356,0
DA:358,1
DA:359,1
DA:363,1
DA:364,1
DA:371,1
DA:374,1
DA:377,1
DA:384,1
DA:385,1
DA:387,0
DA:401,21
DA:403,0
DA:406,0
DA:413,0
DA:414,0
DA:416,0
DA:417,0
DA:418,0
DA:419,0
DA:423,0
DA:424,0
DA:425,0
DA:428,0
DA:429,0
DA:432,0
DA:433,0
DA:434,0
DA:436,0
DA:437,0
DA:440,0
DA:441,0
DA:445,0
DA:448,0
DA:450,0
DA:451,0
DA:455,0
DA:460,0
DA:465,0
DA:467,0
DA:468,0
DA:470,0
DA:476,21
LF:165
LH:107
BRDA:46,0,0,4
BRDA:46,1,0,4
BRDA:46,1,1,0
BRDA:46,1,2,0
BRDA:79,2,0,0
BRDA:79,3,0,4
BRDA:79,3,1,4
BRDA:79,3,2,4
BRDA:118,4,0,0
BRDA:137,5,0,0
BRDA:142,6,0,0
BRDA:147,7,0,0
BRDA:153,8,0,0
BRDA:198,9,0,0
BRDA:207,10,0,1
BRDA:212,11,0,0
BRDA:264,12,0,0
BRDA:264,13,0,1
BRDA:264,13,1,1
BRDA:282,14,0,0
BRDA:282,15,0,0
BRDA:282,15,1,0
BRDA:315,16,0,0
BRDA:315,16,1,0
BRDA:315,17,0,0
BRDA:315,17,1,0
BRDA:339,18,0,1
BRDA:339,19,0,2
BRDA:339,19,1,1
BRDA:353,20,0,1
BRDA:353,21,0,1
BRDA:353,21,1,0
BRDA:353,21,2,0
BRDA:384,22,0,1
BRDA:384,22,1,0
BRDA:417,23,0,0
BRDA:423,24,0,0
BRDA:433,25,0,0
BRDA:433,26,0,0
BRDA:433,26,1,0
BRF:40
BRH:14
end_of_record
TN:
SF:src\modules\auth\dto\forgot-password.dto.ts
FNF:0
FNH:0
DA:12,21
DA:14,21
DA:17,21
LF:3
LH:3
BRF:0
BRH:0
end_of_record
TN:
SF:src\modules\auth\dto\login.dto.ts
FNF:0
FNH:0
DA:2,21
DA:4,21
DA:7,21
DA:12,21
LF:4
LH:4
BRF:0
BRH:0
end_of_record
TN:
SF:src\modules\auth\dto\reset-password.dto.ts
FNF:0
FNH:0
DA:2,21
DA:4,21
DA:7,21
DA:17,21
LF:4
LH:4
BRF:0
BRH:0
end_of_record
TN:
SF:src\modules\category\category.controller.ts
FN:11,(anonymous_1)
FN:18,(anonymous_2)
FN:58,(anonymous_3)
FN:65,(anonymous_4)
FN:72,(anonymous_5)
FNF:5
FNH:5
FNDA:2,(anonymous_1)
FNDA:2,(anonymous_2)
FNDA:2,(anonymous_3)
FNDA:1,(anonymous_4)
FNDA:2,(anonymous_5)
DA:3,21
DA:4,21
DA:5,21
DA:6,21
DA:7,21
DA:8,21
DA:11,21
DA:12,2
DA:14,2
DA:15,2
DA:18,21
DA:19,2
DA:21,2
DA:22,2
DA:24,2
DA:27,2
DA:28,2
DA:29,0
DA:30,2
DA:32,1
DA:34,2
DA:35,0
DA:40,2
DA:41,2
DA:42,0
DA:43,0
DA:44,0
DA:45,0
DA:49,2
DA:52,2
DA:55,2
DA:58,21
DA:59,2
DA:60,2
DA:61,2
DA:62,1
DA:65,21
DA:66,1
DA:68,1
DA:69,1
DA:72,21
DA:73,2
DA:74,2
DA:75,2
DA:78,21
LF:45
LH:39
BRDA:28,0,0,0
BRDA:28,0,1,2
BRDA:30,1,0,1
BRDA:30,2,0,2
BRDA:30,2,1,1
BRDA:34,3,0,0
BRDA:41,4,0,0
BRDA:43,5,0,0
BRDA:43,6,0,0
BRDA:43,6,1,0
BRDA:43,6,2,0
BRDA:44,7,0,0
BRDA:49,8,0,2
BRDA:49,9,0,2
BRDA:49,9,1,2
BRDA:61,10,0,1
BRF:16
BRH:8
end_of_record
TN:
SF:src\modules\category\category.routes.ts
FNF:0
FNH:0
DA:2,21
DA:3,21
DA:4,21
DA:5,21
DA:6,21
DA:7,21
DA:8,21
DA:9,21
DA:11,21
DA:14,21
DA:15,21
DA:18,21
DA:31,21
DA:49,21
LF:14
LH:14
BRF:0
BRH:0
end_of_record
TN:
SF:src\modules\category\category.service.ts
FN:23,(anonymous_1)
FN:78,(anonymous_2)
FN:117,(anonymous_3)
FN:120,(anonymous_4)
FN:121,(anonymous_5)
FN:131,(anonymous_6)
FN:155,(anonymous_7)
FN:249,(anonymous_8)
FNF:8
FNH:5
FNDA:2,(anonymous_1)
FNDA:2,(anonymous_2)
FNDA:0,(anonymous_3)
FNDA:0,(anonymous_4)
FNDA:0,(anonymous_5)
FNDA:2,(anonymous_6)
FNDA:1,(anonymous_7)
FNDA:2,(anonymous_8)
DA:2,21
DA:3,21
DA:4,21
DA:5,21
DA:6,21
DA:23,21
DA:24,2
DA:27,2
DA:35,2
DA:36,0
DA:37,0
DA:41,2
DA:42,1
DA:43,1
DA:44,0
DA:45,0
DA:50,2
DA:51,2
DA:59,2
DA:60,2
DA:62,2
DA:64,0
DA:65,0
DA:66,0
DA:68,0
DA:70,0
DA:78,21
DA:83,2
DA:84,2
DA:85,2
DA:87,2
DA:88,2
DA:90,0
DA:94,0
DA:96,0
DA:99,2
DA:106,2
DA:107,2
DA:110,0
DA:111,0
DA:112,0
DA:117,21
DA:118,0
DA:119,0
DA:120,0
DA:122,0
DA:123,0
DA:125,0
DA:131,21
DA:132,2
DA:133,2
DA:134,2
DA:139,2
DA:140,1
DA:141,1
DA:143,1
DA:144,1
DA:146,0
DA:147,0
DA:148,0
DA:155,21
DA:160,1
DA:163,1
DA:164,1
DA:165,0
DA:166,0
DA:170,1
DA:173,1
DA:174,1
DA:176,1
DA:177,1
DA:181,1
DA:182,0
DA:183,0
DA:186,1
DA:189,1
DA:192,1
DA:194,0
DA:195,0
DA:196,0
DA:203,0
DA:205,0
DA:208,0
DA:209,0
DA:210,0
DA:211,0
DA:213,0
DA:218,1
DA:219,0
DA:220,0
DA:224,1
DA:225,1
DA:229,1
DA:231,1
DA:233,0
DA:234,0
DA:235,0
DA:236,0
DA:238,0
DA:239,0
DA:241,0
DA:249,21
DA:250,2
DA:253,2
DA:254,2
DA:255,0
DA:256,0
DA:261,2
DA:262,2
DA:263,0
DA:264,0
DA:268,2
DA:269,2
DA:270,0
DA:271,0
DA:275,2
DA:276,2
DA:277,2
DA:280,0
DA:281,0
DA:282,0
DA:283,0
DA:286,0
DA:287,0
DA:288,0
DA:290,0
DA:295,21
LF:127
LH:66
BRDA:31,0,0,2
BRDA:31,0,1,1
BRDA:35,1,0,0
BRDA:41,2,0,1
BRDA:43,3,0,0
BRDA:66,4,0,0
BRDA:66,5,0,0
BRDA:66,5,1,0
BRDA:81,6,0,0
BRDA:83,7,0,2
BRDA:83,7,1,0
BRDA:85,8,0,0
BRDA:88,9,0,0
BRDA:88,9,1,2
BRDA:101,10,0,2
BRDA:101,10,1,0
BRDA:117,11,0,0
BRDA:139,12,0,1
BRDA:164,13,0,0
BRDA:173,14,0,1
BRDA:174,15,0,1
BRDA:176,16,0,0
BRDA:176,16,1,1
BRDA:181,17,0,0
BRDA:189,18,0,0
BRDA:192,19,0,0
BRDA:194,20,0,0
BRDA:203,21,0,0
BRDA:203,21,1,0
BRDA:209,22,0,0
BRDA:218,23,0,0
BRDA:235,24,0,0
BRDA:235,25,0,0
BRDA:235,25,1,0
BRDA:238,26,0,0
BRDA:238,27,0,0
BRDA:238,27,1,0
BRDA:254,28,0,0
BRDA:262,29,0,0
BRDA:269,30,0,0
BRDA:282,31,0,0
BRDA:282,32,0,0
BRDA:282,32,1,0
BRDA:286,33,0,0
BRDA:286,34,0,0
BRDA:286,34,1,0
BRF:46
BRH:10
end_of_record
TN:
SF:src\modules\category\dto\create-category.dto.ts
FNF:0
FNH:0
DA:2,21
DA:4,21
DA:8,21
DA:12,21
DA:16,21
LF:5
LH:5
BRF:0
BRH:0
end_of_record
TN:
SF:src\modules\category\dto\update-category.dto.ts
FNF:0
FNH:0
DA:2,21
DA:4,21
DA:9,21
DA:13,21
DA:17,21
LF:5
LH:5
BRF:0
BRH:0
end_of_record
TN:
SF:src\modules\customer\customer.controller.ts
FN:14,(anonymous_1)
FN:24,(anonymous_2)
FN:70,(anonymous_3)
FN:106,(anonymous_4)
FN:123,(anonymous_5)
FN:138,(anonymous_6)
FNF:6
FNH:5
FNDA:2,(anonymous_1)
FNDA:1,(anonymous_2)
FNDA:0,(anonymous_3)
FNDA:2,(anonymous_4)
FNDA:1,(anonymous_5)
FNDA:1,(anonymous_6)
DA:3,21
DA:4,21
DA:5,21
DA:6,21
DA:7,21
DA:8,21
DA:14,21
DA:15,2
DA:17,2
DA:18,1
DA:24,21
DA:25,1
DA:28,1
DA:40,1
DA:43,1
DA:45,1
DA:46,1
DA:47,1
DA:48,1
DA:49,1
DA:50,1
DA:51,1
DA:54,1
DA:55,0
DA:56,0
DA:68,1
DA:69,1
DA:70,0
DA:71,0
DA:72,0
DA:74,0
DA:75,0
DA:82,1
DA:83,1
DA:87,1
DA:88,1
DA:91,1
DA:94,1
DA:106,21
DA:107,2
DA:108,2
DA:113,2
DA:114,2
DA:115,1
DA:117,1
DA:123,21
DA:124,1
DA:125,1
DA:131,1
DA:132,1
DA:138,21
DA:139,1
DA:140,1
DA:146,1
DA:149,1
DA:154,21
LF:56
LH:49
BRDA:45,0,0,0
BRDA:46,1,0,0
BRDA:47,2,0,0
BRDA:48,3,0,0
BRDA:49,4,0,0
BRDA:50,5,0,0
BRDA:51,6,0,0
BRDA:54,7,0,0
BRDA:69,8,0,0
BRDA:72,9,0,0
BRDA:72,10,0,0
BRDA:72,10,1,0
BRDA:72,10,2,0
BRDA:74,11,0,0
BRDA:82,12,0,1
BRDA:87,13,0,1
BRDA:87,13,1,1
BRDA:88,14,0,1
BRDA:88,14,1,1
BRDA:114,15,0,1
BRF:20
BRH:6
end_of_record
TN:
SF:src\modules\customer\customer.routes.ts
FNF:0
FNH:0
DA:2,21
DA:3,21
DA:4,21
DA:5,21
DA:6,21
DA:7,21
DA:8,21
DA:9,21
DA:11,21
DA:14,21
DA:15,21
DA:18,21
DA:40,21
DA:71,21
LF:14
LH:14
BRF:0
BRH:0
end_of_record
TN:
SF:src\modules\customer\customer.service.ts
FN:16,(anonymous_1)
FN:88,(anonymous_2)
FN:114,(anonymous_3)
FN:135,(anonymous_4)
FN:143,(anonymous_5)
FN:215,(anonymous_6)
FNF:6
FNH:6
FNDA:2,(anonymous_1)
FNDA:1,(anonymous_2)
FNDA:4,(anonymous_3)
FNDA:1,(anonymous_4)
FNDA:1,(anonymous_5)
FNDA:1,(anonymous_6)
DA:2,21
DA:3,21
DA:4,21
DA:5,21
DA:6,21
DA:16,21
DA:17,2
DA:18,2
DA:21,2
DA:22,1
DA:23,1
DA:24,0
DA:25,0
DA:28,1
DA:29,1
DA:34,1
DA:35,1
DA:36,1
DA:37,0
DA:38,0
DA:43,1
DA:44,1
DA:45,0
DA:46,0
DA:48,1
DA:49,1
DA:52,1
DA:53,1
DA:71,1
DA:72,1
DA:73,1
DA:75,0
DA:76,0
DA:77,0
DA:78,0
DA:81,0
DA:88,21
DA:89,1
DA:90,1
DA:91,1
DA:92,1
DA:93,1
DA:94,1
DA:101,1
DA:102,1
DA:104,0
DA:105,0
DA:107,0
DA:114,21
DA:115,4
DA:116,4
DA:117,4
DA:121,4
DA:122,3
DA:123,3
DA:125,0
DA:126,0
DA:128,0
DA:135,21
DA:136,1
DA:137,1
DA:138,1
DA:141,1
DA:143,1
DA:144,1
DA:146,1
DA:147,1
DA:156,1
DA:157,0
DA:158,0
DA:159,0
DA:160,0
DA:162,0
DA:167,1
DA:168,0
DA:170,1
DA:171,0
DA:175,1
DA:176,0
DA:177,0
DA:179,0
DA:180,0
DA:181,0
DA:182,0
DA:186,1
DA:187,0
DA:188,0
DA:192,1
DA:193,1
DA:198,1
DA:199,1
DA:201,0
DA:202,0
DA:204,0
DA:205,0
DA:208,0
DA:215,21
DA:216,1
DA:217,1
DA:218,1
DA:221,1
DA:228,1
DA:229,0
DA:230,0
DA:234,1
DA:235,1
DA:236,1
DA:238,0
DA:239,0
DA:240,0
DA:241,0
DA:242,0
DA:244,0
DA:245,0
DA:248,0
DA:255,21
LF:116
LH:69
BRDA:21,0,0,1
BRDA:21,0,1,1
BRDA:23,1,0,0
BRDA:28,2,0,1
BRDA:28,3,0,1
BRDA:28,3,1,1
BRDA:28,3,2,1
BRDA:28,3,3,1
BRDA:34,4,0,1
BRDA:36,5,0,0
BRDA:44,6,0,0
BRDA:48,7,0,1
BRDA:48,7,1,0
BRDA:49,8,0,0
BRDA:49,8,1,1
BRDA:62,9,0,1
BRDA:62,9,1,0
BRDA:63,10,0,1
BRDA:63,10,1,1
BRDA:66,11,0,1
BRDA:66,11,1,1
BRDA:77,12,0,0
BRDA:77,13,0,0
BRDA:77,13,1,0
BRDA:90,14,0,1
BRDA:90,14,1,0
BRDA:92,15,0,0
BRDA:121,16,0,1
BRDA:138,17,0,0
BRDA:146,18,0,1
BRDA:146,19,0,1
BRDA:146,19,1,1
BRDA:146,19,2,1
BRDA:146,19,3,1
BRDA:146,19,4,1
BRDA:156,20,0,0
BRDA:157,21,0,0
BRDA:157,21,1,0
BRDA:159,22,0,0
BRDA:167,23,0,0
BRDA:168,24,0,0
BRDA:168,24,1,0
BRDA:170,25,0,0
BRDA:171,26,0,0
BRDA:171,26,1,0
BRDA:175,27,0,0
BRDA:176,28,0,0
BRDA:176,28,1,0
BRDA:180,29,0,0
BRDA:180,29,1,0
BRDA:186,30,0,0
BRDA:204,31,0,0
BRDA:204,32,0,0
BRDA:204,32,1,0
BRDA:218,33,0,0
BRDA:228,34,0,0
BRDA:240,35,0,0
BRDA:240,36,0,0
BRDA:240,36,1,0
BRDA:244,37,0,0
BRDA:244,38,0,0
BRDA:244,38,1,0
BRF:62
BRH:23
end_of_record
TN:
SF:src\modules\customer-group\customer-group.controller.ts
FN:12,(anonymous_1)
FN:20,(anonymous_2)
FN:51,(anonymous_3)
FN:59,(anonymous_4)
FN:67,(anonymous_5)
FNF:5
FNH:5
FNDA:1,(anonymous_1)
FNDA:1,(anonymous_2)
FNDA:2,(anonymous_3)
FNDA:1,(anonymous_4)
FNDA:1,(anonymous_5)
DA:3,21
DA:4,21
DA:5,21
DA:6,21
DA:7,21
DA:8,21
DA:12,21
DA:13,1
DA:15,1
DA:16,1
DA:20,21
DA:21,1
DA:22,1
DA:23,1
DA:25,1
DA:26,1
DA:28,1
DA:29,1
DA:30,0
DA:31,0
DA:32,0
DA:33,0
DA:37,1
DA:39,1
DA:40,1
DA:42,1
DA:44,1
DA:51,21
DA:52,2
DA:53,2
DA:54,2
DA:55,1
DA:59,21
DA:60,1
DA:62,1
DA:63,1
DA:67,21
DA:68,1
DA:69,1
DA:70,1
DA:73,21
LF:41
LH:37
BRDA:26,0,0,0
BRDA:29,1,0,0
BRDA:31,2,0,0
BRDA:31,3,0,0
BRDA:31,3,1,0
BRDA:31,3,2,0
BRDA:32,4,0,0
BRDA:37,5,0,1
BRDA:39,6,0,1
BRDA:39,6,1,1
BRDA:40,7,0,1
BRDA:40,7,1,1
BRDA:54,8,0,1
BRF:13
BRH:6
end_of_record
TN:
SF:src\modules\customer-group\customer-group.routes.ts
FNF:0
FNH:0
DA:2,21
DA:3,21
DA:4,21
DA:5,21
DA:6,21
DA:7,21
DA:8,21
DA:9,21
DA:11,21
DA:14,21
DA:15,21
DA:18,21
DA:31,21
DA:49,21
LF:14
LH:14
BRF:0
BRH:0
end_of_record
TN:
SF:src\modules\customer-group\customer-group.service.ts
FN:22,(anonymous_1)
FN:64,(anonymous_2)
FN:101,(anonymous_3)
FN:128,(anonymous_4)
FN:189,(anonymous_5)
FNF:5
FNH:5
FNDA:1,(anonymous_1)
FNDA:1,(anonymous_2)
FNDA:4,(anonymous_3)
FNDA:1,(anonymous_4)
FNDA:1,(anonymous_5)
DA:2,21
DA:3,21
DA:4,21
DA:5,21
DA:6,21
DA:22,21
DA:23,1
DA:26,1
DA:30,1
DA:31,0
DA:32,0
DA:35,1
DA:36,1
DA:43,1
DA:44,1
DA:45,1
DA:47,0
DA:48,0
DA:49,0
DA:50,0
DA:52,0
DA:64,21
DA:70,1
DA:71,1
DA:72,1
DA:73,1
DA:75,1
DA:76,1
DA:86,1
DA:87,1
DA:89,0
DA:90,0
DA:91,0
DA:101,21
DA:102,4
DA:103,4
DA:104,4
DA:108,4
DA:109,1
DA:110,1
DA:112,3
DA:113,3
DA:115,0
DA:116,0
DA:117,0
DA:128,21
DA:129,1
DA:132,1
DA:133,1
DA:134,0
DA:135,0
DA:139,1
DA:140,1
DA:144,1
DA:145,0
DA:146,0
DA:151,1
DA:152,1
DA:153,1
DA:156,1
DA:157,0
DA:158,0
DA:162,1
DA:163,1
DA:167,1
DA:169,1
DA:171,0
DA:172,0
DA:173,0
DA:174,0
DA:176,0
DA:177,0
DA:179,0
DA:189,21
DA:190,1
DA:193,1
DA:194,1
DA:195,0
DA:196,0
DA:200,1
DA:203,1
DA:204,0
DA:205,0
DA:210,1
DA:211,1
DA:214,1
DA:217,0
DA:218,0
DA:219,0
DA:220,0
DA:221,0
DA:223,0
DA:224,0
DA:226,0
DA:230,21
LF:95
LH:57
BRDA:30,0,0,0
BRDA:49,1,0,0
BRDA:49,2,0,0
BRDA:49,2,1,0
BRDA:71,3,0,1
BRDA:71,3,1,0
BRDA:73,4,0,0
BRDA:108,5,0,1
BRDA:133,6,0,0
BRDA:139,7,0,1
BRDA:139,8,0,1
BRDA:139,8,1,1
BRDA:144,9,0,0
BRDA:152,10,0,1
BRDA:153,11,0,0
BRDA:156,12,0,0
BRDA:173,13,0,0
BRDA:173,14,0,0
BRDA:173,14,1,0
BRDA:176,15,0,0
BRDA:176,16,0,0
BRDA:176,16,1,0
BRDA:194,17,0,0
BRDA:203,18,0,0
BRDA:219,19,0,0
BRDA:219,20,0,0
BRDA:219,20,1,0
BRDA:223,21,0,0
BRDA:223,22,0,0
BRDA:223,22,1,0
BRF:30
BRH:6
end_of_record
TN:
SF:src\modules\customer-group\dto\create-customer-group.dto.ts
FNF:0
FNH:0
DA:2,21
DA:4,21
DA:8,21
DA:12,21
LF:4
LH:4
BRF:0
BRH:0
end_of_record
TN:
SF:src\modules\customer-group\dto\update-customer-group.dto.ts
FNF:0
FNH:0
DA:2,21
DA:4,21
DA:9,21
DA:13,21
LF:4
LH:4
BRF:0
BRH:0
end_of_record
TN:
SF:src\modules\customer\dto\address.dto.ts
FNF:0
FNH:0
DA:1,21
DA:2,21
DA:3,21
DA:4,21
DA:5,21
DA:6,21
DA:7,21
LF:7
LH:7
BRF:0
BRH:0
end_of_record
TN:
SF:src\modules\customer\dto\create-customer.dto.ts
FN:5,(anonymous_2)
FN:38,(anonymous_3)
FN:44,(anonymous_4)
FNF:3
FNH:2
FNDA:2,(anonymous_2)
FNDA:1,(anonymous_3)
FNDA:0,(anonymous_4)
DA:1,21
DA:2,21
DA:3,21
DA:5,21
DA:9,21
DA:14,21
DA:19,21
DA:24,21
DA:30,21
DA:34,21
DA:38,1
DA:40,21
DA:44,0
DA:46,21
DA:50,21
DA:54,21
DA:58,21
DA:63,21
LF:18
LH:17
BRF:0
BRH:0
end_of_record
TN:
SF:src\modules\customer\dto\update-customer.dto.ts
FN:20,(anonymous_2)
FN:21,(anonymous_3)
FNF:2
FNH:0
FNDA:0,(anonymous_2)
FNDA:0,(anonymous_3)
DA:2,21
DA:3,21
DA:4,21
DA:6,21
DA:13,21
DA:14,21
DA:15,21
DA:16,21
DA:18,21
DA:20,21
DA:21,21
DA:23,21
DA:24,21
DA:25,21
DA:27,21
DA:28,21
LF:16
LH:16
BRF:0
BRH:0
end_of_record
TN:
SF:src\modules\inventory\inventory.controller.ts
FN:13,(anonymous_1)
FN:21,(anonymous_2)
FN:54,(anonymous_3)
FN:81,(anonymous_4)
FN:91,(anonymous_5)
FN:99,(anonymous_6)
FN:108,(anonymous_7)
FN:117,(anonymous_8)
FN:150,(anonymous_9)
FN:174,(anonymous_10)
FN:183,(anonymous_11)
FN:229,(anonymous_12)
FN:260,(anonymous_13)
FNF:13
FNH:5
FNDA:1,(anonymous_1)
FNDA:3,(anonymous_2)
FNDA:0,(anonymous_3)
FNDA:0,(anonymous_4)
FNDA:1,(anonymous_5)
FNDA:0,(anonymous_6)
FNDA:0,(anonymous_7)
FNDA:5,(anonymous_8)
FNDA:0,(anonymous_9)
FNDA:0,(anonymous_10)
FNDA:5,(anonymous_11)
FNDA:0,(anonymous_12)
FNDA:0,(anonymous_13)
DA:3,21
DA:4,21
DA:5,21
DA:6,21
DA:7,21
DA:8,21
DA:9,21
DA:13,21
DA:14,1
DA:15,1
DA:17,1
DA:18,1
DA:21,21
DA:22,3
DA:24,3
DA:32,3
DA:35,3
DA:37,3
DA:38,3
DA:39,3
DA:41,3
DA:42,0
DA:43,0
DA:44,0
DA:45,0
DA:47,0
DA:52,3
DA:53,3
DA:54,0
DA:55,0
DA:56,0
DA:58,0
DA:59,0
DA:64,3
DA:67,3
DA:68,3
DA:71,3
DA:72,3
DA:75,3
DA:81,21
DA:82,0
DA:83,0
DA:84,0
DA:85,0
DA:91,21
DA:92,1
DA:93,1
DA:95,1
DA:96,1
DA:99,21
DA:100,0
DA:101,0
DA:102,0
DA:104,0
DA:105,0
DA:108,21
DA:109,0
DA:110,0
DA:111,0
DA:113,0
DA:114,0
DA:117,21
DA:118,5
DA:120,5
DA:123,5
DA:126,5
DA:127,5
DA:128,5
DA:130,5
DA:131,0
DA:132,5
DA:133,0
DA:135,5
DA:137,5
DA:138,0
DA:139,0
DA:140,0
DA:141,0
DA:143,0
DA:148,5
DA:149,5
DA:150,0
DA:151,0
DA:152,0
DA:153,0
DA:154,0
DA:159,5
DA:162,5
DA:163,5
DA:166,5
DA:167,5
DA:168,5
DA:174,21
DA:175,0
DA:176,0
DA:177,0
DA:178,0
DA:183,21
DA:184,5
DA:186,5
DA:187,5
DA:190,5
DA:191,5
DA:192,5
DA:196,5
DA:197,5
DA:199,5
DA:200,0
DA:201,0
DA:203,0
DA:204,0
DA:206,0
DA:209,5
DA:210,0
DA:211,0
DA:213,0
DA:214,0
DA:216,0
DA:221,5
DA:222,0
DA:227,5
DA:228,5
DA:229,0
DA:230,0
DA:231,0
DA:233,0
DA:234,0
DA:235,0
DA:236,0
DA:237,0
DA:238,0
DA:239,0
DA:240,0
DA:245,5
DA:248,5
DA:249,5
DA:252,5
DA:253,5
DA:254,5
DA:260,21
DA:261,0
DA:262,0
DA:263,0
DA:264,0
DA:269,21
LF:145
LH:79
BRDA:37,0,0,0
BRDA:38,1,0,0
BRDA:39,2,0,0
BRDA:41,3,0,0
BRDA:41,4,0,3
BRDA:41,4,1,3
BRDA:44,5,0,0
BRDA:45,6,0,0
BRDA:53,7,0,0
BRDA:56,8,0,0
BRDA:56,9,0,0
BRDA:56,9,1,0
BRDA:56,9,2,0
BRDA:58,10,0,0
BRDA:64,11,0,3
BRDA:67,12,0,3
BRDA:67,12,1,3
BRDA:68,13,0,3
BRDA:68,13,1,3
BRDA:71,14,0,3
BRDA:71,14,1,0
BRDA:84,15,0,0
BRDA:127,16,0,0
BRDA:128,17,0,0
BRDA:130,18,0,0
BRDA:130,18,1,5
BRDA:130,19,0,5
BRDA:130,19,1,0
BRDA:132,20,0,0
BRDA:135,21,0,0
BRDA:137,22,0,0
BRDA:137,23,0,5
BRDA:137,23,1,5
BRDA:140,24,0,0
BRDA:141,25,0,0
BRDA:149,26,0,0
BRDA:152,27,0,0
BRDA:152,28,0,0
BRDA:152,28,1,0
BRDA:152,28,2,0
BRDA:153,29,0,0
BRDA:159,30,0,5
BRDA:162,31,0,5
BRDA:162,31,1,5
BRDA:163,32,0,5
BRDA:163,32,1,5
BRDA:166,33,0,5
BRDA:166,33,1,0
BRDA:177,34,0,0
BRDA:191,35,0,1
BRDA:192,36,0,1
BRDA:199,37,0,0
BRDA:209,38,0,0
BRDA:221,39,0,0
BRDA:228,40,0,0
BRDA:231,41,0,0
BRDA:231,42,0,0
BRDA:231,42,1,0
BRDA:231,42,2,0
BRDA:233,43,0,0
BRDA:233,43,1,0
BRDA:235,44,0,0
BRDA:235,44,1,0
BRDA:237,45,0,0
BRDA:237,45,1,0
BRDA:239,46,0,0
BRDA:245,47,0,5
BRDA:248,48,0,5
BRDA:248,48,1,5
BRDA:249,49,0,5
BRDA:249,49,1,5
BRDA:252,50,0,5
BRDA:252,50,1,0
BRDA:263,51,0,0
BRF:74
BRH:26
end_of_record
TN:
SF:src\modules\inventory\inventory.routes.ts
FNF:0
FNH:0
DA:2,21
DA:3,21
DA:4,21
DA:5,21
DA:6,21
DA:7,21
DA:8,21
DA:9,21
DA:10,21
DA:12,21
DA:15,21
DA:16,21
DA:19,21
DA:32,21
DA:40,21
DA:53,21
DA:61,21
DA:69,21
DA:78,21
DA:85,21
DA:93,21
LF:21
LH:21
BRF:0
BRH:0
end_of_record
TN:
SF:src\modules\inventory\inventory.service.ts
FN:40,(anonymous_1)
FN:178,(anonymous_2)
FN:202,(anonymous_3)
FN:209,(anonymous_4)
FN:209,(anonymous_5)
FN:217,(anonymous_6)
FN:229,(anonymous_7)
FN:296,(anonymous_8)
FN:312,(anonymous_9)
FN:347,(anonymous_10)
FN:354,(anonymous_11)
FN:354,(anonymous_12)
FN:362,(anonymous_13)
FN:387,(anonymous_14)
FN:411,(anonymous_15)
FN:424,(anonymous_16)
FN:517,(anonymous_17)
FN:531,(anonymous_18)
FN:554,(anonymous_19)
FN:682,(anonymous_20)
FN:746,(anonymous_21)
FN:798,(anonymous_22)
FN:873,(anonymous_23)
FN:926,(anonymous_24)
FN:999,(anonymous_25)
FNF:25
FNH:13
FNDA:4,(anonymous_1)
FNDA:1,(anonymous_2)
FNDA:1,(anonymous_3)
FNDA:0,(anonymous_4)
FNDA:0,(anonymous_5)
FNDA:1,(anonymous_6)
FNDA:1,(anonymous_7)
FNDA:1,(anonymous_8)
FNDA:1,(anonymous_9)
FNDA:1,(anonymous_10)
FNDA:0,(anonymous_11)
FNDA:0,(anonymous_12)
FNDA:1,(anonymous_13)
FNDA:1,(anonymous_14)
FNDA:0,(anonymous_15)
FNDA:0,(anonymous_16)
FNDA:0,(anonymous_17)
FNDA:0,(anonymous_18)
FNDA:0,(anonymous_19)
FNDA:3,(anonymous_20)
FNDA:0,(anonymous_21)
FNDA:5,(anonymous_22)
FNDA:0,(anonymous_23)
FNDA:5,(anonymous_24)
FNDA:0,(anonymous_25)
DA:2,21
DA:16,21
DA:17,21
DA:18,21
DA:19,21
DA:40,21
DA:68,4
DA:69,4
DA:79,4
DA:81,0
DA:86,0
DA:90,4
DA:115,4
DA:118,4
DA:120,0
DA:121,0
DA:122,0
DA:127,0
DA:132,0
DA:140,4
DA:164,4
DA:165,4
DA:172,4
DA:178,21
DA:183,1
DA:191,1
DA:195,1
DA:196,0
DA:202,1
DA:203,1
DA:207,1
DA:208,0
DA:209,0
DA:211,0
DA:216,1
DA:217,1
DA:218,1
DA:219,0
DA:226,1
DA:228,1
DA:231,1
DA:240,1
DA:242,1
DA:245,1
DA:246,1
DA:248,1
DA:264,1
DA:267,1
DA:282,1
DA:283,0
DA:291,1
DA:295,1
DA:296,1
DA:298,0
DA:299,0
DA:300,0
DA:302,0
DA:312,21
DA:317,1
DA:325,1
DA:326,0
DA:333,1
DA:340,1
DA:341,0
DA:347,1
DA:348,1
DA:352,1
DA:353,0
DA:354,0
DA:356,0
DA:361,1
DA:362,1
DA:363,1
DA:364,0
DA:369,1
DA:370,0
DA:377,1
DA:378,1
DA:387,1
DA:397,1
DA:398,1
DA:399,1
DA:401,0
DA:402,0
DA:403,0
DA:411,21
DA:417,0
DA:423,0
DA:424,0
DA:426,0
DA:431,0
DA:432,0
DA:433,0
DA:434,0
DA:442,0
DA:447,0
DA:449,0
DA:451,0
DA:452,0
DA:453,0
DA:457,0
DA:463,0
DA:477,0
DA:480,0
DA:487,0
DA:488,0
DA:497,0
DA:500,0
DA:504,0
DA:506,0
DA:507,0
DA:508,0
DA:509,0
DA:517,21
DA:523,0
DA:530,0
DA:531,0
DA:533,0
DA:538,0
DA:539,0
DA:540,0
DA:544,0
DA:550,0
DA:551,0
DA:552,0
DA:553,0
DA:554,0
DA:558,0
DA:559,0
DA:562,0
DA:566,0
DA:567,0
DA:569,0
DA:573,0
DA:577,0
DA:578,0
DA:583,0
DA:587,0
DA:591,0
DA:594,0
DA:597,0
DA:611,0
DA:613,0
DA:617,0
DA:622,0
DA:629,0
DA:630,0
DA:637,0
DA:638,0
DA:641,0
DA:642,0
DA:650,0
DA:651,0
DA:655,0
DA:657,0
DA:660,0
DA:663,0
DA:667,0
DA:669,0
DA:670,0
DA:671,0
DA:672,0
DA:682,21
DA:689,3
DA:691,3
DA:692,3
DA:698,3
DA:699,0
DA:705,3
DA:706,3
DA:730,3
DA:734,3
DA:736,0
DA:737,0
DA:738,0
DA:746,21
DA:757,0
DA:762,0
DA:763,0
DA:777,0
DA:778,0
DA:779,0
DA:781,0
DA:782,0
DA:788,0
DA:789,0
DA:790,0
DA:798,21
DA:805,5
DA:807,5
DA:808,5
DA:814,5
DA:815,0
DA:821,5
DA:822,5
DA:857,5
DA:861,5
DA:863,0
DA:864,0
DA:865,0
DA:873,21
DA:884,0
DA:889,0
DA:890,0
DA:905,0
DA:906,0
DA:907,0
DA:909,0
DA:910,0
DA:916,0
DA:917,0
DA:918,0
DA:926,21
DA:939,5
DA:941,5
DA:942,5
DA:948,5
DA:949,0
DA:955,5
DA:956,5
DA:977,5
DA:981,5
DA:989,0
DA:990,0
DA:991,0
DA:999,21
DA:1009,0
DA:1014,0
DA:1015,0
DA:1022,0
DA:1023,0
DA:1024,0
DA:1026,0
DA:1027,0
DA:1032,0
DA:1033,0
DA:1034,0
DA:1042,21
LF:238
LH:91
BRDA:79,0,0,0
BRDA:118,1,0,0
BRDA:121,2,0,0
BRDA:121,2,1,0
BRDA:147,3,0,0
BRDA:147,3,1,4
BRDA:195,4,0,0
BRDA:207,5,0,0
BRDA:218,6,0,0
BRDA:246,7,0,0
BRDA:255,8,0,1
BRDA:255,8,1,0
BRDA:260,9,0,1
BRDA:260,9,1,0
BRDA:273,10,0,0
BRDA:273,10,1,1
BRDA:282,11,0,0
BRDA:298,12,0,0
BRDA:325,13,0,0
BRDA:340,14,0,0
BRDA:352,15,0,0
BRDA:363,16,0,0
BRDA:369,17,0,0
BRDA:431,18,0,0
BRDA:433,19,0,0
BRDA:452,20,0,0
BRDA:452,21,0,0
BRDA:452,21,1,0
BRDA:487,22,0,0
BRDA:506,23,0,0
BRDA:538,24,0,0
BRDA:540,25,0,0
BRDA:541,26,0,0
BRDA:541,26,1,0
BRDA:566,27,0,0
BRDA:566,27,1,0
BRDA:577,28,0,0
BRDA:583,29,0,0
BRDA:584,30,0,0
BRDA:584,30,1,0
BRDA:630,31,0,0
BRDA:630,31,1,0
BRDA:631,32,0,0
BRDA:631,32,1,0
BRDA:638,33,0,0
BRDA:650,34,0,0
BRDA:650,34,1,0
BRDA:669,35,0,0
BRDA:687,36,0,0
BRDA:691,37,0,3
BRDA:691,37,1,0
BRDA:698,38,0,0
BRDA:710,39,0,1
BRDA:710,39,1,2
BRDA:726,40,0,1
BRDA:726,40,1,2
BRDA:777,41,0,0
BRDA:803,42,0,0
BRDA:807,43,0,5
BRDA:807,43,1,0
BRDA:814,44,0,0
BRDA:826,45,0,1
BRDA:826,45,1,4
BRDA:848,46,0,1
BRDA:848,46,1,4
BRDA:905,47,0,0
BRDA:931,48,0,0
BRDA:941,49,0,5
BRDA:941,49,1,0
BRDA:948,50,0,0
BRDA:960,51,0,1
BRDA:960,51,1,4
BRDA:973,52,0,1
BRDA:973,52,1,4
BRDA:1022,53,0,0
BRF:75
BRH:19
end_of_record
TN:
SF:src\modules\inventory\dto\adjustment-item.dto.ts
FN:12,(anonymous_2)
FN:17,(anonymous_3)
FNF:2
FNH:1
FNDA:1,(anonymous_2)
FNDA:0,(anonymous_3)
DA:2,21
DA:3,21
DA:5,21
DA:8,21
DA:12,1
DA:13,21
DA:17,0
DA:18,21
DA:23,21
DA:28,21
LF:10
LH:9
BRF:0
BRH:0
end_of_record
TN:
SF:src\modules\inventory\dto\create-adjustment.dto.ts
FN:23,(anonymous_2)
FNF:1
FNH:1
FNDA:1,(anonymous_2)
DA:2,21
DA:3,21
DA:4,21
DA:6,21
DA:9,21
DA:14,21
DA:18,21
DA:23,1
DA:24,21
LF:9
LH:9
BRF:0
BRH:0
end_of_record
TN:
SF:src\modules\inventory\dto\create-transfer.dto.ts
FN:22,(anonymous_2)
FNF:1
FNH:1
FNDA:1,(anonymous_2)
DA:2,21
DA:3,21
DA:4,21
DA:6,21
DA:9,21
DA:13,21
DA:17,21
DA:22,1
DA:23,21
LF:9
LH:9
BRF:0
BRH:0
end_of_record
TN:
SF:src\modules\inventory\dto\receive-item.dto.ts
FN:14,(anonymous_2)
FNF:1
FNH:0
FNDA:0,(anonymous_2)
DA:3,21
DA:4,21
DA:6,21
DA:9,21
DA:14,0
DA:15,21
DA:20,21
DA:25,21
LF:8
LH:7
BRF:0
BRH:0
end_of_record
TN:
SF:src\modules\inventory\dto\receive-transfer.dto.ts
FN:10,(anonymous_2)
FNF:1
FNH:0
FNDA:0,(anonymous_2)
DA:2,21
DA:3,21
DA:4,21
DA:6,21
DA:10,0
DA:11,21
LF:6
LH:5
BRF:0
BRH:0
end_of_record
TN:
SF:src\modules\inventory\dto\transfer-item.dto.ts
FN:13,(anonymous_2)
FNF:1
FNH:1
FNDA:1,(anonymous_2)
DA:2,21
DA:3,21
DA:5,21
DA:8,21
DA:13,1
DA:14,21
LF:6
LH:6
BRF:0
BRH:0
end_of_record
TN:
SF:src\modules\location\location.controller.ts
FN:11,(anonymous_1)
FN:17,(anonymous_2)
FN:29,(anonymous_3)
FN:51,(anonymous_4)
FN:58,(anonymous_5)
FN:64,(anonymous_6)
FNF:6
FNH:5
FNDA:1,(anonymous_1)
FNDA:2,(anonymous_2)
FNDA:0,(anonymous_3)
FNDA:2,(anonymous_4)
FNDA:1,(anonymous_5)
FNDA:1,(anonymous_6)
DA:3,21
DA:4,21
DA:5,21
DA:6,21
DA:7,21
DA:8,21
DA:11,21
DA:12,1
DA:13,1
DA:14,1
DA:17,21
DA:18,2
DA:19,2
DA:20,2
DA:22,2
DA:23,2
DA:24,2
DA:25,2
DA:27,2
DA:28,2
DA:29,0
DA:30,0
DA:31,0
DA:32,0
DA:33,0
DA:38,2
DA:40,2
DA:41,2
DA:43,2
DA:45,2
DA:51,21
DA:52,2
DA:53,2
DA:54,2
DA:55,1
DA:58,21
DA:59,1
DA:60,1
DA:61,1
DA:64,21
DA:65,1
DA:66,1
DA:67,1
DA:70,21
LF:44
LH:39
BRDA:23,0,0,1
BRDA:24,1,0,0
BRDA:25,2,0,0
BRDA:28,3,0,0
BRDA:31,4,0,0
BRDA:31,5,0,0
BRDA:31,5,1,0
BRDA:31,5,2,0
BRDA:32,6,0,0
BRDA:38,7,0,2
BRDA:40,8,0,2
BRDA:40,8,1,2
BRDA:41,9,0,2
BRDA:41,9,1,2
BRDA:54,10,0,1
BRF:15
BRH:7
end_of_record
TN:
SF:src\modules\location\location.routes.ts
FNF:0
FNH:0
DA:2,21
DA:3,21
DA:4,21
DA:5,21
DA:6,21
DA:7,21
DA:8,21
DA:9,21
DA:11,21
DA:14,21
DA:15,21
DA:18,21
DA:29,21
DA:44,21
LF:14
LH:14
BRF:0
BRH:0
end_of_record
TN:
SF:src\modules\location\location.service.ts
FN:20,(anonymous_1)
FN:113,(anonymous_2)
FN:165,(anonymous_3)
FN:261,(anonymous_4)
FN:391,(anonymous_5)
FNF:5
FNH:5
FNDA:1,(anonymous_1)
FNDA:2,(anonymous_2)
FNDA:4,(anonymous_3)
FNDA:1,(anonymous_4)
FNDA:1,(anonymous_5)
DA:2,21
DA:3,21
DA:4,21
DA:5,21
DA:6,21
DA:20,21
DA:24,1
DA:30,1
DA:34,1
DA:35,0
DA:36,0
DA:43,1
DA:44,0
DA:47,0
DA:48,0
DA:52,0
DA:56,1
DA:57,1
DA:69,1
DA:70,1
DA:71,1
DA:73,0
DA:74,0
DA:75,0
DA:79,0
DA:84,0
DA:113,21
DA:119,2
DA:123,2
DA:126,2
DA:133,2
DA:135,0
DA:139,0
DA:144,2
DA:146,2
DA:150,2
DA:154,2
DA:156,0
DA:157,0
DA:158,0
DA:165,21
DA:169,4
DA:174,4
DA:175,4
DA:178,4
DA:179,1
DA:180,1
DA:182,3
DA:183,3
DA:185,0
DA:186,0
DA:187,0
DA:261,21
DA:266,1
DA:273,1
DA:274,1
DA:275,0
DA:276,0
DA:280,1
DA:281,1
DA:285,1
DA:286,0
DA:287,0
DA:295,1
DA:297,0
DA:298,0
DA:302,0
DA:307,0
DA:309,0
DA:312,0
DA:313,0
DA:314,0
DA:323,1
DA:324,1
DA:325,1
DA:326,0
DA:327,1
DA:328,0
DA:329,1
DA:330,1
DA:334,1
DA:335,0
DA:337,0
DA:342,0
DA:349,1
DA:350,0
DA:351,0
DA:354,1
DA:355,1
DA:359,1
DA:361,1
DA:363,0
DA:364,0
DA:365,0
DA:369,0
DA:374,0
DA:378,0
DA:383,0
DA:391,21
DA:395,1
DA:401,1
DA:402,1
DA:403,0
DA:404,0
DA:408,1
DA:412,1
DA:413,0
DA:417,0
DA:424,1
DA:425,1
DA:426,1
DA:429,0
DA:430,0
DA:431,0
DA:436,0
DA:440,0
DA:445,0
DA:449,0
DA:454,0
DA:461,21
LF:120
LH:63
BRDA:34,0,0,0
BRDA:43,1,0,0
BRDA:47,2,0,0
BRDA:63,3,0,1
BRDA:63,3,1,0
BRDA:75,4,0,0
BRDA:76,5,0,0
BRDA:76,5,1,0
BRDA:123,6,0,2
BRDA:123,6,1,0
BRDA:133,7,0,0
BRDA:178,8,0,1
BRDA:274,9,0,0
BRDA:280,10,0,1
BRDA:280,11,0,1
BRDA:280,11,1,1
BRDA:285,12,0,0
BRDA:295,13,0,0
BRDA:297,14,0,0
BRDA:307,15,0,0
BRDA:312,16,0,0
BRDA:324,17,0,1
BRDA:325,18,0,0
BRDA:327,19,0,0
BRDA:329,20,0,1
BRDA:331,21,0,1
BRDA:331,21,1,0
BRDA:334,22,0,0
BRDA:335,23,0,0
BRDA:335,23,1,0
BRDA:349,24,0,0
BRDA:365,25,0,0
BRDA:366,26,0,0
BRDA:366,26,1,0
BRDA:374,27,0,0
BRDA:375,28,0,0
BRDA:375,28,1,0
BRDA:402,29,0,0
BRDA:412,30,0,0
BRDA:431,31,0,0
BRDA:432,32,0,0
BRDA:432,32,1,0
BRDA:445,33,0,0
BRDA:446,34,0,0
BRDA:446,34,1,0
BRF:45
BRH:9
end_of_record
TN:
SF:src\modules\location\dto\create-location.dto.ts
FN:16,(anonymous_2)
FN:32,(anonymous_3)
FNF:2
FNH:2
FNDA:2,(anonymous_2)
FNDA:1,(anonymous_3)
DA:2,21
DA:3,21
DA:4,21
DA:7,21
DA:8,21
DA:9,21
DA:10,21
DA:11,21
DA:12,21
DA:16,21
DA:20,21
DA:24,21
DA:28,21
DA:32,1
DA:34,21
LF:15
LH:15
BRF:0
BRH:0
end_of_record
TN:
SF:src\modules\location\dto\update-location.dto.ts
FN:24,(anonymous_2)
FNF:1
FNH:1
FNDA:1,(anonymous_2)
DA:2,21
DA:3,21
DA:4,21
DA:5,21
DA:7,21
DA:12,21
DA:16,21
DA:20,21
DA:24,1
DA:26,21
DA:30,21
LF:11
LH:11
BRF:0
BRH:0
end_of_record
TN:
SF:src\modules\orders\order.controller.ts
FN:14,(anonymous_1)
FN:26,(anonymous_2)
FN:74,(anonymous_3)
FN:112,(anonymous_4)
FN:129,(anonymous_5)
FN:145,(anonymous_6)
FNF:6
FNH:5
FNDA:1,(anonymous_1)
FNDA:1,(anonymous_2)
FNDA:0,(anonymous_3)
FNDA:2,(anonymous_4)
FNDA:1,(anonymous_5)
FNDA:1,(anonymous_6)
DA:3,21
DA:4,21
DA:5,21
DA:6,21
DA:7,21
DA:8,21
DA:9,21
DA:14,21
DA:15,1
DA:16,1
DA:18,1
DA:20,1
DA:26,21
DA:27,1
DA:30,1
DA:42,1
DA:45,1
DA:47,1
DA:48,1
DA:49,1
DA:51,1
DA:52,0
DA:53,1
DA:54,0
DA:56,1
DA:57,1
DA:58,1
DA:61,1
DA:62,0
DA:63,0
DA:64,0
DA:65,0
DA:67,0
DA:72,1
DA:73,1
DA:74,0
DA:75,0
DA:76,0
DA:78,0
DA:79,0
DA:87,1
DA:88,1
DA:92,1
DA:93,1
DA:96,1
DA:97,1
DA:100,1
DA:112,21
DA:113,2
DA:114,2
DA:119,2
DA:120,2
DA:121,1
DA:123,1
DA:129,21
DA:130,1
DA:131,1
DA:132,1
DA:138,1
DA:139,1
DA:145,21
DA:146,1
DA:147,1
DA:148,1
DA:150,1
DA:156,1
DA:159,1
DA:164,21
LF:68
LH:56
BRDA:47,0,0,0
BRDA:48,1,0,0
BRDA:49,2,0,0
BRDA:51,3,0,0
BRDA:51,3,1,1
BRDA:51,4,0,1
BRDA:51,4,1,0
BRDA:53,5,0,0
BRDA:56,6,0,0
BRDA:57,7,0,0
BRDA:58,8,0,0
BRDA:61,9,0,0
BRDA:61,10,0,1
BRDA:61,10,1,1
BRDA:64,11,0,0
BRDA:65,12,0,0
BRDA:73,13,0,0
BRDA:76,14,0,0
BRDA:76,15,0,0
BRDA:76,15,1,0
BRDA:76,15,2,0
BRDA:78,16,0,0
BRDA:87,17,0,1
BRDA:92,18,0,1
BRDA:92,18,1,1
BRDA:93,19,0,1
BRDA:93,19,1,1
BRDA:96,20,0,1
BRDA:96,20,1,0
BRDA:120,21,0,1
BRDA:150,22,0,1
BRDA:150,22,1,0
BRF:32
BRH:12
end_of_record
TN:
SF:src\modules\orders\order.routes.ts
FNF:0
FNH:0
DA:2,21
DA:3,21
DA:4,21
DA:5,21
DA:6,21
DA:7,21
DA:8,21
DA:9,21
DA:11,21
DA:14,21
DA:15,21
DA:18,21
DA:40,21
DA:62,21
DA:73,21
LF:15
LH:15
BRF:0
BRH:0
end_of_record
TN:
SF:src\modules\orders\order.service.ts
FN:44,generateOrderNumber
FN:55,(anonymous_2)
FN:73,(anonymous_3)
FN:79,(anonymous_4)
FN:79,(anonymous_5)
FN:89,(anonymous_6)
FN:147,(anonymous_7)
FN:176,(anonymous_8)
FN:215,(anonymous_9)
FN:255,(anonymous_10)
FN:282,(anonymous_11)
FN:344,(anonymous_12)
FN:364,(anonymous_13)
FNF:13
FNH:11
FNDA:2,generateOrderNumber
FNDA:1,(anonymous_2)
FNDA:1,(anonymous_3)
FNDA:0,(anonymous_4)
FNDA:0,(anonymous_5)
FNDA:1,(anonymous_6)
FNDA:1,(anonymous_7)
FNDA:1,(anonymous_8)
FNDA:1,(anonymous_9)
FNDA:4,(anonymous_10)
FNDA:1,(anonymous_11)
FNDA:1,(anonymous_12)
FNDA:1,(anonymous_13)
DA:2,21
DA:3,21
DA:7,21
DA:8,21
DA:9,21
DA:17,21
DA:45,2
DA:47,2
DA:48,2
DA:49,2
DA:55,21
DA:56,1
DA:59,1
DA:60,1
DA:63,1
DA:64,1
DA:65,1
DA:69,1
DA:73,1
DA:74,1
DA:78,1
DA:79,0
DA:80,0
DA:83,1
DA:84,1
DA:85,1
DA:86,1
DA:88,1
DA:89,1
DA:90,1
DA:92,1
DA:93,1
DA:94,0
DA:97,1
DA:101,1
DA:103,1
DA:104,1
DA:106,1
DA:118,1
DA:119,1
DA:120,1
DA:121,1
DA:123,1
DA:124,0
DA:125,0
DA:126,0
DA:128,0
DA:129,0
DA:130,0
DA:134,0
DA:139,1
DA:140,1
DA:141,1
DA:142,1
DA:143,1
DA:146,1
DA:147,1
DA:148,1
DA:170,1
DA:173,1
DA:174,1
DA:175,1
DA:176,1
DA:177,1
DA:180,1
DA:191,1
DA:192,0
DA:194,1
DA:197,1
DA:200,1
DA:201,1
DA:203,1
DA:206,0
DA:207,0
DA:208,0
DA:209,0
DA:215,21
DA:222,1
DA:223,1
DA:224,1
DA:225,1
DA:227,1
DA:229,1
DA:230,1
DA:244,1
DA:246,1
DA:248,0
DA:249,0
DA:250,0
DA:255,21
DA:256,4
DA:257,4
DA:258,4
DA:271,4
DA:272,3
DA:273,3
DA:275,0
DA:276,0
DA:277,0
DA:282,21
DA:283,1
DA:286,1
DA:290,1
DA:293,1
DA:294,0
DA:298,1
DA:299,1
DA:300,1
DA:301,1
DA:302,1
DA:303,1
DA:304,0
DA:307,1
DA:308,0
DA:309,0
DA:310,0
DA:311,0
DA:315,1
DA:316,1
DA:328,1
DA:330,1
DA:332,0
DA:333,0
DA:334,0
DA:335,0
DA:338,0
DA:344,21
DA:345,1
DA:348,1
DA:352,1
DA:356,1
DA:357,1
DA:359,0
DA:363,1
DA:364,1
DA:365,1
DA:380,1
DA:381,1
DA:382,1
DA:386,1
DA:387,1
DA:388,1
DA:399,1
DA:401,0
DA:404,0
DA:407,1
DA:409,1
DA:411,1
DA:412,1
DA:413,1
DA:415,0
DA:416,0
DA:417,0
DA:419,0
DA:425,21
LF:155
LH:116
BRDA:60,0,0,0
BRDA:64,1,0,1
BRDA:69,2,0,0
BRDA:78,3,0,0
BRDA:90,4,0,0
BRDA:93,5,0,0
BRDA:97,6,0,1
BRDA:97,6,1,0
BRDA:99,7,0,0
BRDA:99,7,1,0
BRDA:101,8,0,0
BRDA:118,9,0,1
BRDA:118,9,1,0
BRDA:120,10,0,1
BRDA:120,10,1,0
BRDA:123,11,0,0
BRDA:125,12,0,0
BRDA:125,12,1,0
BRDA:139,13,0,1
BRDA:139,13,1,0
BRDA:140,14,0,1
BRDA:140,14,1,0
BRDA:152,15,0,1
BRDA:152,15,1,0
BRDA:153,16,0,1
BRDA:153,16,1,0
BRDA:158,17,0,1
BRDA:158,17,1,1
BRDA:173,18,0,1
BRDA:173,18,1,0
BRDA:175,19,0,1
BRDA:175,20,0,1
BRDA:175,20,1,1
BRDA:177,21,0,0
BRDA:201,22,0,0
BRDA:206,23,0,0
BRDA:220,24,0,0
BRDA:223,25,0,1
BRDA:223,25,1,0
BRDA:225,26,0,0
BRDA:227,27,0,0
BRDA:227,27,1,1
BRDA:271,28,0,1
BRDA:290,29,0,0
BRDA:293,30,0,0
BRDA:293,31,0,1
BRDA:293,31,1,0
BRDA:293,31,2,0
BRDA:299,32,0,0
BRDA:300,33,0,0
BRDA:301,34,0,0
BRDA:302,35,0,1
BRDA:303,36,0,0
BRDA:304,37,0,0
BRDA:304,37,1,0
BRDA:307,38,0,0
BRDA:310,39,0,0
BRDA:334,40,0,0
BRDA:334,41,0,0
BRDA:334,41,1,0
BRDA:344,42,0,0
BRDA:352,43,0,0
BRDA:357,44,0,0
BRDA:369,45,0,1
BRDA:369,45,1,0
BRDA:381,46,0,1
BRDA:381,46,1,0
BRDA:386,47,0,1
BRDA:386,47,1,0
BRDA:412,48,0,0
BRDA:415,49,0,0
BRF:71
BRH:22
end_of_record
TN:
SF:src\modules\orders\dto\create-order.dto.ts
FN:8,(anonymous_2)
FN:28,(anonymous_3)
FN:32,(anonymous_4)
FN:34,(anonymous_5)
FN:44,(anonymous_6)
FNF:5
FNH:2
FNDA:2,(anonymous_2)
FNDA:0,(anonymous_3)
FNDA:0,(anonymous_4)
FNDA:0,(anonymous_5)
FNDA:2,(anonymous_6)
DA:2,21
DA:3,21
DA:4,21
DA:5,21
DA:6,21
DA:8,21
DA:11,21
DA:15,21
DA:19,21
DA:24,21
DA:26,21
DA:28,0
DA:29,21
DA:31,21
DA:32,21
DA:34,21
DA:39,21
DA:44,2
DA:45,21
LF:19
LH:18
BRF:0
BRH:0
end_of_record
TN:
SF:src\modules\orders\dto\order-item.dto.ts
FN:13,(anonymous_2)
FN:19,(anonymous_3)
FNF:2
FNH:2
FNDA:2,(anonymous_2)
FNDA:2,(anonymous_3)
DA:2,21
DA:3,21
DA:5,21
DA:8,21
DA:13,2
DA:14,21
DA:19,2
DA:21,21
DA:24,21
DA:25,21
DA:27,21
LF:11
LH:11
BRF:0
BRH:0
end_of_record
TN:
SF:src\modules\orders\dto\update-order.dto.ts
FN:13,(anonymous_2)
FNF:1
FNH:0
FNDA:0,(anonymous_2)
DA:3,21
DA:4,21
DA:5,21
DA:6,21
DA:8,21
DA:11,21
DA:13,0
DA:14,21
DA:16,21
DA:17,21
DA:18,21
LF:11
LH:10
BRF:0
BRH:0
end_of_record
TN:
SF:src\modules\permissions\permission.controller.ts
FN:8,(anonymous_1)
FNF:1
FNH:0
FNDA:0,(anonymous_1)
DA:3,21
DA:4,21
DA:5,21
DA:8,21
DA:9,0
DA:10,0
DA:13,21
LF:7
LH:5
BRF:0
BRH:0
end_of_record
TN:
SF:src\modules\permissions\permission.routes.ts
FNF:0
FNH:0
DA:2,21
DA:3,21
DA:4,21
DA:5,21
DA:6,21
DA:8,21
DA:11,21
DA:12,21
DA:15,21
DA:22,21
LF:10
LH:10
BRF:0
BRH:0
end_of_record
TN:
SF:src\modules\permissions\permission.service.ts
FN:13,(anonymous_1)
FNF:1
FNH:0
FNDA:0,(anonymous_1)
DA:3,21
DA:4,21
DA:5,21
DA:6,21
DA:13,21
DA:14,0
DA:15,0
DA:18,0
DA:21,0
DA:22,0
DA:24,0
DA:25,0
DA:26,0
DA:30,21
LF:14
LH:6
BRF:0
BRH:0
end_of_record
TN:
SF:src\modules\pos\pos.controller.ts
FN:12,(anonymous_1)
FN:32,(anonymous_2)
FN:39,(anonymous_3)
FN:46,(anonymous_4)
FN:54,(anonymous_5)
FN:62,(anonymous_6)
FN:72,(anonymous_7)
FN:79,(anonymous_8)
FN:101,(anonymous_9)
FN:114,(anonymous_10)
FNF:10
FNH:7
FNDA:8,(anonymous_1)
FNDA:4,(anonymous_2)
FNDA:1,(anonymous_3)
FNDA:1,(anonymous_4)
FNDA:1,(anonymous_5)
FNDA:1,(anonymous_6)
FNDA:0,(anonymous_7)
FNDA:0,(anonymous_8)
FNDA:0,(anonymous_9)
FNDA:1,(anonymous_10)
DA:3,21
DA:4,21
DA:5,21
DA:6,21
DA:7,21
DA:8,21
DA:9,21
DA:12,21
DA:13,8
DA:14,8
DA:15,8
DA:16,8
DA:18,8
DA:19,8
DA:22,8
DA:23,8
DA:24,2
DA:27,6
DA:32,21
DA:33,4
DA:35,2
DA:36,2
DA:39,21
DA:40,1
DA:41,1
DA:42,1
DA:43,1
DA:46,21
DA:47,1
DA:48,1
DA:50,1
DA:51,1
DA:54,21
DA:55,1
DA:56,1
DA:58,1
DA:59,1
DA:62,21
DA:64,1
DA:65,1
DA:68,1
DA:69,1
DA:72,21
DA:73,0
DA:74,0
DA:75,0
DA:76,0
DA:79,21
DA:80,0
DA:81,0
DA:82,0
DA:84,0
DA:85,0
DA:86,0
DA:87,0
DA:88,0
DA:89,0
DA:90,0
DA:91,0
DA:92,0
DA:93,0
DA:94,0
DA:95,0
DA:99,0
DA:100,0
DA:101,0
DA:103,0
DA:105,0
DA:106,0
DA:108,0
DA:110,0
DA:114,21
DA:115,1
DA:116,1
DA:117,1
DA:118,1
DA:121,1
DA:126,1
DA:130,21
LF:79
LH:52
BRDA:18,0,0,0
BRDA:19,1,0,0
BRDA:22,2,0,8
BRDA:22,2,1,0
BRDA:23,3,0,2
BRDA:23,4,0,8
BRDA:23,4,1,3
BRDA:42,5,0,0
BRDA:75,6,0,0
BRDA:85,7,0,0
BRDA:86,8,0,0
BRDA:87,9,0,0
BRDA:88,10,0,0
BRDA:88,10,1,0
BRDA:88,11,0,0
BRDA:88,11,1,0
BRDA:90,12,0,0
BRDA:91,13,0,0
BRDA:91,14,0,0
BRDA:91,14,1,0
BRDA:94,15,0,0
BRDA:95,16,0,0
BRDA:100,17,0,0
BRDA:103,18,0,0
BRDA:105,19,0,0
BRDA:105,19,1,0
BRDA:106,20,0,0
BRDA:106,20,1,0
BRF:28
BRH:4
end_of_record
TN:
SF:src\modules\pos\pos.routes.ts
FNF:0
FNH:0
DA:2,21
DA:3,21
DA:4,21
DA:5,21
DA:6,21
DA:7,21
DA:8,21
DA:9,21
DA:10,21
DA:11,21
DA:12,21
DA:13,21
DA:15,21
DA:18,21
DA:19,21
DA:20,21
DA:25,21
DA:34,21
DA:41,21
DA:50,21
DA:57,21
DA:65,21
DA:72,21
DA:82,21
DA:99,21
LF:25
LH:25
BRF:0
BRH:0
end_of_record
TN:
SF:src\modules\pos\pos.service.ts
FN:27,(anonymous_1)
FN:45,(anonymous_2)
FN:57,(anonymous_3)
FN:153,(anonymous_4)
FN:157,(anonymous_5)
FN:172,(anonymous_6)
FN:235,(anonymous_7)
FN:262,(anonymous_8)
FN:775,(anonymous_9)
FN:799,(anonymous_10)
FN:810,(anonymous_11)
FN:811,(anonymous_12)
FN:823,(anonymous_13)
FN:836,(anonymous_14)
FN:845,(anonymous_15)
FN:860,(anonymous_16)
FN:980,(anonymous_17)
FN:999,(anonymous_18)
FN:1015,(anonymous_19)
FN:1106,(anonymous_20)
FN:1130,(anonymous_21)
FNF:21
FNH:17
FNDA:4,(anonymous_1)
FNDA:2,(anonymous_2)
FNDA:2,(anonymous_3)
FNDA:1,(anonymous_4)
FNDA:1,(anonymous_5)
FNDA:3,(anonymous_6)
FNDA:1,(anonymous_7)
FNDA:1,(anonymous_8)
FNDA:1,(anonymous_9)
FNDA:1,(anonymous_10)
FNDA:0,(anonymous_11)
FNDA:0,(anonymous_12)
FNDA:1,(anonymous_13)
FNDA:1,(anonymous_14)
FNDA:1,(anonymous_15)
FNDA:1,(anonymous_16)
FNDA:1,(anonymous_17)
FNDA:1,(anonymous_18)
FNDA:1,(anonymous_19)
FNDA:0,(anonymous_20)
FNDA:0,(anonymous_21)
DA:1,21
DA:2,21
DA:6,21
DA:7,21
DA:8,21
DA:17,21
DA:18,21
DA:27,21
DA:28,4
DA:29,4
DA:30,4
DA:33,4
DA:34,4
DA:36,0
DA:37,0
DA:39,0
DA:45,21
DA:46,2
DA:48,2
DA:49,2
DA:50,0
DA:51,0
DA:54,2
DA:55,2
DA:57,2
DA:58,2
DA:67,2
DA:68,2
DA:76,2
DA:79,2
DA:80,2
DA:81,2
DA:84,0
DA:85,0
DA:87,0
DA:153,21
DA:154,1
DA:156,1
DA:157,1
DA:158,1
DA:161,1
DA:162,0
DA:166,1
DA:169,1
DA:172,1
DA:174,3
DA:175,1
DA:177,2
DA:180,2
DA:181,2
DA:184,0
DA:185,0
DA:201,1
DA:202,1
DA:203,1
DA:204,1
DA:207,1
DA:218,1
DA:221,1
DA:222,1
DA:223,0
DA:225,1
DA:228,0
DA:229,0
DA:230,0
DA:231,0
DA:235,21
DA:236,1
DA:237,1
DA:240,1
DA:242,1
DA:243,1
DA:247,1
DA:248,1
DA:250,0
DA:251,0
DA:253,0
DA:254,0
DA:256,0
DA:262,21
DA:263,1
DA:264,1
DA:268,1
DA:270,1
DA:271,1
DA:272,1
DA:280,1
DA:281,1
DA:283,0
DA:284,0
DA:286,0
DA:775,21
DA:786,1
DA:787,1
DA:788,1
DA:792,1
DA:793,1
DA:794,0
DA:795,0
DA:799,1
DA:800,1
DA:801,0
DA:803,1
DA:809,1
DA:810,0
DA:811,0
DA:812,0
DA:813,0
DA:817,1
DA:818,0
DA:821,1
DA:822,1
DA:823,1
DA:824,1
DA:825,1
DA:828,0
DA:830,1
DA:831,0
DA:833,1
DA:836,1
DA:837,1
DA:838,0
DA:842,1
DA:843,1
DA:844,1
DA:845,1
DA:848,1
DA:849,1
DA:852,1
DA:853,1
DA:854,1
DA:856,1
DA:857,1
DA:859,1
DA:860,1
DA:862,1
DA:864,1
DA:865,1
DA:867,0
DA:871,1
DA:873,1
DA:878,1
DA:879,1
DA:881,0
DA:882,1
DA:884,0
DA:885,0
DA:888,1
DA:889,1
DA:891,1
DA:893,1
DA:894,1
DA:897,1
DA:911,1
DA:912,1
DA:913,1
DA:916,1
DA:917,0
DA:918,0
DA:919,0
DA:921,0
DA:922,0
DA:923,0
DA:927,1
DA:938,1
DA:939,1
DA:940,0
DA:941,1
DA:942,0
DA:943,0
DA:945,1
DA:947,1
DA:948,1
DA:949,1
DA:950,1
DA:951,1
DA:953,1
DA:956,1
DA:957,0
DA:958,0
DA:962,1
DA:965,1
DA:980,1
DA:996,1
DA:999,1
DA:1000,1
DA:1001,1
DA:1013,1
DA:1014,1
DA:1015,1
DA:1016,1
DA:1019,1
DA:1022,1
DA:1037,1
DA:1038,1
DA:1039,1
DA:1040,1
DA:1044,1
DA:1056,1
DA:1062,1
DA:1063,1
DA:1064,1
DA:1065,1
DA:1066,1
DA:1069,0
DA:1070,0
DA:1071,0
DA:1072,0
DA:1073,0
DA:1074,0
DA:1075,0
DA:1078,0
DA:1079,0
DA:1081,0
DA:1082,0
DA:1084,0
DA:1106,21
DA:1107,0
DA:1108,0
DA:1109,0
DA:1117,0
DA:1118,0
DA:1119,0
DA:1121,0
DA:1122,0
DA:1124,0
DA:1130,21
DA:1131,0
DA:1132,0
DA:1133,0
DA:1134,0
DA:1135,0
DA:1136,0
DA:1147,0
DA:1148,0
DA:1150,0
DA:1151,0
DA:1153,0
DA:1159,21
LF:239
LH:157
BRDA:33,0,0,2
BRDA:33,0,1,2
BRDA:49,1,0,0
BRDA:67,2,0,2
BRDA:161,3,0,0
BRDA:174,4,0,1
BRDA:174,5,0,3
BRDA:174,5,1,2
BRDA:177,6,0,1
BRDA:177,6,1,2
BRDA:177,6,2,0
BRDA:177,6,3,0
BRDA:215,7,0,1
BRDA:215,7,1,0
BRDA:215,8,0,1
BRDA:215,8,1,1
BRDA:222,9,0,0
BRDA:222,10,0,1
BRDA:222,10,1,1
BRDA:228,11,0,0
BRDA:240,12,0,0
BRDA:253,13,0,0
BRDA:253,14,0,0
BRDA:253,14,1,0
BRDA:268,15,0,0
BRDA:793,16,0,0
BRDA:793,17,0,1
BRDA:793,17,1,1
BRDA:800,18,0,0
BRDA:809,19,0,0
BRDA:817,20,0,0
BRDA:817,21,0,1
BRDA:817,21,1,1
BRDA:824,22,0,0
BRDA:828,23,0,0
BRDA:828,23,1,0
BRDA:830,24,0,0
BRDA:837,25,0,0
BRDA:849,26,0,0
BRDA:862,27,0,0
BRDA:865,28,0,0
BRDA:871,29,0,1
BRDA:871,29,1,0
BRDA:873,30,0,1
BRDA:873,30,1,0
BRDA:879,31,0,0
BRDA:879,31,1,1
BRDA:879,32,0,1
BRDA:879,32,1,0
BRDA:882,33,0,0
BRDA:882,34,0,1
BRDA:882,34,1,0
BRDA:891,35,0,0
BRDA:911,36,0,1
BRDA:913,37,0,1
BRDA:913,37,1,0
BRDA:916,38,0,0
BRDA:918,39,0,0
BRDA:918,39,1,0
BRDA:939,40,0,0
BRDA:939,40,1,1
BRDA:939,41,0,1
BRDA:939,41,1,0
BRDA:941,42,0,0
BRDA:941,43,0,1
BRDA:941,43,1,0
BRDA:956,44,0,0
BRDA:975,45,0,1
BRDA:975,45,1,1
BRDA:976,46,0,0
BRDA:976,46,1,1
BRDA:1016,47,0,0
BRDA:1037,48,0,1
BRDA:1071,49,0,0
BRDA:1071,49,1,0
BRDA:1072,50,0,0
BRDA:1081,51,0,0
BRDA:1081,52,0,0
BRDA:1081,52,1,0
BRDA:1084,53,0,0
BRDA:1084,53,1,0
BRDA:1117,54,0,0
BRDA:1132,55,0,0
BRDA:1132,55,1,0
BRDA:1134,56,0,0
BRF:85
BRH:31
end_of_record
TN:
SF:src\modules\pos\dto\cash-transaction.dto.ts
FN:19,(anonymous_2)
FNF:1
FNH:1
FNDA:1,(anonymous_2)
DA:2,21
DA:3,21
DA:13,21
DA:15,21
DA:19,1
DA:20,21
DA:29,21
DA:36,21
LF:8
LH:8
BRF:0
BRH:0
end_of_record
TN:
SF:src\modules\pos\dto\end-session.dto.ts
FN:9,(anonymous_2)
FNF:1
FNH:1
FNDA:1,(anonymous_2)
DA:2,21
DA:3,21
DA:5,21
DA:9,1
DA:10,21
DA:14,21
LF:6
LH:6
BRF:0
BRH:0
end_of_record
TN:
SF:src\modules\pos\dto\pos-checkout.dto.ts
FN:19,(anonymous_2)
FN:20,(anonymous_3)
FN:26,(anonymous_4)
FN:29,(anonymous_5)
FN:35,(anonymous_6)
FN:45,(anonymous_7)
FN:52,(anonymous_8)
FN:56,(anonymous_9)
FN:60,(anonymous_10)
FN:62,(anonymous_11)
FN:68,(anonymous_12)
FNF:11
FNH:3
FNDA:0,(anonymous_2)
FNDA:0,(anonymous_3)
FNDA:0,(anonymous_4)
FNDA:0,(anonymous_5)
FNDA:1,(anonymous_6)
FNDA:1,(anonymous_7)
FNDA:1,(anonymous_8)
FNDA:0,(anonymous_9)
FNDA:0,(anonymous_10)
FNDA:0,(anonymous_11)
FNDA:0,(anonymous_12)
DA:2,21
DA:3,21
DA:4,21
DA:5,21
DA:6,21
DA:8,21
DA:9,21
DA:10,21
DA:11,21
DA:12,21
DA:13,21
DA:17,21
DA:18,21
DA:19,21
DA:20,21
DA:21,21
DA:22,21
DA:23,21
DA:26,0
DA:27,21
DA:29,0
DA:30,21
DA:35,21
DA:38,21
DA:45,1
DA:46,21
DA:52,1
DA:53,21
DA:56,0
DA:57,21
DA:60,0
DA:61,21
DA:62,0
DA:63,21
DA:64,21
DA:68,0
DA:69,21
DA:71,21
LF:38
LH:32
BRF:0
BRH:0
end_of_record
TN:
SF:src\modules\pos\dto\pos-payment.dto.ts
FN:15,(anonymous_2)
FNF:1
FNH:1
FNDA:1,(anonymous_2)
DA:3,21
DA:4,21
DA:5,21
DA:7,21
DA:10,21
DA:15,1
DA:16,21
DA:21,21
LF:8
LH:8
BRF:0
BRH:0
end_of_record
TN:
SF:src\modules\pos\dto\start-session.dto.ts
FN:9,(anonymous_2)
FNF:1
FNH:1
FNDA:4,(anonymous_2)
DA:2,21
DA:3,21
DA:5,21
DA:9,4
DA:10,21
LF:5
LH:5
BRF:0
BRH:0
end_of_record
TN:
SF:src\modules\products\product.controller.ts
FN:11,(anonymous_1)
FN:18,(anonymous_2)
FN:48,(anonymous_3)
FN:80,(anonymous_4)
FN:91,(anonymous_5)
FN:103,(anonymous_6)
FNF:6
FNH:5
FNDA:1,(anonymous_1)
FNDA:6,(anonymous_2)
FNDA:0,(anonymous_3)
FNDA:2,(anonymous_4)
FNDA:1,(anonymous_5)
FNDA:1,(anonymous_6)
DA:3,21
DA:4,21
DA:5,21
DA:6,21
DA:7,21
DA:8,21
DA:11,21
DA:12,1
DA:14,1
DA:15,1
DA:18,21
DA:19,6
DA:22,6
DA:27,6
DA:30,6
DA:32,6
DA:33,6
DA:34,6
DA:35,6
DA:37,6
DA:38,6
DA:39,6
DA:40,6
DA:41,6
DA:42,6
DA:46,6
DA:47,6
DA:48,0
DA:49,0
DA:50,0
DA:52,0
DA:53,0
DA:58,6
DA:59,6
DA:63,6
DA:64,6
DA:67,6
DA:68,6
DA:71,6
DA:80,21
DA:81,2
DA:82,2
DA:84,2
DA:85,2
DA:86,1
DA:88,1
DA:91,21
DA:92,1
DA:93,1
DA:99,1
DA:100,1
DA:103,21
DA:104,1
DA:105,1
DA:110,1
DA:112,1
DA:116,21
LF:57
LH:52
BRDA:32,0,0,0
BRDA:33,1,0,1
BRDA:34,2,0,0
BRDA:35,3,0,0
BRDA:37,4,0,0
BRDA:38,5,0,0
BRDA:39,6,0,0
BRDA:40,7,0,0
BRDA:41,8,0,0
BRDA:42,9,0,0
BRDA:47,10,0,0
BRDA:50,11,0,0
BRDA:50,12,0,0
BRDA:50,12,1,0
BRDA:50,12,2,0
BRDA:52,13,0,0
BRDA:58,14,0,6
BRDA:63,15,0,6
BRDA:63,15,1,2
BRDA:64,16,0,6
BRDA:64,16,1,6
BRDA:67,17,0,6
BRDA:67,17,1,0
BRDA:85,18,0,1
BRF:24
BRH:8
end_of_record
TN:
SF:src\modules\products\product.routes.ts
FNF:0
FNH:0
DA:2,21
DA:3,21
DA:4,21
DA:5,21
DA:6,21
DA:7,21
DA:8,21
DA:9,21
DA:11,21
DA:14,21
DA:15,21
DA:17,21
DA:37,21
DA:64,21
LF:14
LH:14
BRF:0
BRH:0
end_of_record
TN:
SF:src\modules\products\product.service.ts
FN:37,(anonymous_1)
FN:40,(anonymous_2)
FN:43,(anonymous_3)
FN:49,(anonymous_4)
FN:64,(anonymous_5)
FN:79,(anonymous_6)
FN:100,(anonymous_7)
FN:100,(anonymous_8)
FN:105,(anonymous_9)
FN:190,(anonymous_10)
FN:273,(anonymous_11)
FN:331,(anonymous_12)
FN:349,(anonymous_13)
FN:401,(anonymous_14)
FN:401,(anonymous_15)
FN:406,(anonymous_16)
FN:452,(anonymous_17)
FNF:17
FNH:11
FNDA:5,(anonymous_1)
FNDA:6,(anonymous_2)
FNDA:31,(anonymous_3)
FNDA:3,(anonymous_4)
FNDA:4,(anonymous_5)
FNDA:1,(anonymous_6)
FNDA:0,(anonymous_7)
FNDA:0,(anonymous_8)
FNDA:0,(anonymous_9)
FNDA:6,(anonymous_10)
FNDA:2,(anonymous_11)
FNDA:1,(anonymous_12)
FNDA:2,(anonymous_13)
FNDA:0,(anonymous_14)
FNDA:0,(anonymous_15)
FNDA:0,(anonymous_16)
FNDA:1,(anonymous_17)
DA:2,21
DA:4,21
DA:5,21
DA:6,21
DA:7,21
DA:13,21
DA:14,21
DA:15,21
DA:16,21
DA:37,21
DA:38,5
DA:40,21
DA:41,6
DA:43,31
DA:44,6
DA:46,6
DA:49,21
DA:50,3
DA:51,3
DA:52,3
DA:53,3
DA:54,3
DA:56,3
DA:57,3
DA:58,3
DA:59,1
DA:60,1
DA:62,3
DA:64,3
DA:65,4
DA:69,0
DA:79,21
DA:80,1
DA:83,1
DA:87,1
DA:88,0
DA:89,0
DA:93,1
DA:94,1
DA:95,0
DA:99,0
DA:100,0
DA:101,0
DA:104,0
DA:105,0
DA:110,0
DA:114,1
DA:115,1
DA:116,0
DA:117,0
DA:119,0
DA:120,0
DA:121,0
DA:125,1
DA:126,0
DA:127,0
DA:129,1
DA:134,1
DA:135,1
DA:158,1
DA:169,1
DA:170,1
DA:173,1
DA:175,1
DA:178,0
DA:179,0
DA:180,0
DA:181,0
DA:183,0
DA:190,21
DA:197,6
DA:198,6
DA:199,6
DA:200,6
DA:203,6
DA:204,6
DA:205,6
DA:206,0
DA:207,0
DA:208,0
DA:209,0
DA:211,0
DA:214,6
DA:217,0
DA:218,0
DA:223,6
DA:224,6
DA:249,6
DA:252,6
DA:253,6
DA:254,6
DA:256,0
DA:257,0
DA:259,6
DA:260,6
DA:263,0
DA:264,0
DA:265,0
DA:273,21
DA:274,2
DA:275,2
DA:278,2
DA:279,2
DA:280,2
DA:281,0
DA:282,0
DA:284,2
DA:286,0
DA:287,0
DA:291,2
DA:292,2
DA:304,2
DA:305,1
DA:306,1
DA:310,1
DA:311,1
DA:312,1
DA:314,0
DA:315,0
DA:317,1
DA:318,1
DA:321,0
DA:322,0
DA:323,0
DA:331,21
DA:336,1
DA:339,1
DA:343,1
DA:344,0
DA:345,0
DA:348,1
DA:349,1
DA:350,2
DA:352,2
DA:353,2
DA:357,1
DA:358,0
DA:359,0
DA:360,0
DA:362,0
DA:365,1
DA:366,0
DA:367,0
DA:369,0
DA:371,0
DA:372,0
DA:376,0
DA:378,0
DA:381,0
DA:382,0
DA:383,0
DA:388,1
DA:389,1
DA:390,0
DA:392,0
DA:393,0
DA:396,0
DA:400,0
DA:401,0
DA:402,0
DA:405,0
DA:406,0
DA:412,0
DA:415,0
DA:420,1
DA:421,0
DA:422,0
DA:423,0
DA:424,0
DA:428,1
DA:429,1
DA:437,1
DA:438,1
DA:439,1
DA:442,0
DA:443,0
DA:444,0
DA:446,0
DA:448,0
DA:452,21
DA:453,1
DA:456,1
DA:461,1
DA:462,0
DA:463,0
DA:467,1
DA:468,1
DA:469,1
DA:470,1
DA:473,1
DA:474,0
DA:480,0
DA:481,0
DA:485,1
DA:486,1
DA:491,1
DA:494,1
DA:497,0
DA:498,0
DA:499,0
DA:500,0
DA:502,0
DA:503,0
DA:504,0
DA:506,0
DA:512,21
LF:206
LH:114
BRDA:44,0,0,6
BRDA:44,0,1,0
BRDA:58,1,0,1
BRDA:65,2,0,0
BRDA:87,3,0,0
BRDA:94,4,0,0
BRDA:94,5,0,1
BRDA:94,5,1,0
BRDA:99,6,0,0
BRDA:115,7,0,0
BRDA:125,8,0,0
BRDA:125,9,0,1
BRDA:125,9,1,0
BRDA:125,9,2,0
BRDA:125,9,3,0
BRDA:125,9,4,0
BRDA:129,10,0,0
BRDA:129,10,1,1
BRDA:154,11,0,1
BRDA:154,11,1,1
BRDA:180,12,0,0
BRDA:180,13,0,0
BRDA:180,13,1,0
BRDA:195,14,0,0
BRDA:205,15,0,0
BRDA:205,15,1,6
BRDA:208,16,0,0
BRDA:208,16,1,0
BRDA:208,17,0,0
BRDA:208,17,1,0
BRDA:208,17,2,0
BRDA:237,18,0,1
BRDA:237,18,1,5
BRDA:280,19,0,0
BRDA:304,20,0,1
BRDA:304,21,0,2
BRDA:304,21,1,1
BRDA:343,22,0,0
BRDA:352,23,0,2
BRDA:352,24,0,2
BRDA:352,24,1,2
BRDA:352,24,2,2
BRDA:352,24,3,2
BRDA:357,25,0,0
BRDA:358,26,0,0
BRDA:358,27,0,0
BRDA:358,27,1,0
BRDA:358,27,2,0
BRDA:358,27,3,0
BRDA:362,28,0,0
BRDA:362,28,1,0
BRDA:365,29,0,0
BRDA:366,30,0,0
BRDA:366,30,1,0
BRDA:371,31,0,0
BRDA:371,31,1,0
BRDA:389,32,0,0
BRDA:390,33,0,0
BRDA:390,33,1,0
BRDA:390,34,0,0
BRDA:390,34,1,0
BRDA:400,35,0,0
BRDA:420,36,0,0
BRDA:423,37,0,0
BRDA:444,38,0,0
BRDA:444,39,0,0
BRDA:444,39,1,0
BRDA:461,40,0,0
BRDA:473,41,0,0
BRDA:473,42,0,1
BRDA:473,42,1,1
BRDA:473,42,2,1
BRDA:473,42,3,1
BRDA:475,43,0,0
BRDA:475,43,1,0
BRDA:476,44,0,0
BRDA:476,44,1,0
BRDA:477,45,0,0
BRDA:477,45,1,0
BRDA:478,46,0,0
BRDA:478,46,1,0
BRDA:499,47,0,0
BRDA:499,48,0,0
BRDA:499,48,1,0
BRDA:502,49,0,0
BRDA:502,50,0,0
BRDA:502,50,1,0
BRF:87
BRH:22
end_of_record
TN:
SF:src\modules\products\dto\create-product.dto.ts
FN:10,(anonymous_2)
FN:68,(anonymous_3)
FN:74,(anonymous_4)
FN:84,(anonymous_5)
FN:97,(anonymous_6)
FNF:5
FNH:3
FNDA:2,(anonymous_2)
FNDA:1,(anonymous_3)
FNDA:1,(anonymous_4)
FNDA:0,(anonymous_5)
FNDA:0,(anonymous_6)
DA:2,21
DA:6,21
DA:7,21
DA:8,21
DA:10,21
DA:16,21
DA:21,21
DA:25,21
DA:29,21
DA:34,21
DA:39,21
DA:44,21
DA:48,21
DA:52,21
DA:56,21
DA:60,21
DA:64,21
DA:68,1
DA:70,21
DA:74,1
DA:76,21
DA:80,21
DA:84,0
DA:86,21
DA:93,21
DA:97,0
DA:99,21
DA:103,21
LF:28
LH:26
BRF:0
BRH:0
end_of_record
TN:
SF:src\modules\products\dto\dimensions.dto.ts
FN:5,(anonymous_2)
FNF:1
FNH:1
FNDA:21,(anonymous_2)
DA:2,21
DA:5,21
DA:6,21
DA:7,21
DA:8,21
DA:9,21
DA:12,21
DA:16,21
DA:21,21
DA:26,21
DA:35,21
LF:11
LH:11
BRDA:5,0,0,21
BRDA:5,0,1,21
BRF:2
BRH:2
end_of_record
TN:
SF:src\modules\products\dto\update-product.dto.ts
FN:61,(anonymous_2)
FN:64,(anonymous_3)
FN:71,(anonymous_4)
FN:77,(anonymous_5)
FNF:4
FNH:1
FNDA:1,(anonymous_2)
FNDA:0,(anonymous_3)
FNDA:0,(anonymous_4)
FNDA:0,(anonymous_5)
DA:2,21
DA:6,21
DA:7,21
DA:8,21
DA:11,21
DA:16,21
DA:20,21
DA:24,21
DA:29,21
DA:34,21
DA:39,21
DA:43,21
DA:47,21
DA:51,21
DA:55,21
DA:59,21
DA:61,1
DA:62,21
DA:64,0
DA:65,21
DA:69,21
DA:71,0
DA:72,21
DA:75,21
DA:77,0
DA:78,21
DA:82,21
LF:27
LH:24
BRF:0
BRH:0
end_of_record
TN:
SF:src\modules\purchase-order\purchase-order.controller.ts
FN:14,(anonymous_1)
FN:25,(anonymous_2)
FN:81,(anonymous_3)
FN:119,(anonymous_4)
FN:135,(anonymous_5)
FN:150,(anonymous_6)
FN:160,(anonymous_7)
FN:170,(anonymous_8)
FN:180,(anonymous_9)
FN:190,(anonymous_10)
FN:200,(anonymous_11)
FN:218,(anonymous_12)
FNF:12
FNH:9
FNDA:5,(anonymous_1)
FNDA:1,(anonymous_2)
FNDA:0,(anonymous_3)
FNDA:4,(anonymous_4)
FNDA:1,(anonymous_5)
FNDA:4,(anonymous_6)
FNDA:4,(anonymous_7)
FNDA:3,(anonymous_8)
FNDA:0,(anonymous_9)
FNDA:4,(anonymous_10)
FNDA:2,(anonymous_11)
FNDA:0,(anonymous_12)
DA:3,21
DA:4,21
DA:5,21
DA:6,21
DA:7,21
DA:8,21
DA:9,21
DA:14,21
DA:15,5
DA:16,5
DA:18,5
DA:19,5
DA:25,21
DA:26,1
DA:29,1
DA:41,1
DA:44,1
DA:46,1
DA:47,1
DA:49,1
DA:50,0
DA:51,1
DA:52,0
DA:54,1
DA:55,1
DA:58,1
DA:59,0
DA:60,0
DA:61,0
DA:62,0
DA:64,0
DA:68,1
DA:69,0
DA:70,0
DA:71,0
DA:72,0
DA:74,0
DA:79,1
DA:80,1
DA:81,0
DA:82,0
DA:83,0
DA:85,0
DA:86,0
DA:89,0
DA:90,0
DA:94,1
DA:95,1
DA:99,1
DA:100,1
DA:103,1
DA:104,1
DA:107,1
DA:119,21
DA:120,4
DA:121,4
DA:125,4
DA:126,4
DA:127,1
DA:129,3
DA:135,21
DA:136,1
DA:137,1
DA:138,1
DA:143,1
DA:144,1
DA:150,21
DA:151,4
DA:152,4
DA:153,4
DA:155,4
DA:156,4
DA:160,21
DA:161,4
DA:162,4
DA:163,4
DA:165,4
DA:166,4
DA:170,21
DA:171,3
DA:172,3
DA:173,3
DA:175,3
DA:176,3
DA:180,21
DA:181,0
DA:182,0
DA:183,0
DA:185,0
DA:186,0
DA:190,21
DA:191,4
DA:192,4
DA:193,4
DA:195,4
DA:196,2
DA:200,21
DA:201,2
DA:202,2
DA:203,2
DA:206,2
DA:207,2
DA:218,21
DA:219,0
DA:222,0
DA:228,0
DA:230,0
DA:231,0
DA:232,0
DA:233,0
DA:235,0
DA:236,0
DA:238,0
DA:239,0
DA:240,0
DA:241,0
DA:242,0
DA:243,0
DA:246,0
DA:247,0
DA:249,0
DA:253,21
LF:122
LH:80
BRDA:46,0,0,0
BRDA:47,1,0,0
BRDA:49,2,0,0
BRDA:49,2,1,1
BRDA:49,3,0,1
BRDA:49,3,1,0
BRDA:51,4,0,0
BRDA:54,5,0,0
BRDA:55,6,0,0
BRDA:58,7,0,0
BRDA:58,8,0,1
BRDA:58,8,1,1
BRDA:61,9,0,0
BRDA:62,10,0,0
BRDA:68,11,0,0
BRDA:68,12,0,1
BRDA:68,12,1,1
BRDA:71,13,0,0
BRDA:72,14,0,0
BRDA:80,15,0,0
BRDA:83,16,0,0
BRDA:83,17,0,0
BRDA:83,17,1,0
BRDA:83,17,2,0
BRDA:85,18,0,0
BRDA:85,18,1,0
BRDA:89,19,0,0
BRDA:89,19,1,0
BRDA:90,20,0,0
BRDA:94,21,0,1
BRDA:99,22,0,1
BRDA:99,22,1,1
BRDA:100,23,0,1
BRDA:100,23,1,1
BRDA:103,24,0,1
BRDA:103,24,1,0
BRDA:126,25,0,1
BRDA:230,26,0,0
BRDA:231,27,0,0
BRDA:232,28,0,0
BRDA:232,29,0,0
BRDA:232,29,1,0
BRDA:235,30,0,0
BRDA:236,31,0,0
BRDA:238,32,0,0
BRDA:238,33,0,0
BRDA:238,33,1,0
BRDA:241,34,0,0
BRDA:242,35,0,0
BRDA:246,36,0,0
BRDA:246,36,1,0
BRF:51
BRH:13
end_of_record
TN:
SF:src\modules\purchase-order\purchase-order.routes.ts
FNF:0
FNH:0
DA:2,21
DA:3,21
DA:4,21
DA:6,21
DA:7,21
DA:8,21
DA:9,21
DA:10,21
DA:11,21
DA:12,21
DA:14,21
DA:17,21
DA:18,21
DA:21,21
DA:43,21
DA:48,21
DA:78,21
DA:90,21
DA:102,21
DA:114,21
DA:126,21
DA:138,21
DA:147,21
LF:23
LH:23
BRF:0
BRH:0
end_of_record
TN:
SF:src\modules\purchase-order\purchase-order.service.ts
FN:48,generatePONumber
FN:97,(anonymous_3)
FN:136,_updateInventoryItemQuantity
FN:180,(anonymous_5)
FN:192,(anonymous_6)
FN:196,(anonymous_7)
FN:196,(anonymous_8)
FN:207,(anonymous_9)
FN:263,(anonymous_10)
FN:301,(anonymous_11)
FN:364,(anonymous_12)
FN:390,(anonymous_13)
FN:405,(anonymous_14)
FN:432,(anonymous_15)
FN:459,(anonymous_16)
FN:469,(anonymous_17)
FN:499,(anonymous_18)
FN:504,(anonymous_19)
FN:509,(anonymous_20)
FN:515,(anonymous_21)
FN:524,(anonymous_22)
FN:676,(anonymous_23)
FN:706,(anonymous_24)
FN:781,(anonymous_25)
FN:858,(anonymous_26)
FN:859,(anonymous_27)
FNF:26
FNH:19
FNDA:5,generatePONumber
FNDA:5,(anonymous_3)
FNDA:4,_updateInventoryItemQuantity
FNDA:5,(anonymous_5)
FNDA:5,(anonymous_6)
FNDA:0,(anonymous_7)
FNDA:0,(anonymous_8)
FNDA:5,(anonymous_9)
FNDA:1,(anonymous_10)
FNDA:0,(anonymous_11)
FNDA:4,(anonymous_12)
FNDA:1,(anonymous_13)
FNDA:0,(anonymous_14)
FNDA:0,(anonymous_15)
FNDA:15,(anonymous_16)
FNDA:0,(anonymous_17)
FNDA:4,(anonymous_18)
FNDA:4,(anonymous_19)
FNDA:3,(anonymous_20)
FNDA:0,(anonymous_21)
FNDA:4,(anonymous_22)
FNDA:2,(anonymous_23)
FNDA:2,(anonymous_24)
FNDA:2,(anonymous_25)
FNDA:2,(anonymous_26)
FNDA:2,(anonymous_27)
DA:2,21
DA:3,21
DA:7,21
DA:8,21
DA:9,21
DA:24,21
DA:49,5
DA:50,5
DA:52,5
DA:54,5
DA:55,5
DA:56,0
DA:57,0
DA:59,5
DA:61,5
DA:64,5
DA:65,5
DA:67,0
DA:68,0
DA:70,5
DA:73,0
DA:74,0
DA:75,0
DA:77,0
DA:93,5
DA:94,5
DA:95,5
DA:97,5
DA:98,5
DA:99,5
DA:100,5
DA:102,5
DA:103,5
DA:104,5
DA:105,5
DA:106,5
DA:111,5
DA:114,5
DA:115,5
DA:117,5
DA:130,5
DA:131,5
DA:143,4
DA:144,4
DA:146,0
DA:148,0
DA:151,0
DA:155,0
DA:157,0
DA:159,4
DA:165,4
DA:166,0
DA:167,0
DA:168,0
DA:170,0
DA:173,4
DA:180,21
DA:181,5
DA:184,5
DA:188,5
DA:189,5
DA:192,5
DA:193,5
DA:194,5
DA:195,5
DA:196,0
DA:197,0
DA:201,5
DA:206,5
DA:207,5
DA:209,5
DA:210,5
DA:212,5
DA:213,5
DA:214,0
DA:215,0
DA:216,0
DA:218,5
DA:222,5
DA:247,5
DA:248,5
DA:249,5
DA:251,0
DA:252,0
DA:253,0
DA:254,0
DA:256,0
DA:258,0
DA:263,21
DA:270,1
DA:271,1
DA:272,1
DA:273,1
DA:275,1
DA:277,1
DA:278,1
DA:291,1
DA:292,1
DA:294,0
DA:295,0
DA:296,0
DA:301,21
DA:310,0
DA:311,0
DA:313,0
DA:314,0
DA:316,0
DA:317,0
DA:350,0
DA:357,0
DA:358,0
DA:359,0
DA:364,21
DA:365,4
DA:366,4
DA:367,4
DA:379,4
DA:380,3
DA:381,3
DA:383,0
DA:384,0
DA:385,0
DA:390,21
DA:391,1
DA:394,1
DA:395,1
DA:397,1
DA:399,1
DA:400,1
DA:402,1
DA:403,0
DA:405,0
DA:408,1
DA:409,1
DA:410,1
DA:413,1
DA:414,1
DA:415,0
DA:416,0
DA:417,0
DA:418,0
DA:422,1
DA:424,0
DA:425,0
DA:426,0
DA:430,1
DA:431,0
DA:432,0
DA:435,1
DA:436,1
DA:446,1
DA:447,1
DA:449,0
DA:450,0
DA:451,0
DA:452,0
DA:459,21
DA:460,15
DA:461,15
DA:462,15
DA:464,15
DA:465,2
DA:467,13
DA:468,0
DA:469,0
DA:472,13
DA:473,13
DA:487,13
DA:489,13
DA:491,0
DA:492,0
DA:493,0
DA:494,0
DA:499,21
DA:500,4
DA:504,21
DA:505,4
DA:509,21
DA:510,3
DA:511,3
DA:515,21
DA:516,0
DA:517,0
DA:518,0
DA:519,0
DA:520,0
DA:524,21
DA:527,4
DA:528,4
DA:531,4
DA:532,2
DA:533,2
DA:676,21
DA:677,2
DA:678,2
DA:681,2
DA:682,2
DA:693,2
DA:694,0
DA:695,0
DA:697,2
DA:700,2
DA:701,2
DA:702,0
DA:703,0
DA:706,2
DA:713,2
DA:716,2
DA:717,2
DA:718,2
DA:720,2
DA:721,0
DA:724,2
DA:725,0
DA:726,0
DA:729,2
DA:730,2
DA:731,0
DA:732,0
DA:736,2
DA:737,2
DA:738,0
DA:742,2
DA:743,2
DA:744,0
DA:746,0
DA:747,0
DA:749,0
DA:750,0
DA:751,0
DA:758,2
DA:767,2
DA:768,0
DA:770,0
DA:772,2
DA:773,2
DA:778,2
DA:779,2
DA:781,2
DA:783,2
DA:786,2
DA:787,2
DA:788,2
DA:789,2
DA:792,2
DA:794,0
DA:796,0
DA:798,0
DA:812,2
DA:814,2
DA:815,2
DA:832,2
DA:837,2
DA:842,2
DA:843,2
DA:844,2
DA:845,2
DA:849,0
DA:854,2
DA:858,2
DA:859,2
DA:861,2
DA:862,2
DA:864,2
DA:865,2
DA:866,1
DA:869,1
DA:875,2
DA:876,2
DA:880,2
DA:882,0
DA:885,2
DA:888,2
DA:889,2
DA:890,2
DA:893,0
DA:894,0
DA:895,0
DA:896,0
DA:898,0
DA:900,0
DA:902,0
DA:909,21
LF:283
LH:183
BRDA:55,0,0,0
BRDA:55,1,0,5
BRDA:55,1,1,5
BRDA:55,1,2,5
BRDA:65,2,0,0
BRDA:74,3,0,0
BRDA:95,4,0,5
BRDA:95,4,1,0
BRDA:98,5,0,0
BRDA:99,6,0,0
BRDA:100,7,0,0
BRDA:100,8,0,5
BRDA:100,8,1,5
BRDA:100,8,2,5
BRDA:105,9,0,0
BRDA:105,9,1,5
BRDA:106,10,0,0
BRDA:144,11,0,0
BRDA:151,12,0,0
BRDA:165,13,0,0
BRDA:167,14,0,0
BRDA:167,14,1,0
BRDA:188,15,0,0
BRDA:189,16,0,0
BRDA:193,17,0,0
BRDA:195,18,0,0
BRDA:212,19,0,5
BRDA:212,19,1,5
BRDA:213,20,0,0
BRDA:213,20,1,5
BRDA:213,21,0,5
BRDA:213,21,1,0
BRDA:215,22,0,0
BRDA:229,23,0,0
BRDA:229,23,1,5
BRDA:251,24,0,0
BRDA:254,25,0,0
BRDA:254,26,0,0
BRDA:254,26,1,0
BRDA:268,27,0,0
BRDA:271,28,0,1
BRDA:271,28,1,0
BRDA:273,29,0,0
BRDA:275,30,0,0
BRDA:275,30,1,1
BRDA:303,31,0,0
BRDA:310,32,0,0
BRDA:310,32,1,0
BRDA:313,33,0,0
BRDA:313,33,1,0
BRDA:351,34,0,0
BRDA:351,34,1,0
BRDA:379,35,0,1
BRDA:395,36,0,0
BRDA:399,37,0,1
BRDA:399,37,1,0
BRDA:402,38,0,0
BRDA:405,39,0,0
BRDA:409,40,0,0
BRDA:409,41,0,0
BRDA:409,41,1,0
BRDA:410,42,0,1
BRDA:414,43,0,0
BRDA:416,44,0,0
BRDA:422,45,0,0
BRDA:424,46,0,0
BRDA:424,46,1,0
BRDA:430,47,0,0
BRDA:432,48,0,0
BRDA:451,49,0,0
BRDA:451,50,0,0
BRDA:451,50,1,0
BRDA:462,51,0,0
BRDA:464,52,0,2
BRDA:467,53,0,0
BRDA:469,54,0,0
BRDA:477,55,0,2
BRDA:477,55,1,11
BRDA:477,56,0,2
BRDA:477,56,1,0
BRDA:493,57,0,0
BRDA:493,58,0,0
BRDA:493,58,1,0
BRDA:517,59,0,0
BRDA:517,59,1,0
BRDA:528,60,0,4
BRDA:528,60,1,2
BRDA:693,61,0,0
BRDA:701,62,0,0
BRDA:720,63,0,0
BRDA:724,64,0,0
BRDA:730,65,0,0
BRDA:737,66,0,0
BRDA:743,67,0,0
BRDA:744,68,0,0
BRDA:744,68,1,0
BRDA:744,69,0,0
BRDA:744,69,1,0
BRDA:746,70,0,0
BRDA:750,71,0,0
BRDA:767,72,0,0
BRDA:792,73,0,0
BRDA:792,73,1,2
BRDA:792,74,0,2
BRDA:792,74,1,0
BRDA:809,75,0,0
BRDA:809,75,1,0
BRDA:812,76,0,2
BRDA:826,77,0,0
BRDA:826,77,1,2
BRDA:842,78,0,2
BRDA:842,78,1,0
BRDA:864,79,0,2
BRDA:865,80,0,1
BRDA:865,80,1,1
BRDA:875,81,0,2
BRDA:875,81,1,0
BRDA:895,82,0,0
BRDA:895,82,1,0
BRDA:902,83,0,0
BRDA:902,83,1,0
BRF:121
BRH:33
end_of_record
TN:
SF:src\modules\purchase-order\dto\create-po.dto.ts
FN:5,(anonymous_2)
FN:29,(anonymous_3)
FN:36,(anonymous_4)
FNF:3
FNH:2
FNDA:6,(anonymous_2)
FNDA:0,(anonymous_3)
FNDA:6,(anonymous_4)
DA:1,21
DA:2,21
DA:3,21
DA:5,21
DA:8,21
DA:12,21
DA:17,21
DA:21,21
DA:25,21
DA:29,0
DA:31,21
DA:36,6
DA:37,21
LF:13
LH:12
BRF:0
BRH:0
end_of_record
TN:
SF:src\modules\purchase-order\dto\po-action.dto.ts
FNF:0
FNH:0
DA:1,21
DA:3,21
DA:7,21
LF:3
LH:3
BRF:0
BRH:0
end_of_record
TN:
SF:src\modules\purchase-order\dto\po-item.dto.ts
FN:4,(anonymous_2)
FN:12,(anonymous_3)
FN:18,(anonymous_4)
FN:28,(anonymous_5)
FNF:4
FNH:3
FNDA:5,(anonymous_2)
FNDA:5,(anonymous_3)
FNDA:5,(anonymous_4)
FNDA:0,(anonymous_5)
DA:1,21
DA:2,21
DA:4,21
DA:7,21
DA:12,5
DA:13,21
DA:18,5
DA:19,21
DA:24,21
DA:28,0
DA:30,21
LF:11
LH:10
BRF:0
BRH:0
end_of_record
TN:
SF:src\modules\purchase-order\dto\receive-po-item.dto.ts
FN:12,(anonymous_2)
FNF:1
FNH:1
FNDA:2,(anonymous_2)
DA:1,21
DA:2,21
DA:4,21
DA:7,21
DA:12,2
DA:13,21
DA:16,21
DA:17,21
DA:18,21
DA:25,21
LF:10
LH:10
BRF:0
BRH:0
end_of_record
TN:
SF:src\modules\purchase-order\dto\receive-po.dto.ts
FN:18,(anonymous_2)
FNF:1
FNH:1
FNDA:2,(anonymous_2)
DA:2,21
DA:3,21
DA:4,21
DA:10,21
DA:18,2
DA:19,21
LF:6
LH:6
BRF:0
BRH:0
end_of_record
TN:
SF:src\modules\purchase-order\dto\update-po.dto.ts
FN:15,(anonymous_2)
FNF:1
FNH:0
FNDA:0,(anonymous_2)
DA:1,21
DA:2,21
DA:4,21
DA:7,21
DA:11,21
DA:15,0
DA:17,21
LF:7
LH:6
BRF:0
BRH:0
end_of_record
TN:
SF:src\modules\reports\reports.controller.ts
FN:39,(anonymous_10)
FN:87,(anonymous_11)
FN:98,(anonymous_12)
FN:111,(anonymous_13)
FN:119,(anonymous_14)
FN:127,(anonymous_15)
FN:135,(anonymous_16)
FN:148,(anonymous_17)
FN:156,(anonymous_18)
FN:172,(anonymous_19)
FN:188,(anonymous_20)
FN:196,(anonymous_21)
FN:204,(anonymous_22)
FN:217,(anonymous_23)
FN:230,(anonymous_24)
FN:246,(anonymous_25)
FN:259,(anonymous_26)
FN:275,(anonymous_27)
FN:290,(anonymous_28)
FN:306,(anonymous_29)
FNF:20
FNH:10
FNDA:8,(anonymous_10)
FNDA:1,(anonymous_11)
FNDA:1,(anonymous_12)
FNDA:1,(anonymous_13)
FNDA:1,(anonymous_14)
FNDA:1,(anonymous_15)
FNDA:0,(anonymous_16)
FNDA:1,(anonymous_17)
FNDA:0,(anonymous_18)
FNDA:1,(anonymous_19)
FNDA:1,(anonymous_20)
FNDA:1,(anonymous_21)
FNDA:0,(anonymous_22)
FNDA:0,(anonymous_23)
FNDA:0,(anonymous_24)
FNDA:0,(anonymous_25)
FNDA:0,(anonymous_26)
FNDA:0,(anonymous_27)
FNDA:0,(anonymous_28)
FNDA:0,(anonymous_29)
DA:3,21
DA:4,21
DA:5,21
DA:6,21
DA:7,21
DA:8,21
DA:9,21
DA:11,21
DA:15,21
DA:39,21
DA:41,8
DA:50,8
DA:51,8
DA:53,8
DA:80,8
DA:87,21
DA:88,1
DA:90,1
DA:91,1
DA:92,1
DA:98,21
DA:99,1
DA:100,1
DA:101,1
DA:107,1
DA:111,21
DA:112,1
DA:113,1
DA:114,1
DA:115,1
DA:119,21
DA:120,1
DA:121,1
DA:122,1
DA:123,1
DA:127,21
DA:128,1
DA:129,1
DA:130,1
DA:131,1
DA:135,21
DA:137,0
DA:138,0
DA:139,0
DA:143,0
DA:148,21
DA:149,1
DA:150,1
DA:151,1
DA:152,1
DA:156,21
DA:158,0
DA:159,0
DA:160,0
DA:164,0
DA:172,21
DA:173,1
DA:174,1
DA:176,1
DA:184,1
DA:188,21
DA:189,1
DA:190,1
DA:191,1
DA:192,1
DA:196,21
DA:197,1
DA:198,1
DA:199,1
DA:200,1
DA:204,21
DA:206,0
DA:207,0
DA:208,0
DA:212,0
DA:217,21
DA:219,0
DA:220,0
DA:221,0
DA:225,0
DA:230,21
DA:232,0
DA:233,0
DA:234,0
DA:238,0
DA:246,21
DA:248,0
DA:249,0
DA:250,0
DA:254,0
DA:259,21
DA:261,0
DA:262,0
DA:263,0
DA:267,0
DA:275,21
DA:277,0
DA:278,0
DA:280,0
DA:281,0
DA:285,0
DA:290,21
DA:292,0
DA:293,0
DA:294,0
DA:298,0
DA:306,21
DA:308,0
DA:309,0
DA:310,0
DA:314,0
DA:320,21
LF:112
LH:71
BRDA:50,0,0,8
BRDA:50,0,1,0
BRDA:51,1,0,8
BRDA:51,1,1,0
BRDA:62,2,0,8
BRDA:62,2,1,0
BRDA:71,3,0,8
BRDA:71,3,1,0
BRDA:71,4,0,8
BRDA:71,4,1,8
BRDA:72,5,0,8
BRDA:72,5,1,0
BRDA:72,6,0,8
BRDA:72,6,1,8
BRDA:72,6,2,8
BRDA:280,7,0,0
BRF:16
BRH:10
end_of_record
TN:
SF:src\modules\reports\reports.routes.ts
FNF:0
FNH:0
DA:2,21
DA:3,21
DA:4,21
DA:5,21
DA:6,21
DA:8,21
DA:9,21
DA:11,21
DA:14,21
DA:15,21
DA:25,21
DA:35,21
DA:43,21
DA:51,21
DA:59,21
DA:67,21
DA:75,21
DA:83,21
DA:93,21
DA:101,21
DA:109,21
DA:117,21
DA:125,21
DA:133,21
DA:143,21
DA:151,21
DA:161,21
DA:169,21
DA:179,21
DA:188,21
LF:30
LH:30
BRF:0
BRH:0
end_of_record
TN:
SF:src\modules\reports\reports.service.extended.ts
FN:15,(anonymous_1)
FN:39,(anonymous_2)
FN:40,(anonymous_3)
FN:55,(anonymous_4)
FN:72,(anonymous_5)
FN:89,(anonymous_6)
FN:89,(anonymous_7)
FN:95,(anonymous_8)
FN:97,(anonymous_9)
FN:114,(anonymous_10)
FN:143,(anonymous_11)
FN:145,(anonymous_12)
FN:168,(anonymous_13)
FN:192,(anonymous_14)
FN:198,(anonymous_15)
FN:200,(anonymous_16)
FN:226,(anonymous_17)
FN:247,(anonymous_18)
FN:278,(anonymous_19)
FN:303,(anonymous_20)
FN:307,(anonymous_21)
FNF:21
FNH:19
FNDA:1,(anonymous_1)
FNDA:1,(anonymous_2)
FNDA:1,(anonymous_3)
FNDA:1,(anonymous_4)
FNDA:1,(anonymous_5)
FNDA:1,(anonymous_6)
FNDA:1,(anonymous_7)
FNDA:1,(anonymous_8)
FNDA:1,(anonymous_9)
FNDA:1,(anonymous_10)
FNDA:0,(anonymous_11)
FNDA:1,(anonymous_12)
FNDA:1,(anonymous_13)
FNDA:1,(anonymous_14)
FNDA:1,(anonymous_15)
FNDA:1,(anonymous_16)
FNDA:1,(anonymous_17)
FNDA:1,(anonymous_18)
FNDA:1,(anonymous_19)
FNDA:1,(anonymous_20)
FNDA:0,(anonymous_21)
DA:4,21
DA:5,21
DA:6,21
DA:7,21
DA:8,21
DA:10,21
DA:15,21
DA:16,1
DA:17,1
DA:18,1
DA:20,1
DA:21,1
DA:37,1
DA:39,1
DA:40,1
DA:41,1
DA:42,1
DA:43,1
DA:49,1
DA:50,1
DA:51,1
DA:55,1
DA:63,1
DA:64,1
DA:66,0
DA:67,0
DA:68,0
DA:72,21
DA:73,1
DA:74,1
DA:75,1
DA:77,1
DA:78,1
DA:89,1
DA:90,1
DA:95,1
DA:97,1
DA:105,1
DA:106,1
DA:108,0
DA:109,0
DA:110,0
DA:114,21
DA:115,1
DA:116,1
DA:117,1
DA:119,1
DA:120,1
DA:132,1
DA:143,1
DA:145,1
DA:146,1
DA:147,1
DA:148,1
DA:150,1
DA:159,1
DA:160,1
DA:162,0
DA:163,0
DA:164,0
DA:168,21
DA:169,1
DA:170,1
DA:171,1
DA:173,1
DA:177,1
DA:179,1
DA:183,1
DA:185,1
DA:186,1
DA:192,1
DA:193,1
DA:198,1
DA:200,1
DA:201,1
DA:202,1
DA:203,1
DA:204,1
DA:206,1
DA:217,1
DA:218,1
DA:220,0
DA:221,0
DA:222,0
DA:226,21
DA:227,1
DA:229,1
DA:230,1
DA:231,1
DA:233,1
DA:247,1
DA:248,1
DA:249,1
DA:250,1
DA:251,1
DA:252,1
DA:254,1
DA:269,1
DA:270,1
DA:272,0
DA:273,0
DA:274,0
DA:278,21
DA:279,1
DA:281,1
DA:282,1
DA:286,1
DA:288,1
DA:302,1
DA:304,1
DA:305,1
DA:308,0
DA:309,0
DA:310,0
DA:311,0
DA:312,0
DA:314,0
DA:328,1
DA:329,1
DA:331,0
DA:332,0
DA:333,0
LF:122
LH:98
BRDA:17,0,0,1
BRDA:17,0,1,0
BRDA:27,1,0,0
BRDA:27,1,1,1
BRDA:43,2,0,1
BRDA:43,2,1,1
BRDA:50,3,0,1
BRDA:50,3,1,0
BRDA:74,4,0,1
BRDA:74,4,1,0
BRDA:98,5,0,1
BRDA:98,5,1,0
BRDA:99,6,0,1
BRDA:99,6,1,0
BRDA:101,7,0,1
BRDA:101,7,1,0
BRDA:102,8,0,1
BRDA:102,8,1,0
BRDA:116,9,0,1
BRDA:116,9,1,0
BRDA:143,10,0,0
BRDA:143,10,1,0
BRDA:146,11,0,1
BRDA:146,11,1,0
BRDA:147,12,0,1
BRDA:147,12,1,1
BRDA:170,13,0,1
BRDA:170,13,1,0
BRDA:177,14,0,0
BRDA:183,15,0,0
BRDA:202,16,0,1
BRDA:202,16,1,0
BRDA:203,17,0,1
BRDA:203,17,1,0
BRDA:208,18,0,1
BRDA:208,18,1,0
BRDA:209,19,0,1
BRDA:209,19,1,0
BRDA:210,20,0,1
BRDA:210,20,1,0
BRDA:231,21,0,1
BRDA:252,22,0,0
BRDA:252,22,1,1
BRDA:263,23,0,1
BRDA:263,23,1,1
BRDA:264,24,0,1
BRDA:264,24,1,1
BRDA:286,25,0,0
BRDA:305,26,0,1
BRDA:305,26,1,0
BRDA:312,27,0,0
BRDA:312,27,1,0
BRDA:322,28,0,0
BRDA:322,28,1,0
BRDA:323,29,0,0
BRDA:323,29,1,0
BRDA:324,30,0,0
BRDA:324,30,1,0
BRF:58
BRH:27
end_of_record
TN:
SF:src\modules\reports\reports.service.ts
FN:24,(anonymous_1)
FN:44,(anonymous_2)
FN:188,(anonymous_3)
FN:278,(anonymous_4)
FN:359,(anonymous_5)
FN:393,(anonymous_6)
FN:399,(anonymous_7)
FN:406,(anonymous_8)
FN:412,(anonymous_9)
FNF:9
FNH:5
FNDA:3,(anonymous_1)
FNDA:1,(anonymous_2)
FNDA:1,(anonymous_3)
FNDA:1,(anonymous_4)
FNDA:1,(anonymous_5)
FNDA:0,(anonymous_6)
FNDA:0,(anonymous_7)
FNDA:0,(anonymous_8)
FNDA:0,(anonymous_9)
DA:2,21
DA:3,21
DA:6,21
DA:7,21
DA:8,21
DA:15,21
DA:24,21
DA:25,3
DA:26,3
DA:28,3
DA:30,3
DA:33,0
DA:34,0
DA:44,21
DA:45,1
DA:46,1
DA:47,1
DA:49,1
DA:50,1
DA:51,1
DA:52,1
DA:54,1
DA:55,1
DA:58,1
DA:104,1
DA:110,1
DA:119,1
DA:120,1
DA:121,1
DA:122,1
DA:124,1
DA:125,1
DA:126,1
DA:127,1
DA:129,1
DA:132,1
DA:157,1
DA:158,1
DA:159,1
DA:162,0
DA:163,0
DA:164,0
DA:188,21
DA:189,1
DA:190,1
DA:193,1
DA:194,1
DA:196,1
DA:198,1
DA:203,1
DA:204,1
DA:206,1
DA:208,1
DA:215,1
DA:227,1
DA:228,1
DA:229,1
DA:230,1
DA:231,1
DA:232,1
DA:233,1
DA:235,1
DA:248,1
DA:249,1
DA:250,1
DA:253,0
DA:254,0
DA:255,0
DA:278,21
DA:279,1
DA:280,1
DA:282,1
DA:283,1
DA:284,1
DA:318,1
DA:320,1
DA:323,1
DA:324,0
DA:329,0
DA:339,1
DA:340,0
DA:346,1
DA:347,1
DA:359,1
DA:360,1
DA:361,1
DA:362,1
DA:363,1
DA:364,1
DA:366,1
DA:380,1
DA:381,1
DA:382,1
DA:385,0
DA:386,0
DA:387,0
DA:393,21
DA:394,0
DA:396,0
DA:399,21
DA:400,0
DA:403,0
DA:406,21
DA:407,0
DA:409,0
DA:412,21
DA:413,0
DA:415,0
DA:423,21
LF:109
LH:87
BRDA:25,0,0,1
BRDA:25,0,1,2
BRDA:25,1,0,2
BRDA:25,1,1,0
BRDA:26,2,0,2
BRDA:26,2,1,1
BRDA:26,3,0,1
BRDA:26,3,1,0
BRDA:28,4,0,3
BRDA:30,5,0,0
BRDA:30,5,1,3
BRDA:50,6,0,1
BRDA:50,6,1,0
BRDA:54,7,0,0
BRDA:54,7,1,1
BRDA:87,8,0,0
BRDA:87,8,1,1
BRDA:119,9,0,1
BRDA:119,9,1,0
BRDA:120,10,0,1
BRDA:120,10,1,1
BRDA:122,11,0,1
BRDA:122,11,1,0
BRDA:124,12,0,1
BRDA:124,12,1,1
BRDA:125,13,0,1
BRDA:125,13,1,1
BRDA:127,14,0,1
BRDA:127,14,1,0
BRDA:129,15,0,1
BRDA:129,15,1,1
BRDA:144,16,0,1
BRDA:144,16,1,0
BRDA:145,17,0,0
BRDA:145,17,1,1
BRDA:147,18,0,1
BRDA:147,18,1,0
BRDA:148,19,0,0
BRDA:148,19,1,1
BRDA:193,20,0,1
BRDA:193,20,1,0
BRDA:203,21,0,0
BRDA:204,22,0,0
BRDA:227,23,0,1
BRDA:227,23,1,0
BRDA:228,24,0,1
BRDA:228,24,1,0
BRDA:229,25,0,1
BRDA:229,25,1,0
BRDA:230,26,0,1
BRDA:230,26,1,0
BRDA:231,27,0,1
BRDA:231,27,1,0
BRDA:232,28,0,1
BRDA:232,28,1,1
BRDA:244,29,0,1
BRDA:244,29,1,0
BRDA:283,30,0,1
BRDA:284,31,0,0
BRDA:323,32,0,0
BRDA:339,33,0,0
BRDA:364,34,0,0
BRDA:364,34,1,1
BRDA:375,35,0,1
BRDA:375,35,1,1
BRDA:376,36,0,1
BRDA:376,36,1,1
BRF:67
BRH:41
end_of_record
TN:
SF:src\modules\reports\dto\report-query.dto.ts
FN:6,(anonymous_2)
FN:36,(anonymous_3)
FN:39,(anonymous_4)
FNF:3
FNH:1
FNDA:9,(anonymous_2)
FNDA:0,(anonymous_3)
FNDA:0,(anonymous_4)
DA:2,21
DA:3,21
DA:6,21
DA:9,21
DA:13,21
DA:17,21
DA:21,21
DA:25,21
DA:29,21
DA:33,21
DA:36,0
DA:37,21
DA:39,0
DA:40,21
DA:44,21
DA:48,21
LF:16
LH:14
BRF:0
BRH:0
end_of_record
TN:
SF:src\modules\returns\return.controller.ts
FN:14,(anonymous_1)
FN:25,(anonymous_2)
FN:71,(anonymous_3)
FN:108,(anonymous_4)
FN:124,(anonymous_5)
FNF:5
FNH:4
FNDA:1,(anonymous_1)
FNDA:1,(anonymous_2)
FNDA:0,(anonymous_3)
FNDA:2,(anonymous_4)
FNDA:1,(anonymous_5)
DA:3,21
DA:4,21
DA:5,21
DA:6,21
DA:7,21
DA:8,21
DA:9,21
DA:14,21
DA:15,1
DA:16,1
DA:18,1
DA:19,1
DA:25,21
DA:26,1
DA:29,1
DA:40,1
DA:43,1
DA:45,1
DA:46,1
DA:47,1
DA:48,1
DA:49,1
DA:51,1
DA:52,0
DA:53,1
DA:54,0
DA:58,1
DA:59,0
DA:60,0
DA:61,0
DA:62,0
DA:64,0
DA:69,1
DA:70,1
DA:71,0
DA:72,0
DA:73,0
DA:75,0
DA:76,0
DA:84,1
DA:85,1
DA:89,1
DA:90,1
DA:93,1
DA:96,1
DA:108,21
DA:109,2
DA:110,2
DA:114,2
DA:115,2
DA:116,1
DA:118,1
DA:124,21
DA:125,1
DA:126,1
DA:127,1
DA:129,1
DA:132,1
DA:133,0
DA:139,1
DA:140,1
DA:145,21
LF:62
LH:49
BRDA:45,0,0,0
BRDA:46,1,0,0
BRDA:47,2,0,0
BRDA:48,3,0,0
BRDA:49,4,0,0
BRDA:51,5,0,0
BRDA:51,5,1,1
BRDA:51,6,0,1
BRDA:51,6,1,0
BRDA:53,7,0,0
BRDA:58,8,0,0
BRDA:58,9,0,1
BRDA:58,9,1,1
BRDA:61,10,0,0
BRDA:62,11,0,0
BRDA:70,12,0,0
BRDA:73,13,0,0
BRDA:73,14,0,0
BRDA:73,14,1,0
BRDA:73,14,2,0
BRDA:75,15,0,0
BRDA:84,16,0,1
BRDA:89,17,0,1
BRDA:89,17,1,1
BRDA:90,18,0,1
BRDA:90,18,1,1
BRDA:115,19,0,1
BRDA:132,20,0,0
BRDA:132,21,0,1
BRDA:132,21,1,0
BRF:30
BRH:11
end_of_record
TN:
SF:src\modules\returns\return.routes.ts
FNF:0
FNH:0
DA:2,21
DA:3,21
DA:4,21
DA:6,21
DA:7,21
DA:8,21
DA:9,21
DA:11,21
DA:14,21
DA:15,21
DA:18,21
DA:42,21
DA:88,21
LF:13
LH:13
BRF:0
BRH:0
end_of_record
TN:
SF:src\modules\returns\return.service.ts
FN:33,generateReturnNumber
FN:46,(anonymous_2)
FN:82,(anonymous_3)
FN:94,(anonymous_4)
FN:133,(anonymous_5)
FN:149,(anonymous_6)
FN:190,(anonymous_7)
FN:195,(anonymous_8)
FN:212,(anonymous_9)
FN:287,(anonymous_10)
FN:306,(anonymous_11)
FN:329,(anonymous_12)
FNF:12
FNH:8
FNDA:1,generateReturnNumber
FNDA:1,(anonymous_2)
FNDA:1,(anonymous_3)
FNDA:0,(anonymous_4)
FNDA:0,(anonymous_5)
FNDA:1,(anonymous_6)
FNDA:1,(anonymous_7)
FNDA:0,(anonymous_8)
FNDA:0,(anonymous_9)
FNDA:1,(anonymous_10)
FNDA:2,(anonymous_11)
FNDA:1,(anonymous_12)
DA:2,21
DA:3,21
DA:7,21
DA:8,21
DA:9,21
DA:13,21
DA:34,1
DA:36,1
DA:37,1
DA:38,1
DA:39,1
DA:40,1
DA:41,1
DA:46,21
DA:51,1
DA:54,1
DA:58,1
DA:61,1
DA:62,1
DA:64,0
DA:67,1
DA:68,1
DA:70,1
DA:71,1
DA:73,1
DA:75,1
DA:77,1
DA:79,1
DA:82,1
DA:84,1
DA:86,1
DA:87,1
DA:89,1
DA:90,0
DA:94,0
DA:97,1
DA:99,1
DA:100,1
DA:103,1
DA:104,1
DA:105,1
DA:107,1
DA:109,1
DA:110,1
DA:111,1
DA:114,1
DA:125,1
DA:126,1
DA:127,0
DA:130,1
DA:133,1
DA:134,1
DA:135,1
DA:144,1
DA:148,1
DA:149,1
DA:151,1
DA:152,1
DA:155,1
DA:186,1
DA:190,1
DA:194,1
DA:195,0
DA:208,0
DA:212,1
DA:213,1
DA:214,0
DA:215,0
DA:224,0
DA:228,1
DA:229,1
DA:232,1
DA:234,1
DA:235,0
DA:236,0
DA:239,1
DA:240,1
DA:241,1
DA:253,1
DA:254,1
DA:255,1
DA:260,1
DA:271,1
DA:274,1
DA:275,1
DA:278,0
DA:279,0
DA:280,0
DA:282,0
DA:287,21
DA:288,1
DA:289,1
DA:290,1
DA:291,1
DA:292,1
DA:293,1
DA:297,1
DA:298,1
DA:300,0
DA:301,0
DA:306,21
DA:307,2
DA:308,2
DA:309,2
DA:319,2
DA:320,1
DA:321,1
DA:323,0
DA:324,0
DA:329,21
DA:330,1
DA:331,1
DA:332,1
DA:334,1
DA:335,1
DA:337,1
DA:340,0
DA:345,1
DA:350,1
DA:351,0
DA:354,1
DA:355,1
DA:359,1
DA:360,1
DA:362,0
DA:363,0
DA:365,0
DA:370,21
LF:128
LH:104
BRDA:40,0,0,0
BRDA:58,1,0,0
BRDA:62,2,0,0
BRDA:68,3,0,0
BRDA:70,4,0,0
BRDA:70,5,0,1
BRDA:70,5,1,1
BRDA:71,6,0,1
BRDA:71,6,1,0
BRDA:73,7,0,0
BRDA:86,8,0,1
BRDA:86,8,1,0
BRDA:89,9,0,0
BRDA:89,10,0,1
BRDA:89,10,1,1
BRDA:97,11,0,0
BRDA:100,12,0,0
BRDA:104,13,0,1
BRDA:104,13,1,1
BRDA:107,14,0,0
BRDA:109,15,0,0
BRDA:109,15,1,1
BRDA:117,16,0,1
BRDA:117,16,1,0
BRDA:125,17,0,1
BRDA:125,17,1,0
BRDA:130,18,0,0
BRDA:133,19,0,1
BRDA:133,19,1,1
BRDA:134,20,0,1
BRDA:194,21,0,0
BRDA:194,22,0,1
BRDA:194,22,1,0
BRDA:212,23,0,1
BRDA:212,23,1,1
BRDA:214,24,0,0
BRDA:214,24,1,0
BRDA:234,25,0,0
BRDA:239,26,0,1
BRDA:239,26,1,0
BRDA:253,27,0,1
BRDA:278,28,0,0
BRDA:289,29,0,1
BRDA:289,29,1,0
BRDA:291,30,0,0
BRDA:319,31,0,1
BRDA:332,32,0,0
BRDA:334,33,0,1
BRDA:337,34,0,1
BRDA:337,34,1,0
BRDA:350,35,0,0
BRDA:350,36,0,1
BRDA:350,36,1,0
BRDA:357,37,0,1
BRDA:357,37,1,0
BRDA:357,38,0,1
BRDA:357,38,1,0
BRDA:363,39,0,0
BRDA:363,40,0,0
BRDA:363,40,1,0
BRF:60
BRH:26
end_of_record
TN:
SF:src\modules\returns\dto\create-return.dto.ts
FN:40,(anonymous_2)
FN:51,(anonymous_3)
FNF:2
FNH:1
FNDA:2,(anonymous_2)
FNDA:0,(anonymous_3)
DA:2,21
DA:5,21
DA:6,21
DA:7,21
DA:9,21
DA:13,21
DA:18,21
DA:23,21
DA:29,21
DA:34,21
DA:40,2
DA:41,21
DA:51,0
DA:53,21
DA:58,21
LF:15
LH:14
BRF:0
BRH:0
end_of_record
TN:
SF:src\modules\returns\dto\index.ts
FNF:0
FNH:0
DA:1,21
DA:2,21
DA:3,21
DA:4,21
LF:4
LH:4
BRF:0
BRH:0
end_of_record
TN:
SF:src\modules\returns\dto\refund-payment-input.dto.ts
FN:18,(anonymous_2)
FNF:1
FNH:0
FNDA:0,(anonymous_2)
DA:2,21
DA:3,21
DA:6,21
DA:8,21
DA:12,21
DA:18,0
DA:19,21
DA:22,21
LF:8
LH:7
BRF:0
BRH:0
end_of_record
TN:
SF:src\modules\returns\dto\return-item-input.dto.ts
FN:30,(anonymous_2)
FN:46,(anonymous_3)
FNF:2
FNH:1
FNDA:1,(anonymous_2)
FNDA:0,(anonymous_3)
DA:2,21
DA:3,21
DA:6,21
DA:8,21
DA:15,21
DA:22,21
DA:30,1
DA:31,21
DA:38,21
DA:46,0
DA:48,21
DA:52,21
DA:54,21
DA:56,21
DA:59,21
LF:15
LH:14
BRF:0
BRH:0
end_of_record
TN:
SF:src\modules\returns\dto\update-return.dto.ts
FNF:0
FNH:0
DA:2,21
DA:3,21
DA:5,21
DA:8,21
DA:13,21
LF:5
LH:5
BRF:0
BRH:0
end_of_record
TN:
SF:src\modules\roles\role.controller.ts
FN:15,(anonymous_1)
FN:23,(anonymous_2)
FN:34,(anonymous_3)
FN:58,(anonymous_4)
FN:69,(anonymous_5)
FN:91,(anonymous_6)
FN:99,(anonymous_7)
FN:107,(anonymous_8)
FN:117,(anonymous_9)
FN:130,(anonymous_10)
FN:142,(anonymous_11)
FN:153,(anonymous_12)
FNF:12
FNH:5
FNDA:1,(anonymous_1)
FNDA:1,(anonymous_2)
FNDA:0,(anonymous_3)
FNDA:0,(anonymous_4)
[...]
DA:118,1
DA:120,1
DA:121,1
DA:123,0
DA:124,0
DA:125,0
DA:132,21
DA:137,1
DA:140,1
DA:141,1
DA:142,0
DA:143,0
DA:147,1
DA:148,1
DA:149,1
DA:150,0
DA:151,0
DA:156,1
DA:157,1
DA:158,2
DA:160,2
DA:161,2
DA:165,1
DA:168,1
DA:169,0
DA:172,1
DA:173,0
DA:174,0
DA:176,0
DA:177,0
DA:178,0
DA:181,0
DA:182,0
DA:185,0
DA:186,0
DA:187,0
DA:192,1
DA:193,0
DA:194,0
DA:195,0
DA:196,0
DA:200,1
DA:201,1
DA:205,1
DA:207,1
DA:209,0
DA:210,0
DA:211,0
DA:212,0
DA:214,0
DA:215,0
DA:217,0
DA:224,21
DA:225,1
DA:228,1
DA:229,1
DA:230,0
DA:231,0
DA:233,1
DA:234,0
DA:235,0
DA:239,1
DA:247,1
DA:248,0
DA:249,0
DA:253,1
DA:254,1
DA:258,1
DA:260,1
DA:262,0
DA:263,0
DA:264,0
DA:265,0
DA:267,0
DA:272,21
LF:119
LH:67
BRDA:29,0,0,0
BRDA:36,1,0,0
BRDA:40,2,0,1
BRDA:40,2,1,0
BRDA:51,3,0,1
BRDA:51,3,1,0
BRDA:53,4,0,1
BRDA:53,4,1,1
BRDA:63,5,0,0
BRDA:63,6,0,0
BRDA:63,6,1,0
BRDA:80,7,0,2
BRDA:80,7,1,0
BRDA:82,8,0,0
BRDA:116,9,0,1
BRDA:141,10,0,0
BRDA:147,11,0,1
BRDA:147,12,0,1
BRDA:147,12,1,1
BRDA:149,13,0,0
BRDA:160,14,0,2
BRDA:160,15,0,2
BRDA:160,15,1,2
BRDA:160,15,2,2
BRDA:165,16,0,0
BRDA:168,17,0,0
BRDA:169,18,0,0
BRDA:169,18,1,0
BRDA:172,19,0,0
BRDA:173,20,0,0
BRDA:173,20,1,0
BRDA:177,21,0,0
BRDA:177,21,1,0
BRDA:192,22,0,0
BRDA:195,23,0,0
BRDA:211,24,0,0
BRDA:211,25,0,0
BRDA:211,25,1,0
BRDA:214,26,0,0
BRDA:214,27,0,0
BRDA:214,27,1,0
BRDA:229,28,0,0
BRDA:233,29,0,0
BRDA:247,30,0,0
BRDA:264,31,0,0
BRDA:264,32,0,0
BRDA:264,32,1,0
BRF:47
BRH:13
end_of_record
TN:
SF:src\modules\suppliers\dto\address.dto.ts
FNF:0
FNH:0
DA:3,21
DA:5,21
DA:6,21
DA:7,21
DA:8,21
DA:9,21
DA:10,21
LF:7
LH:7
BRF:0
BRH:0
end_of_record
TN:
SF:src\modules\suppliers\dto\create-supplier.dto.ts
FN:31,(anonymous_2)
FNF:1
FNH:1
FNDA:1,(anonymous_2)
DA:2,21
DA:5,21
DA:6,21
DA:8,21
DA:12,21
DA:17,21
DA:22,21
DA:27,21
DA:31,1
DA:33,21
DA:38,21
DA:42,21
LF:12
LH:12
BRF:0
BRH:0
end_of_record
TN:
SF:src\modules\suppliers\dto\update-supplier.dto.ts
FN:32,(anonymous_2)
FNF:1
FNH:0
FNDA:0,(anonymous_2)
DA:2,21
DA:5,21
DA:6,21
DA:8,21
DA:13,21
DA:18,21
DA:23,21
DA:28,21
DA:32,0
DA:34,21
DA:39,21
DA:43,21
DA:47,21
LF:13
LH:12
BRF:0
BRH:0
end_of_record
TN:
SF:src\modules\tenants\tenant.controller.ts
FN:18,(anonymous_1)
FN:28,(anonymous_2)
FN:50,(anonymous_3)
FN:84,(anonymous_4)
FN:96,(anonymous_5)
FN:106,(anonymous_6)
FN:116,(anonymous_7)
FN:133,(anonymous_8)
FN:150,(anonymous_9)
FNF:9
FNH:8
FNDA:1,(anonymous_1)
FNDA:1,(anonymous_2)
FNDA:0,(anonymous_3)
FNDA:1,(anonymous_4)
FNDA:1,(anonymous_5)
FNDA:1,(anonymous_6)
FNDA:1,(anonymous_7)
FNDA:1,(anonymous_8)
FNDA:1,(anonymous_9)
DA:3,21
DA:4,21
DA:5,21
DA:6,21
DA:7,21
DA:8,21
DA:9,21
DA:10,21
DA:18,21
DA:21,1
DA:22,1
DA:28,21
DA:32,1
DA:34,1
DA:37,1
DA:38,1
DA:40,1
DA:41,0
DA:42,1
DA:44,0
DA:48,1
DA:49,1
DA:50,0
DA:51,0
DA:52,0
DA:54,0
DA:55,0
DA:60,1
DA:61,1
DA:65,1
DA:66,1
DA:69,1
DA:72,1
DA:84,21
DA:86,1
DA:87,1
DA:88,0
DA:90,1
DA:96,21
DA:99,1
DA:100,1
DA:106,21
DA:109,1
DA:110,1
DA:116,21
DA:117,1
DA:119,1
DA:123,1
DA:124,1
DA:133,21
DA:134,1
DA:137,1
DA:138,1
DA:140,0
DA:141,0
DA:144,1
DA:150,21
DA:151,1
DA:155,1
DA:156,1
DA:161,21
LF:61
LH:51
BRDA:38,0,0,0
BRDA:40,1,0,0
BRDA:40,1,1,1
BRDA:40,2,0,1
BRDA:40,2,1,0
BRDA:42,3,0,0
BRDA:49,4,0,0
BRDA:52,5,0,0
BRDA:52,6,0,0
BRDA:52,6,1,0
BRDA:52,6,2,0
BRDA:54,7,0,0
BRDA:60,8,0,1
BRDA:65,9,0,1
BRDA:65,9,1,1
BRDA:66,10,0,1
BRDA:66,10,1,1
BRDA:87,11,0,0
BRDA:138,12,0,0
BRF:19
BRH:7
end_of_record
TN:
SF:src\modules\tenants\tenant.routes.ts
FNF:0
FNH:0
DA:2,21
DA:3,21
DA:4,21
DA:6,21
DA:7,21
DA:8,21
DA:9,21
DA:10,21
DA:11,21
DA:12,21
DA:13,21
DA:15,21
DA:23,21
DA:44,21
DA:70,21
DA:83,21
DA:94,21
DA:95,21
DA:96,21
DA:102,21
DA:112,21
DA:120,21
DA:124,21
LF:23
LH:23
BRF:0
BRH:0
end_of_record
TN:
SF:src\modules\tenants\tenant.service.ts
FN:51,(anonymous_2)
FN:52,(anonymous_3)
FN:55,(anonymous_4)
FN:73,(anonymous_5)
FN:91,(anonymous_6)
FN:135,(anonymous_7)
FN:156,(anonymous_8)
FN:205,(anonymous_9)
FN:227,(anonymous_10)
FN:245,(anonymous_11)
FN:305,(anonymous_12)
FN:348,(anonymous_13)
FN:389,(anonymous_14)
FN:408,(anonymous_15)
FN:425,(anonymous_16)
FN:426,(anonymous_17)
FN:457,(anonymous_18)
FNF:17
FNH:14
FNDA:146,(anonymous_2)
FNDA:146,(anonymous_3)
FNDA:0,(anonymous_4)
FNDA:146,(anonymous_5)
FNDA:1,(anonymous_6)
FNDA:1,(anonymous_7)
FNDA:135,(anonymous_8)
FNDA:1,(anonymous_9)
FNDA:2,(anonymous_10)
FNDA:1,(anonymous_11)
FNDA:1,(anonymous_12)
FNDA:1,(anonymous_13)
FNDA:1,(anonymous_14)
FNDA:1,(anonymous_15)
FNDA:0,(anonymous_16)
FNDA:0,(anonymous_17)
FNDA:2,(anonymous_18)
DA:2,21
DA:3,21
DA:6,21
DA:7,21
DA:8,21
DA:16,21
DA:27,21
DA:33,21
DA:45,3
DA:47,3
DA:48,3
DA:49,3
DA:50,3
DA:51,146
DA:52,146
DA:54,3
DA:55,0
DA:57,0
DA:62,3
DA:70,3
DA:71,3
DA:72,3
DA:73,146
DA:78,3
DA:79,3
DA:91,21
DA:92,1
DA:95,1
DA:96,1
DA:97,0
DA:98,0
DA:102,1
DA:106,1
DA:107,0
DA:110,1
DA:111,0
DA:112,0
DA:113,0
DA:115,1
DA:118,1
DA:119,1
DA:120,0
DA:121,0
DA:122,0
DA:123,0
DA:124,0
DA:127,0
DA:128,0
DA:129,0
DA:134,1
DA:135,1
DA:137,1
DA:149,1
DA:150,1
DA:153,1
DA:154,1
DA:155,1
DA:156,135
DA:157,3
DA:158,3
DA:160,1
DA:161,1
DA:162,0
DA:163,0
DA:167,1
DA:168,1
DA:169,1
DA:170,1
DA:173,1
DA:174,1
DA:179,1
DA:181,0
DA:185,1
DA:188,1
DA:189,1
DA:192,0
DA:193,0
DA:194,0
DA:195,0
DA:196,0
DA:197,0
DA:199,0
DA:205,21
DA:206,1
DA:207,1
DA:208,1
DA:210,1
DA:211,1
DA:213,1
DA:217,1
DA:218,1
DA:220,0
DA:221,0
DA:222,0
DA:227,21
DA:228,2
DA:229,2
DA:230,2
DA:231,2
DA:232,0
DA:233,0
DA:235,2
DA:236,2
DA:238,0
DA:239,0
DA:240,0
DA:245,21
DA:246,1
DA:247,1
DA:248,1
DA:250,1
DA:251,0
DA:254,1
DA:255,0
DA:256,0
DA:259,1
DA:260,1
DA:261,1
DA:262,1
DA:263,0
DA:265,0
DA:266,0
DA:267,0
DA:268,0
DA:271,0
DA:272,0
DA:273,0
DA:279,1
DA:280,1
DA:281,1
DA:282,1
DA:283,1
DA:285,1
DA:286,0
DA:287,0
DA:290,1
DA:291,1
DA:292,1
DA:294,1
DA:296,0
DA:297,0
DA:298,0
DA:299,0
DA:300,0
DA:305,21
DA:306,1
DA:308,1
DA:309,1
DA:310,0
DA:311,0
DA:313,1
DA:314,0
DA:315,0
DA:318,1
DA:322,1
DA:323,1
DA:324,1
DA:327,1
DA:329,1
DA:330,1
DA:335,1
DA:337,0
DA:338,0
DA:339,0
DA:340,0
DA:342,0
DA:348,21
DA:349,1
DA:351,1
DA:352,1
DA:354,1
DA:355,0
DA:358,1
DA:359,1
DA:362,1
DA:363,1
DA:364,1
DA:369,1
DA:370,0
DA:371,0
DA:374,1
DA:375,1
DA:379,1
DA:381,1
DA:383,0
DA:384,0
DA:385,0
DA:389,21
DA:391,1
DA:392,1
DA:395,1
DA:396,0
DA:397,0
DA:400,1
DA:401,0
DA:402,0
DA:407,1
DA:408,1
DA:410,1
DA:411,1
DA:412,0
DA:413,0
DA:417,1
DA:424,1
DA:425,0
DA:426,0
DA:427,0
DA:428,0
DA:429,0
DA:433,1
DA:437,1
DA:439,0
DA:440,0
DA:442,1
DA:446,1
DA:454,1
DA:457,2
DA:462,1
DA:463,1
DA:467,1
DA:470,0
DA:474,1
DA:480,1
DA:483,1
DA:484,1
DA:488,0
DA:490,0
DA:491,0
DA:492,0
DA:496,0
DA:497,0
DA:498,0
DA:499,0
DA:503,0
DA:504,0
DA:505,0
DA:544,21
LF:237
LH:145
BRDA:48,0,0,3
BRDA:49,1,0,0
BRDA:49,1,1,3
BRDA:54,2,0,0
BRDA:54,3,0,3
BRDA:54,3,1,3
BRDA:71,4,0,3
BRDA:96,5,0,0
BRDA:106,6,0,0
BRDA:110,7,0,0
BRDA:119,8,0,0
BRDA:122,9,0,0
BRDA:122,9,1,0
BRDA:122,10,0,0
BRDA:122,10,1,0
BRDA:122,10,2,0
BRDA:141,11,0,1
BRDA:141,11,1,1
BRDA:156,12,0,1
BRDA:156,12,1,2
BRDA:161,13,0,0
BRDA:177,14,0,1
BRDA:177,14,1,0
BRDA:192,15,0,0
BRDA:195,16,0,0
BRDA:195,17,0,0
BRDA:195,17,1,0
BRDA:197,18,0,0
BRDA:197,18,1,0
BRDA:211,19,0,0
BRDA:231,20,0,0
BRDA:248,21,0,0
BRDA:250,22,0,0
BRDA:254,23,0,0
BRDA:254,24,0,1
BRDA:254,24,1,0
BRDA:256,25,0,0
BRDA:260,26,0,0
BRDA:261,27,0,0
BRDA:262,28,0,0
BRDA:263,29,0,0
BRDA:263,29,1,0
BRDA:266,30,0,0
BRDA:266,30,1,0
BRDA:279,31,0,1
BRDA:280,32,0,1
BRDA:281,33,0,0
BRDA:282,34,0,0
BRDA:283,35,0,0
BRDA:285,36,0,0
BRDA:298,37,0,0
BRDA:298,38,0,0
BRDA:298,38,1,0
BRDA:299,39,0,0
BRDA:299,40,0,0
BRDA:299,40,1,0
BRDA:309,41,0,0
BRDA:313,42,0,0
BRDA:322,43,0,1
BRDA:323,44,0,1
BRDA:323,44,1,1
BRDA:339,45,0,0
BRDA:339,46,0,0
BRDA:339,46,1,0
BRDA:352,47,0,0
BRDA:354,48,0,0
BRDA:354,49,0,1
BRDA:354,49,1,0
BRDA:358,50,0,1
BRDA:358,50,1,0
BRDA:362,51,0,1
BRDA:363,52,0,1
BRDA:363,52,1,1
BRDA:369,53,0,0
BRDA:395,54,0,0
BRDA:395,55,0,1
BRDA:395,55,1,1
BRDA:395,55,2,1
BRDA:395,55,3,1
BRDA:396,56,0,0
BRDA:396,56,1,0
BRDA:400,57,0,0
BRDA:411,58,0,0
BRDA:424,59,0,0
BRDA:437,60,0,0
BRDA:462,61,0,1
BRDA:462,61,1,0
BRDA:488,62,0,0
BRDA:496,63,0,0
BRDA:496,64,0,0
BRDA:496,64,1,0
BRF:91
BRH:26
end_of_record
TN:
SF:src\modules\tenants\dto\create-tenant.dto.ts
FNF:0
FNH:0
DA:2,21
DA:4,21
DA:8,21
DA:13,21
DA:20,21
DA:25,21
DA:30,21
DA:35,21
DA:40,21
DA:45,21
LF:10
LH:10
BRF:0
BRH:0
end_of_record
TN:
SF:src\modules\tenants\dto\manage-tenant-admins.dto.ts
FNF:0
FNH:0
DA:2,21
DA:4,21
DA:13,21
LF:3
LH:3
BRF:0
BRH:0
end_of_record
TN:
SF:src\modules\tenants\dto\tenant-action.dto.ts
FNF:0
FNH:0
DA:2,21
DA:4,21
DA:8,21
LF:3
LH:3
BRF:0
BRH:0
end_of_record
TN:
SF:src\modules\tenants\dto\update-tenant-config.dto.ts
FNF:0
FNH:0
DA:3,21
DA:7,21
DA:11,21
LF:3
LH:3
BRF:0
BRH:0
end_of_record
TN:
SF:src\modules\tenants\dto\update-tenant.dto.ts
FNF:0
FNH:0
DA:2,21
DA:3,21
DA:6,21
DA:11,21
DA:15,21
DA:20,21
DA:25,21
DA:30,21
DA:35,21
DA:40,21
DA:45,21
LF:11
LH:11
BRF:0
BRH:0
end_of_record
TN:
SF:src\modules\users\user.controller.ts
FN:14,(anonymous_1)
FN:23,(anonymous_2)
FN:36,(anonymous_3)
FN:78,(anonymous_4)
FN:114,(anonymous_5)
FN:156,(anonymous_6)
FN:189,(anonymous_7)
FN:227,(anonymous_8)
FN:260,(anonymous_9)
FN:287,(anonymous_10)
FN:327,(anonymous_11)
FN:348,(anonymous_12)
FN:361,(anonymous_13)
FNF:13
FNH:6
FNDA:2,(anonymous_1)
FNDA:0,(anonymous_2)
FNDA:0,(anonymous_3)
FNDA:0,(anonymous_4)
FNDA:0,(anonymous_5)
FNDA:0,(anonymous_6)
FNDA:1,(anonymous_7)
FNDA:0,(anonymous_8)
FNDA:2,(anonymous_9)
FNDA:1,(anonymous_10)
FNDA:1,(anonymous_11)
FNDA:1,(anonymous_12)
FNDA:0,(anonymous_13)
DA:3,21
DA:4,21
DA:5,21
DA:6,21
DA:7,21
DA:8,21
DA:14,21
DA:15,2
DA:17,2
DA:19,2
DA:23,21
DA:26,0
DA:27,0
DA:36,21
DA:40,0
DA:44,0
DA:49,0
DA:53,0
DA:54,0
DA:55,0
DA:56,0
DA:57,0
DA:60,0
DA:61,0
DA:62,0
DA:69,0
DA:70,0
DA:76,0
DA:77,0
DA:78,0
DA:79,0
DA:80,0
DA:81,0
DA:82,0
DA:87,0
DA:88,0
DA:92,0
DA:93,0
DA:96,0
DA:99,0
DA:114,21
DA:118,0
DA:122,0
DA:126,0
DA:131,0
DA:132,0
DA:133,0
DA:134,0
DA:135,0
DA:138,0
DA:139,0
DA:140,0
DA:147,0
DA:148,0
DA:154,0
DA:155,0
DA:156,0
DA:157,0
DA:158,0
DA:159,0
DA:160,0
DA:165,0
DA:166,0
DA:170,0
DA:171,0
DA:174,0
DA:177,0
DA:189,21
DA:190,1
DA:193,1
DA:197,1
DA:200,1
DA:202,1
DA:203,1
DA:204,1
DA:205,1
DA:206,1
DA:209,1
DA:210,0
DA:211,0
DA:218,1
DA:219,0
DA:225,1
DA:226,1
DA:227,0
DA:228,0
DA:229,0
DA:230,0
DA:231,0
DA:236,1
DA:237,1
DA:241,1
DA:242,1
DA:245,1
DA:248,1
DA:260,21
DA:261,2
DA:262,2
DA:265,2
DA:266,2
DA:277,2
DA:278,2
DA:279,1
DA:281,1
DA:287,21
DA:288,1
DA:289,1
DA:293,1
DA:294,1
DA:297,1
DA:299,0
DA:301,1
DA:303,0
DA:307,1
DA:309,0
DA:310,0
DA:313,0
DA:314,0
DA:320,1
DA:321,1
DA:327,21
DA:328,1
DA:329,1
DA:330,1
DA:332,1
DA:337,1
DA:339,1
DA:348,21
DA:349,1
DA:350,1
DA:354,1
DA:355,1
DA:361,21
DA:362,0
DA:363,0
DA:367,0
DA:368,0
DA:373,21
LF:138
LH:66
BRDA:53,0,0,0
BRDA:54,1,0,0
BRDA:55,2,0,0
BRDA:56,3,0,0
BRDA:57,4,0,0
BRDA:60,5,0,0
BRDA:69,6,0,0
BRDA:77,7,0,0
BRDA:80,8,0,0
BRDA:80,9,0,0
BRDA:80,9,1,0
BRDA:80,9,2,0
BRDA:81,10,0,0
BRDA:87,11,0,0
BRDA:92,12,0,0
BRDA:92,12,1,0
BRDA:93,13,0,0
BRDA:93,13,1,0
BRDA:131,14,0,0
BRDA:132,15,0,0
BRDA:133,16,0,0
BRDA:134,17,0,0
BRDA:135,18,0,0
BRDA:138,19,0,0
BRDA:147,20,0,0
BRDA:155,21,0,0
BRDA:158,22,0,0
BRDA:158,23,0,0
BRDA:158,23,1,0
BRDA:158,23,2,0
BRDA:159,24,0,0
BRDA:165,25,0,0
BRDA:170,26,0,0
BRDA:170,26,1,0
BRDA:171,27,0,0
BRDA:171,27,1,0
BRDA:202,28,0,0
BRDA:203,29,0,0
BRDA:204,30,0,0
BRDA:205,31,0,0
BRDA:206,32,0,0
BRDA:209,33,0,0
BRDA:218,34,0,0
BRDA:226,35,0,0
BRDA:229,36,0,0
BRDA:229,37,0,0
BRDA:229,37,1,0
BRDA:229,37,2,0
BRDA:230,38,0,0
BRDA:236,39,0,1
BRDA:241,40,0,1
BRDA:241,40,1,1
BRDA:242,41,0,1
BRDA:242,41,1,1
BRDA:266,42,0,0
BRDA:278,43,0,1
BRDA:294,44,0,0
BRDA:297,45,0,0
BRDA:297,46,0,1
BRDA:297,46,1,1
BRDA:301,47,0,0
BRDA:301,48,0,1
BRDA:301,48,1,0
BRDA:301,48,2,0
BRDA:307,49,0,0
BRDA:309,50,0,0
BRDA:313,51,0,0
BRDA:332,52,0,0
BRF:68
BRH:9
end_of_record
TN:
SF:src\modules\users\user.routes.ts
FNF:0
FNH:0
DA:2,21
DA:3,21
DA:4,21
DA:5,21
DA:6,21
DA:7,21
DA:8,21
DA:9,21
DA:10,21
DA:12,21
DA:15,21
DA:16,21
DA:19,21
DA:30,21
DA:38,21
DA:63,21
DA:74,21
DA:80,21
DA:89,21
LF:19
LH:19
BRF:0
BRH:0
end_of_record
TN:
SF:src\modules\users\user.service.ts
FN:48,(anonymous_1)
FN:70,(anonymous_2)
FN:70,(anonymous_3)
FN:75,(anonymous_4)
FN:86,(anonymous_5)
FN:86,(anonymous_6)
FN:91,(anonymous_7)
FN:109,(anonymous_8)
FN:114,(anonymous_9)
FN:152,(anonymous_10)
FN:212,(anonymous_11)
FN:251,(anonymous_12)
FN:290,(anonymous_13)
FN:322,(anonymous_14)
FN:382,(anonymous_15)
FN:386,(anonymous_16)
FN:410,(anonymous_17)
FN:438,(anonymous_18)
FNF:18
FNH:11
FNDA:2,(anonymous_1)
FNDA:0,(anonymous_2)
FNDA:0,(anonymous_3)
FNDA:2,(anonymous_4)
FNDA:0,(anonymous_5)
FNDA:0,(anonymous_6)
FNDA:2,(anonymous_7)
FNDA:2,(anonymous_8)
FNDA:2,(anonymous_9)
FNDA:0,(anonymous_10)
FNDA:1,(anonymous_11)
FNDA:0,(anonymous_12)
FNDA:2,(anonymous_13)
FNDA:1,(anonymous_14)
FNDA:1,(anonymous_15)
FNDA:1,(anonymous_16)
FNDA:0,(anonymous_17)
FNDA:1,(anonymous_18)
DA:2,21
DA:3,21
DA:4,21
DA:5,21
DA:6,21
DA:7,21
DA:48,21
DA:49,2
DA:50,2
DA:53,2
DA:57,2
DA:58,0
DA:59,0
DA:63,2
DA:64,2
DA:65,2
DA:69,2
DA:70,0
DA:71,0
DA:72,0
DA:73,0
DA:75,2
DA:79,2
DA:80,2
DA:81,1
DA:85,1
DA:86,0
DA:87,0
DA:88,0
DA:89,0
DA:91,2
DA:95,2
DA:98,2
DA:99,2
DA:109,2
DA:114,2
DA:127,2
DA:128,2
DA:129,2
DA:131,2
DA:134,0
DA:135,0
DA:136,0
DA:137,0
DA:139,0
DA:152,21
DA:153,0
DA:154,0
DA:157,0
DA:161,0
DA:162,0
DA:163,0
DA:167,0
DA:170,0
DA:171,0
DA:191,0
DA:192,0
DA:195,0
DA:198,0
DA:199,0
DA:200,0
DA:202,0
DA:204,0
DA:212,21
DA:218,1
DA:219,1
DA:220,1
DA:221,1
DA:223,1
DA:224,1
DA:238,1
DA:239,1
DA:241,0
DA:242,0
DA:243,0
DA:251,21
DA:257,0
DA:258,0
DA:259,0
DA:262,0
DA:263,0
DA:277,0
DA:278,0
DA:280,0
DA:281,0
DA:282,0
DA:290,21
DA:291,2
DA:292,2
DA:293,2
DA:303,2
DA:304,1
DA:305,1
DA:307,0
DA:308,0
DA:309,0
DA:322,21
DA:327,1
DA:330,1
DA:331,1
DA:332,0
DA:333,0
DA:337,1
DA:338,1
DA:339,1
DA:340,1
DA:341,1
DA:344,1
DA:345,0
DA:347,0
DA:348,0
DA:349,0
DA:353,1
DA:354,1
DA:365,1
DA:366,1
DA:368,0
DA:369,0
DA:370,0
DA:371,0
DA:373,0
DA:382,21
DA:383,1
DA:385,1
DA:386,1
DA:387,1
DA:388,1
DA:389,1
DA:390,1
DA:392,1
DA:398,1
DA:400,0
DA:401,0
DA:402,0
DA:403,0
DA:410,21
DA:411,0
DA:414,0
DA:415,0
DA:417,0
DA:418,0
DA:422,0
DA:423,0
DA:426,0
DA:429,0
DA:430,0
DA:431,0
DA:438,21
DA:439,1
DA:441,1
DA:442,0
DA:443,0
DA:446,1
DA:447,1
DA:452,1
DA:453,0
DA:454,0
DA:455,0
DA:456,0
DA:458,0
DA:459,0
DA:464,1
DA:468,1
DA:469,1
DA:472,0
DA:473,0
DA:474,0
DA:475,0
DA:480,21
LF:169
LH:83
BRDA:57,0,0,0
BRDA:64,1,0,2
BRDA:64,2,0,2
BRDA:64,2,1,2
BRDA:69,3,0,0
BRDA:80,4,0,1
BRDA:80,5,0,2
BRDA:80,5,1,1
BRDA:85,6,0,0
BRDA:136,7,0,0
BRDA:136,8,0,0
BRDA:136,8,1,0
BRDA:161,9,0,0
BRDA:200,10,0,0
BRDA:200,11,0,0
BRDA:200,11,1,0
BRDA:219,12,0,1
BRDA:219,12,1,0
BRDA:221,13,0,0
BRDA:258,14,0,0
BRDA:258,14,1,0
BRDA:303,15,0,1
BRDA:331,16,0,0
BRDA:338,17,0,1
BRDA:339,18,0,0
BRDA:340,19,0,0
BRDA:341,20,0,0
BRDA:344,21,0,0
BRDA:348,22,0,0
BRDA:370,23,0,0
BRDA:370,24,0,0
BRDA:370,24,1,0
BRDA:388,25,0,0
BRDA:390,26,0,0
BRDA:400,27,0,0
BRDA:415,28,0,0
BRDA:422,29,0,0
BRDA:422,29,1,0
BRDA:441,30,0,0
BRDA:452,31,0,0
BRDA:454,32,0,0
BRDA:454,32,1,0
BRDA:472,33,0,0
BRF:43
BRH:9
end_of_record
TN:
SF:src\modules\users\dto\create-unassigned-user.dto.ts
FNF:0
FNH:0
DA:2,21
DA:13,21
DA:17,21
DA:26,21
DA:31,21
DA:36,21
DA:41,21
LF:7
LH:7
BRF:0
BRH:0
end_of_record
TN:
SF:src\modules\users\dto\create-user.dto.ts
FNF:0
FNH:0
DA:1,21
DA:14,21
DA:18,21
DA:27,21
DA:32,21
DA:37,21
DA:42,21
DA:48,21
DA:53,21
LF:9
LH:9
BRF:0
BRH:0
end_of_record
TN:
SF:src\modules\users\dto\update-user.dto.ts
FNF:0
FNH:0
DA:1,21
DA:11,21
DA:16,21
DA:22,21
DA:27,21
DA:33,21
DA:38,21
LF:7
LH:7
BRF:0
BRH:0
end_of_record
TN:
SF:src\utils\ApiError.ts
FN:17,(anonymous_1)
FN:49,(anonymous_2)
FN:53,(anonymous_3)
FN:57,(anonymous_4)
FN:61,(anonymous_5)
FN:65,(anonymous_6)
FNF:6
FNH:1
FNDA:27,(anonymous_1)
FNDA:0,(anonymous_2)
FNDA:0,(anonymous_3)
FNDA:0,(anonymous_4)
FNDA:0,(anonymous_5)
FNDA:0,(anonymous_6)
DA:2,21
DA:25,27
DA:28,27
DA:29,27
DA:30,27
DA:31,9
DA:35,27
DA:38,27
DA:39,0
DA:41,27
DA:45,27
DA:50,0
DA:54,0
DA:58,0
DA:62,0
DA:67,0
DA:69,0
DA:70,0
DA:74,21
LF:19
LH:11
BRDA:20,0,0,18
BRDA:22,1,0,27
BRDA:30,2,0,9
BRDA:38,3,0,0
BRDA:38,3,1,27
BRDA:49,4,0,0
BRDA:53,5,0,0
BRDA:57,6,0,0
BRDA:61,7,0,0
BRDA:65,8,0,0
BRF:10
BRH:4
end_of_record
TN:
SF:src\utils\catchAsync.ts
FN:11,(anonymous_0)
FN:12,(anonymous_1)
FN:14,(anonymous_2)
FNF:3
FNH:3
FNDA:2688,(anonymous_0)
FNDA:157,(anonymous_1)
FNDA:18,(anonymous_2)
DA:11,21
DA:12,2688
DA:14,157
DA:16,18
DA:21,21
LF:5
LH:5
BRF:0
BRH:0
end_of_record
TN:
SF:src\utils\date.utils.ts
FN:31,getDateRange
FNF:1
FNH:1
FNDA:6,getDateRange
DA:2,21
DA:3,21
DA:31,21
DA:36,6
DA:37,6
DA:40,6
DA:41,6
DA:42,6
DA:43,6
DA:44,6
DA:47,6
DA:50,6
DA:51,5
DA:52,5
DA:54,5
DA:57,5
DA:58,0
DA:62,5
DA:63,5
DA:64,5
DA:67,5
DA:68,5
DA:69,5
DA:71,5
DA:74,0
DA:75,0
DA:77,0
DA:82,6
DA:83,1
DA:85,0
DA:86,0
DA:87,0
DA:88,0
DA:89,0
DA:90,0
DA:92,0
DA:93,0
DA:94,0
DA:95,0
DA:96,0
DA:97,0
DA:99,0
DA:100,0
DA:101,0
DA:102,0
DA:103,0
DA:104,0
DA:106,0
DA:107,0
DA:108,0
DA:110,0
DA:111,0
DA:112,0
DA:113,0
DA:114,0
DA:116,0
DA:117,0
DA:118,0
DA:119,0
DA:120,0
DA:121,0
DA:123,0
DA:124,0
DA:125,0
DA:126,0
DA:127,0
DA:128,0
DA:130,0
DA:131,0
DA:132,0
DA:133,0
DA:134,0
DA:135,0
DA:138,1
DA:139,1
DA:140,1
DA:141,1
DA:142,1
DA:143,1
DA:154,6
LF:80
LH:32
BRDA:32,0,0,0
BRDA:50,1,0,5
BRDA:50,2,0,6
BRDA:50,2,1,5
BRDA:54,3,0,5
BRDA:54,3,1,0
BRDA:57,4,0,0
BRDA:74,5,0,0
BRDA:74,5,1,0
BRDA:82,6,0,1
BRDA:83,7,0,0
BRDA:83,7,1,0
BRDA:83,7,2,0
BRDA:83,7,3,0
BRDA:83,7,4,0
BRDA:83,7,5,0
BRDA:83,7,6,0
BRDA:83,7,7,1
BRDA:83,7,8,1
BRDA:112,8,0,0
BRDA:112,8,1,0
BRF:21
BRH:7
end_of_record
TN:
SF:src\utils\email.service.ts
FN:12,(anonymous_1)
FNF:1
FNH:1
FNDA:2,(anonymous_1)
DA:2,21
DA:3,21
DA:12,21
DA:21,2
DA:22,2
DA:23,2
DA:24,2
DA:25,2
DA:26,2
DA:27,0
DA:29,2
DA:32,2
DA:56,21
LF:13
LH:12
BRDA:23,0,0,2
BRDA:23,0,1,0
BRDA:26,1,0,0
BRF:3
BRH:1
end_of_record
TN:
SF:src\utils\logger.ts
FN:15,(anonymous_1)
FN:30,(anonymous_2)
FN:64,(anonymous_3)
FNF:3
FNH:3
FNDA:519,(anonymous_1)
FNDA:519,(anonymous_2)
FNDA:519,(anonymous_3)
DA:2,21
DA:7,21
DA:9,21
DA:10,21
DA:15,21
DA:16,519
DA:17,0
DA:19,519
DA:23,21
DA:31,519
DA:32,519
DA:34,519
DA:35,218
DA:36,0
DA:38,218
DA:39,218
DA:41,218
DA:43,218
DA:44,124
DA:45,124
DA:47,0
DA:50,94
DA:54,519
DA:65,519
DA:66,519
DA:67,0
DA:68,519
DA:69,0
DA:71,519
DA:87,21
LF:30
LH:25
BRDA:7,0,0,21
BRDA:7,0,1,0
BRDA:7,1,0,0
BRDA:7,1,1,0
BRDA:10,2,0,21
BRDA:10,2,1,0
BRDA:16,3,0,0
BRDA:31,4,0,519
BRDA:31,4,1,0
BRDA:34,5,0,218
BRDA:34,6,0,519
BRDA:34,6,1,519
BRDA:35,7,0,0
BRDA:35,8,0,218
BRDA:35,8,1,0
BRDA:35,8,2,0
BRDA:39,9,0,0
BRDA:41,10,0,218
BRDA:43,11,0,124
BRDA:43,11,1,94
BRDA:43,12,0,218
BRDA:43,12,1,218
BRDA:61,13,0,0
BRDA:61,13,1,21
BRDA:65,14,0,519
BRDA:65,14,1,0
BRDA:66,15,0,0
BRDA:66,15,1,519
BRDA:66,16,0,519
BRDA:66,16,1,0
BRDA:66,16,2,0
BRDA:68,17,0,0
BRDA:68,18,0,519
BRDA:68,18,1,0
BRF:34
BRH:17
end_of_record
TN:
SF:src\utils\pick.ts
FN:13,(anonymous_0)
FN:20,(anonymous_1)
FNF:2
FNH:2
FNDA:76,(anonymous_0)
FNDA:437,(anonymous_1)
DA:13,21
DA:15,76
DA:16,0
DA:20,76
DA:22,437
DA:24,48
DA:26,437
DA:30,21
LF:8
LH:7
BRDA:15,0,0,0
BRDA:15,1,0,76
BRDA:15,1,1,76
BRDA:22,2,0,48
BRF:4
BRH:3
end_of_record
TN:
SF:src\utils\token.utils.ts
FN:10,(anonymous_1)
FN:19,(anonymous_2)
FN:31,(anonymous_3)
FNF:3
FNH:3
FNDA:5,(anonymous_1)
FNDA:5,(anonymous_2)
FNDA:2,(anonymous_3)
DA:2,21
DA:3,21
DA:10,21
DA:11,5
DA:19,21
DA:21,5
DA:22,5
DA:31,21
DA:32,2
LF:9
LH:9
BRDA:10,0,0,1
BRF:1
BRH:1
end_of_record
TN:
SF:tests\utils\test-utils.ts
FN:6,(anonymous_1)
FN:16,(anonymous_2)
FN:37,(anonymous_3)
FN:41,(anonymous_4)
FN:52,(anonymous_5)
FNF:5
FNH:5
FNDA:3,(anonymous_1)
FNDA:10,(anonymous_2)
FNDA:9,(anonymous_3)
FNDA:6,(anonymous_4)
FNDA:2,(anonymous_5)
DA:1,3
DA:2,3
DA:3,3
DA:4,3
DA:6,3
DA:7,3
DA:16,3
DA:17,10
DA:18,10
DA:29,10
DA:30,10
DA:34,10
DA:37,3
DA:38,9
DA:41,3
DA:42,6
DA:52,3
DA:53,2
LF:18
LH:18
BRDA:6,0,0,3
BRDA:16,1,0,0
BRDA:17,2,0,10
BRDA:17,2,1,10
BRDA:20,3,0,10
BRDA:20,3,1,0
BRDA:23,4,0,10
BRDA:23,4,1,10
BRDA:24,5,0,10
BRDA:24,5,1,10
BRDA:29,6,0,10
BRDA:41,7,0,0
BRDA:52,8,0,2
BRF:13
BRH:10
end_of_record
